[INFO] Timestamped log file: logs\dashboard-service-smoke-20260331-143305.log
[INFO] Latest log file: logs\dashboard-service-smoke-latest.log
[INFO] Starting: Initialize dashboard service
[INFO] Step completed in 0.00s: Initialize dashboard service
[PROGRESS] [1/3] [######--------------] 33% Dashboard service initialized
[INFO] Starting: Build dashboard summary
[PERF][dashboard] extend_status_summary: 0.00s
[PERF][dashboard] extend_review_queue: 0.00s
[PERF][dashboard] extend_promotable: 0.00s
[INFO] Step completed in 2.01s: Build dashboard summary
Traceback (most recent call last):
  File "C:\Users\mitch\Documents\Github\resonarr\.venv\Lib\site-packages\urllib3\connection.py", line 204, in _new_conn
    sock = connection.create_connection(
        (self._dns_host, self.port),
    ...<2 lines>...
        socket_options=self.socket_options,
    )
  File "C:\Users\mitch\Documents\Github\resonarr\.venv\Lib\site-packages\urllib3\util\connection.py", line 85, in create_connection
    raise err
  File "C:\Users\mitch\Documents\Github\resonarr\.venv\Lib\site-packages\urllib3\util\connection.py", line 73, in create_connection
    sock.connect(sa)
    ~~~~~~~~~~~~^^^^
ConnectionRefusedError: [WinError 10061] No connection could be made because the target machine actively refused it

The above exception was the direct cause of the following exception:

Traceback (most recent call last):
  File "C:\Users\mitch\Documents\Github\resonarr\.venv\Lib\site-packages\urllib3\connectionpool.py", line 787, in urlopen
    response = self._make_request(
        conn,
    ...<10 lines>...
        **response_kw,
    )
  File "C:\Users\mitch\Documents\Github\resonarr\.venv\Lib\site-packages\urllib3\connectionpool.py", line 493, in _make_request
    conn.request(
    ~~~~~~~~~~~~^
        method,
        ^^^^^^^
    ...<6 lines>...
        enforce_content_length=enforce_content_length,
        ^^^^^^^^^^^^^^^^^^^^^^^^^^^^^^^^^^^^^^^^^^^^^^
    )
    ^
  File "C:\Users\mitch\Documents\Github\resonarr\.venv\Lib\site-packages\urllib3\connection.py", line 500, in request
    self.endheaders()
    ~~~~~~~~~~~~~~~^^
  File "C:\Users\mitch\AppData\Local\Python\pythoncore-3.14-64\Lib\http\client.py", line 1353, in endheaders
    self._send_output(message_body, encode_chunked=encode_chunked)
    ~~~~~~~~~~~~~~~~~^^^^^^^^^^^^^^^^^^^^^^^^^^^^^^^^^^^^^^^^^^^^^
  File "C:\Users\mitch\AppData\Local\Python\pythoncore-3.14-64\Lib\http\client.py", line 1113, in _send_output
    self.send(msg)
    ~~~~~~~~~^^^^^
  File "C:\Users\mitch\AppData\Local\Python\pythoncore-3.14-64\Lib\http\client.py", line 1057, in send
    self.connect()
    ~~~~~~~~~~~~^^
  File "C:\Users\mitch\Documents\Github\resonarr\.venv\Lib\site-packages\urllib3\connection.py", line 331, in connect
    self.sock = self._new_conn()
                ~~~~~~~~~~~~~~^^
  File "C:\Users\mitch\Documents\Github\resonarr\.venv\Lib\site-packages\urllib3\connection.py", line 219, in _new_conn
    raise NewConnectionError(
        self, f"Failed to establish a new connection: {e}"
    ) from e
urllib3.exceptions.NewConnectionError: HTTPConnection(host='127.0.0.1', port=9): Failed to establish a new connection: [WinError 10061] No connection could be made because the target machine actively refused it

The above exception was the direct cause of the following exception:

urllib3.exceptions.ProxyError: ('Unable to connect to proxy', NewConnectionError("HTTPConnection(host='127.0.0.1', port=9): Failed to establish a new connection: [WinError 10061] No connection could be made because the target machine actively refused it"))

The above exception was the direct cause of the following exception:

Traceback (most recent call last):
  File "C:\Users\mitch\Documents\Github\resonarr\.venv\Lib\site-packages\requests\adapters.py", line 644, in send
    resp = conn.urlopen(
        method=request.method,
    ...<9 lines>...
        chunked=chunked,
    )
  File "C:\Users\mitch\Documents\Github\resonarr\.venv\Lib\site-packages\urllib3\connectionpool.py", line 841, in urlopen
    retries = retries.increment(
        method, url, error=new_e, _pool=self, _stacktrace=sys.exc_info()[2]
    )
  File "C:\Users\mitch\Documents\Github\resonarr\.venv\Lib\site-packages\urllib3\util\retry.py", line 535, in increment
    raise MaxRetryError(_pool, url, reason) from reason  # type: ignore[arg-type]
    ^^^^^^^^^^^^^^^^^^^^^^^^^^^^^^^^^^^^^^^^^^^^^^^^^^^
urllib3.exceptions.MaxRetryError: HTTPConnectionPool(host='127.0.0.1', port=9): Max retries exceeded with url: http://10.3.12.20:8686/api/v1/artist (Caused by ProxyError('Unable to connect to proxy', NewConnectionError("HTTPConnection(host='127.0.0.1', port=9): Failed to establish a new connection: [WinError 10061] No connection could be made because the target machine actively refused it")))

During handling of the above exception, another exception occurred:

Traceback (most recent call last):
  File "<frozen runpy>", line 198, in _run_module_as_main
  File "<frozen runpy>", line 88, in _run_code
  File "C:\Users\mitch\Documents\Github\resonarr\src\resonarr\runner\run_dashboard_service_smoke.py", line 36, in <module>
    main()
    ~~~~^^
  File "C:\Users\mitch\Documents\Github\resonarr\src\resonarr\runner\run_dashboard_service_smoke.py", line 23, in main
    payload = service.get_home_summary()
  File "C:\Users\mitch\Documents\Github\resonarr\src\resonarr\app\dashboard_service.py", line 72, in get_home_summary
    deepen_candidates = self.deepen_service.list_candidates()
  File "C:\Users\mitch\Documents\Github\resonarr\src\resonarr\app\deepen_service.py", line 18, in list_candidates
    candidates = self.source.get_candidates()
  File "C:\Users\mitch\Documents\Github\resonarr\src\resonarr\candidates\deepen.py", line 172, in get_candidates
    _, lidarr_by_name = self._get_lidarr_artists()
                        ~~~~~~~~~~~~~~~~~~~~~~~~^^
  File "C:\Users\mitch\Documents\Github\resonarr\src\resonarr\candidates\deepen.py", line 26, in _get_lidarr_artists
    resp = self.lidarr.get("/api/v1/artist")
  File "C:\Users\mitch\Documents\Github\resonarr\src\resonarr\execution\lidarr\client.py", line 23, in get
    return self.session.get(url, params=params)
           ~~~~~~~~~~~~~~~~^^^^^^^^^^^^^^^^^^^^
  File "C:\Users\mitch\Documents\Github\resonarr\.venv\Lib\site-packages\requests\sessions.py", line 602, in get
    return self.request("GET", url, **kwargs)
           ~~~~~~~~~~~~^^^^^^^^^^^^^^^^^^^^^^
  File "C:\Users\mitch\Documents\Github\resonarr\.venv\Lib\site-packages\requests\sessions.py", line 589, in request
    resp = self.send(prep, **send_kwargs)
  File "C:\Users\mitch\Documents\Github\resonarr\.venv\Lib\site-packages\requests\sessions.py", line 703, in send
    r = adapter.send(request, **kwargs)
  File "C:\Users\mitch\Documents\Github\resonarr\.venv\Lib\site-packages\requests\adapters.py", line 671, in send
    raise ProxyError(e, request=request)
requests.exceptions.ProxyError: HTTPConnectionPool(host='127.0.0.1', port=9): Max retries exceeded with url: http://10.3.12.20:8686/api/v1/artist (Caused by ProxyError('Unable to connect to proxy', NewConnectionError("HTTPConnection(host='127.0.0.1', port=9): Failed to establish a new connection: [WinError 10061] No connection could be made because the target machine actively refused it")))
