[INFO] Timestamped log file: logs\catalog-query-smoke-20260330-215307.log
[INFO] Latest log file: logs\catalog-query-smoke-latest.log
=== Resonarr Catalog Query Smoke Test ===
[INFO] Collecting normalized catalog records...
Traceback (most recent call last):
  File "<frozen runpy>", line 198, in _run_module_as_main
  File "<frozen runpy>", line 88, in _run_code
  File "C:\Users\mitch\Documents\Github\resonarr\src\resonarr\runner\run_catalog_query_smoke.py", line 215, in <module>
    main()
    ~~~~^^
  File "C:\Users\mitch\Documents\Github\resonarr\src\resonarr\runner\run_catalog_query_smoke.py", line 17, in main
    records = service._collect_records()
  File "C:\Users\mitch\Documents\Github\resonarr\src\resonarr\app\catalog_query_service.py", line 209, in _collect_records
    deepen_review = self.deepen_query_service.list_review_queue()
  File "C:\Users\mitch\Documents\Github\resonarr\src\resonarr\app\deepen_query_service.py", line 62, in list_review_queue
    self.sync_reviewable_candidates()
    ~~~~~~~~~~~~~~~~~~~~~~~~~~~~~~~^^
  File "C:\Users\mitch\Documents\Github\resonarr\src\resonarr\app\deepen_query_service.py", line 35, in sync_reviewable_candidates
    live = self.deepen_service.list_candidates()
           ^^^^^^^^^^^^^^^^^^^
AttributeError: 'DeepenQueryService' object has no attribute 'deepen_service'
