[INFO] Timestamped log file: logs\dashboard-service-smoke-20260330-215057.log
[INFO] Latest log file: logs\dashboard-service-smoke-latest.log
=== Resonarr Dashboard Service Smoke Test ===
Traceback (most recent call last):
  File "<frozen runpy>", line 198, in _run_module_as_main
  File "<frozen runpy>", line 88, in _run_code
  File "C:\Users\mitch\Documents\Github\resonarr\src\resonarr\runner\run_dashboard_service_smoke.py", line 23, in <module>
    main()
    ~~~~^^
  File "C:\Users\mitch\Documents\Github\resonarr\src\resonarr\runner\run_dashboard_service_smoke.py", line 16, in main
    payload = service.get_home_summary()
  File "C:\Users\mitch\Documents\Github\resonarr\src\resonarr\app\dashboard_service.py", line 55, in get_home_summary
    deepen_review_queue = self.deepen_query_service.list_review_queue()
  File "C:\Users\mitch\Documents\Github\resonarr\src\resonarr\app\deepen_query_service.py", line 62, in list_review_queue
    self.sync_reviewable_candidates()
    ~~~~~~~~~~~~~~~~~~~~~~~~~~~~~~~^^
  File "C:\Users\mitch\Documents\Github\resonarr\src\resonarr\app\deepen_query_service.py", line 35, in sync_reviewable_candidates
    live = self.deepen_service.list_candidates()
           ^^^^^^^^^^^^^^^^^^^
AttributeError: 'DeepenQueryService' object has no attribute 'deepen_service'
