[INFO] Timestamped log file: logs\dashboard-service-smoke-20260331-153001.log
[INFO] Latest log file: logs\dashboard-service-smoke-latest.log
[INFO] Starting: Initialize dashboard service
[INFO] Step completed in 0.01s: Initialize dashboard service
[PROGRESS] [1/3] [######--------------] 33% Dashboard service initialized
[INFO] Starting: Build dashboard summary
[PERF][dashboard] extend_status_summary: 0.00s
[PERF][dashboard] extend_review_queue: 0.00s
[PERF][dashboard] extend_promotable: 0.00s
[PERF][dashboard] deepen_candidates: 0.44s
[PERF][dashboard] deepen_review_queue: 0.00s
[PERF][dashboard] suppressed_artists: 0.00s
[PERF][plex_prune] fetch_artists: 0.58s
[PERF][plex_prune] track_album_iteration: 38.75s
[PERF][plex_prune] aggregation_grouping: 0.00s
[PERF][plex_prune] counts: source_tracks=5850 album_buckets=645 returned_album_signals=645 get_albums_calls=446 get_album_tracks_calls=645
[PERF][plex_prune] final_shape_return: 0.00s
[PERF][plex_prune] total_extract_album_signals: 39.32s
[PERF][prune] extract_album_signals: 39.33s
[PERF][dashboard] prune_live_candidates: 44.31s
[PERF][dashboard] prune_summary: 0.00s
[PERF][dashboard] prune_reviewable: 0.00s
[PERF][dashboard] build_summary_counts: 0.00s
[PERF][dashboard] build_view_cards: 0.00s
[PERF][dashboard] assemble_payload: 0.00s
[PERF][dashboard] total_get_home_summary: 44.75s
[INFO] Step completed in 44.75s: Build dashboard summary
[PROGRESS] [2/3] [#############-------] 66% Dashboard summary built
[INFO] Starting: Render dashboard payload
=== Resonarr Dashboard Service Smoke Test ===
[INFO] Dashboard service result:
{
  "status": "partial_success",
  "errors": [
    {
      "section": "deepen_candidates",
      "error_type": "AttributeError",
      "message": "'list' object has no attribute 'json'"
    },
    {
      "section": "prune_live_candidates",
      "error_type": "AttributeError",
      "message": "'list' object has no attribute 'raise_for_status'"
    }
  ],
  "home_summary": {
    "extend": {
      "total_candidates": 43,
      "starter_album_recommendation": 8,
      "starter_album_approved": 2,
      "starter_album_rejected": 2,
      "starter_album_exhausted": 0,
      "recommended": 28,
      "new": 3,
      "promotable_count": 12,
      "review_queue_count": 8
    },
    "deepen": {
      "candidate_count": 0,
      "review_queue_count": 0,
      "partial_present_count": 0,
      "suppressed_count": 0,
      "cooldown_count": 0,
      "recommendation_backoff_count": 0
    },
    "prune": {
      "live_candidate_count": 0,
      "matched_count": 0,
      "fallback_eligible_count": 0,
      "strictly_unmatched_count": 0,
      "history_count": 3,
      "prune_recommendation_count": 1,
      "prune_approved_count": 0,
      "prune_executed_count": 1,
      "prune_rejected_count": 1,
      "reviewable_count": 0
    },
    "suppressed_artist_count": 3
  },
  "sections": {
    "extend_review_queue": {
      "status": "success",
      "count": 8,
      "items": [
        {
          "kind": "extend_review",
          "artist_name": "American Authors",
          "artist_mbid": "9ce0515d-cc88-4df6-8a2e-d231c13cb2c2",
          "status": "starter_album_recommendation",
          "album_title": "Seasons",
          "album_id": 17435,
          "score": 3.0,
          "reason": "score 3.00 below acquire threshold 9 but >= staged recommend threshold 3",
          "seed_count": 1,
          "seen_count": 5
        },
        {
          "kind": "extend_review",
          "artist_name": "BoyWithUke",
          "artist_mbid": "a148ffde-581c-4c39-a8f1-bc49dec7fe68",
          "status": "starter_album_recommendation",
          "album_title": "Fever Dreams",
          "album_id": 17343,
          "score": 3.0,
          "reason": "score 3.00 below acquire threshold 9 but >= staged recommend threshold 3",
          "seed_count": 1,
          "seen_count": 5
        },
        {
          "kind": "extend_review",
          "artist_name": "Capital Cities",
          "artist_mbid": "119a2c67-e6d6-41cf-a58c-c51b75c80daa",
          "status": "starter_album_recommendation",
          "album_title": "Solarize",
          "album_id": 17522,
          "score": 3.0,
          "reason": "score 3.00 below acquire threshold 9 but >= staged recommend threshold 3",
          "seed_count": 1,
          "seen_count": 7
        },
        {
          "kind": "extend_review",
          "artist_name": "Cardinal Bloom",
          "artist_mbid": "77f4b530-5657-4c75-ad4f-92a75f72deb1",
          "status": "starter_album_recommendation",
          "album_title": "The Only Place I’ve Ever Known",
          "album_id": 17504,
          "score": 3.0,
          "reason": "score 3.00 below acquire threshold 9 but >= staged recommend threshold 3",
          "seed_count": 1,
          "seen_count": 2
        },
        {
          "kind": "extend_review",
          "artist_name": "Em Beihold",
          "artist_mbid": "7575e3b8-ba04-4acc-a895-9cc528f86525",
          "status": "starter_album_recommendation",
          "album_title": "Egg in the Backseat",
          "album_id": 17483,
          "score": 3.0,
          "reason": "score 3.00 below acquire threshold 9 but >= staged recommend threshold 3",
          "seed_count": 1,
          "seen_count": 5
        },
        {
          "kind": "extend_review",
          "artist_name": "Flipturn",
          "artist_mbid": "0c97b403-1aae-4315-93ab-af54fe2169d6",
          "status": "starter_album_recommendation",
          "album_title": "Shadowglow",
          "album_id": 17272,
          "score": 3.0,
          "reason": "score 3.00 below acquire threshold 9 but >= staged recommend threshold 3",
          "seed_count": 1,
          "seen_count": 2
        },
        {
          "kind": "extend_review",
          "artist_name": "Smino",
          "artist_mbid": "96800e05-9924-4321-859a-76e0d4750f2f",
          "status": "starter_album_recommendation",
          "album_title": "NØIR",
          "album_id": 17323,
          "score": 3.0,
          "reason": "score 3.00 below acquire threshold 9 but >= staged recommend threshold 3",
          "seed_count": 1,
          "seen_count": 7
        },
        {
          "kind": "extend_review",
          "artist_name": "The Astronomers",
          "artist_mbid": "2119e495-b0be-452d-adf2-ca38923ecca6",
          "status": "starter_album_recommendation",
          "album_title": "The Occasion",
          "album_id": 17493,
          "score": 3.0,
          "reason": "score 3.00 below acquire threshold 9 but >= staged recommend threshold 3",
          "seed_count": 1,
          "seen_count": 5
        }
      ]
    },
    "extend_promotable": {
      "status": "success",
      "count": 12,
      "items": [
        {
          "kind": "extend_promotable",
          "artist_name": "Smino",
          "artist_mbid": "96800e05-9924-4321-859a-76e0d4750f2f",
          "status": "starter_album_recommendation",
          "album_title": "NØIR",
          "album_id": 17323,
          "score": 1.0,
          "reason": "score 3.00 below acquire threshold 9 but >= staged recommend threshold 3",
          "seed_count": 1,
          "seen_count": 7,
          "source_seeds": [
            "Aminé"
          ],
          "in_recommendation_backoff": true,
          "is_promotable": true
        },
        {
          "kind": "extend_promotable",
          "artist_name": "BoyWithUke",
          "artist_mbid": "a148ffde-581c-4c39-a8f1-bc49dec7fe68",
          "status": "starter_album_recommendation",
          "album_title": "Fever Dreams",
          "album_id": 17343,
          "score": 1.0,
          "reason": "score 3.00 below acquire threshold 9 but >= staged recommend threshold 3",
          "seed_count": 1,
          "seen_count": 5,
          "source_seeds": [
            "AJR"
          ],
          "in_recommendation_backoff": true,
          "is_promotable": true
        },
        {
          "kind": "extend_promotable",
          "artist_name": "American Authors",
          "artist_mbid": "9ce0515d-cc88-4df6-8a2e-d231c13cb2c2",
          "status": "starter_album_recommendation",
          "album_title": "Seasons",
          "album_id": 17435,
          "score": 0.885058,
          "reason": "score 3.00 below acquire threshold 9 but >= staged recommend threshold 3",
          "seed_count": 1,
          "seen_count": 5,
          "source_seeds": [
            "AJR"
          ],
          "in_recommendation_backoff": true,
          "is_promotable": true
        },
        {
          "kind": "extend_promotable",
          "artist_name": "Em Beihold",
          "artist_mbid": "7575e3b8-ba04-4acc-a895-9cc528f86525",
          "status": "starter_album_recommendation",
          "album_title": "Egg in the Backseat",
          "album_id": 17483,
          "score": 0.865961,
          "reason": "score 3.00 below acquire threshold 9 but >= staged recommend threshold 3",
          "seed_count": 1,
          "seen_count": 5,
          "source_seeds": [
            "AJR"
          ],
          "in_recommendation_backoff": true,
          "is_promotable": true
        },
        {
          "kind": "extend_promotable",
          "artist_name": "The Astronomers",
          "artist_mbid": "2119e495-b0be-452d-adf2-ca38923ecca6",
          "status": "starter_album_recommendation",
          "album_title": "The Occasion",
          "album_id": 17493,
          "score": 0.84901,
          "reason": "score 3.00 below acquire threshold 9 but >= staged recommend threshold 3",
          "seed_count": 1,
          "seen_count": 5,
          "source_seeds": [
            "AJR"
          ],
          "in_recommendation_backoff": true,
          "is_promotable": true
        },
        {
          "kind": "extend_promotable",
          "artist_name": "Flipturn",
          "artist_mbid": "0c97b403-1aae-4315-93ab-af54fe2169d6",
          "status": "starter_album_recommendation",
          "album_title": "Shadowglow",
          "album_id": 17272,
          "score": 0.824881,
          "reason": "score 3.00 below acquire threshold 9 but >= staged recommend threshold 3",
          "seed_count": 1,
          "seen_count": 2,
          "source_seeds": [
            "The Backseat Lovers"
          ],
          "in_recommendation_backoff": true,
          "is_promotable": true
        },
        {
          "kind": "extend_promotable",
          "artist_name": "Cardinal Bloom",
          "artist_mbid": "77f4b530-5657-4c75-ad4f-92a75f72deb1",
          "status": "starter_album_recommendation",
          "album_title": "The Only Place I’ve Ever Known",
          "album_id": 17504,
          "score": 0.80219,
          "reason": "score 3.00 below acquire threshold 9 but >= staged recommend threshold 3",
          "seed_count": 1,
          "seen_count": 2,
          "source_seeds": [
            "The Backseat Lovers"
          ],
          "in_recommendation_backoff": true,
          "is_promotable": true
        },
        {
          "kind": "extend_promotable",
          "artist_name": "Capital Cities",
          "artist_mbid": "119a2c67-e6d6-41cf-a58c-c51b75c80daa",
          "status": "starter_album_recommendation",
          "album_title": "Solarize",
          "album_id": 17522,
          "score": 0.780994,
          "reason": "score 3.00 below acquire threshold 9 but >= staged recommend threshold 3",
          "seed_count": 1,
          "seen_count": 7,
          "source_seeds": [
            "Foster the People"
          ],
          "in_recommendation_backoff": true,
          "is_promotable": true
        },
        {
          "kind": "extend_promotable",
          "artist_name": "David Guetta",
          "artist_mbid": "302bd7b9-d012-4360-897a-93b00c855680",
          "status": "starter_album_approved",
          "album_title": "7",
          "album_id": 17124,
          "score": 1.0,
          "reason": "score 3.00 below acquire threshold 9 but >= staged recommend threshold 3",
          "seed_count": 1,
          "seen_count": 7,
          "source_seeds": [
            "Calvin Harris"
          ],
          "in_recommendation_backoff": true,
          "is_promotable": true
        },
        {
          "kind": "extend_promotable",
          "artist_name": "Briston Maroney",
          "artist_mbid": "c0dea069-4f46-4f44-8f44-76831e6abb07",
          "status": "starter_album_approved",
          "album_title": "Sunflower",
          "album_id": 17381,
          "score": 1.0,
          "reason": "score 3.00 below acquire threshold 9 but >= staged recommend threshold 3",
          "seed_count": 1,
          "seen_count": 2,
          "source_seeds": [
            "The Backseat Lovers"
          ],
          "in_recommendation_backoff": true,
          "is_promotable": true
        },
        {
          "kind": "extend_promotable",
          "artist_name": "Andy Grammer",
          "artist_mbid": "9e60ea29-9607-4f7d-aa96-2092ef41f0d3",
          "status": "starter_album_rejected",
          "album_title": "The Good Parts",
          "album_id": 17296,
          "score": 0.657836,
          "reason": "score 3.00 below acquire threshold 9 but >= staged recommend threshold 3",
          "seed_count": 2,
          "seen_count": 7,
          "source_seeds": [
            "AJR",
            "Surfaces"
          ],
          "in_recommendation_backoff": true,
          "is_promotable": true
        },
        {
          "kind": "extend_promotable",
          "artist_name": "Peekaboo",
          "artist_mbid": "c37cb509-b7fd-4212-a6fb-163535eba4c1",
          "status": "starter_album_rejected",
          "album_title": "Eyes Wide Open",
          "album_id": 17398,
          "score": 0.899953,
          "reason": "score 3.00 below acquire threshold 9 but >= staged recommend threshold 3",
          "seed_count": 1,
          "seen_count": 7,
          "source_seeds": [
            "NGHTMRE"
          ],
          "in_recommendation_backoff": true,
          "is_promotable": true
        }
      ]
    },
    "deepen_candidates": {
      "status": "failed",
      "count": 0,
      "items": []
    },
    "deepen_review_queue": {
      "status": "success",
      "count": 0,
      "items": []
    },
    "suppressed_artists": {
      "status": "success",
      "count": 3,
      "items": [
        {
          "kind": "suppressed_artist",
          "artist_name": "Smash Mouth",
          "artist_mbid": "944e1036-8a03-4611-8aa0-31515a05c848",
          "status": "suppressed",
          "album_title": null,
          "album_id": null,
          "score": null,
          "reason": "operator_rejected_deepen_recommendation",
          "suppressed_ts": 1774704106
        },
        {
          "kind": "suppressed_artist",
          "artist_name": "Andy Grammer",
          "artist_mbid": "9e60ea29-9607-4f7d-aa96-2092ef41f0d3",
          "status": "suppressed",
          "album_title": null,
          "album_id": null,
          "score": null,
          "reason": "operator_rejected_extend_recommendation",
          "suppressed_ts": 1774648308
        },
        {
          "kind": "suppressed_artist",
          "artist_name": "PEEKABOO",
          "artist_mbid": "c37cb509-b7fd-4212-a6fb-163535eba4c1",
          "status": "suppressed",
          "album_title": null,
          "album_id": null,
          "score": null,
          "reason": "operator_rejected_extend_recommendation",
          "suppressed_ts": 1774644732
        }
      ]
    },
    "prune_review_queue": {
      "status": "success",
      "count": 0,
      "items": []
    }
  },
  "highlights": {
    "recent_reviewable": [
      {
        "kind": "extend_review",
        "artist_name": "American Authors",
        "artist_mbid": "9ce0515d-cc88-4df6-8a2e-d231c13cb2c2",
        "status": "starter_album_recommendation",
        "album_title": "Seasons",
        "album_id": 17435,
        "score": 3.0,
        "reason": "score 3.00 below acquire threshold 9 but >= staged recommend threshold 3",
        "seed_count": 1,
        "seen_count": 5
      },
      {
        "kind": "extend_review",
        "artist_name": "BoyWithUke",
        "artist_mbid": "a148ffde-581c-4c39-a8f1-bc49dec7fe68",
        "status": "starter_album_recommendation",
        "album_title": "Fever Dreams",
        "album_id": 17343,
        "score": 3.0,
        "reason": "score 3.00 below acquire threshold 9 but >= staged recommend threshold 3",
        "seed_count": 1,
        "seen_count": 5
      },
      {
        "kind": "extend_review",
        "artist_name": "Capital Cities",
        "artist_mbid": "119a2c67-e6d6-41cf-a58c-c51b75c80daa",
        "status": "starter_album_recommendation",
        "album_title": "Solarize",
        "album_id": 17522,
        "score": 3.0,
        "reason": "score 3.00 below acquire threshold 9 but >= staged recommend threshold 3",
        "seed_count": 1,
        "seen_count": 7
      },
      {
        "kind": "extend_review",
        "artist_name": "Cardinal Bloom",
        "artist_mbid": "77f4b530-5657-4c75-ad4f-92a75f72deb1",
        "status": "starter_album_recommendation",
        "album_title": "The Only Place I’ve Ever Known",
        "album_id": 17504,
        "score": 3.0,
        "reason": "score 3.00 below acquire threshold 9 but >= staged recommend threshold 3",
        "seed_count": 1,
        "seen_count": 2
      },
      {
        "kind": "extend_review",
        "artist_name": "Em Beihold",
        "artist_mbid": "7575e3b8-ba04-4acc-a895-9cc528f86525",
        "status": "starter_album_recommendation",
        "album_title": "Egg in the Backseat",
        "album_id": 17483,
        "score": 3.0,
        "reason": "score 3.00 below acquire threshold 9 but >= staged recommend threshold 3",
        "seed_count": 1,
        "seen_count": 5
      }
    ],
    "top_promotable": [
      {
        "kind": "extend_promotable",
        "artist_name": "Smino",
        "artist_mbid": "96800e05-9924-4321-859a-76e0d4750f2f",
        "status": "starter_album_recommendation",
        "album_title": "NØIR",
        "album_id": 17323,
        "score": 1.0,
        "reason": "score 3.00 below acquire threshold 9 but >= staged recommend threshold 3",
        "seed_count": 1,
        "seen_count": 7,
        "source_seeds": [
          "Aminé"
        ],
        "in_recommendation_backoff": true,
        "is_promotable": true
      },
      {
        "kind": "extend_promotable",
        "artist_name": "BoyWithUke",
        "artist_mbid": "a148ffde-581c-4c39-a8f1-bc49dec7fe68",
        "status": "starter_album_recommendation",
        "album_title": "Fever Dreams",
        "album_id": 17343,
        "score": 1.0,
        "reason": "score 3.00 below acquire threshold 9 but >= staged recommend threshold 3",
        "seed_count": 1,
        "seen_count": 5,
        "source_seeds": [
          "AJR"
        ],
        "in_recommendation_backoff": true,
        "is_promotable": true
      },
      {
        "kind": "extend_promotable",
        "artist_name": "American Authors",
        "artist_mbid": "9ce0515d-cc88-4df6-8a2e-d231c13cb2c2",
        "status": "starter_album_recommendation",
        "album_title": "Seasons",
        "album_id": 17435,
        "score": 0.885058,
        "reason": "score 3.00 below acquire threshold 9 but >= staged recommend threshold 3",
        "seed_count": 1,
        "seen_count": 5,
        "source_seeds": [
          "AJR"
        ],
        "in_recommendation_backoff": true,
        "is_promotable": true
      },
      {
        "kind": "extend_promotable",
        "artist_name": "Em Beihold",
        "artist_mbid": "7575e3b8-ba04-4acc-a895-9cc528f86525",
        "status": "starter_album_recommendation",
        "album_title": "Egg in the Backseat",
        "album_id": 17483,
        "score": 0.865961,
        "reason": "score 3.00 below acquire threshold 9 but >= staged recommend threshold 3",
        "seed_count": 1,
        "seen_count": 5,
        "source_seeds": [
          "AJR"
        ],
        "in_recommendation_backoff": true,
        "is_promotable": true
      },
      {
        "kind": "extend_promotable",
        "artist_name": "The Astronomers",
        "artist_mbid": "2119e495-b0be-452d-adf2-ca38923ecca6",
        "status": "starter_album_recommendation",
        "album_title": "The Occasion",
        "album_id": 17493,
        "score": 0.84901,
        "reason": "score 3.00 below acquire threshold 9 but >= staged recommend threshold 3",
        "seed_count": 1,
        "seen_count": 5,
        "source_seeds": [
          "AJR"
        ],
        "in_recommendation_backoff": true,
        "is_promotable": true
      }
    ],
    "top_deepen_candidates": [],
    "top_prune_candidates": []
  }
}
[INFO] Step completed in 0.00s: Render dashboard payload
[PROGRESS] [3/3] [####################] 100% Dashboard payload rendered
[INFO] Total elapsed: 44.77s
