[INFO] Timestamped log file: logs\dashboard-service-smoke-20260330-230226.log
[INFO] Latest log file: logs\dashboard-service-smoke-latest.log
=== Resonarr Dashboard Service Smoke Test ===
Traceback (most recent call last):
  File "C:\Users\mitch\Documents\Github\resonarr\.venv\Lib\site-packages\urllib3\response.py", line 903, in _error_catcher
    yield
  File "C:\Users\mitch\Documents\Github\resonarr\.venv\Lib\site-packages\urllib3\response.py", line 1421, in read_chunked
    chunk = self._handle_chunk(amt)
  File "C:\Users\mitch\Documents\Github\resonarr\.venv\Lib\site-packages\urllib3\response.py", line 1363, in _handle_chunk
    returned_chunk = self._fp._safe_read(self.chunk_left)  # type: ignore[union-attr]
  File "C:\Users\mitch\AppData\Local\Python\pythoncore-3.14-64\Lib\http\client.py", line 648, in _safe_read
    data = self.fp.read(cursize)
  File "C:\Users\mitch\AppData\Local\Python\pythoncore-3.14-64\Lib\socket.py", line 725, in readinto
    return self._sock.recv_into(b)
           ~~~~~~~~~~~~~~~~~~~~^^^
ConnectionResetError: [WinError 10054] An existing connection was forcibly closed by the remote host

The above exception was the direct cause of the following exception:

Traceback (most recent call last):
  File "C:\Users\mitch\Documents\Github\resonarr\.venv\Lib\site-packages\requests\models.py", line 820, in generate
    yield from self.raw.stream(chunk_size, decode_content=True)
  File "C:\Users\mitch\Documents\Github\resonarr\.venv\Lib\site-packages\urllib3\response.py", line 1250, in stream
    yield from self.read_chunked(amt, decode_content=decode_content)
  File "C:\Users\mitch\Documents\Github\resonarr\.venv\Lib\site-packages\urllib3\response.py", line 1397, in read_chunked
    with self._error_catcher():
         ~~~~~~~~~~~~~~~~~~~^^
  File "C:\Users\mitch\AppData\Local\Python\pythoncore-3.14-64\Lib\contextlib.py", line 162, in __exit__
    self.gen.throw(value)
    ~~~~~~~~~~~~~~^^^^^^^
  File "C:\Users\mitch\Documents\Github\resonarr\.venv\Lib\site-packages\urllib3\response.py", line 930, in _error_catcher
    raise ProtocolError(f"Connection broken: {e!r}", e) from e
urllib3.exceptions.ProtocolError: ("Connection broken: ConnectionResetError(10054, 'An existing connection was forcibly closed by the remote host', None, 10054, None)", ConnectionResetError(10054, 'An existing connection was forcibly closed by the remote host', None, 10054, None))

During handling of the above exception, another exception occurred:

Traceback (most recent call last):
  File "<frozen runpy>", line 198, in _run_module_as_main
  File "<frozen runpy>", line 88, in _run_code
  File "C:\Users\mitch\Documents\Github\resonarr\src\resonarr\runner\run_dashboard_service_smoke.py", line 23, in <module>
    main()
    ~~~~^^
  File "C:\Users\mitch\Documents\Github\resonarr\src\resonarr\runner\run_dashboard_service_smoke.py", line 16, in main
    payload = service.get_home_summary()
  File "C:\Users\mitch\Documents\Github\resonarr\src\resonarr\app\dashboard_service.py", line 58, in get_home_summary
    prune_reviewable = self.prune_operator_service.list_review_queue()
  File "C:\Users\mitch\Documents\Github\resonarr\src\resonarr\app\prune_operator_service.py", line 35, in list_review_queue
    live = self.prune_query_service.list_reviewable_prune_candidates()
  File "C:\Users\mitch\Documents\Github\resonarr\src\resonarr\app\prune_query_service.py", line 125, in list_reviewable_prune_candidates
    result = self.list_prune_candidates(limit=limit)
  File "C:\Users\mitch\Documents\Github\resonarr\src\resonarr\app\prune_query_service.py", line 43, in list_prune_candidates
    result = self.prune_service.list_prune_candidates(limit=limit)
  File "C:\Users\mitch\Documents\Github\resonarr\src\resonarr\app\prune_service.py", line 44, in list_prune_candidates
    lidarr_albums = self._fetch_lidarr_albums()
  File "C:\Users\mitch\Documents\Github\resonarr\src\resonarr\app\prune_service.py", line 22, in _fetch_lidarr_albums
    resp = self.lidarr.get("/api/v1/album")
  File "C:\Users\mitch\Documents\Github\resonarr\src\resonarr\execution\lidarr\client.py", line 23, in get
    return self.session.get(url, params=params)
           ~~~~~~~~~~~~~~~~^^^^^^^^^^^^^^^^^^^^
  File "C:\Users\mitch\Documents\Github\resonarr\.venv\Lib\site-packages\requests\sessions.py", line 602, in get
    return self.request("GET", url, **kwargs)
           ~~~~~~~~~~~~^^^^^^^^^^^^^^^^^^^^^^
  File "C:\Users\mitch\Documents\Github\resonarr\.venv\Lib\site-packages\requests\sessions.py", line 589, in request
    resp = self.send(prep, **send_kwargs)
  File "C:\Users\mitch\Documents\Github\resonarr\.venv\Lib\site-packages\requests\sessions.py", line 746, in send
    r.content
  File "C:\Users\mitch\Documents\Github\resonarr\.venv\Lib\site-packages\requests\models.py", line 902, in content
    self._content = b"".join(self.iter_content(CONTENT_CHUNK_SIZE)) or b""
                    ~~~~~~~~^^^^^^^^^^^^^^^^^^^^^^^^^^^^^^^^^^^^^^^
  File "C:\Users\mitch\Documents\Github\resonarr\.venv\Lib\site-packages\requests\models.py", line 822, in generate
    raise ChunkedEncodingError(e)
requests.exceptions.ChunkedEncodingError: ("Connection broken: ConnectionResetError(10054, 'An existing connection was forcibly closed by the remote host', None, 10054, None)", ConnectionResetError(10054, 'An existing connection was forcibly closed by the remote host', None, 10054, None))
