[INFO] Timestamped log file: logs\dashboard-service-smoke-20260331-131425.log
[INFO] Latest log file: logs\dashboard-service-smoke-latest.log
=== Resonarr Dashboard Service Smoke Test ===
[INFO] Dashboard service result:
Traceback (most recent call last):
  File "<frozen runpy>", line 198, in _run_module_as_main
  File "<frozen runpy>", line 88, in _run_code
  File "C:\Users\mitch\Documents\Github\resonarr\src\resonarr\runner\run_dashboard_service_smoke.py", line 23, in <module>
    main()
    ~~~~^^
  File "C:\Users\mitch\Documents\Github\resonarr\src\resonarr\runner\run_dashboard_service_smoke.py", line 19, in main
    print(json.dumps(payload, indent=2, ensure_ascii=False))
    ~~~~~^^^^^^^^^^^^^^^^^^^^^^^^^^^^^^^^^^^^^^^^^^^^^^^^^^^
  File "C:\Users\mitch\Documents\Github\resonarr\src\resonarr\utils\logging.py", line 14, in write
    stream.write(data)
    ~~~~~~~~~~~~^^^^^^
  File "C:\Users\mitch\AppData\Local\Python\pythoncore-3.14-64\Lib\encodings\cp1252.py", line 19, in encode
    return codecs.charmap_encode(input,self.errors,encoding_table)[0]
           ~~~~~~~~~~~~~~~~~~~~~^^^^^^^^^^^^^^^^^^^^^^^^^^^^^^^^^^
UnicodeEncodeError: 'charmap' codec can't encode characters in position 15495-15498: character maps to <undefined>
