[INFO] Timestamped log file: logs\dashboard-service-smoke-20260330-221440.log
[INFO] Latest log file: logs\dashboard-service-smoke-latest.log
=== Resonarr Dashboard Service Smoke Test ===
[INFO] Dashboard service result:
{
  "status": "success",
  "home_summary": {
    "extend": {
      "total_candidates": 43,
      "starter_album_recommendation": 8,
      "starter_album_approved": 2,
      "starter_album_rejected": 2,
      "starter_album_exhausted": 0,
      "recommended": 28,
      "new": 3,
      "promotable_count": 12,
      "review_queue_count": 8
    },
    "deepen": {
      "candidate_count": 30,
      "review_queue_count": 30,
      "partial_present_count": 26,
      "suppressed_count": 0,
      "cooldown_count": 0,
      "recommendation_backoff_count": 0
    },
    "prune": {
      "live_candidate_count": 1,
      "matched_count": 1,
      "fallback_eligible_count": 0,
      "strictly_unmatched_count": 0,
      "history_count": 3,
      "prune_recommendation_count": 1,
      "prune_approved_count": 0,
      "prune_executed_count": 1,
      "prune_rejected_count": 1,
      "reviewable_count": 1
    },
    "suppressed_artist_count": 3
  },
  "sections": {
    "extend_review_queue": {
      "status": "success",
      "count": 8,
      "items": [
        {
          "kind": "extend_review",
          "artist_name": "American Authors",
          "artist_mbid": "9ce0515d-cc88-4df6-8a2e-d231c13cb2c2",
          "status": "starter_album_recommendation",
          "album_title": "Seasons",
          "album_id": 17435,
          "score": 3.0,
          "reason": "score 3.00 below acquire threshold 9 but >= staged recommend threshold 3",
          "seed_count": 1,
          "seen_count": 5
        },
        {
          "kind": "extend_review",
          "artist_name": "BoyWithUke",
          "artist_mbid": "a148ffde-581c-4c39-a8f1-bc49dec7fe68",
          "status": "starter_album_recommendation",
          "album_title": "Fever Dreams",
          "album_id": 17343,
          "score": 3.0,
          "reason": "score 3.00 below acquire threshold 9 but >= staged recommend threshold 3",
          "seed_count": 1,
          "seen_count": 5
        },
        {
          "kind": "extend_review",
          "artist_name": "Capital Cities",
          "artist_mbid": "119a2c67-e6d6-41cf-a58c-c51b75c80daa",
          "status": "starter_album_recommendation",
          "album_title": "Solarize",
          "album_id": 17522,
          "score": 3.0,
          "reason": "score 3.00 below acquire threshold 9 but >= staged recommend threshold 3",
          "seed_count": 1,
          "seen_count": 7
        },
        {
          "kind": "extend_review",
          "artist_name": "Cardinal Bloom",
          "artist_mbid": "77f4b530-5657-4c75-ad4f-92a75f72deb1",
          "status": "starter_album_recommendation",
          "album_title": "The Only Place I’ve Ever Known",
          "album_id": 17504,
          "score": 3.0,
          "reason": "score 3.00 below acquire threshold 9 but >= staged recommend threshold 3",
          "seed_count": 1,
          "seen_count": 2
        },
        {
          "kind": "extend_review",
          "artist_name": "Em Beihold",
          "artist_mbid": "7575e3b8-ba04-4acc-a895-9cc528f86525",
          "status": "starter_album_recommendation",
          "album_title": "Egg in the Backseat",
          "album_id": 17483,
          "score": 3.0,
          "reason": "score 3.00 below acquire threshold 9 but >= staged recommend threshold 3",
          "seed_count": 1,
          "seen_count": 5
        },
        {
          "kind": "extend_review",
          "artist_name": "Flipturn",
          "artist_mbid": "0c97b403-1aae-4315-93ab-af54fe2169d6",
          "status": "starter_album_recommendation",
          "album_title": "Shadowglow",
          "album_id": 17272,
          "score": 3.0,
          "reason": "score 3.00 below acquire threshold 9 but >= staged recommend threshold 3",
          "seed_count": 1,
          "seen_count": 2
        },
        {
          "kind": "extend_review",
          "artist_name": "Smino",
          "artist_mbid": "96800e05-9924-4321-859a-76e0d4750f2f",
          "status": "starter_album_recommendation",
          "album_title": "NØIR",
          "album_id": 17323,
          "score": 3.0,
          "reason": "score 3.00 below acquire threshold 9 but >= staged recommend threshold 3",
          "seed_count": 1,
          "seen_count": 7
        },
        {
          "kind": "extend_review",
          "artist_name": "The Astronomers",
          "artist_mbid": "2119e495-b0be-452d-adf2-ca38923ecca6",
          "status": "starter_album_recommendation",
          "album_title": "The Occasion",
          "album_id": 17493,
          "score": 3.0,
          "reason": "score 3.00 below acquire threshold 9 but >= staged recommend threshold 3",
          "seed_count": 1,
          "seen_count": 5
        }
      ]
    },
    "extend_promotable": {
      "status": "success",
      "count": 12,
      "items": [
        {
          "kind": "extend_promotable",
          "artist_name": "Smino",
          "artist_mbid": "96800e05-9924-4321-859a-76e0d4750f2f",
          "status": "starter_album_recommendation",
          "album_title": "NØIR",
          "album_id": 17323,
          "score": 1.0,
          "reason": "score 3.00 below acquire threshold 9 but >= staged recommend threshold 3",
          "seed_count": 1,
          "seen_count": 7,
          "source_seeds": [
            "Aminé"
          ],
          "in_recommendation_backoff": true,
          "is_promotable": true
        },
        {
          "kind": "extend_promotable",
          "artist_name": "BoyWithUke",
          "artist_mbid": "a148ffde-581c-4c39-a8f1-bc49dec7fe68",
          "status": "starter_album_recommendation",
          "album_title": "Fever Dreams",
          "album_id": 17343,
          "score": 1.0,
          "reason": "score 3.00 below acquire threshold 9 but >= staged recommend threshold 3",
          "seed_count": 1,
          "seen_count": 5,
          "source_seeds": [
            "AJR"
          ],
          "in_recommendation_backoff": true,
          "is_promotable": true
        },
        {
          "kind": "extend_promotable",
          "artist_name": "American Authors",
          "artist_mbid": "9ce0515d-cc88-4df6-8a2e-d231c13cb2c2",
          "status": "starter_album_recommendation",
          "album_title": "Seasons",
          "album_id": 17435,
          "score": 0.885058,
          "reason": "score 3.00 below acquire threshold 9 but >= staged recommend threshold 3",
          "seed_count": 1,
          "seen_count": 5,
          "source_seeds": [
            "AJR"
          ],
          "in_recommendation_backoff": true,
          "is_promotable": true
        },
        {
          "kind": "extend_promotable",
          "artist_name": "Em Beihold",
          "artist_mbid": "7575e3b8-ba04-4acc-a895-9cc528f86525",
          "status": "starter_album_recommendation",
          "album_title": "Egg in the Backseat",
          "album_id": 17483,
          "score": 0.865961,
          "reason": "score 3.00 below acquire threshold 9 but >= staged recommend threshold 3",
          "seed_count": 1,
          "seen_count": 5,
          "source_seeds": [
            "AJR"
          ],
          "in_recommendation_backoff": true,
          "is_promotable": true
        },
        {
          "kind": "extend_promotable",
          "artist_name": "The Astronomers",
          "artist_mbid": "2119e495-b0be-452d-adf2-ca38923ecca6",
          "status": "starter_album_recommendation",
          "album_title": "The Occasion",
          "album_id": 17493,
          "score": 0.84901,
          "reason": "score 3.00 below acquire threshold 9 but >= staged recommend threshold 3",
          "seed_count": 1,
          "seen_count": 5,
          "source_seeds": [
            "AJR"
          ],
          "in_recommendation_backoff": true,
          "is_promotable": true
        },
        {
          "kind": "extend_promotable",
          "artist_name": "Flipturn",
          "artist_mbid": "0c97b403-1aae-4315-93ab-af54fe2169d6",
          "status": "starter_album_recommendation",
          "album_title": "Shadowglow",
          "album_id": 17272,
          "score": 0.824881,
          "reason": "score 3.00 below acquire threshold 9 but >= staged recommend threshold 3",
          "seed_count": 1,
          "seen_count": 2,
          "source_seeds": [
            "The Backseat Lovers"
          ],
          "in_recommendation_backoff": true,
          "is_promotable": true
        },
        {
          "kind": "extend_promotable",
          "artist_name": "Cardinal Bloom",
          "artist_mbid": "77f4b530-5657-4c75-ad4f-92a75f72deb1",
          "status": "starter_album_recommendation",
          "album_title": "The Only Place I’ve Ever Known",
          "album_id": 17504,
          "score": 0.80219,
          "reason": "score 3.00 below acquire threshold 9 but >= staged recommend threshold 3",
          "seed_count": 1,
          "seen_count": 2,
          "source_seeds": [
            "The Backseat Lovers"
          ],
          "in_recommendation_backoff": true,
          "is_promotable": true
        },
        {
          "kind": "extend_promotable",
          "artist_name": "Capital Cities",
          "artist_mbid": "119a2c67-e6d6-41cf-a58c-c51b75c80daa",
          "status": "starter_album_recommendation",
          "album_title": "Solarize",
          "album_id": 17522,
          "score": 0.780994,
          "reason": "score 3.00 below acquire threshold 9 but >= staged recommend threshold 3",
          "seed_count": 1,
          "seen_count": 7,
          "source_seeds": [
            "Foster the People"
          ],
          "in_recommendation_backoff": true,
          "is_promotable": true
        },
        {
          "kind": "extend_promotable",
          "artist_name": "David Guetta",
          "artist_mbid": "302bd7b9-d012-4360-897a-93b00c855680",
          "status": "starter_album_approved",
          "album_title": "7",
          "album_id": 17124,
          "score": 1.0,
          "reason": "score 3.00 below acquire threshold 9 but >= staged recommend threshold 3",
          "seed_count": 1,
          "seen_count": 7,
          "source_seeds": [
            "Calvin Harris"
          ],
          "in_recommendation_backoff": true,
          "is_promotable": true
        },
        {
          "kind": "extend_promotable",
          "artist_name": "Briston Maroney",
          "artist_mbid": "c0dea069-4f46-4f44-8f44-76831e6abb07",
          "status": "starter_album_approved",
          "album_title": "Sunflower",
          "album_id": 17381,
          "score": 1.0,
          "reason": "score 3.00 below acquire threshold 9 but >= staged recommend threshold 3",
          "seed_count": 1,
          "seen_count": 2,
          "source_seeds": [
            "The Backseat Lovers"
          ],
          "in_recommendation_backoff": true,
          "is_promotable": true
        },
        {
          "kind": "extend_promotable",
          "artist_name": "Andy Grammer",
          "artist_mbid": "9e60ea29-9607-4f7d-aa96-2092ef41f0d3",
          "status": "starter_album_rejected",
          "album_title": "The Good Parts",
          "album_id": 17296,
          "score": 0.657836,
          "reason": "score 3.00 below acquire threshold 9 but >= staged recommend threshold 3",
          "seed_count": 2,
          "seen_count": 7,
          "source_seeds": [
            "AJR",
            "Surfaces"
          ],
          "in_recommendation_backoff": true,
          "is_promotable": true
        },
        {
          "kind": "extend_promotable",
          "artist_name": "Peekaboo",
          "artist_mbid": "c37cb509-b7fd-4212-a6fb-163535eba4c1",
          "status": "starter_album_rejected",
          "album_title": "Eyes Wide Open",
          "album_id": 17398,
          "score": 0.899953,
          "reason": "score 3.00 below acquire threshold 9 but >= staged recommend threshold 3",
          "seed_count": 1,
          "seen_count": 7,
          "source_seeds": [
            "NGHTMRE"
          ],
          "in_recommendation_backoff": true,
          "is_promotable": true
        }
      ]
    },
    "deepen_candidates": {
      "status": "success",
      "count": 30,
      "items": [
        {
          "kind": "deepen_candidate",
          "artist_name": "The Flaming Lips",
          "artist_mbid": "1f43d76f-8edf-44f6-aaf1-b65f05ad9402",
          "status": "candidate",
          "album_title": null,
          "album_id": null,
          "score": null,
          "reason": null,
          "lastfm_playcount": 6,
          "partial_present": true,
          "eligible_album_count": 23,
          "fully_owned": false,
          "in_cooldown": false,
          "in_recommendation_backoff": false,
          "is_suppressed": false
        },
        {
          "kind": "deepen_candidate",
          "artist_name": "Ye",
          "artist_mbid": "164f0d73-1234-4e2c-8743-d77bf2191051",
          "status": "candidate",
          "album_title": null,
          "album_id": null,
          "score": null,
          "reason": null,
          "lastfm_playcount": 21,
          "partial_present": true,
          "eligible_album_count": 12,
          "fully_owned": false,
          "in_cooldown": false,
          "in_recommendation_backoff": false,
          "is_suppressed": false
        },
        {
          "kind": "deepen_candidate",
          "artist_name": "Blue October",
          "artist_mbid": "d6a3eeec-cde0-4c10-89b2-93e0bd5f34e6",
          "status": "candidate",
          "album_title": null,
          "album_id": null,
          "score": null,
          "reason": null,
          "lastfm_playcount": 5,
          "partial_present": true,
          "eligible_album_count": 11,
          "fully_owned": false,
          "in_cooldown": false,
          "in_recommendation_backoff": false,
          "is_suppressed": false
        },
        {
          "kind": "deepen_candidate",
          "artist_name": "Radiohead",
          "artist_mbid": "a74b1b7f-71a5-4011-9441-d0b5e4122711",
          "status": "candidate",
          "album_title": null,
          "album_id": null,
          "score": null,
          "reason": null,
          "lastfm_playcount": 7,
          "partial_present": true,
          "eligible_album_count": 9,
          "fully_owned": false,
          "in_cooldown": false,
          "in_recommendation_backoff": false,
          "is_suppressed": false
        },
        {
          "kind": "deepen_candidate",
          "artist_name": "Modest Mouse",
          "artist_mbid": "a96ac800-bfcb-412a-8a63-0a98df600700",
          "status": "candidate",
          "album_title": null,
          "album_id": null,
          "score": null,
          "reason": null,
          "lastfm_playcount": 13,
          "partial_present": true,
          "eligible_album_count": 7,
          "fully_owned": false,
          "in_cooldown": false,
          "in_recommendation_backoff": false,
          "is_suppressed": false
        },
        {
          "kind": "deepen_candidate",
          "artist_name": "Incubus",
          "artist_mbid": "e3e0abcd-7671-4482-a9d8-462f5acc9be5",
          "status": "candidate",
          "album_title": null,
          "album_id": null,
          "score": null,
          "reason": null,
          "lastfm_playcount": 12,
          "partial_present": true,
          "eligible_album_count": 7,
          "fully_owned": false,
          "in_cooldown": false,
          "in_recommendation_backoff": false,
          "is_suppressed": false
        },
        {
          "kind": "deepen_candidate",
          "artist_name": "CAKE",
          "artist_mbid": "fa7b9055-3703-473a-8a09-adf2fe031a24",
          "status": "candidate",
          "album_title": null,
          "album_id": null,
          "score": null,
          "reason": null,
          "lastfm_playcount": 7,
          "partial_present": true,
          "eligible_album_count": 6,
          "fully_owned": false,
          "in_cooldown": false,
          "in_recommendation_backoff": false,
          "is_suppressed": false
        },
        {
          "kind": "deepen_candidate",
          "artist_name": "Limp Bizkit",
          "artist_mbid": "8f9d6bb2-dba4-4cca-9967-cc02b9f4820c",
          "status": "candidate",
          "album_title": null,
          "album_id": null,
          "score": null,
          "reason": null,
          "lastfm_playcount": 5,
          "partial_present": true,
          "eligible_album_count": 6,
          "fully_owned": false,
          "in_cooldown": false,
          "in_recommendation_backoff": false,
          "is_suppressed": false
        },
        {
          "kind": "deepen_candidate",
          "artist_name": "Panic! at the Disco",
          "artist_mbid": "b9472588-93f3-4922-a1a2-74082cdf9ce8",
          "status": "candidate",
          "album_title": null,
          "album_id": null,
          "score": null,
          "reason": null,
          "lastfm_playcount": 23,
          "partial_present": true,
          "eligible_album_count": 5,
          "fully_owned": false,
          "in_cooldown": false,
          "in_recommendation_backoff": false,
          "is_suppressed": false
        },
        {
          "kind": "deepen_candidate",
          "artist_name": "System of a Down",
          "artist_mbid": "cc0b7089-c08d-4c10-b6b0-873582c17fd6",
          "status": "candidate",
          "album_title": null,
          "album_id": null,
          "score": null,
          "reason": null,
          "lastfm_playcount": 9,
          "partial_present": true,
          "eligible_album_count": 5,
          "fully_owned": false,
          "in_cooldown": false,
          "in_recommendation_backoff": false,
          "is_suppressed": false
        },
        {
          "kind": "deepen_candidate",
          "artist_name": "Soundgarden",
          "artist_mbid": "153c9281-268f-4cf3-8938-f5a4593e5df4",
          "status": "candidate",
          "album_title": null,
          "album_id": null,
          "score": null,
          "reason": null,
          "lastfm_playcount": 8,
          "partial_present": true,
          "eligible_album_count": 5,
          "fully_owned": false,
          "in_cooldown": false,
          "in_recommendation_backoff": false,
          "is_suppressed": false
        },
        {
          "kind": "deepen_candidate",
          "artist_name": "Bloodhound Gang",
          "artist_mbid": "b2dbfc09-b332-408b-a235-1850e41971c5",
          "status": "candidate",
          "album_title": null,
          "album_id": null,
          "score": null,
          "reason": null,
          "lastfm_playcount": 7,
          "partial_present": true,
          "eligible_album_count": 5,
          "fully_owned": false,
          "in_cooldown": false,
          "in_recommendation_backoff": false,
          "is_suppressed": false
        },
        {
          "kind": "deepen_candidate",
          "artist_name": "Post Malone",
          "artist_mbid": "b1e26560-60e5-4236-bbdb-9aa5a8d5ee19",
          "status": "candidate",
          "album_title": null,
          "album_id": null,
          "score": null,
          "reason": null,
          "lastfm_playcount": 6,
          "partial_present": true,
          "eligible_album_count": 5,
          "fully_owned": false,
          "in_cooldown": false,
          "in_recommendation_backoff": false,
          "is_suppressed": false
        },
        {
          "kind": "deepen_candidate",
          "artist_name": "Sleigh Bells",
          "artist_mbid": "95f7536d-b2f7-4087-8668-a663ec201f5a",
          "status": "candidate",
          "album_title": null,
          "album_id": null,
          "score": null,
          "reason": null,
          "lastfm_playcount": 6,
          "partial_present": true,
          "eligible_album_count": 5,
          "fully_owned": false,
          "in_cooldown": false,
          "in_recommendation_backoff": false,
          "is_suppressed": false
        },
        {
          "kind": "deepen_candidate",
          "artist_name": "Passion Pit",
          "artist_mbid": "daeec599-bf5d-4428-994a-e76ba5f86e2f",
          "status": "candidate",
          "album_title": null,
          "album_id": null,
          "score": null,
          "reason": null,
          "lastfm_playcount": 12,
          "partial_present": true,
          "eligible_album_count": 4,
          "fully_owned": false,
          "in_cooldown": false,
          "in_recommendation_backoff": false,
          "is_suppressed": false
        },
        {
          "kind": "deepen_candidate",
          "artist_name": "Rage Against the Machine",
          "artist_mbid": "3798b104-01cb-484c-a3b0-56adc6399b80",
          "status": "candidate",
          "album_title": null,
          "album_id": null,
          "score": null,
          "reason": null,
          "lastfm_playcount": 8,
          "partial_present": true,
          "eligible_album_count": 4,
          "fully_owned": false,
          "in_cooldown": false,
          "in_recommendation_backoff": false,
          "is_suppressed": false
        },
        {
          "kind": "deepen_candidate",
          "artist_name": "Foster the People",
          "artist_mbid": "e0e1a584-dd0a-4bd1-88d1-c4c62895039d",
          "status": "candidate",
          "album_title": null,
          "album_id": null,
          "score": null,
          "reason": null,
          "lastfm_playcount": 50,
          "partial_present": true,
          "eligible_album_count": 3,
          "fully_owned": false,
          "in_cooldown": false,
          "in_recommendation_backoff": false,
          "is_suppressed": false
        },
        {
          "kind": "deepen_candidate",
          "artist_name": "Cage the Elephant",
          "artist_mbid": "b41b38d4-ef3e-4f37-8c75-cfe9af999696",
          "status": "candidate",
          "album_title": null,
          "album_id": null,
          "score": null,
          "reason": null,
          "lastfm_playcount": 12,
          "partial_present": true,
          "eligible_album_count": 3,
          "fully_owned": false,
          "in_cooldown": false,
          "in_recommendation_backoff": false,
          "is_suppressed": false
        },
        {
          "kind": "deepen_candidate",
          "artist_name": "Dayglow",
          "artist_mbid": "2bee95a7-1c0e-4b3c-99a5-4857d9d776dd",
          "status": "candidate",
          "album_title": null,
          "album_id": null,
          "score": null,
          "reason": null,
          "lastfm_playcount": 11,
          "partial_present": true,
          "eligible_album_count": 3,
          "fully_owned": false,
          "in_cooldown": false,
          "in_recommendation_backoff": false,
          "is_suppressed": false
        },
        {
          "kind": "deepen_candidate",
          "artist_name": "Yung Gravy",
          "artist_mbid": "20b034b2-35a1-40be-908f-22d1b5681572",
          "status": "candidate",
          "album_title": null,
          "album_id": null,
          "score": null,
          "reason": null,
          "lastfm_playcount": 10,
          "partial_present": true,
          "eligible_album_count": 3,
          "fully_owned": false,
          "in_cooldown": false,
          "in_recommendation_backoff": false,
          "is_suppressed": false
        },
        {
          "kind": "deepen_candidate",
          "artist_name": "Atlas Genius",
          "artist_mbid": "967234b5-bef9-4fee-8dfe-61fbcd400d8b",
          "status": "candidate",
          "album_title": null,
          "album_id": null,
          "score": null,
          "reason": null,
          "lastfm_playcount": 5,
          "partial_present": true,
          "eligible_album_count": 3,
          "fully_owned": false,
          "in_cooldown": false,
          "in_recommendation_backoff": false,
          "is_suppressed": false
        },
        {
          "kind": "deepen_candidate",
          "artist_name": "Metro Boomin",
          "artist_mbid": "59db3d82-86ea-451f-881f-dffc8ec387c9",
          "status": "candidate",
          "album_title": null,
          "album_id": null,
          "score": null,
          "reason": null,
          "lastfm_playcount": 5,
          "partial_present": true,
          "eligible_album_count": 3,
          "fully_owned": false,
          "in_cooldown": false,
          "in_recommendation_backoff": false,
          "is_suppressed": false
        },
        {
          "kind": "deepen_candidate",
          "artist_name": "Phoenix",
          "artist_mbid": "8d455809-96b3-4bb6-8829-ea4beb580d35",
          "status": "candidate",
          "album_title": null,
          "album_id": null,
          "score": null,
          "reason": null,
          "lastfm_playcount": 21,
          "partial_present": true,
          "eligible_album_count": 2,
          "fully_owned": false,
          "in_cooldown": false,
          "in_recommendation_backoff": false,
          "is_suppressed": false
        },
        {
          "kind": "deepen_candidate",
          "artist_name": "Excision",
          "artist_mbid": "733c6e6f-0306-403e-9243-82b16a4f82d8",
          "status": "candidate",
          "album_title": null,
          "album_id": null,
          "score": null,
          "reason": null,
          "lastfm_playcount": 20,
          "partial_present": true,
          "eligible_album_count": 2,
          "fully_owned": false,
          "in_cooldown": false,
          "in_recommendation_backoff": false,
          "is_suppressed": false
        },
        {
          "kind": "deepen_candidate",
          "artist_name": "NGHTMRE",
          "artist_mbid": "f72e0c57-94fd-447d-afdb-868e70d356d7",
          "status": "candidate",
          "album_title": null,
          "album_id": null,
          "score": null,
          "reason": null,
          "lastfm_playcount": 42,
          "partial_present": true,
          "eligible_album_count": 1,
          "fully_owned": false,
          "in_cooldown": false,
          "in_recommendation_backoff": false,
          "is_suppressed": false
        },
        {
          "kind": "deepen_candidate",
          "artist_name": "Lil Nas X",
          "artist_mbid": "0b30341b-b59d-4979-8130-b66c0e475321",
          "status": "candidate",
          "album_title": null,
          "album_id": null,
          "score": null,
          "reason": null,
          "lastfm_playcount": 9,
          "partial_present": true,
          "eligible_album_count": 1,
          "fully_owned": false,
          "in_cooldown": false,
          "in_recommendation_backoff": false,
          "is_suppressed": false
        },
        {
          "kind": "deepen_candidate",
          "artist_name": "Gucci Mane",
          "artist_mbid": "36494952-f434-45d8-a958-8b4acdbcf8a8",
          "status": "candidate",
          "album_title": null,
          "album_id": null,
          "score": null,
          "reason": null,
          "lastfm_playcount": 5,
          "partial_present": false,
          "eligible_album_count": 26,
          "fully_owned": false,
          "in_cooldown": false,
          "in_recommendation_backoff": false,
          "is_suppressed": false
        },
        {
          "kind": "deepen_candidate",
          "artist_name": "America",
          "artist_mbid": "34cf95c7-4be9-4efd-a48a-c2ea4a0bb114",
          "status": "candidate",
          "album_title": null,
          "album_id": null,
          "score": null,
          "reason": null,
          "lastfm_playcount": 6,
          "partial_present": false,
          "eligible_album_count": 18,
          "fully_owned": false,
          "in_cooldown": false,
          "in_recommendation_backoff": false,
          "is_suppressed": false
        },
        {
          "kind": "deepen_candidate",
          "artist_name": "Helynt",
          "artist_mbid": "761854c7-b435-4581-81aa-ddae031795f9",
          "status": "candidate",
          "album_title": null,
          "album_id": null,
          "score": null,
          "reason": null,
          "lastfm_playcount": 20,
          "partial_present": false,
          "eligible_album_count": 15,
          "fully_owned": false,
          "in_cooldown": false,
          "in_recommendation_backoff": false,
          "is_suppressed": false
        },
        {
          "kind": "deepen_candidate",
          "artist_name": "石元丈晴",
          "artist_mbid": "0e54f9fd-7011-4c77-86f0-59021c5ffddf",
          "status": "candidate",
          "album_title": null,
          "album_id": null,
          "score": null,
          "reason": null,
          "lastfm_playcount": 8,
          "partial_present": false,
          "eligible_album_count": 13,
          "fully_owned": false,
          "in_cooldown": false,
          "in_recommendation_backoff": false,
          "is_suppressed": false
        }
      ]
    },
    "deepen_review_queue": {
      "status": "success",
      "count": 30,
      "items": [
        {
          "kind": "deepen_candidate",
          "artist_name": "Foster the People",
          "artist_mbid": "e0e1a584-dd0a-4bd1-88d1-c4c62895039d",
          "status": "deepen_recommendation",
          "album_title": null,
          "album_id": null,
          "score": null,
          "reason": null,
          "lastfm_playcount": 50,
          "partial_present": true,
          "eligible_album_count": 3,
          "fully_owned": false,
          "in_cooldown": false,
          "in_recommendation_backoff": false,
          "is_suppressed": false
        },
        {
          "kind": "deepen_candidate",
          "artist_name": "NGHTMRE",
          "artist_mbid": "f72e0c57-94fd-447d-afdb-868e70d356d7",
          "status": "deepen_recommendation",
          "album_title": null,
          "album_id": null,
          "score": null,
          "reason": null,
          "lastfm_playcount": 42,
          "partial_present": true,
          "eligible_album_count": 1,
          "fully_owned": false,
          "in_cooldown": false,
          "in_recommendation_backoff": false,
          "is_suppressed": false
        },
        {
          "kind": "deepen_candidate",
          "artist_name": "Panic! at the Disco",
          "artist_mbid": "b9472588-93f3-4922-a1a2-74082cdf9ce8",
          "status": "deepen_recommendation",
          "album_title": null,
          "album_id": null,
          "score": null,
          "reason": null,
          "lastfm_playcount": 23,
          "partial_present": true,
          "eligible_album_count": 5,
          "fully_owned": false,
          "in_cooldown": false,
          "in_recommendation_backoff": false,
          "is_suppressed": false
        },
        {
          "kind": "deepen_candidate",
          "artist_name": "Ye",
          "artist_mbid": "164f0d73-1234-4e2c-8743-d77bf2191051",
          "status": "deepen_recommendation",
          "album_title": null,
          "album_id": null,
          "score": null,
          "reason": null,
          "lastfm_playcount": 21,
          "partial_present": true,
          "eligible_album_count": 12,
          "fully_owned": false,
          "in_cooldown": false,
          "in_recommendation_backoff": false,
          "is_suppressed": false
        },
        {
          "kind": "deepen_candidate",
          "artist_name": "Phoenix",
          "artist_mbid": "8d455809-96b3-4bb6-8829-ea4beb580d35",
          "status": "deepen_recommendation",
          "album_title": null,
          "album_id": null,
          "score": null,
          "reason": null,
          "lastfm_playcount": 21,
          "partial_present": true,
          "eligible_album_count": 2,
          "fully_owned": false,
          "in_cooldown": false,
          "in_recommendation_backoff": false,
          "is_suppressed": false
        },
        {
          "kind": "deepen_candidate",
          "artist_name": "Excision",
          "artist_mbid": "733c6e6f-0306-403e-9243-82b16a4f82d8",
          "status": "deepen_recommendation",
          "album_title": null,
          "album_id": null,
          "score": null,
          "reason": null,
          "lastfm_playcount": 20,
          "partial_present": true,
          "eligible_album_count": 2,
          "fully_owned": false,
          "in_cooldown": false,
          "in_recommendation_backoff": false,
          "is_suppressed": false
        },
        {
          "kind": "deepen_candidate",
          "artist_name": "Modest Mouse",
          "artist_mbid": "a96ac800-bfcb-412a-8a63-0a98df600700",
          "status": "deepen_recommendation",
          "album_title": null,
          "album_id": null,
          "score": null,
          "reason": null,
          "lastfm_playcount": 13,
          "partial_present": true,
          "eligible_album_count": 7,
          "fully_owned": false,
          "in_cooldown": false,
          "in_recommendation_backoff": false,
          "is_suppressed": false
        },
        {
          "kind": "deepen_candidate",
          "artist_name": "Incubus",
          "artist_mbid": "e3e0abcd-7671-4482-a9d8-462f5acc9be5",
          "status": "deepen_recommendation",
          "album_title": null,
          "album_id": null,
          "score": null,
          "reason": null,
          "lastfm_playcount": 12,
          "partial_present": true,
          "eligible_album_count": 7,
          "fully_owned": false,
          "in_cooldown": false,
          "in_recommendation_backoff": false,
          "is_suppressed": false
        },
        {
          "kind": "deepen_candidate",
          "artist_name": "Passion Pit",
          "artist_mbid": "daeec599-bf5d-4428-994a-e76ba5f86e2f",
          "status": "deepen_recommendation",
          "album_title": null,
          "album_id": null,
          "score": null,
          "reason": null,
          "lastfm_playcount": 12,
          "partial_present": true,
          "eligible_album_count": 4,
          "fully_owned": false,
          "in_cooldown": false,
          "in_recommendation_backoff": false,
          "is_suppressed": false
        },
        {
          "kind": "deepen_candidate",
          "artist_name": "Cage the Elephant",
          "artist_mbid": "b41b38d4-ef3e-4f37-8c75-cfe9af999696",
          "status": "deepen_recommendation",
          "album_title": null,
          "album_id": null,
          "score": null,
          "reason": null,
          "lastfm_playcount": 12,
          "partial_present": true,
          "eligible_album_count": 3,
          "fully_owned": false,
          "in_cooldown": false,
          "in_recommendation_backoff": false,
          "is_suppressed": false
        },
        {
          "kind": "deepen_candidate",
          "artist_name": "Dayglow",
          "artist_mbid": "2bee95a7-1c0e-4b3c-99a5-4857d9d776dd",
          "status": "deepen_recommendation",
          "album_title": null,
          "album_id": null,
          "score": null,
          "reason": null,
          "lastfm_playcount": 11,
          "partial_present": true,
          "eligible_album_count": 3,
          "fully_owned": false,
          "in_cooldown": false,
          "in_recommendation_backoff": false,
          "is_suppressed": false
        },
        {
          "kind": "deepen_candidate",
          "artist_name": "Yung Gravy",
          "artist_mbid": "20b034b2-35a1-40be-908f-22d1b5681572",
          "status": "deepen_recommendation",
          "album_title": null,
          "album_id": null,
          "score": null,
          "reason": null,
          "lastfm_playcount": 10,
          "partial_present": true,
          "eligible_album_count": 3,
          "fully_owned": false,
          "in_cooldown": false,
          "in_recommendation_backoff": false,
          "is_suppressed": false
        },
        {
          "kind": "deepen_candidate",
          "artist_name": "System of a Down",
          "artist_mbid": "cc0b7089-c08d-4c10-b6b0-873582c17fd6",
          "status": "deepen_recommendation",
          "album_title": null,
          "album_id": null,
          "score": null,
          "reason": null,
          "lastfm_playcount": 9,
          "partial_present": true,
          "eligible_album_count": 5,
          "fully_owned": false,
          "in_cooldown": false,
          "in_recommendation_backoff": false,
          "is_suppressed": false
        },
        {
          "kind": "deepen_candidate",
          "artist_name": "Lil Nas X",
          "artist_mbid": "0b30341b-b59d-4979-8130-b66c0e475321",
          "status": "deepen_recommendation",
          "album_title": null,
          "album_id": null,
          "score": null,
          "reason": null,
          "lastfm_playcount": 9,
          "partial_present": true,
          "eligible_album_count": 1,
          "fully_owned": false,
          "in_cooldown": false,
          "in_recommendation_backoff": false,
          "is_suppressed": false
        },
        {
          "kind": "deepen_candidate",
          "artist_name": "Soundgarden",
          "artist_mbid": "153c9281-268f-4cf3-8938-f5a4593e5df4",
          "status": "deepen_recommendation",
          "album_title": null,
          "album_id": null,
          "score": null,
          "reason": null,
          "lastfm_playcount": 8,
          "partial_present": true,
          "eligible_album_count": 5,
          "fully_owned": false,
          "in_cooldown": false,
          "in_recommendation_backoff": false,
          "is_suppressed": false
        },
        {
          "kind": "deepen_candidate",
          "artist_name": "Rage Against the Machine",
          "artist_mbid": "3798b104-01cb-484c-a3b0-56adc6399b80",
          "status": "deepen_recommendation",
          "album_title": null,
          "album_id": null,
          "score": null,
          "reason": null,
          "lastfm_playcount": 8,
          "partial_present": true,
          "eligible_album_count": 4,
          "fully_owned": false,
          "in_cooldown": false,
          "in_recommendation_backoff": false,
          "is_suppressed": false
        },
        {
          "kind": "deepen_candidate",
          "artist_name": "Radiohead",
          "artist_mbid": "a74b1b7f-71a5-4011-9441-d0b5e4122711",
          "status": "deepen_recommendation",
          "album_title": null,
          "album_id": null,
          "score": null,
          "reason": null,
          "lastfm_playcount": 7,
          "partial_present": true,
          "eligible_album_count": 9,
          "fully_owned": false,
          "in_cooldown": false,
          "in_recommendation_backoff": false,
          "is_suppressed": false
        },
        {
          "kind": "deepen_candidate",
          "artist_name": "CAKE",
          "artist_mbid": "fa7b9055-3703-473a-8a09-adf2fe031a24",
          "status": "deepen_recommendation",
          "album_title": null,
          "album_id": null,
          "score": null,
          "reason": null,
          "lastfm_playcount": 7,
          "partial_present": true,
          "eligible_album_count": 6,
          "fully_owned": false,
          "in_cooldown": false,
          "in_recommendation_backoff": false,
          "is_suppressed": false
        },
        {
          "kind": "deepen_candidate",
          "artist_name": "Bloodhound Gang",
          "artist_mbid": "b2dbfc09-b332-408b-a235-1850e41971c5",
          "status": "deepen_recommendation",
          "album_title": null,
          "album_id": null,
          "score": null,
          "reason": null,
          "lastfm_playcount": 7,
          "partial_present": true,
          "eligible_album_count": 5,
          "fully_owned": false,
          "in_cooldown": false,
          "in_recommendation_backoff": false,
          "is_suppressed": false
        },
        {
          "kind": "deepen_candidate",
          "artist_name": "The Flaming Lips",
          "artist_mbid": "1f43d76f-8edf-44f6-aaf1-b65f05ad9402",
          "status": "deepen_recommendation",
          "album_title": null,
          "album_id": null,
          "score": null,
          "reason": null,
          "lastfm_playcount": 6,
          "partial_present": true,
          "eligible_album_count": 23,
          "fully_owned": false,
          "in_cooldown": false,
          "in_recommendation_backoff": false,
          "is_suppressed": false
        },
        {
          "kind": "deepen_candidate",
          "artist_name": "Post Malone",
          "artist_mbid": "b1e26560-60e5-4236-bbdb-9aa5a8d5ee19",
          "status": "deepen_recommendation",
          "album_title": null,
          "album_id": null,
          "score": null,
          "reason": null,
          "lastfm_playcount": 6,
          "partial_present": true,
          "eligible_album_count": 5,
          "fully_owned": false,
          "in_cooldown": false,
          "in_recommendation_backoff": false,
          "is_suppressed": false
        },
        {
          "kind": "deepen_candidate",
          "artist_name": "Sleigh Bells",
          "artist_mbid": "95f7536d-b2f7-4087-8668-a663ec201f5a",
          "status": "deepen_recommendation",
          "album_title": null,
          "album_id": null,
          "score": null,
          "reason": null,
          "lastfm_playcount": 6,
          "partial_present": true,
          "eligible_album_count": 5,
          "fully_owned": false,
          "in_cooldown": false,
          "in_recommendation_backoff": false,
          "is_suppressed": false
        },
        {
          "kind": "deepen_candidate",
          "artist_name": "Blue October",
          "artist_mbid": "d6a3eeec-cde0-4c10-89b2-93e0bd5f34e6",
          "status": "deepen_recommendation",
          "album_title": null,
          "album_id": null,
          "score": null,
          "reason": null,
          "lastfm_playcount": 5,
          "partial_present": true,
          "eligible_album_count": 11,
          "fully_owned": false,
          "in_cooldown": false,
          "in_recommendation_backoff": false,
          "is_suppressed": false
        },
        {
          "kind": "deepen_candidate",
          "artist_name": "Limp Bizkit",
          "artist_mbid": "8f9d6bb2-dba4-4cca-9967-cc02b9f4820c",
          "status": "deepen_recommendation",
          "album_title": null,
          "album_id": null,
          "score": null,
          "reason": null,
          "lastfm_playcount": 5,
          "partial_present": true,
          "eligible_album_count": 6,
          "fully_owned": false,
          "in_cooldown": false,
          "in_recommendation_backoff": false,
          "is_suppressed": false
        },
        {
          "kind": "deepen_candidate",
          "artist_name": "Atlas Genius",
          "artist_mbid": "967234b5-bef9-4fee-8dfe-61fbcd400d8b",
          "status": "deepen_recommendation",
          "album_title": null,
          "album_id": null,
          "score": null,
          "reason": null,
          "lastfm_playcount": 5,
          "partial_present": true,
          "eligible_album_count": 3,
          "fully_owned": false,
          "in_cooldown": false,
          "in_recommendation_backoff": false,
          "is_suppressed": false
        },
        {
          "kind": "deepen_candidate",
          "artist_name": "Metro Boomin",
          "artist_mbid": "59db3d82-86ea-451f-881f-dffc8ec387c9",
          "status": "deepen_recommendation",
          "album_title": null,
          "album_id": null,
          "score": null,
          "reason": null,
          "lastfm_playcount": 5,
          "partial_present": true,
          "eligible_album_count": 3,
          "fully_owned": false,
          "in_cooldown": false,
          "in_recommendation_backoff": false,
          "is_suppressed": false
        },
        {
          "kind": "deepen_candidate",
          "artist_name": "Helynt",
          "artist_mbid": "761854c7-b435-4581-81aa-ddae031795f9",
          "status": "deepen_recommendation",
          "album_title": null,
          "album_id": null,
          "score": null,
          "reason": null,
          "lastfm_playcount": 20,
          "partial_present": false,
          "eligible_album_count": 15,
          "fully_owned": false,
          "in_cooldown": false,
          "in_recommendation_backoff": false,
          "is_suppressed": false
        },
        {
          "kind": "deepen_candidate",
          "artist_name": "石元丈晴",
          "artist_mbid": "0e54f9fd-7011-4c77-86f0-59021c5ffddf",
          "status": "deepen_recommendation",
          "album_title": null,
          "album_id": null,
          "score": null,
          "reason": null,
          "lastfm_playcount": 8,
          "partial_present": false,
          "eligible_album_count": 13,
          "fully_owned": false,
          "in_cooldown": false,
          "in_recommendation_backoff": false,
          "is_suppressed": false
        },
        {
          "kind": "deepen_candidate",
          "artist_name": "America",
          "artist_mbid": "34cf95c7-4be9-4efd-a48a-c2ea4a0bb114",
          "status": "deepen_recommendation",
          "album_title": null,
          "album_id": null,
          "score": null,
          "reason": null,
          "lastfm_playcount": 6,
          "partial_present": false,
          "eligible_album_count": 18,
          "fully_owned": false,
          "in_cooldown": false,
          "in_recommendation_backoff": false,
          "is_suppressed": false
        },
        {
          "kind": "deepen_candidate",
          "artist_name": "Gucci Mane",
          "artist_mbid": "36494952-f434-45d8-a958-8b4acdbcf8a8",
          "status": "deepen_recommendation",
          "album_title": null,
          "album_id": null,
          "score": null,
          "reason": null,
          "lastfm_playcount": 5,
          "partial_present": false,
          "eligible_album_count": 26,
          "fully_owned": false,
          "in_cooldown": false,
          "in_recommendation_backoff": false,
          "is_suppressed": false
        }
      ]
    },
    "suppressed_artists": {
      "status": "success",
      "count": 3,
      "items": [
        {
          "kind": "suppressed_artist",
          "artist_name": "Smash Mouth",
          "artist_mbid": "944e1036-8a03-4611-8aa0-31515a05c848",
          "status": "suppressed",
          "album_title": null,
          "album_id": null,
          "score": null,
          "reason": "operator_rejected_deepen_recommendation",
          "suppressed_ts": 1774704106
        },
        {
          "kind": "suppressed_artist",
          "artist_name": "Andy Grammer",
          "artist_mbid": "9e60ea29-9607-4f7d-aa96-2092ef41f0d3",
          "status": "suppressed",
          "album_title": null,
          "album_id": null,
          "score": null,
          "reason": "operator_rejected_extend_recommendation",
          "suppressed_ts": 1774648308
        },
        {
          "kind": "suppressed_artist",
          "artist_name": "PEEKABOO",
          "artist_mbid": "c37cb509-b7fd-4212-a6fb-163535eba4c1",
          "status": "suppressed",
          "album_title": null,
          "album_id": null,
          "score": null,
          "reason": "operator_rejected_extend_recommendation",
          "suppressed_ts": 1774644732
        }
      ]
    },
    "prune_review_queue": {
      "status": "success",
      "count": 1,
      "items": [
        {
          "kind": "prune_candidate",
          "artist_name": "Tribal Seeds",
          "artist_mbid": null,
          "status": "prune_recommendation",
          "album_title": "Tribal Seeds",
          "album_id": 429,
          "score": 1.0,
          "reason": "small album full reject: 1/1 rated tracks at or below 4.0 on album with 1 total tracks",
          "rated_tracks": 1,
          "bad_tracks": 1,
          "total_tracks_seen": 1,
          "match_method": "mbid+verified",
          "matched": true,
          "lidarr_has_files": true
        }
      ]
    }
  },
  "highlights": {
    "recent_reviewable": [
      {
        "kind": "extend_review",
        "artist_name": "American Authors",
        "artist_mbid": "9ce0515d-cc88-4df6-8a2e-d231c13cb2c2",
        "status": "starter_album_recommendation",
        "album_title": "Seasons",
        "album_id": 17435,
        "score": 3.0,
        "reason": "score 3.00 below acquire threshold 9 but >= staged recommend threshold 3",
        "seed_count": 1,
        "seen_count": 5
      },
      {
        "kind": "extend_review",
        "artist_name": "BoyWithUke",
        "artist_mbid": "a148ffde-581c-4c39-a8f1-bc49dec7fe68",
        "status": "starter_album_recommendation",
        "album_title": "Fever Dreams",
        "album_id": 17343,
        "score": 3.0,
        "reason": "score 3.00 below acquire threshold 9 but >= staged recommend threshold 3",
        "seed_count": 1,
        "seen_count": 5
      },
      {
        "kind": "extend_review",
        "artist_name": "Capital Cities",
        "artist_mbid": "119a2c67-e6d6-41cf-a58c-c51b75c80daa",
        "status": "starter_album_recommendation",
        "album_title": "Solarize",
        "album_id": 17522,
        "score": 3.0,
        "reason": "score 3.00 below acquire threshold 9 but >= staged recommend threshold 3",
        "seed_count": 1,
        "seen_count": 7
      },
      {
        "kind": "extend_review",
        "artist_name": "Cardinal Bloom",
        "artist_mbid": "77f4b530-5657-4c75-ad4f-92a75f72deb1",
        "status": "starter_album_recommendation",
        "album_title": "The Only Place I’ve Ever Known",
        "album_id": 17504,
        "score": 3.0,
        "reason": "score 3.00 below acquire threshold 9 but >= staged recommend threshold 3",
        "seed_count": 1,
        "seen_count": 2
      },
      {
        "kind": "extend_review",
        "artist_name": "Em Beihold",
        "artist_mbid": "7575e3b8-ba04-4acc-a895-9cc528f86525",
        "status": "starter_album_recommendation",
        "album_title": "Egg in the Backseat",
        "album_id": 17483,
        "score": 3.0,
        "reason": "score 3.00 below acquire threshold 9 but >= staged recommend threshold 3",
        "seed_count": 1,
        "seen_count": 5
      }
    ],
    "top_promotable": [
      {
        "kind": "extend_promotable",
        "artist_name": "Smino",
        "artist_mbid": "96800e05-9924-4321-859a-76e0d4750f2f",
        "status": "starter_album_recommendation",
        "album_title": "NØIR",
        "album_id": 17323,
        "score": 1.0,
        "reason": "score 3.00 below acquire threshold 9 but >= staged recommend threshold 3",
        "seed_count": 1,
        "seen_count": 7,
        "source_seeds": [
          "Aminé"
        ],
        "in_recommendation_backoff": true,
        "is_promotable": true
      },
      {
        "kind": "extend_promotable",
        "artist_name": "BoyWithUke",
        "artist_mbid": "a148ffde-581c-4c39-a8f1-bc49dec7fe68",
        "status": "starter_album_recommendation",
        "album_title": "Fever Dreams",
        "album_id": 17343,
        "score": 1.0,
        "reason": "score 3.00 below acquire threshold 9 but >= staged recommend threshold 3",
        "seed_count": 1,
        "seen_count": 5,
        "source_seeds": [
          "AJR"
        ],
        "in_recommendation_backoff": true,
        "is_promotable": true
      },
      {
        "kind": "extend_promotable",
        "artist_name": "American Authors",
        "artist_mbid": "9ce0515d-cc88-4df6-8a2e-d231c13cb2c2",
        "status": "starter_album_recommendation",
        "album_title": "Seasons",
        "album_id": 17435,
        "score": 0.885058,
        "reason": "score 3.00 below acquire threshold 9 but >= staged recommend threshold 3",
        "seed_count": 1,
        "seen_count": 5,
        "source_seeds": [
          "AJR"
        ],
        "in_recommendation_backoff": true,
        "is_promotable": true
      },
      {
        "kind": "extend_promotable",
        "artist_name": "Em Beihold",
        "artist_mbid": "7575e3b8-ba04-4acc-a895-9cc528f86525",
        "status": "starter_album_recommendation",
        "album_title": "Egg in the Backseat",
        "album_id": 17483,
        "score": 0.865961,
        "reason": "score 3.00 below acquire threshold 9 but >= staged recommend threshold 3",
        "seed_count": 1,
        "seen_count": 5,
        "source_seeds": [
          "AJR"
        ],
        "in_recommendation_backoff": true,
        "is_promotable": true
      },
      {
        "kind": "extend_promotable",
        "artist_name": "The Astronomers",
        "artist_mbid": "2119e495-b0be-452d-adf2-ca38923ecca6",
        "status": "starter_album_recommendation",
        "album_title": "The Occasion",
        "album_id": 17493,
        "score": 0.84901,
        "reason": "score 3.00 below acquire threshold 9 but >= staged recommend threshold 3",
        "seed_count": 1,
        "seen_count": 5,
        "source_seeds": [
          "AJR"
        ],
        "in_recommendation_backoff": true,
        "is_promotable": true
      }
    ],
    "top_deepen_candidates": [
      {
        "kind": "deepen_candidate",
        "artist_name": "Foster the People",
        "artist_mbid": "e0e1a584-dd0a-4bd1-88d1-c4c62895039d",
        "status": "deepen_recommendation",
        "album_title": null,
        "album_id": null,
        "score": null,
        "reason": null,
        "lastfm_playcount": 50,
        "partial_present": true,
        "eligible_album_count": 3,
        "fully_owned": false,
        "in_cooldown": false,
        "in_recommendation_backoff": false,
        "is_suppressed": false
      },
      {
        "kind": "deepen_candidate",
        "artist_name": "NGHTMRE",
        "artist_mbid": "f72e0c57-94fd-447d-afdb-868e70d356d7",
        "status": "deepen_recommendation",
        "album_title": null,
        "album_id": null,
        "score": null,
        "reason": null,
        "lastfm_playcount": 42,
        "partial_present": true,
        "eligible_album_count": 1,
        "fully_owned": false,
        "in_cooldown": false,
        "in_recommendation_backoff": false,
        "is_suppressed": false
      },
      {
        "kind": "deepen_candidate",
        "artist_name": "Panic! at the Disco",
        "artist_mbid": "b9472588-93f3-4922-a1a2-74082cdf9ce8",
        "status": "deepen_recommendation",
        "album_title": null,
        "album_id": null,
        "score": null,
        "reason": null,
        "lastfm_playcount": 23,
        "partial_present": true,
        "eligible_album_count": 5,
        "fully_owned": false,
        "in_cooldown": false,
        "in_recommendation_backoff": false,
        "is_suppressed": false
      },
      {
        "kind": "deepen_candidate",
        "artist_name": "Ye",
        "artist_mbid": "164f0d73-1234-4e2c-8743-d77bf2191051",
        "status": "deepen_recommendation",
        "album_title": null,
        "album_id": null,
        "score": null,
        "reason": null,
        "lastfm_playcount": 21,
        "partial_present": true,
        "eligible_album_count": 12,
        "fully_owned": false,
        "in_cooldown": false,
        "in_recommendation_backoff": false,
        "is_suppressed": false
      },
      {
        "kind": "deepen_candidate",
        "artist_name": "Phoenix",
        "artist_mbid": "8d455809-96b3-4bb6-8829-ea4beb580d35",
        "status": "deepen_recommendation",
        "album_title": null,
        "album_id": null,
        "score": null,
        "reason": null,
        "lastfm_playcount": 21,
        "partial_present": true,
        "eligible_album_count": 2,
        "fully_owned": false,
        "in_cooldown": false,
        "in_recommendation_backoff": false,
        "is_suppressed": false
      }
    ],
    "top_prune_candidates": [
      {
        "kind": "prune_candidate",
        "artist_name": "Tribal Seeds",
        "artist_mbid": null,
        "status": "prune_recommendation",
        "album_title": "Tribal Seeds",
        "album_id": 429,
        "score": 1.0,
        "reason": "small album full reject: 1/1 rated tracks at or below 4.0 on album with 1 total tracks",
        "rated_tracks": 1,
        "bad_tracks": 1,
        "total_tracks_seen": 1,
        "match_method": "mbid+verified",
        "matched": true,
        "lidarr_has_files": true
      }
    ]
  }
}
