[INFO] Timestamped log file: logs\deepen-cycle-20260327-210634.log
[INFO] Latest log file: logs\deepen-cycle-latest.log
=== Resonarr Deepen Cycle ===
[INFO] Candidates found (post-ranking pool): 30
[INFO] Processing artist MBID: b1e26560-60e5-4236-bbdb-9aa5a8d5ee19
[DEBUG] Total artists: 479
[DEBUG] Found artist match
[INFO] Artist already exists
[DEBUG] Total artists: 479
[DEBUG] Found artist match

[DEBUG] ===== HYDRATED ALBUM STATE =====
[DEBUG] Album: Cooped Up | monitored=False | albumType=Single | secondaryTypes=[]
[DEBUG] Album: AUSTIN | monitored=False | albumType=Album | secondaryTypes=[]
[DEBUG] Album: beerbongs & bentleys | monitored=False | albumType=Album | secondaryTypes=[]
[DEBUG] Album: Mourning | monitored=False | albumType=Single | secondaryTypes=[]
[DEBUG] Album: Twelve Carat Toothache | monitored=False | albumType=Album | secondaryTypes=[]
[DEBUG] Album: Hollywood’s Bleeding | monitored=False | albumType=Album | secondaryTypes=[]
[DEBUG] Album: Stoney | monitored=False | albumType=Album | secondaryTypes=[]
[DEBUG] Album: F-1 Trillion | monitored=False | albumType=Album | secondaryTypes=[]
[DEBUG] Album: White Iverson | monitored=False | albumType=Single | secondaryTypes=[]
[DEBUG] Album: Go Flex | monitored=False | albumType=Single | secondaryTypes=[]
[DEBUG] Album: Candy Paint | monitored=False | albumType=Single | secondaryTypes=[]
[DEBUG] Album: Wow. | monitored=False | albumType=Single | secondaryTypes=[]
[DEBUG] Album: Better Now | monitored=False | albumType=Single | secondaryTypes=[]
[DEBUG] Album: Circles | monitored=False | albumType=Single | secondaryTypes=[]
[DEBUG] Album: I Fall Apart | monitored=False | albumType=Single | secondaryTypes=[]
[DEBUG] Album: Only Wanna Be With You (Pokémon 25 version) | monitored=False | albumType=Single | secondaryTypes=['Soundtrack']
[DEBUG] Album: Motley Crew | monitored=False | albumType=Single | secondaryTypes=[]
[DEBUG] Album: What's Up | monitored=False | albumType=Single | secondaryTypes=[]
[DEBUG] Album: Magic | monitored=False | albumType=Single | secondaryTypes=[]
[DEBUG] Album: #Mood | monitored=False | albumType=Single | secondaryTypes=[]
[DEBUG] Album: Murda | monitored=False | albumType=Single | secondaryTypes=[]
[DEBUG] Album: Chemical | monitored=False | albumType=Single | secondaryTypes=[]
[DEBUG] Album: The Diamond Collection | monitored=False | albumType=Album | secondaryTypes=['Compilation']
[DEBUG] Album: Overdrive | monitored=False | albumType=Single | secondaryTypes=[]
[DEBUG] Album: Saint‐Tropez | monitored=False | albumType=Single | secondaryTypes=[]
[DEBUG] Album: I'm Gonna Miss Her (Amazon Music original) | monitored=False | albumType=Single | secondaryTypes=[]
[DEBUG] Album: Deja Vu | monitored=False | albumType=Single | secondaryTypes=[]
[DEBUG] Album: Congratulations | monitored=False | albumType=Single | secondaryTypes=[]
[DEBUG] Album: rockstar | monitored=False | albumType=Single | secondaryTypes=[]
[DEBUG] Album: I Like You (A Happier Song) | monitored=False | albumType=Single | secondaryTypes=[]
[DEBUG] Album: Psycho | monitored=False | albumType=Single | secondaryTypes=[]
[DEBUG] Album: Sunflower (Spider‐Man: Into the Spider‐Verse) | monitored=False | albumType=Single | secondaryTypes=['Soundtrack']
[DEBUG] Album: Goodbyes | monitored=False | albumType=Single | secondaryTypes=[]
[DEBUG] Album: One Right Now | monitored=False | albumType=Single | secondaryTypes=[]
[DEBUG] Album: Cooped Up / Return of the Mack | monitored=False | albumType=Single | secondaryTypes=[]
[DEBUG] Album: I Had Some Help | monitored=False | albumType=Single | secondaryTypes=[]
[DEBUG] Album: Pour Me a Drink | monitored=False | albumType=Single | secondaryTypes=[]
[DEBUG] Album: Guy For That | monitored=False | albumType=Single | secondaryTypes=[]
[DEBUG] Plex signals:
  artist=Post Malone
  rating=None
  play_count=6
[DEBUG] Last.fm signals:
  artist=Post Malone
  play_count=6
  ratio=0.004
[DEBUG] Merged signals: affinity=1.80 confidence=1.00 sources=['plex', 'lastfm']
[DEBUG] Partial album detected: AUSTIN (2/17)
[DEBUG] Plex-owned but incomplete: AUSTIN
[DEBUG] Partial album detected: beerbongs & bentleys (3/18)
[DEBUG] Plex-owned but incomplete: beerbongs & bentleys
[DEBUG] Partial album detected: Twelve Carat Toothache (1/14)
[DEBUG] Plex-owned but incomplete: Twelve Carat Toothache

[DEBUG] Album scoring:
- beerbongs & bentleys | monitored=False | score=9.61 (base=5.34) | affinity=1.80 | completion=3/18 (0.17) | partial_completion_boost(+2.34), strong_catalog(+3), affinity_multiplier(1.80)
- Hollywood’s Bleeding | monitored=False | score=9.00 (base=5.00) | affinity=1.80 | core_catalog_peak(+5), affinity_multiplier(1.80)
- Twelve Carat Toothache | monitored=False | score=9.00 (base=5.00) | affinity=1.80 | completion=1/14 (0.07) | partial_below_min_ratio(0.07), core_catalog_peak(+5), affinity_multiplier(1.80)
- Stoney | monitored=False | score=5.40 (base=3.00) | affinity=1.80 | strong_catalog(+3), affinity_multiplier(1.80)
- AUSTIN | monitored=False | score=0.00 (base=0.00) | affinity=1.80 | completion=2/17 (0.12) | partial_below_min_ratio(0.12), very_recent_penalty(0), affinity_multiplier(1.80)
[INFO] Intent decided:
  Action: ACQUIRE_ARTIST
  Artist: Post Malone
  Album: beerbongs & bentleys
  Reason: score 9.61 >= acquire threshold 9
  Score: 9.61
  Thresholds: acquire=9, recommend=4

[INFO] Executing intent: ACQUIRE_ARTIST

[DEBUG] ===== BEFORE MONITORING =====
- Cooped Up | monitored=False
- AUSTIN | monitored=False
- beerbongs & bentleys | monitored=False
- Mourning | monitored=False
- Twelve Carat Toothache | monitored=False
- Hollywood’s Bleeding | monitored=False
- Stoney | monitored=False
- F-1 Trillion | monitored=False
- White Iverson | monitored=False
- Go Flex | monitored=False

[DEBUG] Target album: beerbongs & bentleys (ID: 328)

[INFO] Applying monitoring (per-album)...
[DEBUG] Update beerbongs & bentleys → True | status=202

[DEBUG] ===== AFTER MONITORING =====
- Cooped Up | monitored=False
- AUSTIN | monitored=False
- beerbongs & bentleys | monitored=True
- Mourning | monitored=False
- Twelve Carat Toothache | monitored=False
- Hollywood’s Bleeding | monitored=False
- Stoney | monitored=False
- F-1 Trillion | monitored=False
- White Iverson | monitored=False
- Go Flex | monitored=False

[DEBUG] Total monitored albums: 1
[DEBUG] MONITORED: beerbongs & bentleys
[SUCCESS] Monitoring correctly applied
[DEBUG] Album search command status: 201
[DEBUG] Album search command response: {
  "name": "AlbumSearch",
  "commandName": "Album Search",
  "body": {
    "albumIds": [
      328
    ],
    "sendUpdatesToClient": true,
    "updateScheduledTask": true,
    "requiresDiskAccess": false,
    "isExclusive": false,
    "isTypeExclusive": false,
    "isLongRunning": false,
    "name"
[INFO] Processing artist MBID: 95f7536d-b2f7-4087-8668-a663ec201f5a
[DEBUG] Total artists: 479
[DEBUG] Found artist match
[INFO] Artist already exists
[DEBUG] Total artists: 479
[DEBUG] Found artist match

[DEBUG] ===== HYDRATED ALBUM STATE =====
[DEBUG] Album: Treats | monitored=False | albumType=Album | secondaryTypes=[]
[DEBUG] Album: Reign of Terror | monitored=False | albumType=Album | secondaryTypes=[]
[DEBUG] Album: Bitter Rivals | monitored=False | albumType=Album | secondaryTypes=[]
[DEBUG] Album: Jessica Rabbit | monitored=False | albumType=Album | secondaryTypes=[]
[DEBUG] Album: Texis | monitored=False | albumType=Album | secondaryTypes=[]
[DEBUG] Album: Bunky Becky Birthday Boy | monitored=False | albumType=Album | secondaryTypes=[]
[DEBUG] Album: Sleigh Bells | monitored=False | albumType=EP | secondaryTypes=[]
[DEBUG] Album: Infinity Guitars | monitored=False | albumType=Single | secondaryTypes=[]
[DEBUG] Album: Riot Rhythm | monitored=False | albumType=Single | secondaryTypes=[]
[DEBUG] Album: Comeback Kid | monitored=False | albumType=Single | secondaryTypes=[]
[DEBUG] Album: That Did It | monitored=False | albumType=Single | secondaryTypes=[]
[DEBUG] Album: Champions of Unrestricted Beauty | monitored=False | albumType=Single | secondaryTypes=[]
[DEBUG] Album: Rule Number One | monitored=False | albumType=Single | secondaryTypes=[]
[DEBUG] Album: Hyper Dark | monitored=False | albumType=Single | secondaryTypes=[]
[DEBUG] Album: Kid Kruschev | monitored=False | albumType=EP | secondaryTypes=[]
[DEBUG] Album: Bunky Pop | monitored=False | albumType=Single | secondaryTypes=[]
[DEBUG] Album: Where Did You Sleep Last Night | monitored=False | albumType=Single | secondaryTypes=[]
[DEBUG] Album: Holly | monitored=False | albumType=Single | secondaryTypes=[]
[DEBUG] Album: Wanna Start a Band? | monitored=False | albumType=Single | secondaryTypes=[]
[DEBUG] Album: This Summer | monitored=False | albumType=Single | secondaryTypes=[]
[DEBUG] Plex signals:
  artist=Sleigh Bells
  rating=None
  play_count=7
[DEBUG] Last.fm signals:
  artist=Sleigh Bells
  play_count=6
  ratio=0.004
[DEBUG] Merged signals: affinity=1.80 confidence=1.00 sources=['plex', 'lastfm']
[DEBUG] Partial album detected: Treats (3/11)
[DEBUG] Plex-owned but incomplete: Treats

[DEBUG] Album scoring:
- Treats | monitored=False | score=10.28 (base=5.71) | affinity=1.80 | completion=3/11 (0.27) | partial_completion_boost(+2.71), strong_catalog(+3), affinity_multiplier(1.80)
- Texis | monitored=False | score=9.00 (base=5.00) | affinity=1.80 | core_catalog_peak(+5), affinity_multiplier(1.80)
- Jessica Rabbit | monitored=False | score=5.40 (base=3.00) | affinity=1.80 | strong_catalog(+3), affinity_multiplier(1.80)
- Bitter Rivals | monitored=False | score=5.40 (base=3.00) | affinity=1.80 | strong_catalog(+3), affinity_multiplier(1.80)
- Reign of Terror | monitored=False | score=5.40 (base=3.00) | affinity=1.80 | strong_catalog(+3), affinity_multiplier(1.80)
[INFO] Intent decided:
  Action: ACQUIRE_ARTIST
  Artist: Sleigh Bells
  Album: Treats
  Reason: score 10.28 >= acquire threshold 9
  Score: 10.28
  Thresholds: acquire=9, recommend=4

[INFO] Executing intent: ACQUIRE_ARTIST

[DEBUG] ===== BEFORE MONITORING =====
- Treats | monitored=False
- Reign of Terror | monitored=False
- Bitter Rivals | monitored=False
- Jessica Rabbit | monitored=False
- Texis | monitored=False
- Bunky Becky Birthday Boy | monitored=False
- Sleigh Bells | monitored=False
- Infinity Guitars | monitored=False
- Riot Rhythm | monitored=False
- Comeback Kid | monitored=False

[DEBUG] Target album: Treats (ID: 373)

[INFO] Applying monitoring (per-album)...
[DEBUG] Update Treats → True | status=202

[DEBUG] ===== AFTER MONITORING =====
- Treats | monitored=True
- Reign of Terror | monitored=False
- Bitter Rivals | monitored=False
- Jessica Rabbit | monitored=False
- Texis | monitored=False
- Bunky Becky Birthday Boy | monitored=False
- Sleigh Bells | monitored=False
- Infinity Guitars | monitored=False
- Riot Rhythm | monitored=False
- Comeback Kid | monitored=False

[DEBUG] Total monitored albums: 1
[DEBUG] MONITORED: Treats
[SUCCESS] Monitoring correctly applied
[DEBUG] Album search command status: 201
[DEBUG] Album search command response: {
  "name": "AlbumSearch",
  "commandName": "Album Search",
  "body": {
    "albumIds": [
      373
    ],
    "sendUpdatesToClient": true,
    "updateScheduledTask": true,
    "requiresDiskAccess": false,
    "isExclusive": false,
    "isTypeExclusive": false,
    "isLongRunning": false,
    "name"

=== Candidate 1/30 ===
[INFO] Artist: Post Malone
[INFO] MBID: b1e26560-60e5-4236-bbdb-9aa5a8d5ee19
[INFO] Last.fm plays: 6
[INFO] Partial present: True
[INFO] Eligible albums: 6
[INFO] Fully owned: False
[INFO] In cooldown: False
[INFO] In recommendation backoff: False
[INFO] Is suppressed: False
[INFO] Candidate result:
{'status': 'success', 'action': 'ACQUIRE_ARTIST', 'artist': 'Post Malone', 'selected_album': 'beerbongs & bentleys', 'reason': 'score 9.61 >= acquire threshold 9', 'album_count': 38}

=== Candidate 2/30 ===
[INFO] Artist: Sleigh Bells
[INFO] MBID: 95f7536d-b2f7-4087-8668-a663ec201f5a
[INFO] Last.fm plays: 6
[INFO] Partial present: True
[INFO] Eligible albums: 6
[INFO] Fully owned: False
[INFO] In cooldown: False
[INFO] In recommendation backoff: False
[INFO] Is suppressed: False
[INFO] Candidate result:
{'status': 'success', 'action': 'ACQUIRE_ARTIST', 'artist': 'Sleigh Bells', 'selected_album': 'Treats', 'reason': 'score 10.28 >= acquire threshold 9', 'album_count': 20}

=== Candidate 3/30 ===
[INFO] Artist: Bloodhound Gang
[INFO] MBID: b2dbfc09-b332-408b-a235-1850e41971c5
[INFO] Last.fm plays: 5
[INFO] Partial present: True
[INFO] Eligible albums: 5
[INFO] Fully owned: False
[INFO] In cooldown: False
[INFO] In recommendation backoff: False
[INFO] Is suppressed: False
[INFO] Acquire cap reached — remaining candidates will not be evaluated this run

=== DEEPEN SUMMARY ===
[INFO] Evaluated: 2
[INFO] Acquired: 2
[INFO] Recommended: 0
[INFO] No action: 0
[INFO] Skipped pre-filter: 0
[INFO] Skipped suppressed: 0
[INFO] Skipped recommendation backoff: 0
[INFO] Skipped cooldown: 0
