[INFO] Timestamped log file: logs\deepen-service-smoke-20260331-142052.log
[INFO] Latest log file: logs\deepen-service-smoke-latest.log
[INFO] Starting: Initialize deepen service
[INFO] Step completed in 0.01s: Initialize deepen service
[PROGRESS] [1/5] [####----------------] 20% Deepen service initialized
[INFO] Starting: Build deepen candidate view
[INFO] Step completed in 17.57s: Build deepen candidate view
[PROGRESS] [2/5] [########------------] 40% Deepen candidate view built
[INFO] Starting: Render deepen candidate payload
=== Resonarr Deepen Service Smoke Test ===
[INFO] Deepen candidate view:
{
  "status": "success",
  "count": 30,
  "items": [
    {
      "artist_name": "Sleigh Bells",
      "mbid": "95f7536d-b2f7-4087-8668-a663ec201f5a",
      "lastfm_playcount": 6,
      "partial_present": true,
      "eligible_album_count": 5,
      "fully_owned": false,
      "total_album_count": 6,
      "fully_owned_album_count": 0,
      "in_cooldown": false,
      "cooldown_remaining_seconds": 0,
      "in_recommendation_backoff": false,
      "is_suppressed": false,
      "suppression_reason": null,
      "rank": 80
    },
    {
      "artist_name": "Gucci Mane",
      "mbid": "36494952-f434-45d8-a958-8b4acdbcf8a8",
      "lastfm_playcount": 5,
      "partial_present": false,
      "eligible_album_count": 26,
      "fully_owned": false,
      "total_album_count": 27,
      "fully_owned_album_count": 1,
      "in_cooldown": false,
      "cooldown_remaining_seconds": 0,
      "in_recommendation_backoff": false,
      "is_suppressed": false,
      "suppression_reason": null,
      "rank": 90
    },
    {
      "artist_name": "The Flaming Lips",
      "mbid": "1f43d76f-8edf-44f6-aaf1-b65f05ad9402",
      "lastfm_playcount": 6,
      "partial_present": false,
      "eligible_album_count": 22,
      "fully_owned": false,
      "total_album_count": 23,
      "fully_owned_album_count": 1,
      "in_cooldown": false,
      "cooldown_remaining_seconds": 0,
      "in_recommendation_backoff": false,
      "is_suppressed": false,
      "suppression_reason": null,
      "rank": 81
    },
    {
      "artist_name": "America",
      "mbid": "34cf95c7-4be9-4efd-a48a-c2ea4a0bb114",
      "lastfm_playcount": 6,
      "partial_present": false,
      "eligible_album_count": 18,
      "fully_owned": false,
      "total_album_count": 18,
      "fully_owned_album_count": 0,
      "in_cooldown": false,
      "cooldown_remaining_seconds": 0,
      "in_recommendation_backoff": false,
      "is_suppressed": false,
      "suppression_reason": null,
      "rank": 75
    },
    {
      "artist_name": "Helynt",
      "mbid": "761854c7-b435-4581-81aa-ddae031795f9",
      "lastfm_playcount": 20,
      "partial_present": false,
      "eligible_album_count": 15,
      "fully_owned": false,
      "total_album_count": 22,
      "fully_owned_album_count": 7,
      "in_cooldown": false,
      "cooldown_remaining_seconds": 0,
      "in_recommendation_backoff": false,
      "is_suppressed": false,
      "suppression_reason": null,
      "rank": 23
    },
    {
      "artist_name": "石元丈晴",
      "mbid": "0e54f9fd-7011-4c77-86f0-59021c5ffddf",
      "lastfm_playcount": 8,
      "partial_present": false,
      "eligible_album_count": 13,
      "fully_owned": false,
      "total_album_count": 14,
      "fully_owned_album_count": 1,
      "in_cooldown": false,
      "cooldown_remaining_seconds": 0,
      "in_recommendation_backoff": false,
      "is_suppressed": false,
      "suppression_reason": null,
      "rank": 67
    },
    {
      "artist_name": "Foo Fighters",
      "mbid": "67f66c07-6e61-4026-ade5-7e782fad3a5d",
      "lastfm_playcount": 5,
      "partial_present": false,
      "eligible_album_count": 12,
      "fully_owned": false,
      "total_album_count": 12,
      "fully_owned_album_count": 0,
      "in_cooldown": false,
      "cooldown_remaining_seconds": 0,
      "in_recommendation_backoff": false,
      "is_suppressed": false,
      "suppression_reason": null,
      "rank": 89
    },
    {
      "artist_name": "Ganja White Night",
      "mbid": "014abfeb-cdfe-46dc-90fb-e192473ce252",
      "lastfm_playcount": 7,
      "partial_present": false,
      "eligible_album_count": 11,
      "fully_owned": false,
      "total_album_count": 12,
      "fully_owned_album_count": 1,
      "in_cooldown": false,
      "cooldown_remaining_seconds": 0,
      "in_recommendation_backoff": false,
      "is_suppressed": false,
      "suppression_reason": null,
      "rank": 69
    },
    {
      "artist_name": "Korn",
      "mbid": "ac865b2e-bba8-4f5a-8756-dd40d5e39f46",
      "lastfm_playcount": 5,
      "partial_present": false,
      "eligible_album_count": 11,
      "fully_owned": false,
      "total_album_count": 14,
      "fully_owned_album_count": 3,
      "in_cooldown": false,
      "cooldown_remaining_seconds": 0,
      "in_recommendation_backoff": false,
      "is_suppressed": false,
      "suppression_reason": null,
      "rank": 92
    },
    {
      "artist_name": "Red Hot Chili Peppers",
      "mbid": "8bfac288-ccc5-448d-9573-c33ea2aa5c30",
      "lastfm_playcount": 5,
      "partial_present": false,
      "eligible_album_count": 10,
      "fully_owned": false,
      "total_album_count": 13,
      "fully_owned_album_count": 3,
      "in_cooldown": false,
      "cooldown_remaining_seconds": 0,
      "in_recommendation_backoff": false,
      "is_suppressed": false,
      "suppression_reason": null,
      "rank": 96
    },
    {
      "artist_name": "Bassnectar",
      "mbid": "5d7c4cfc-29e7-4c83-8893-ae02679fc9f4",
      "lastfm_playcount": 76,
      "partial_present": false,
      "eligible_album_count": 9,
      "fully_owned": false,
      "total_album_count": 14,
      "fully_owned_album_count": 5,
      "in_cooldown": false,
      "cooldown_remaining_seconds": 0,
      "in_recommendation_backoff": false,
      "is_suppressed": false,
      "suppression_reason": null,
      "rank": 2
    },
    {
      "artist_name": "Ye",
      "mbid": "164f0d73-1234-4e2c-8743-d77bf2191051",
      "lastfm_playcount": 21,
      "partial_present": false,
      "eligible_album_count": 9,
      "fully_owned": false,
      "total_album_count": 13,
      "fully_owned_album_count": 3,
      "in_cooldown": false,
      "cooldown_remaining_seconds": 0,
      "in_recommendation_backoff": false,
      "is_suppressed": false,
      "suppression_reason": null,
      "rank": 21
    },
    {
      "artist_name": "Steve Aoki",
      "mbid": "a39acc4a-985e-4173-a9ed-f325f2d3bc1c",
      "lastfm_playcount": 5,
      "partial_present": false,
      "eligible_album_count": 9,
      "fully_owned": false,
      "total_album_count": 11,
      "fully_owned_album_count": 2,
      "in_cooldown": false,
      "cooldown_remaining_seconds": 0,
      "in_recommendation_backoff": false,
      "is_suppressed": false,
      "suppression_reason": null,
      "rank": 98
    },
    {
      "artist_name": "Hoodie Allen",
      "mbid": "b28ac005-27fe-4bb9-86a2-dbf55ef21469",
      "lastfm_playcount": 11,
      "partial_present": false,
      "eligible_album_count": 8,
      "fully_owned": false,
      "total_album_count": 9,
      "fully_owned_album_count": 1,
      "in_cooldown": false,
      "cooldown_remaining_seconds": 0,
      "in_recommendation_backoff": false,
      "is_suppressed": false,
      "suppression_reason": null,
      "rank": 43
    },
    {
      "artist_name": "Radiohead",
      "mbid": "a74b1b7f-71a5-4011-9441-d0b5e4122711",
      "lastfm_playcount": 7,
      "partial_present": false,
      "eligible_album_count": 8,
      "fully_owned": false,
      "total_album_count": 9,
      "fully_owned_album_count": 1,
      "in_cooldown": false,
      "cooldown_remaining_seconds": 0,
      "in_recommendation_backoff": false,
      "is_suppressed": false,
      "suppression_reason": null,
      "rank": 73
    },
    {
      "artist_name": "Blue October",
      "mbid": "d6a3eeec-cde0-4c10-89b2-93e0bd5f34e6",
      "lastfm_playcount": 6,
      "partial_present": false,
      "eligible_album_count": 8,
      "fully_owned": false,
      "total_album_count": 12,
      "fully_owned_album_count": 4,
      "in_cooldown": false,
      "cooldown_remaining_seconds": 0,
      "in_recommendation_backoff": false,
      "is_suppressed": false,
      "suppression_reason": null,
      "rank": 76
    },
    {
      "artist_name": "Modest Mouse",
      "mbid": "a96ac800-bfcb-412a-8a63-0a98df600700",
      "lastfm_playcount": 14,
      "partial_present": false,
      "eligible_album_count": 5,
      "fully_owned": false,
      "total_album_count": 8,
      "fully_owned_album_count": 3,
      "in_cooldown": false,
      "cooldown_remaining_seconds": 0,
      "in_recommendation_backoff": false,
      "is_suppressed": false,
      "suppression_reason": null,
      "rank": 33
    },
    {
      "artist_name": "Borgore",
      "mbid": "215e2b5d-06f8-4c68-b33b-8fccec27a077",
      "lastfm_playcount": 10,
      "partial_present": false,
      "eligible_album_count": 5,
      "fully_owned": false,
      "total_album_count": 6,
      "fully_owned_album_count": 1,
      "in_cooldown": false,
      "cooldown_remaining_seconds": 0,
      "in_recommendation_backoff": false,
      "is_suppressed": false,
      "suppression_reason": null,
      "rank": 45
    },
    {
      "artist_name": "Ballyhoo!",
      "mbid": "148350d7-1b04-4518-b216-4519eb0bcc08",
      "lastfm_playcount": 8,
      "partial_present": false,
      "eligible_album_count": 5,
      "fully_owned": false,
      "total_album_count": 11,
      "fully_owned_album_count": 6,
      "in_cooldown": false,
      "cooldown_remaining_seconds": 0,
      "in_recommendation_backoff": false,
      "is_suppressed": false,
      "suppression_reason": null,
      "rank": 55
    },
    {
      "artist_name": "Tropidelic",
      "mbid": "6b62d0b0-5925-4ab0-bceb-eca7afbc7c74",
      "lastfm_playcount": 8,
      "partial_present": false,
      "eligible_album_count": 5,
      "fully_owned": false,
      "total_album_count": 9,
      "fully_owned_album_count": 4,
      "in_cooldown": false,
      "cooldown_remaining_seconds": 0,
      "in_recommendation_backoff": false,
      "is_suppressed": false,
      "suppression_reason": null,
      "rank": 66
    },
    {
      "artist_name": "Fitz and the Tantrums",
      "mbid": "8560d4e8-05e2-4c20-980b-ad2db445dd5d",
      "lastfm_playcount": 5,
      "partial_present": false,
      "eligible_album_count": 5,
      "fully_owned": false,
      "total_album_count": 6,
      "fully_owned_album_count": 1,
      "in_cooldown": false,
      "cooldown_remaining_seconds": 0,
      "in_recommendation_backoff": false,
      "is_suppressed": false,
      "suppression_reason": null,
      "rank": 88
    },
    {
      "artist_name": "Sugar Ray",
      "mbid": "9968756b-d504-4c90-a184-776ba1dd32ea",
      "lastfm_playcount": 5,
      "partial_present": false,
      "eligible_album_count": 5,
      "fully_owned": false,
      "total_album_count": 8,
      "fully_owned_album_count": 3,
      "in_cooldown": false,
      "cooldown_remaining_seconds": 0,
      "in_recommendation_backoff": false,
      "is_suppressed": false,
      "suppression_reason": null,
      "rank": 99
    },
    {
      "artist_name": "Panic! at the Disco",
      "mbid": "b9472588-93f3-4922-a1a2-74082cdf9ce8",
      "lastfm_playcount": 23,
      "partial_present": false,
      "eligible_album_count": 4,
      "fully_owned": false,
      "total_album_count": 7,
      "fully_owned_album_count": 2,
      "in_cooldown": false,
      "cooldown_remaining_seconds": 0,
      "in_recommendation_backoff": false,
      "is_suppressed": false,
      "suppression_reason": null,
      "rank": 19
    },
    {
      "artist_name": "Stick Figure",
      "mbid": "0c124600-18da-4087-be0d-d7fb6a2526c6",
      "lastfm_playcount": 18,
      "partial_present": false,
      "eligible_album_count": 4,
      "fully_owned": false,
      "total_album_count": 11,
      "fully_owned_album_count": 7,
      "in_cooldown": false,
      "cooldown_remaining_seconds": 0,
      "in_recommendation_backoff": false,
      "is_suppressed": false,
      "suppression_reason": null,
      "rank": 28
    },
    {
      "artist_name": "COIN",
      "mbid": "14be55fa-72b8-4fad-906f-0589614d2ce8",
      "lastfm_playcount": 8,
      "partial_present": false,
      "eligible_album_count": 4,
      "fully_owned": false,
      "total_album_count": 6,
      "fully_owned_album_count": 2,
      "in_cooldown": false,
      "cooldown_remaining_seconds": 0,
      "in_recommendation_backoff": false,
      "is_suppressed": false,
      "suppression_reason": null,
      "rank": 57
    },
    {
      "artist_name": "Soundgarden",
      "mbid": "153c9281-268f-4cf3-8938-f5a4593e5df4",
      "lastfm_playcount": 8,
      "partial_present": false,
      "eligible_album_count": 4,
      "fully_owned": false,
      "total_album_count": 6,
      "fully_owned_album_count": 2,
      "in_cooldown": false,
      "cooldown_remaining_seconds": 0,
      "in_recommendation_backoff": false,
      "is_suppressed": false,
      "suppression_reason": null,
      "rank": 65
    },
    {
      "artist_name": "Marcy Playground",
      "mbid": "64cdc08f-ba6f-41fe-94be-452dc6d5108e",
      "lastfm_playcount": 5,
      "partial_present": false,
      "eligible_album_count": 4,
      "fully_owned": false,
      "total_album_count": 5,
      "fully_owned_album_count": 1,
      "in_cooldown": false,
      "cooldown_remaining_seconds": 0,
      "in_recommendation_backoff": false,
      "is_suppressed": false,
      "suppression_reason": null,
      "rank": 94
    },
    {
      "artist_name": "The Shins",
      "mbid": "6c8b9855-ba8b-48f9-ac1d-42167f7f7b18",
      "lastfm_playcount": 5,
      "partial_present": false,
      "eligible_album_count": 4,
      "fully_owned": false,
      "total_album_count": 6,
      "fully_owned_album_count": 2,
      "in_cooldown": false,
      "cooldown_remaining_seconds": 0,
      "in_recommendation_backoff": false,
      "is_suppressed": false,
      "suppression_reason": null,
      "rank": 100
    },
    {
      "artist_name": "Incubus",
      "mbid": "e3e0abcd-7671-4482-a9d8-462f5acc9be5",
      "lastfm_playcount": 19,
      "partial_present": false,
      "eligible_album_count": 3,
      "fully_owned": false,
      "total_album_count": 9,
      "fully_owned_album_count": 6,
      "in_cooldown": false,
      "cooldown_remaining_seconds": 0,
      "in_recommendation_backoff": false,
      "is_suppressed": false,
      "suppression_reason": null,
      "rank": 25
    },
    {
      "artist_name": "Modestep",
      "mbid": "04ef7efd-f54e-49b2-a367-bc4ed6c172f0",
      "lastfm_playcount": 11,
      "partial_present": false,
      "eligible_album_count": 3,
      "fully_owned": false,
      "total_album_count": 3,
      "fully_owned_album_count": 0,
      "in_cooldown": false,
      "cooldown_remaining_seconds": 0,
      "in_recommendation_backoff": false,
      "is_suppressed": false,
      "suppression_reason": null,
      "rank": 44
    }
  ]
}
[INFO] Step completed in 0.00s: Render deepen candidate payload
[PROGRESS] [3/5] [############--------] 60% Deepen candidate payload rendered
[INFO] Starting: Run deepen dry-run cycle
[INFO] Processing artist MBID: 95f7536d-b2f7-4087-8668-a663ec201f5a
[DEBUG] Total artists: 479
[DEBUG] Found artist match
[INFO] Artist already exists
[DEBUG] Total artists: 479
[DEBUG] Found artist match

[DEBUG] ===== HYDRATED ALBUM STATE =====
[DEBUG] Album: Treats | monitored=True | albumType=Album | secondaryTypes=[]
[DEBUG] Album: Reign of Terror | monitored=False | albumType=Album | secondaryTypes=[]
[DEBUG] Album: Bitter Rivals | monitored=False | albumType=Album | secondaryTypes=[]
[DEBUG] Album: Jessica Rabbit | monitored=False | albumType=Album | secondaryTypes=[]
[DEBUG] Album: Texis | monitored=False | albumType=Album | secondaryTypes=[]
[DEBUG] Album: Bunky Becky Birthday Boy | monitored=False | albumType=Album | secondaryTypes=[]
[DEBUG] Album: Sleigh Bells | monitored=False | albumType=EP | secondaryTypes=[]
[DEBUG] Album: Infinity Guitars | monitored=False | albumType=Single | secondaryTypes=[]
[DEBUG] Album: Riot Rhythm | monitored=False | albumType=Single | secondaryTypes=[]
[DEBUG] Album: Comeback Kid | monitored=False | albumType=Single | secondaryTypes=[]
[DEBUG] Album: That Did It | monitored=False | albumType=Single | secondaryTypes=[]
[DEBUG] Album: Champions of Unrestricted Beauty | monitored=False | albumType=Single | secondaryTypes=[]
[DEBUG] Album: Rule Number One | monitored=False | albumType=Single | secondaryTypes=[]
[DEBUG] Album: Hyper Dark | monitored=False | albumType=Single | secondaryTypes=[]
[DEBUG] Album: Kid Kruschev | monitored=False | albumType=EP | secondaryTypes=[]
[DEBUG] Album: Bunky Pop | monitored=False | albumType=Single | secondaryTypes=[]
[DEBUG] Album: Where Did You Sleep Last Night | monitored=False | albumType=Single | secondaryTypes=[]
[DEBUG] Album: Holly | monitored=False | albumType=Single | secondaryTypes=[]
[DEBUG] Album: Wanna Start a Band? | monitored=False | albumType=Single | secondaryTypes=[]
[DEBUG] Album: This Summer | monitored=False | albumType=Single | secondaryTypes=[]
[DEBUG] Plex signals:
  artist=Sleigh Bells
  rating=None
  play_count=7
[DEBUG] Last.fm signals:
  artist=Sleigh Bells
  play_count=6
  ratio=0.004
[DEBUG] Merged signals: affinity=1.80 confidence=1.00 sources=['plex', 'lastfm']
[DEBUG] Partial album detected: Treats (3/11)
[DEBUG] Plex-owned but incomplete: Treats
[DEBUG] Skipping monitored album: Treats

[DEBUG] Album scoring:
- Texis | monitored=False | score=9.00 (base=5.00) | affinity=1.80 | core_catalog_peak(+5), affinity_multiplier(1.80)
- Jessica Rabbit | monitored=False | score=5.40 (base=3.00) | affinity=1.80 | strong_catalog(+3), affinity_multiplier(1.80)
- Bitter Rivals | monitored=False | score=5.40 (base=3.00) | affinity=1.80 | strong_catalog(+3), affinity_multiplier(1.80)
- Reign of Terror | monitored=False | score=5.40 (base=3.00) | affinity=1.80 | strong_catalog(+3), affinity_multiplier(1.80)
- Bunky Becky Birthday Boy | monitored=False | score=0.00 (base=0.00) | affinity=1.80 | very_recent_penalty(0), affinity_multiplier(1.80)
[INFO] Intent decided:
  Action: ACQUIRE_ARTIST
  Artist: Sleigh Bells
  Album: Texis
  Reason: score 9.00 >= acquire threshold 9
  Score: 9.00
  Thresholds: acquire=9, recommend=4
[INFO] Processing artist MBID: 36494952-f434-45d8-a958-8b4acdbcf8a8
[DEBUG] Total artists: 479
[DEBUG] Found artist match
[INFO] Artist already exists
[DEBUG] Total artists: 479
[DEBUG] Found artist match

[DEBUG] ===== HYDRATED ALBUM STATE =====
[DEBUG] Album: Both (remix) | monitored=False | albumType=Single | secondaryTypes=['Remix']
[DEBUG] Album: Wake Up in the Sky | monitored=False | albumType=Single | secondaryTypes=[]
[DEBUG] Album: Hood Classics | monitored=False | albumType=Album | secondaryTypes=['Compilation']
[DEBUG] Album: The State vs. Radric Davis | monitored=False | albumType=Album | secondaryTypes=[]
[DEBUG] Album: Trap House | monitored=False | albumType=Album | secondaryTypes=[]
[DEBUG] Album: Hard to Kill | monitored=False | albumType=Album | secondaryTypes=[]
[DEBUG] Album: Trap‐a‐Thon | monitored=False | albumType=Album | secondaryTypes=[]
[DEBUG] Album: Back to the Traphouse | monitored=False | albumType=Album | secondaryTypes=[]
[DEBUG] Album: East Atlanta Santa | monitored=False | albumType=Album | secondaryTypes=[]
[DEBUG] Album: The Return of Mr. Zone 6 | monitored=False | albumType=Album | secondaryTypes=[]
[DEBUG] Album: Everybody Looking | monitored=False | albumType=Album | secondaryTypes=[]
[DEBUG] Album: WOPTOBER | monitored=False | albumType=Album | secondaryTypes=[]
[DEBUG] Album: The Return of East Atlanta Santa | monitored=False | albumType=Album | secondaryTypes=[]
[DEBUG] Album: Mr. Davis | monitored=False | albumType=Album | secondaryTypes=[]
[DEBUG] Album: Evil Genius | monitored=False | albumType=Album | secondaryTypes=[]
[DEBUG] Album: Delusions of Grandeur | monitored=False | albumType=Album | secondaryTypes=[]
[DEBUG] Album: The Appeal: Georgia’s Most Wanted | monitored=False | albumType=Album | secondaryTypes=[]
[DEBUG] Album: The State vs. Radric Davis II: The Caged Bird Sings | monitored=False | albumType=Album | secondaryTypes=[]
[DEBUG] Album: East Atlanta Santa 3 | monitored=False | albumType=Album | secondaryTypes=[]
[DEBUG] Album: Woptober II | monitored=False | albumType=Album | secondaryTypes=[]
[DEBUG] Album: Ice Daddy | monitored=False | albumType=Album | secondaryTypes=[]
[DEBUG] Album: Trap House III | monitored=False | albumType=Album | secondaryTypes=[]
[DEBUG] Album: So Icy Boyz 22 | monitored=False | albumType=Album | secondaryTypes=[]
[DEBUG] Album: Breath of Fresh Air | monitored=False | albumType=Album | secondaryTypes=[]
[DEBUG] Album: Greatest of All Trappers (Gangsta Grillz Edition) | monitored=False | albumType=Album | secondaryTypes=[]
[DEBUG] Album: Episodes | monitored=False | albumType=Album | secondaryTypes=[]
[DEBUG] Album: Ferrari Boyz | monitored=False | albumType=Album | secondaryTypes=[]
[DEBUG] Album: BAYTL | monitored=False | albumType=Album | secondaryTypes=[]
[DEBUG] Album: Choppers & Bricks | monitored=False | albumType=Album | secondaryTypes=[]
[DEBUG] Album: Murder Was the Case | monitored=False | albumType=Album | secondaryTypes=['Compilation']
[DEBUG] Album: Diplo Presents: Free Gucci (Best of The Cold War Mixtapes) | monitored=False | albumType=Album | secondaryTypes=['Compilation', 'Mixtape/Street']
[DEBUG] Album: Still Ain't Tired | monitored=False | albumType=Single | secondaryTypes=[]
[DEBUG] Album: Respect Me (Young Jeezy Diss) | monitored=False | albumType=Single | secondaryTypes=[]
[DEBUG] Album: Dessert | monitored=False | albumType=EP | secondaryTypes=[]
[DEBUG] Album: The Spot | monitored=False | albumType=Album | secondaryTypes=['Soundtrack']
[DEBUG] Album: Wasted: The Prequel | monitored=False | albumType=EP | secondaryTypes=[]
[DEBUG] Album: St. Brick Intro | monitored=False | albumType=Single | secondaryTypes=[]
[DEBUG] Album: Stutter | monitored=False | albumType=Single | secondaryTypes=[]
[DEBUG] Album: 3 For Free | monitored=False | albumType=EP | secondaryTypes=[]
[DEBUG] Album: Trap God Classics: I Am My Only Competition | monitored=False | albumType=Album | secondaryTypes=['Compilation']
[DEBUG] Album: So Icy Christmas | monitored=False | albumType=Album | secondaryTypes=['Compilation']
[DEBUG] Album: Gucci Classics | monitored=False | albumType=Album | secondaryTypes=['Compilation']
[DEBUG] Album: Gucci Classics 2 | monitored=False | albumType=Album | secondaryTypes=['Compilation']
[DEBUG] Album: Greatest Mixtape Hits | monitored=False | albumType=Album | secondaryTypes=['Compilation', 'Mixtape/Street']
[DEBUG] Album: Meal Ticket | monitored=False | albumType=Album | secondaryTypes=['Compilation', 'Mixtape/Street']
[DEBUG] Album: Icy | monitored=False | albumType=Single | secondaryTypes=[]
[DEBUG] Album: Freaky Gurl | monitored=False | albumType=Single | secondaryTypes=[]
[DEBUG] Album: Stoopid | monitored=False | albumType=Single | secondaryTypes=[]
[DEBUG] Album: It’s My Party | monitored=False | albumType=Single | secondaryTypes=[]
[DEBUG] Album: Drink Up | monitored=False | albumType=Single | secondaryTypes=[]
[DEBUG] Album: Shit Wouldn’t Happen | monitored=False | albumType=Single | secondaryTypes=[]
[DEBUG] Album: Speed Bumps | monitored=False | albumType=Single | secondaryTypes=[]
[DEBUG] Album: 1st Day Out tha Feds | monitored=False | albumType=Single | secondaryTypes=[]
[DEBUG] Album: All My Children | monitored=False | albumType=Single | secondaryTypes=[]
[DEBUG] Album: No Sleep (intro) | monitored=False | albumType=Single | secondaryTypes=[]
[DEBUG] Album: Waybach | monitored=False | albumType=Single | secondaryTypes=[]
[DEBUG] Album: Put Ur Hands Up | monitored=False | albumType=Single | secondaryTypes=[]
[DEBUG] Album: Truth | monitored=False | albumType=Single | secondaryTypes=[]
[DEBUG] Album: Hood Classics 2 | monitored=False | albumType=Album | secondaryTypes=['Compilation']
[DEBUG] Album: Space Invaders 10 | monitored=False | albumType=Album | secondaryTypes=['Compilation']
[DEBUG] Album: Hood Classics 3 | monitored=False | albumType=Album | secondaryTypes=['Compilation']
[DEBUG] Album: Views From Zone 6 | monitored=False | albumType=EP | secondaryTypes=[]
[DEBUG] Album: So Icy Gang: The Reup | monitored=False | albumType=Album | secondaryTypes=['Compilation']
[DEBUG] Album: Publicity Stunt | monitored=False | albumType=Single | secondaryTypes=[]
[DEBUG] Album: Serial Killers | monitored=False | albumType=Single | secondaryTypes=[]
[DEBUG] Album: Mrs. Davis | monitored=False | albumType=Single | secondaryTypes=[]
[DEBUG] Album: Dissin the Dead | monitored=False | albumType=Single | secondaryTypes=[]
[DEBUG] Album: Letter to Takeoff | monitored=False | albumType=Single | secondaryTypes=[]
[DEBUG] Album: So Icy Boyz: The Finale | monitored=False | albumType=Album | secondaryTypes=['Compilation']
[DEBUG] Album: House of Trap God | monitored=False | albumType=Album | secondaryTypes=['Compilation']
[DEBUG] Album: 1017 Up Next | monitored=False | albumType=EP | secondaryTypes=[]
[DEBUG] Album: Chanel Bag | monitored=False | albumType=Single | secondaryTypes=[]
[DEBUG] Album: TakeDat | monitored=False | albumType=Single | secondaryTypes=[]
[DEBUG] Album: Voices / Psycho | monitored=False | albumType=Single | secondaryTypes=[]
[DEBUG] Album: I Need You | monitored=False | albumType=Single | secondaryTypes=[]
[DEBUG] Album: Only Time | monitored=False | albumType=Single | secondaryTypes=[]
[DEBUG] Album: Gucci Time | monitored=False | albumType=Single | secondaryTypes=[]
[DEBUG] Album: Spotlight | monitored=False | albumType=Single | secondaryTypes=[]
[DEBUG] Album: Guwop Home | monitored=False | albumType=Single | secondaryTypes=[]
[DEBUG] Album: Backwards | monitored=False | albumType=Single | secondaryTypes=[]
[DEBUG] Album: My Chain | monitored=False | albumType=Single | secondaryTypes=[]
[DEBUG] Album: I Get the Bag | monitored=False | albumType=Single | secondaryTypes=[]
[DEBUG] Album: Time To Get Paid | monitored=False | albumType=Single | secondaryTypes=[]
[DEBUG] Album: BiPolar | monitored=False | albumType=Single | secondaryTypes=[]
[DEBUG] Album: GucTiggy | monitored=False | albumType=EP | secondaryTypes=[]
[DEBUG] Album: Peepin | monitored=False | albumType=Single | secondaryTypes=[]
[DEBUG] Album: Both | monitored=False | albumType=Single | secondaryTypes=[]
[DEBUG] Album: Last Time | monitored=False | albumType=Single | secondaryTypes=[]
[DEBUG] Album: Drove U Crazy | monitored=False | albumType=Single | secondaryTypes=[]
[DEBUG] Album: Whip Appeal | monitored=False | albumType=Single | secondaryTypes=[]
[DEBUG] Album: Make Love | monitored=False | albumType=Single | secondaryTypes=[]
[DEBUG] Album: Tone It Down | monitored=False | albumType=Single | secondaryTypes=[]
[DEBUG] Album: Solitaire | monitored=False | albumType=Single | secondaryTypes=[]
[DEBUG] Album: Love Thru the Computer | monitored=False | albumType=Single | secondaryTypes=[]
[DEBUG] Album: Tootsies | monitored=False | albumType=Single | secondaryTypes=[]
[DEBUG] Album: I’m Not Goin’ | monitored=False | albumType=Single | secondaryTypes=[]
[DEBUG] Album: Kept Back | monitored=False | albumType=Single | secondaryTypes=[]
[DEBUG] Album: Both Sides | monitored=False | albumType=Single | secondaryTypes=[]
[DEBUG] Album: All Dz Chainz | monitored=False | albumType=Single | secondaryTypes=[]
[DEBUG] Album: Bluffin | monitored=False | albumType=Single | secondaryTypes=[]
[DEBUG] Album: Still Remember | monitored=False | albumType=Single | secondaryTypes=[]
[DEBUG] Album: Like 34 & 8 | monitored=False | albumType=Single | secondaryTypes=[]
[DEBUG] Album: So Icy Gang Vol. One | monitored=False | albumType=Album | secondaryTypes=['Compilation']
[DEBUG] Album: Shit Crazy | monitored=False | albumType=Single | secondaryTypes=[]
[DEBUG] Album: Tru Colors | monitored=False | albumType=Album | secondaryTypes=['Compilation']
[DEBUG] Album: Moon Walk | monitored=False | albumType=EP | secondaryTypes=[]
[DEBUG] Album: Top in the Trash | monitored=False | albumType=Single | secondaryTypes=[]
[DEBUG] Album: Rumors | monitored=False | albumType=Single | secondaryTypes=[]
[DEBUG] Album: Panoramic Roof | monitored=False | albumType=Single | secondaryTypes=[]
[DEBUG] Album: True Religion Jeans | monitored=False | albumType=Single | secondaryTypes=[]
[DEBUG] Album: Say A Prayer | monitored=False | albumType=Single | secondaryTypes=[]
[DEBUG] Album: Are You Entertained | monitored=False | albumType=Single | secondaryTypes=[]
[DEBUG] Album: Foreign Bankroll | monitored=False | albumType=Single | secondaryTypes=[]
[DEBUG] Album: Calculations | monitored=False | albumType=Single | secondaryTypes=[]
[DEBUG] Album: Drought | monitored=False | albumType=Single | secondaryTypes=[]
[DEBUG] Album: Dope | monitored=False | albumType=Single | secondaryTypes=[]
[DEBUG] Album: Poppin | monitored=False | albumType=Single | secondaryTypes=[]
[DEBUG] Album: Guwop Nigga | monitored=False | albumType=Single | secondaryTypes=[]
[DEBUG] Album: King Snipe | monitored=False | albumType=Single | secondaryTypes=[]
[DEBUG] Album: Better Stay Yo Distance | monitored=False | albumType=Single | secondaryTypes=[]
[DEBUG] Album: Rich Game | monitored=False | albumType=Single | secondaryTypes=[]
[DEBUG] Album: Walk | monitored=False | albumType=Single | secondaryTypes=[]
[DEBUG] Album: Blood All on It | monitored=False | albumType=Single | secondaryTypes=[]
[DEBUG] Album: Big Booty | monitored=False | albumType=Single | secondaryTypes=[]
[DEBUG] Album: Gelati | monitored=False | albumType=Single | secondaryTypes=[]
[DEBUG] Album: Look Ma I Did It | monitored=False | albumType=Single | secondaryTypes=[]
[DEBUG] Album: Red Flag | monitored=False | albumType=Single | secondaryTypes=[]
[DEBUG] Album: Gucci Flow | monitored=False | albumType=Single | secondaryTypes=[]
[DEBUG] Album: 06 Gucci | monitored=False | albumType=Single | secondaryTypes=[]
[DEBUG] Album: Pissy | monitored=False | albumType=Single | secondaryTypes=[]
[DEBUG] Album: There I Go | monitored=False | albumType=Single | secondaryTypes=[]
[DEBUG] Album: Glizock & Wizop | monitored=False | albumType=Single | secondaryTypes=[]
[DEBUG] Album: Water Whippin | monitored=False | albumType=Single | secondaryTypes=[]
[DEBUG] Album: Cold | monitored=False | albumType=Single | secondaryTypes=[]
[DEBUG] Album: You Don’t Love Me | monitored=False | albumType=Single | secondaryTypes=[]
[DEBUG] Album: Back Cooking | monitored=False | albumType=Single | secondaryTypes=[]
[DEBUG] Plex signals:
  artist=Gucci Mane
  rating=None
  play_count=4
[DEBUG] Last.fm signals:
  artist=Gucci Mane
  play_count=5
  ratio=0.003
[DEBUG] Merged signals: affinity=1.20 confidence=1.00 sources=['plex', 'lastfm']
[DEBUG] Skipping fully owned album: The State vs. Radric Davis

[DEBUG] Album scoring:
- Delusions of Grandeur | monitored=False | score=6.00 (base=5.00) | affinity=1.20 | core_catalog_peak(+5), affinity_multiplier(1.20)
- East Atlanta Santa 3 | monitored=False | score=6.00 (base=5.00) | affinity=1.20 | core_catalog_peak(+5), affinity_multiplier(1.20)
- Woptober II | monitored=False | score=6.00 (base=5.00) | affinity=1.20 | core_catalog_peak(+5), affinity_multiplier(1.20)
- Ice Daddy | monitored=False | score=6.00 (base=5.00) | affinity=1.20 | core_catalog_peak(+5), affinity_multiplier(1.20)
- So Icy Boyz 22 | monitored=False | score=6.00 (base=5.00) | affinity=1.20 | core_catalog_peak(+5), affinity_multiplier(1.20)
[INFO] Intent decided:
  Action: RECOMMEND_ONLY
  Artist: Gucci Mane
  Album: Delusions of Grandeur
  Reason: score 6.00 below acquire threshold 9
  Score: 6.00
  Thresholds: acquire=9, recommend=4
[INFO] Processing artist MBID: 1f43d76f-8edf-44f6-aaf1-b65f05ad9402
[DEBUG] Total artists: 479
[DEBUG] Found artist match
[INFO] Artist already exists
[DEBUG] Total artists: 479
[DEBUG] Found artist match

[DEBUG] ===== HYDRATED ALBUM STATE =====
[DEBUG] Album: Yoshimi Battles the Pink Robots | monitored=False | albumType=Album | secondaryTypes=[]
[DEBUG] Album: Transmissions From the Satellite Heart | monitored=False | albumType=Album | secondaryTypes=[]
[DEBUG] Album: Clouds Taste Metallic | monitored=False | albumType=Album | secondaryTypes=[]
[DEBUG] Album: Hit to Death in the Future Head | monitored=False | albumType=Album | secondaryTypes=[]
[DEBUG] Album: In a Priest Driven Ambulance | monitored=False | albumType=Album | secondaryTypes=[]
[DEBUG] Album: Hear It Is | monitored=False | albumType=Album | secondaryTypes=[]
[DEBUG] Album: The Soft Bulletin | monitored=False | albumType=Album | secondaryTypes=[]
[DEBUG] Album: At War With the Mystics | monitored=False | albumType=Album | secondaryTypes=[]
[DEBUG] Album: Embryonic | monitored=False | albumType=Album | secondaryTypes=[]
[DEBUG] Album: Oh My Gawd!!!… The Flaming Lips | monitored=False | albumType=Album | secondaryTypes=[]
[DEBUG] Album: Telepathic Surgery | monitored=False | albumType=Album | secondaryTypes=[]
[DEBUG] Album: The Terror | monitored=False | albumType=Album | secondaryTypes=[]
[DEBUG] Album: With a Little Help From My Fwends | monitored=False | albumType=Album | secondaryTypes=[]
[DEBUG] Album: 7 Skies H3 | monitored=False | albumType=Album | secondaryTypes=[]
[DEBUG] Album: Oczy Mlody | monitored=False | albumType=Album | secondaryTypes=[]
[DEBUG] Album: The Flaming Lips and Heady Fwends | monitored=False | albumType=Album | secondaryTypes=[]
[DEBUG] Album: King’s Mouth: Music and Songs | monitored=False | albumType=Album | secondaryTypes=[]
[DEBUG] Album: American Head | monitored=False | albumType=Album | secondaryTypes=[]
[DEBUG] Album: Imagene Peise: Atlas Eets Christmas | monitored=False | albumType=Album | secondaryTypes=[]
[DEBUG] Album: The Time Has Come to Shoot You Down… What a Sound | monitored=False | albumType=Album | secondaryTypes=[]
[DEBUG] Album: Zaireeka | monitored=False | albumType=Album | secondaryTypes=[]
[DEBUG] Album: The Dark Side of the Moon | monitored=False | albumType=Album | secondaryTypes=[]
[DEBUG] Album: Do You Realize?? | monitored=False | albumType=Single | secondaryTypes=[]
[DEBUG] Album: Fight Test | monitored=False | albumType=EP | secondaryTypes=[]
[DEBUG] Album: Fight Test | monitored=False | albumType=Single | secondaryTypes=[]
[DEBUG] Album: Race for the Prize | monitored=False | albumType=Single | secondaryTypes=[]
[DEBUG] Album: Yoshimi Battles the Pink Robots, Part 1 | monitored=False | albumType=Single | secondaryTypes=[]
[DEBUG] Album: Bad Days | monitored=False | albumType=Single | secondaryTypes=[]
[DEBUG] Album: 2nd Cassette Demo | monitored=False | albumType=EP | secondaryTypes=[]
[DEBUG] Album: Turn It On | monitored=False | albumType=Single | secondaryTypes=[]
[DEBUG] Album: She Don’t Use Jelly | monitored=False | albumType=Single | secondaryTypes=[]
[DEBUG] Album: This Here Giraffe | monitored=False | albumType=Single | secondaryTypes=[]
[DEBUG] Album: Brainville | monitored=False | albumType=Single | secondaryTypes=[]
[DEBUG] Album: Christmas on Mars | monitored=False | albumType=Single | secondaryTypes=[]
[DEBUG] Album: The Yeah Yeah Yeah Song | monitored=False | albumType=Single | secondaryTypes=[]
[DEBUG] Album: It Overtakes Me | monitored=False | albumType=EP | secondaryTypes=[]
[DEBUG] Album: The W.A.N.D. | monitored=False | albumType=Single | secondaryTypes=[]
[DEBUG] Album: Gummy Song Fetus | monitored=False | albumType=EP | secondaryTypes=[]
[DEBUG] Album: Songs From the Future Album Embryonic | monitored=False | albumType=EP | secondaryTypes=[]
[DEBUG] Album: Silent Night | monitored=False | albumType=Single | secondaryTypes=[]
[DEBUG] Album: Due to High Expectations… The Flaming Lips Are Providing Needles for Your Balloons… | monitored=False | albumType=EP | secondaryTypes=[]
[DEBUG] Album: White Christmas 2000 | monitored=False | albumType=Single | secondaryTypes=[]
[DEBUG] Album: B-Sides | monitored=False | albumType=EP | secondaryTypes=[]
[DEBUG] Album: Two Blobs Fucking | monitored=False | albumType=Single | secondaryTypes=[]
[DEBUG] Album: Yeah, I Know It’s a Drag… Wastin’ Pigs Is Still Radical | monitored=False | albumType=Single | secondaryTypes=[]
[DEBUG] Album: The Flaming Lips | monitored=False | albumType=EP | secondaryTypes=[]
[DEBUG] Album: Gummy Song Skull | monitored=False | albumType=EP | secondaryTypes=[]
[DEBUG] Album: Ego Tripping at the Gates of Hell | monitored=False | albumType=EP | secondaryTypes=[]
[DEBUG] Album: Strobo Trip | monitored=False | albumType=EP | secondaryTypes=[]
[DEBUG] Album: The Day They Shot a Hole in the Jesus Egg | monitored=False | albumType=Album | secondaryTypes=['Compilation']
[DEBUG] Album: Finally the Punk Rockers Are Taking Acid: 1983-1988 | monitored=False | albumType=Album | secondaryTypes=['Compilation']
[DEBUG] Album: Yoshimi Wins: Live Radio Sessions | monitored=False | albumType=Album | secondaryTypes=['Compilation', 'Live']
[DEBUG] Album: 20 Years of Weird: The Flaming Lips 1986-2006 | monitored=False | albumType=Album | secondaryTypes=['Compilation']
[DEBUG] Album: Christmas on Mars | monitored=False | albumType=Album | secondaryTypes=['Soundtrack']
[DEBUG] Album: Little Drummer Boy / Peace On Earth | monitored=False | albumType=Single | secondaryTypes=[]
[DEBUG] Album: One More Robot | monitored=False | albumType=Album | secondaryTypes=['Compilation']
[DEBUG] Album: Chocolate Human Heart (Filled with Songs of Love) | monitored=False | albumType=Album | secondaryTypes=['Compilation']
[DEBUG] Album: Now I Understand | monitored=False | albumType=Single | secondaryTypes=[]
[DEBUG] Album: Peace Sword | monitored=False | albumType=EP | secondaryTypes=[]
[DEBUG] Album: iTunes Originals | monitored=False | albumType=Album | secondaryTypes=['Compilation', 'Interview']
[DEBUG] Album: Lucy in the Sky with Diamonds | monitored=False | albumType=Single | secondaryTypes=[]
[DEBUG] Album: Hot Day | monitored=False | albumType=Single | secondaryTypes=[]
[DEBUG] Album: Heady Nuggs: 20 Years After Clouds Taste Metallic 1994-1997 | monitored=False | albumType=Album | secondaryTypes=['Compilation']
[DEBUG] Album: Space Oddity | monitored=False | albumType=Single | secondaryTypes=[]
[DEBUG] Album: The Flaming Lips 2011: Gummy Song Skull (The Soft Bulletin Live La Fantastique de Institution 2011) | monitored=False | albumType=Album | secondaryTypes=['Compilation']
[DEBUG] Album: The Castle | monitored=False | albumType=Single | secondaryTypes=[]
[DEBUG] Album: How?? | monitored=False | albumType=Single | secondaryTypes=[]
[DEBUG] Album: Drug Machine | monitored=False | albumType=Single | secondaryTypes=[]
[DEBUG] Album: Heady Nuggs: The First 5 Warner Bros. Records 1992-2002 | monitored=False | albumType=Album | secondaryTypes=['Compilation']
[DEBUG] Album: Good Vibrations | monitored=False | albumType=Single | secondaryTypes=[]
[DEBUG] Album: Sunrise (Eyes of the Young) | monitored=False | albumType=Single | secondaryTypes=[]
[DEBUG] Album: We a Famly | monitored=False | albumType=Single | secondaryTypes=[]
[DEBUG] Album: 1984–1990: A Collection of Songs Representing an Enthusiasm for Recording… by Amateurs | monitored=False | albumType=Album | secondaryTypes=['Compilation']
[DEBUG] Album: Clouds Taste Metallic / Hit to Death in the Future Head / The Soft Bulletin | monitored=False | albumType=Album | secondaryTypes=['Compilation']
[DEBUG] Album: The Story of Yum Yum and Dragon | monitored=False | albumType=Single | secondaryTypes=[]
[DEBUG] Album: Scratching the Door: The First Recordings of the Flaming Lips | monitored=False | albumType=Album | secondaryTypes=['Compilation']
[DEBUG] Album: Put the Waterbug in the Policeman’s Ear | monitored=False | albumType=Single | secondaryTypes=[]
[DEBUG] Album: Seeing the Unseeable: The Complete Studio Recordings of the Flaming Lips 1986-1990 | monitored=False | albumType=Album | secondaryTypes=['Compilation']
[DEBUG] Album: Sun Blows Up Today | monitored=False | albumType=Single | secondaryTypes=[]
[DEBUG] Album: We Only Have Tomorrow (demo version) | monitored=False | albumType=Single | secondaryTypes=[]
[DEBUG] Album: The Captain | monitored=False | albumType=Single | secondaryTypes=[]
[DEBUG] Album: Enthusiasm for Life Defeats Existential Fear Part 2 | monitored=False | albumType=Single | secondaryTypes=[]
[DEBUG] Album: Death Trippin' at Sunrise: Rarities, B-Sides & Flexi Discs: 1986-1990 | monitored=False | albumType=Album | secondaryTypes=['Compilation']
[DEBUG] Album: The Mushroom Tapes | monitored=False | albumType=Album | secondaryTypes=['Compilation']
[DEBUG] Album: Waitin’ for a Superman | monitored=False | albumType=Single | secondaryTypes=[]
[DEBUG] Album: We Can’t Predict the Future | monitored=False | albumType=Single | secondaryTypes=[]
[DEBUG] Album: Flowers of Neptune 6 | monitored=False | albumType=Single | secondaryTypes=[]
[DEBUG] Album: Void: Video Overview in Deceleration | monitored=False | albumType=Album | secondaryTypes=['Compilation']
[DEBUG] Album: Late Night Tales: The Flaming Lips | monitored=False | albumType=EP | secondaryTypes=['Compilation']
[DEBUG] Album: The Soft Bulletin Companion | monitored=False | albumType=Album | secondaryTypes=['Compilation']
[DEBUG] Album: Hypnotist | monitored=False | albumType=EP | secondaryTypes=[]
[DEBUG] Album: Greatest Hits, Vol. 1 | monitored=False | albumType=Album | secondaryTypes=['Compilation']
[DEBUG] Album: LateNightTales: The Flaming Lips | monitored=False | albumType=Album | secondaryTypes=['Compilation', 'DJ-mix']
[DEBUG] Album: The Flaming Lips with Neon Indian | monitored=False | albumType=EP | secondaryTypes=[]
[DEBUG] Album: The Flaming Lips with Prefuse 73 | monitored=False | albumType=EP | secondaryTypes=[]
[DEBUG] Album: Seven Nation Army | monitored=False | albumType=Single | secondaryTypes=[]
[DEBUG] Album: The Flaming Lips with Lightning Bolt | monitored=False | albumType=EP | secondaryTypes=[]
[DEBUG] Album: Unconsciously Screamin' E.P. | monitored=False | albumType=EP | secondaryTypes=[]
[DEBUG] Album: Borderline / Her Eyes Are a Blue Million Miles | monitored=False | albumType=Single | secondaryTypes=[]
[DEBUG] Album: Peace and Paranoia Tour 2013 | monitored=False | albumType=EP | secondaryTypes=[]
[DEBUG] Album: Side by Side: A Spoonful Weighs a Ton | monitored=False | albumType=Single | secondaryTypes=[]
[DEBUG] Album: The Flaming Lips with Yoko Ono Plastic Ono Band | monitored=False | albumType=EP | secondaryTypes=[]
[DEBUG] Album: Playing Hide and Seek With the Ghosts of Dawn | monitored=False | albumType=EP | secondaryTypes=[]
[DEBUG] Album: Giant Baby | monitored=False | albumType=Single | secondaryTypes=[]
[DEBUG] Plex signals:
  artist=The Flaming Lips
  rating=None
  play_count=6
[DEBUG] Last.fm signals:
  artist=The Flaming Lips
  play_count=6
  ratio=0.004
[DEBUG] Merged signals: affinity=1.80 confidence=1.00 sources=['plex', 'lastfm']
[DEBUG] Partial album detected: Yoshimi Battles the Pink Robots (1/14)
[DEBUG] Plex-owned but incomplete: Yoshimi Battles the Pink Robots

[DEBUG] Album scoring:
- King’s Mouth: Music and Songs | monitored=False | score=9.00 (base=5.00) | affinity=1.80 | core_catalog_peak(+5), affinity_multiplier(1.80)
- American Head | monitored=False | score=9.00 (base=5.00) | affinity=1.80 | core_catalog_peak(+5), affinity_multiplier(1.80)
- Oczy Mlody | monitored=False | score=5.40 (base=3.00) | affinity=1.80 | strong_catalog(+3), affinity_multiplier(1.80)
- With a Little Help From My Fwends | monitored=False | score=5.40 (base=3.00) | affinity=1.80 | strong_catalog(+3), affinity_multiplier(1.80)
- Imagene Peise: Atlas Eets Christmas | monitored=False | score=5.40 (base=3.00) | affinity=1.80 | strong_catalog(+3), affinity_multiplier(1.80)
[INFO] Intent decided:
  Action: ACQUIRE_ARTIST
  Artist: The Flaming Lips
  Album: King’s Mouth: Music and Songs
  Reason: score 9.00 >= acquire threshold 9
  Score: 9.00
  Thresholds: acquire=9, recommend=4
[INFO] Step completed in 29.92s: Run deepen dry-run cycle
[PROGRESS] [4/5] [################----] 80% Deepen dry-run cycle completed
[INFO] Starting: Render deepen cycle payload
[INFO] Deepen cycle result (dry run):
{
  "status": "success",
  "candidate_count": 30,
  "evaluated": 3,
  "acquired": 2,
  "recommended": 1,
  "no_action": 0,
  "skipped_prefilter": 0,
  "skipped_suppressed": 0,
  "skipped_recommendation_backoff": 0,
  "skipped_cooldown": 0,
  "limit_evaluations": 5,
  "limit_acquires": 2,
  "dry_run": true,
  "results": [
    {
      "artist_name": "Sleigh Bells",
      "mbid": "95f7536d-b2f7-4087-8668-a663ec201f5a",
      "lastfm_playcount": 6,
      "partial_present": true,
      "eligible_album_count": 5,
      "fully_owned": false,
      "in_cooldown": false,
      "in_recommendation_backoff": false,
      "is_suppressed": false,
      "suppression_reason": null,
      "result_type": "acquire_artist",
      "message": "would acquire artist best release",
      "planner_status": "success",
      "planner_action": "ACQUIRE_ARTIST",
      "planner_reason": "score 9.00 >= acquire threshold 9",
      "selected_album": "Texis",
      "album_count": 20
    },
    {
      "artist_name": "Gucci Mane",
      "mbid": "36494952-f434-45d8-a958-8b4acdbcf8a8",
      "lastfm_playcount": 5,
      "partial_present": false,
      "eligible_album_count": 26,
      "fully_owned": false,
      "in_cooldown": false,
      "in_recommendation_backoff": false,
      "is_suppressed": false,
      "suppression_reason": null,
      "result_type": "recommend_only",
      "message": "recommendation only",
      "planner_status": "success",
      "planner_action": "RECOMMEND_ONLY",
      "planner_reason": "score 6.00 below acquire threshold 9",
      "selected_album": "Delusions of Grandeur",
      "album_count": 136
    },
    {
      "artist_name": "The Flaming Lips",
      "mbid": "1f43d76f-8edf-44f6-aaf1-b65f05ad9402",
      "lastfm_playcount": 6,
      "partial_present": false,
      "eligible_album_count": 22,
      "fully_owned": false,
      "in_cooldown": false,
      "in_recommendation_backoff": false,
      "is_suppressed": false,
      "suppression_reason": null,
      "result_type": "acquire_artist",
      "message": "would acquire artist best release",
      "planner_status": "success",
      "planner_action": "ACQUIRE_ARTIST",
      "planner_reason": "score 9.00 >= acquire threshold 9",
      "selected_album": "King’s Mouth: Music and Songs",
      "album_count": 104
    },
    {
      "artist_name": "America",
      "mbid": "34cf95c7-4be9-4efd-a48a-c2ea4a0bb114",
      "lastfm_playcount": 6,
      "partial_present": false,
      "eligible_album_count": 18,
      "fully_owned": false,
      "in_cooldown": false,
      "in_recommendation_backoff": false,
      "is_suppressed": false,
      "suppression_reason": null,
      "result_type": "stopped_acquire_cap",
      "message": "acquire cap reached"
    }
  ]
}
[INFO] Step completed in 0.00s: Render deepen cycle payload
[PROGRESS] [5/5] [####################] 100% Deepen cycle payload rendered
[INFO] Total elapsed: 47.50s
