[INFO] Timestamped log file: logs\deepen-service-smoke-20260330-221344.log
[INFO] Latest log file: logs\deepen-service-smoke-latest.log
=== Resonarr Deepen Service Smoke Test ===
[INFO] Deepen candidate view:
{
  "status": "success",
  "count": 30,
  "items": [
    {
      "artist_name": "The Flaming Lips",
      "mbid": "1f43d76f-8edf-44f6-aaf1-b65f05ad9402",
      "lastfm_playcount": 6,
      "partial_present": true,
      "eligible_album_count": 23,
      "fully_owned": false,
      "total_album_count": 23,
      "fully_owned_album_count": 0,
      "in_cooldown": false,
      "cooldown_remaining_seconds": 0,
      "in_recommendation_backoff": false,
      "is_suppressed": false,
      "suppression_reason": null,
      "rank": 76
    },
    {
      "artist_name": "Ye",
      "mbid": "164f0d73-1234-4e2c-8743-d77bf2191051",
      "lastfm_playcount": 21,
      "partial_present": true,
      "eligible_album_count": 12,
      "fully_owned": false,
      "total_album_count": 13,
      "fully_owned_album_count": 0,
      "in_cooldown": false,
      "cooldown_remaining_seconds": 0,
      "in_recommendation_backoff": false,
      "is_suppressed": false,
      "suppression_reason": null,
      "rank": 19
    },
    {
      "artist_name": "Blue October",
      "mbid": "d6a3eeec-cde0-4c10-89b2-93e0bd5f34e6",
      "lastfm_playcount": 5,
      "partial_present": true,
      "eligible_album_count": 11,
      "fully_owned": false,
      "total_album_count": 12,
      "fully_owned_album_count": 1,
      "in_cooldown": false,
      "cooldown_remaining_seconds": 0,
      "in_recommendation_backoff": false,
      "is_suppressed": false,
      "suppression_reason": null,
      "rank": 81
    },
    {
      "artist_name": "Radiohead",
      "mbid": "a74b1b7f-71a5-4011-9441-d0b5e4122711",
      "lastfm_playcount": 7,
      "partial_present": true,
      "eligible_album_count": 9,
      "fully_owned": false,
      "total_album_count": 9,
      "fully_owned_album_count": 0,
      "in_cooldown": false,
      "cooldown_remaining_seconds": 0,
      "in_recommendation_backoff": false,
      "is_suppressed": false,
      "suppression_reason": null,
      "rank": 70
    },
    {
      "artist_name": "Modest Mouse",
      "mbid": "a96ac800-bfcb-412a-8a63-0a98df600700",
      "lastfm_playcount": 13,
      "partial_present": true,
      "eligible_album_count": 7,
      "fully_owned": false,
      "total_album_count": 8,
      "fully_owned_album_count": 1,
      "in_cooldown": false,
      "cooldown_remaining_seconds": 0,
      "in_recommendation_backoff": false,
      "is_suppressed": false,
      "suppression_reason": null,
      "rank": 31
    },
    {
      "artist_name": "Incubus",
      "mbid": "e3e0abcd-7671-4482-a9d8-462f5acc9be5",
      "lastfm_playcount": 12,
      "partial_present": true,
      "eligible_album_count": 7,
      "fully_owned": false,
      "total_album_count": 9,
      "fully_owned_album_count": 2,
      "in_cooldown": false,
      "cooldown_remaining_seconds": 0,
      "in_recommendation_backoff": false,
      "is_suppressed": false,
      "suppression_reason": null,
      "rank": 33
    },
    {
      "artist_name": "CAKE",
      "mbid": "fa7b9055-3703-473a-8a09-adf2fe031a24",
      "lastfm_playcount": 7,
      "partial_present": true,
      "eligible_album_count": 6,
      "fully_owned": false,
      "total_album_count": 6,
      "fully_owned_album_count": 0,
      "in_cooldown": false,
      "cooldown_remaining_seconds": 0,
      "in_recommendation_backoff": false,
      "is_suppressed": false,
      "suppression_reason": null,
      "rank": 63
    },
    {
      "artist_name": "Limp Bizkit",
      "mbid": "8f9d6bb2-dba4-4cca-9967-cc02b9f4820c",
      "lastfm_playcount": 5,
      "partial_present": true,
      "eligible_album_count": 6,
      "fully_owned": false,
      "total_album_count": 6,
      "fully_owned_album_count": 0,
      "in_cooldown": false,
      "cooldown_remaining_seconds": 0,
      "in_recommendation_backoff": false,
      "is_suppressed": false,
      "suppression_reason": null,
      "rank": 91
    },
    {
      "artist_name": "Panic! at the Disco",
      "mbid": "b9472588-93f3-4922-a1a2-74082cdf9ce8",
      "lastfm_playcount": 23,
      "partial_present": true,
      "eligible_album_count": 5,
      "fully_owned": false,
      "total_album_count": 7,
      "fully_owned_album_count": 1,
      "in_cooldown": false,
      "cooldown_remaining_seconds": 0,
      "in_recommendation_backoff": false,
      "is_suppressed": false,
      "suppression_reason": null,
      "rank": 16
    },
    {
      "artist_name": "System of a Down",
      "mbid": "cc0b7089-c08d-4c10-b6b0-873582c17fd6",
      "lastfm_playcount": 9,
      "partial_present": true,
      "eligible_album_count": 5,
      "fully_owned": false,
      "total_album_count": 5,
      "fully_owned_album_count": 0,
      "in_cooldown": false,
      "cooldown_remaining_seconds": 0,
      "in_recommendation_backoff": false,
      "is_suppressed": false,
      "suppression_reason": null,
      "rank": 47
    },
    {
      "artist_name": "Soundgarden",
      "mbid": "153c9281-268f-4cf3-8938-f5a4593e5df4",
      "lastfm_playcount": 8,
      "partial_present": true,
      "eligible_album_count": 5,
      "fully_owned": false,
      "total_album_count": 6,
      "fully_owned_album_count": 1,
      "in_cooldown": false,
      "cooldown_remaining_seconds": 0,
      "in_recommendation_backoff": false,
      "is_suppressed": false,
      "suppression_reason": null,
      "rank": 58
    },
    {
      "artist_name": "Bloodhound Gang",
      "mbid": "b2dbfc09-b332-408b-a235-1850e41971c5",
      "lastfm_playcount": 7,
      "partial_present": true,
      "eligible_album_count": 5,
      "fully_owned": false,
      "total_album_count": 5,
      "fully_owned_album_count": 0,
      "in_cooldown": false,
      "cooldown_remaining_seconds": 0,
      "in_recommendation_backoff": false,
      "is_suppressed": false,
      "suppression_reason": null,
      "rank": 62
    },
    {
      "artist_name": "Post Malone",
      "mbid": "b1e26560-60e5-4236-bbdb-9aa5a8d5ee19",
      "lastfm_playcount": 6,
      "partial_present": true,
      "eligible_album_count": 5,
      "fully_owned": false,
      "total_album_count": 6,
      "fully_owned_album_count": 1,
      "in_cooldown": false,
      "cooldown_remaining_seconds": 0,
      "in_recommendation_backoff": false,
      "is_suppressed": false,
      "suppression_reason": null,
      "rank": 74
    },
    {
      "artist_name": "Sleigh Bells",
      "mbid": "95f7536d-b2f7-4087-8668-a663ec201f5a",
      "lastfm_playcount": 6,
      "partial_present": true,
      "eligible_album_count": 5,
      "fully_owned": false,
      "total_album_count": 6,
      "fully_owned_album_count": 0,
      "in_cooldown": false,
      "cooldown_remaining_seconds": 0,
      "in_recommendation_backoff": false,
      "is_suppressed": false,
      "suppression_reason": null,
      "rank": 75
    },
    {
      "artist_name": "Passion Pit",
      "mbid": "daeec599-bf5d-4428-994a-e76ba5f86e2f",
      "lastfm_playcount": 12,
      "partial_present": true,
      "eligible_album_count": 4,
      "fully_owned": false,
      "total_album_count": 4,
      "fully_owned_album_count": 0,
      "in_cooldown": false,
      "cooldown_remaining_seconds": 0,
      "in_recommendation_backoff": false,
      "is_suppressed": false,
      "suppression_reason": null,
      "rank": 34
    },
    {
      "artist_name": "Rage Against the Machine",
      "mbid": "3798b104-01cb-484c-a3b0-56adc6399b80",
      "lastfm_playcount": 8,
      "partial_present": true,
      "eligible_album_count": 4,
      "fully_owned": false,
      "total_album_count": 4,
      "fully_owned_album_count": 0,
      "in_cooldown": false,
      "cooldown_remaining_seconds": 0,
      "in_recommendation_backoff": false,
      "is_suppressed": false,
      "suppression_reason": null,
      "rank": 57
    },
    {
      "artist_name": "Foster the People",
      "mbid": "e0e1a584-dd0a-4bd1-88d1-c4c62895039d",
      "lastfm_playcount": 50,
      "partial_present": true,
      "eligible_album_count": 3,
      "fully_owned": false,
      "total_album_count": 4,
      "fully_owned_album_count": 1,
      "in_cooldown": false,
      "cooldown_remaining_seconds": 0,
      "in_recommendation_backoff": false,
      "is_suppressed": false,
      "suppression_reason": null,
      "rank": 6
    },
    {
      "artist_name": "Cage the Elephant",
      "mbid": "b41b38d4-ef3e-4f37-8c75-cfe9af999696",
      "lastfm_playcount": 12,
      "partial_present": true,
      "eligible_album_count": 3,
      "fully_owned": false,
      "total_album_count": 6,
      "fully_owned_album_count": 3,
      "in_cooldown": false,
      "cooldown_remaining_seconds": 0,
      "in_recommendation_backoff": false,
      "is_suppressed": false,
      "suppression_reason": null,
      "rank": 32
    },
    {
      "artist_name": "Dayglow",
      "mbid": "2bee95a7-1c0e-4b3c-99a5-4857d9d776dd",
      "lastfm_playcount": 11,
      "partial_present": true,
      "eligible_album_count": 3,
      "fully_owned": false,
      "total_album_count": 4,
      "fully_owned_album_count": 1,
      "in_cooldown": false,
      "cooldown_remaining_seconds": 0,
      "in_recommendation_backoff": false,
      "is_suppressed": false,
      "suppression_reason": null,
      "rank": 36
    },
    {
      "artist_name": "Yung Gravy",
      "mbid": "20b034b2-35a1-40be-908f-22d1b5681572",
      "lastfm_playcount": 10,
      "partial_present": true,
      "eligible_album_count": 3,
      "fully_owned": false,
      "total_album_count": 5,
      "fully_owned_album_count": 2,
      "in_cooldown": false,
      "cooldown_remaining_seconds": 0,
      "in_recommendation_backoff": false,
      "is_suppressed": false,
      "suppression_reason": null,
      "rank": 43
    },
    {
      "artist_name": "Atlas Genius",
      "mbid": "967234b5-bef9-4fee-8dfe-61fbcd400d8b",
      "lastfm_playcount": 5,
      "partial_present": true,
      "eligible_album_count": 3,
      "fully_owned": false,
      "total_album_count": 3,
      "fully_owned_album_count": 0,
      "in_cooldown": false,
      "cooldown_remaining_seconds": 0,
      "in_recommendation_backoff": false,
      "is_suppressed": false,
      "suppression_reason": null,
      "rank": 80
    },
    {
      "artist_name": "Metro Boomin",
      "mbid": "59db3d82-86ea-451f-881f-dffc8ec387c9",
      "lastfm_playcount": 5,
      "partial_present": true,
      "eligible_album_count": 3,
      "fully_owned": false,
      "total_album_count": 4,
      "fully_owned_album_count": 1,
      "in_cooldown": false,
      "cooldown_remaining_seconds": 0,
      "in_recommendation_backoff": false,
      "is_suppressed": false,
      "suppression_reason": null,
      "rank": 92
    },
    {
      "artist_name": "Phoenix",
      "mbid": "8d455809-96b3-4bb6-8829-ea4beb580d35",
      "lastfm_playcount": 21,
      "partial_present": true,
      "eligible_album_count": 2,
      "fully_owned": false,
      "total_album_count": 7,
      "fully_owned_album_count": 5,
      "in_cooldown": false,
      "cooldown_remaining_seconds": 0,
      "in_recommendation_backoff": false,
      "is_suppressed": false,
      "suppression_reason": null,
      "rank": 18
    },
    {
      "artist_name": "Excision",
      "mbid": "733c6e6f-0306-403e-9243-82b16a4f82d8",
      "lastfm_playcount": 20,
      "partial_present": true,
      "eligible_album_count": 2,
      "fully_owned": false,
      "total_album_count": 6,
      "fully_owned_album_count": 4,
      "in_cooldown": false,
      "cooldown_remaining_seconds": 0,
      "in_recommendation_backoff": false,
      "is_suppressed": false,
      "suppression_reason": null,
      "rank": 20
    },
    {
      "artist_name": "NGHTMRE",
      "mbid": "f72e0c57-94fd-447d-afdb-868e70d356d7",
      "lastfm_playcount": 42,
      "partial_present": true,
      "eligible_album_count": 1,
      "fully_owned": false,
      "total_album_count": 2,
      "fully_owned_album_count": 1,
      "in_cooldown": false,
      "cooldown_remaining_seconds": 0,
      "in_recommendation_backoff": false,
      "is_suppressed": false,
      "suppression_reason": null,
      "rank": 8
    },
    {
      "artist_name": "Lil Nas X",
      "mbid": "0b30341b-b59d-4979-8130-b66c0e475321",
      "lastfm_playcount": 9,
      "partial_present": true,
      "eligible_album_count": 1,
      "fully_owned": false,
      "total_album_count": 1,
      "fully_owned_album_count": 0,
      "in_cooldown": false,
      "cooldown_remaining_seconds": 0,
      "in_recommendation_backoff": false,
      "is_suppressed": false,
      "suppression_reason": null,
      "rank": 45
    },
    {
      "artist_name": "Gucci Mane",
      "mbid": "36494952-f434-45d8-a958-8b4acdbcf8a8",
      "lastfm_playcount": 5,
      "partial_present": false,
      "eligible_album_count": 26,
      "fully_owned": false,
      "total_album_count": 27,
      "fully_owned_album_count": 1,
      "in_cooldown": false,
      "cooldown_remaining_seconds": 0,
      "in_recommendation_backoff": false,
      "is_suppressed": false,
      "suppression_reason": null,
      "rank": 88
    },
    {
      "artist_name": "America",
      "mbid": "34cf95c7-4be9-4efd-a48a-c2ea4a0bb114",
      "lastfm_playcount": 6,
      "partial_present": false,
      "eligible_album_count": 18,
      "fully_owned": false,
      "total_album_count": 18,
      "fully_owned_album_count": 0,
      "in_cooldown": false,
      "cooldown_remaining_seconds": 0,
      "in_recommendation_backoff": false,
      "is_suppressed": false,
      "suppression_reason": null,
      "rank": 71
    },
    {
      "artist_name": "Helynt",
      "mbid": "761854c7-b435-4581-81aa-ddae031795f9",
      "lastfm_playcount": 20,
      "partial_present": false,
      "eligible_album_count": 15,
      "fully_owned": false,
      "total_album_count": 22,
      "fully_owned_album_count": 7,
      "in_cooldown": false,
      "cooldown_remaining_seconds": 0,
      "in_recommendation_backoff": false,
      "is_suppressed": false,
      "suppression_reason": null,
      "rank": 21
    },
    {
      "artist_name": "石元丈晴",
      "mbid": "0e54f9fd-7011-4c77-86f0-59021c5ffddf",
      "lastfm_playcount": 8,
      "partial_present": false,
      "eligible_album_count": 13,
      "fully_owned": false,
      "total_album_count": 14,
      "fully_owned_album_count": 1,
      "in_cooldown": false,
      "cooldown_remaining_seconds": 0,
      "in_recommendation_backoff": false,
      "is_suppressed": false,
      "suppression_reason": null,
      "rank": 61
    }
  ]
}
[INFO] Processing artist MBID: 1f43d76f-8edf-44f6-aaf1-b65f05ad9402
[DEBUG] Total artists: 479
[DEBUG] Found artist match
[INFO] Artist already exists
[DEBUG] Total artists: 479
[DEBUG] Found artist match

[DEBUG] ===== HYDRATED ALBUM STATE =====
[DEBUG] Album: Yoshimi Battles the Pink Robots | monitored=False | albumType=Album | secondaryTypes=[]
[DEBUG] Album: Transmissions From the Satellite Heart | monitored=False | albumType=Album | secondaryTypes=[]
[DEBUG] Album: Clouds Taste Metallic | monitored=False | albumType=Album | secondaryTypes=[]
[DEBUG] Album: Hit to Death in the Future Head | monitored=False | albumType=Album | secondaryTypes=[]
[DEBUG] Album: In a Priest Driven Ambulance | monitored=False | albumType=Album | secondaryTypes=[]
[DEBUG] Album: Hear It Is | monitored=False | albumType=Album | secondaryTypes=[]
[DEBUG] Album: The Soft Bulletin | monitored=False | albumType=Album | secondaryTypes=[]
[DEBUG] Album: At War With the Mystics | monitored=False | albumType=Album | secondaryTypes=[]
[DEBUG] Album: Embryonic | monitored=False | albumType=Album | secondaryTypes=[]
[DEBUG] Album: Oh My Gawd!!!… The Flaming Lips | monitored=False | albumType=Album | secondaryTypes=[]
[DEBUG] Album: Telepathic Surgery | monitored=False | albumType=Album | secondaryTypes=[]
[DEBUG] Album: The Terror | monitored=False | albumType=Album | secondaryTypes=[]
[DEBUG] Album: With a Little Help From My Fwends | monitored=False | albumType=Album | secondaryTypes=[]
[DEBUG] Album: 7 Skies H3 | monitored=False | albumType=Album | secondaryTypes=[]
[DEBUG] Album: Oczy Mlody | monitored=False | albumType=Album | secondaryTypes=[]
[DEBUG] Album: The Flaming Lips and Heady Fwends | monitored=False | albumType=Album | secondaryTypes=[]
[DEBUG] Album: King’s Mouth: Music and Songs | monitored=False | albumType=Album | secondaryTypes=[]
[DEBUG] Album: American Head | monitored=False | albumType=Album | secondaryTypes=[]
[DEBUG] Album: Imagene Peise: Atlas Eets Christmas | monitored=False | albumType=Album | secondaryTypes=[]
[DEBUG] Album: The Time Has Come to Shoot You Down… What a Sound | monitored=False | albumType=Album | secondaryTypes=[]
[DEBUG] Album: Zaireeka | monitored=False | albumType=Album | secondaryTypes=[]
[DEBUG] Album: The Dark Side of the Moon | monitored=False | albumType=Album | secondaryTypes=[]
[DEBUG] Album: Do You Realize?? | monitored=False | albumType=Single | secondaryTypes=[]
[DEBUG] Album: Fight Test | monitored=False | albumType=EP | secondaryTypes=[]
[DEBUG] Album: Fight Test | monitored=False | albumType=Single | secondaryTypes=[]
[DEBUG] Album: Race for the Prize | monitored=False | albumType=Single | secondaryTypes=[]
[DEBUG] Album: Yoshimi Battles the Pink Robots, Part 1 | monitored=False | albumType=Single | secondaryTypes=[]
[DEBUG] Album: Bad Days | monitored=False | albumType=Single | secondaryTypes=[]
[DEBUG] Album: 2nd Cassette Demo | monitored=False | albumType=EP | secondaryTypes=[]
[DEBUG] Album: Turn It On | monitored=False | albumType=Single | secondaryTypes=[]
[DEBUG] Album: She Don’t Use Jelly | monitored=False | albumType=Single | secondaryTypes=[]
[DEBUG] Album: This Here Giraffe | monitored=False | albumType=Single | secondaryTypes=[]
[DEBUG] Album: Brainville | monitored=False | albumType=Single | secondaryTypes=[]
[DEBUG] Album: Christmas on Mars | monitored=False | albumType=Single | secondaryTypes=[]
[DEBUG] Album: The Yeah Yeah Yeah Song | monitored=False | albumType=Single | secondaryTypes=[]
[DEBUG] Album: It Overtakes Me | monitored=False | albumType=EP | secondaryTypes=[]
[DEBUG] Album: The W.A.N.D. | monitored=False | albumType=Single | secondaryTypes=[]
[DEBUG] Album: Gummy Song Fetus | monitored=False | albumType=EP | secondaryTypes=[]
[DEBUG] Album: Songs From the Future Album Embryonic | monitored=False | albumType=EP | secondaryTypes=[]
[DEBUG] Album: Silent Night | monitored=False | albumType=Single | secondaryTypes=[]
[DEBUG] Album: Due to High Expectations… The Flaming Lips Are Providing Needles for Your Balloons… | monitored=False | albumType=EP | secondaryTypes=[]
[DEBUG] Album: White Christmas 2000 | monitored=False | albumType=Single | secondaryTypes=[]
[DEBUG] Album: B-Sides | monitored=False | albumType=EP | secondaryTypes=[]
[DEBUG] Album: Two Blobs Fucking | monitored=False | albumType=Single | secondaryTypes=[]
[DEBUG] Album: Yeah, I Know It’s a Drag… Wastin’ Pigs Is Still Radical | monitored=False | albumType=Single | secondaryTypes=[]
[DEBUG] Album: The Flaming Lips | monitored=False | albumType=EP | secondaryTypes=[]
[DEBUG] Album: Gummy Song Skull | monitored=False | albumType=EP | secondaryTypes=[]
[DEBUG] Album: Ego Tripping at the Gates of Hell | monitored=False | albumType=EP | secondaryTypes=[]
[DEBUG] Album: Strobo Trip | monitored=False | albumType=EP | secondaryTypes=[]
[DEBUG] Album: The Day They Shot a Hole in the Jesus Egg | monitored=False | albumType=Album | secondaryTypes=['Compilation']
[DEBUG] Album: Finally the Punk Rockers Are Taking Acid: 1983-1988 | monitored=False | albumType=Album | secondaryTypes=['Compilation']
[DEBUG] Album: Yoshimi Wins: Live Radio Sessions | monitored=False | albumType=Album | secondaryTypes=['Compilation', 'Live']
[DEBUG] Album: 20 Years of Weird: The Flaming Lips 1986-2006 | monitored=False | albumType=Album | secondaryTypes=['Compilation']
[DEBUG] Album: Christmas on Mars | monitored=False | albumType=Album | secondaryTypes=['Soundtrack']
[DEBUG] Album: Little Drummer Boy / Peace On Earth | monitored=False | albumType=Single | secondaryTypes=[]
[DEBUG] Album: One More Robot | monitored=False | albumType=Album | secondaryTypes=['Compilation']
[DEBUG] Album: Chocolate Human Heart (Filled with Songs of Love) | monitored=False | albumType=Album | secondaryTypes=['Compilation']
[DEBUG] Album: Now I Understand | monitored=False | albumType=Single | secondaryTypes=[]
[DEBUG] Album: Peace Sword | monitored=False | albumType=EP | secondaryTypes=[]
[DEBUG] Album: iTunes Originals | monitored=False | albumType=Album | secondaryTypes=['Compilation', 'Interview']
[DEBUG] Album: Lucy in the Sky with Diamonds | monitored=False | albumType=Single | secondaryTypes=[]
[DEBUG] Album: Hot Day | monitored=False | albumType=Single | secondaryTypes=[]
[DEBUG] Album: Heady Nuggs: 20 Years After Clouds Taste Metallic 1994-1997 | monitored=False | albumType=Album | secondaryTypes=['Compilation']
[DEBUG] Album: Space Oddity | monitored=False | albumType=Single | secondaryTypes=[]
[DEBUG] Album: The Flaming Lips 2011: Gummy Song Skull (The Soft Bulletin Live La Fantastique de Institution 2011) | monitored=False | albumType=Album | secondaryTypes=['Compilation']
[DEBUG] Album: The Castle | monitored=False | albumType=Single | secondaryTypes=[]
[DEBUG] Album: How?? | monitored=False | albumType=Single | secondaryTypes=[]
[DEBUG] Album: Drug Machine | monitored=False | albumType=Single | secondaryTypes=[]
[DEBUG] Album: Heady Nuggs: The First 5 Warner Bros. Records 1992-2002 | monitored=False | albumType=Album | secondaryTypes=['Compilation']
[DEBUG] Album: Good Vibrations | monitored=False | albumType=Single | secondaryTypes=[]
[DEBUG] Album: Sunrise (Eyes of the Young) | monitored=False | albumType=Single | secondaryTypes=[]
[DEBUG] Album: We a Famly | monitored=False | albumType=Single | secondaryTypes=[]
[DEBUG] Album: 1984–1990: A Collection of Songs Representing an Enthusiasm for Recording… by Amateurs | monitored=False | albumType=Album | secondaryTypes=['Compilation']
[DEBUG] Album: Clouds Taste Metallic / Hit to Death in the Future Head / The Soft Bulletin | monitored=False | albumType=Album | secondaryTypes=['Compilation']
[DEBUG] Album: The Story of Yum Yum and Dragon | monitored=False | albumType=Single | secondaryTypes=[]
[DEBUG] Album: Scratching the Door: The First Recordings of the Flaming Lips | monitored=False | albumType=Album | secondaryTypes=['Compilation']
[DEBUG] Album: Put the Waterbug in the Policeman’s Ear | monitored=False | albumType=Single | secondaryTypes=[]
[DEBUG] Album: Seeing the Unseeable: The Complete Studio Recordings of the Flaming Lips 1986-1990 | monitored=False | albumType=Album | secondaryTypes=['Compilation']
[DEBUG] Album: Sun Blows Up Today | monitored=False | albumType=Single | secondaryTypes=[]
[DEBUG] Album: We Only Have Tomorrow (demo version) | monitored=False | albumType=Single | secondaryTypes=[]
[DEBUG] Album: The Captain | monitored=False | albumType=Single | secondaryTypes=[]
[DEBUG] Album: Enthusiasm for Life Defeats Existential Fear Part 2 | monitored=False | albumType=Single | secondaryTypes=[]
[DEBUG] Album: Death Trippin' at Sunrise: Rarities, B-Sides & Flexi Discs: 1986-1990 | monitored=False | albumType=Album | secondaryTypes=['Compilation']
[DEBUG] Album: The Mushroom Tapes | monitored=False | albumType=Album | secondaryTypes=['Compilation']
[DEBUG] Album: Waitin’ for a Superman | monitored=False | albumType=Single | secondaryTypes=[]
[DEBUG] Album: We Can’t Predict the Future | monitored=False | albumType=Single | secondaryTypes=[]
[DEBUG] Album: Flowers of Neptune 6 | monitored=False | albumType=Single | secondaryTypes=[]
[DEBUG] Album: Void: Video Overview in Deceleration | monitored=False | albumType=Album | secondaryTypes=['Compilation']
[DEBUG] Album: Late Night Tales: The Flaming Lips | monitored=False | albumType=EP | secondaryTypes=['Compilation']
[DEBUG] Album: The Soft Bulletin Companion | monitored=False | albumType=Album | secondaryTypes=['Compilation']
[DEBUG] Album: Hypnotist | monitored=False | albumType=EP | secondaryTypes=[]
[DEBUG] Album: Greatest Hits, Vol. 1 | monitored=False | albumType=Album | secondaryTypes=['Compilation']
[DEBUG] Album: LateNightTales: The Flaming Lips | monitored=False | albumType=Album | secondaryTypes=['Compilation', 'DJ-mix']
[DEBUG] Album: The Flaming Lips with Neon Indian | monitored=False | albumType=EP | secondaryTypes=[]
[DEBUG] Album: The Flaming Lips with Prefuse 73 | monitored=False | albumType=EP | secondaryTypes=[]
[DEBUG] Album: Seven Nation Army | monitored=False | albumType=Single | secondaryTypes=[]
[DEBUG] Album: The Flaming Lips with Lightning Bolt | monitored=False | albumType=EP | secondaryTypes=[]
[DEBUG] Album: Unconsciously Screamin' E.P. | monitored=False | albumType=EP | secondaryTypes=[]
[DEBUG] Album: Borderline / Her Eyes Are a Blue Million Miles | monitored=False | albumType=Single | secondaryTypes=[]
[DEBUG] Album: Peace and Paranoia Tour 2013 | monitored=False | albumType=EP | secondaryTypes=[]
[DEBUG] Album: Side by Side: A Spoonful Weighs a Ton | monitored=False | albumType=Single | secondaryTypes=[]
[DEBUG] Album: The Flaming Lips with Yoko Ono Plastic Ono Band | monitored=False | albumType=EP | secondaryTypes=[]
[DEBUG] Album: Playing Hide and Seek With the Ghosts of Dawn | monitored=False | albumType=EP | secondaryTypes=[]
[DEBUG] Album: Giant Baby | monitored=False | albumType=Single | secondaryTypes=[]
[DEBUG] Plex signals:
  artist=The Flaming Lips
  rating=None
  play_count=6
[DEBUG] Last.fm signals:
  artist=The Flaming Lips
  play_count=6
  ratio=0.004
[DEBUG] Merged signals: affinity=1.80 confidence=1.00 sources=['plex', 'lastfm']
[DEBUG] Partial album detected: Yoshimi Battles the Pink Robots (1/14)
[DEBUG] Plex-owned but incomplete: Yoshimi Battles the Pink Robots

[DEBUG] Album scoring:
- King’s Mouth: Music and Songs | monitored=False | score=9.00 (base=5.00) | affinity=1.80 | core_catalog_peak(+5), affinity_multiplier(1.80)
- American Head | monitored=False | score=9.00 (base=5.00) | affinity=1.80 | core_catalog_peak(+5), affinity_multiplier(1.80)
- Oczy Mlody | monitored=False | score=5.40 (base=3.00) | affinity=1.80 | strong_catalog(+3), affinity_multiplier(1.80)
- With a Little Help From My Fwends | monitored=False | score=5.40 (base=3.00) | affinity=1.80 | strong_catalog(+3), affinity_multiplier(1.80)
- Imagene Peise: Atlas Eets Christmas | monitored=False | score=5.40 (base=3.00) | affinity=1.80 | strong_catalog(+3), affinity_multiplier(1.80)
[INFO] Intent decided:
  Action: ACQUIRE_ARTIST
  Artist: The Flaming Lips
  Album: King’s Mouth: Music and Songs
  Reason: score 9.00 >= acquire threshold 9
  Score: 9.00
  Thresholds: acquire=9, recommend=4
[INFO] Processing artist MBID: 164f0d73-1234-4e2c-8743-d77bf2191051
[DEBUG] Total artists: 479
[DEBUG] Found artist match
[INFO] Artist already exists
[DEBUG] Total artists: 479
[DEBUG] Found artist match

[DEBUG] ===== HYDRATED ALBUM STATE =====
[DEBUG] Album: My Beautiful Dark Twisted Fantasy | monitored=False | albumType=Album | secondaryTypes=[]
[DEBUG] Album: The Life of Pablo | monitored=False | albumType=Album | secondaryTypes=[]
[DEBUG] Album: ye | monitored=False | albumType=Album | secondaryTypes=[]
[DEBUG] Album: Late Registration | monitored=False | albumType=Album | secondaryTypes=[]
[DEBUG] Album: Graduation | monitored=False | albumType=Album | secondaryTypes=[]
[DEBUG] Album: 808s & Heartbreak | monitored=False | albumType=Album | secondaryTypes=[]
[DEBUG] Album: Yeezus | monitored=False | albumType=Album | secondaryTypes=[]
[DEBUG] Album: Jesus Is King | monitored=False | albumType=Album | secondaryTypes=[]
[DEBUG] Album: The College Dropout | monitored=False | albumType=Album | secondaryTypes=[]
[DEBUG] Album: Donda | monitored=False | albumType=Album | secondaryTypes=[]
[DEBUG] Album: BULLY | monitored=False | albumType=Album | secondaryTypes=[]
[DEBUG] Album: In a Perfect World | monitored=False | albumType=Album | secondaryTypes=[]
[DEBUG] Album: Power | monitored=False | albumType=Single | secondaryTypes=[]
[DEBUG] Album: Through the Wire | monitored=False | albumType=Single | secondaryTypes=[]
[DEBUG] Album: All Falls Down | monitored=False | albumType=Single | secondaryTypes=[]
[DEBUG] Album: Unreleased Joints, Volume 4 | monitored=False | albumType=EP | secondaryTypes=[]
[DEBUG] Album: Stronger | monitored=False | albumType=Single | secondaryTypes=[]
[DEBUG] Album: Devil in a New Dress | monitored=False | albumType=Single | secondaryTypes=[]
[DEBUG] Album: Love Lockdown | monitored=False | albumType=Single | secondaryTypes=[]
[DEBUG] Album: The College Dropout Video Anthology | monitored=False | albumType=Album | secondaryTypes=['Compilation']
[DEBUG] Album: Saint Pablo | monitored=False | albumType=Single | secondaryTypes=[]
[DEBUG] Album: Facts | monitored=False | albumType=Single | secondaryTypes=[]
[DEBUG] Album: Real Friends | monitored=False | albumType=Single | secondaryTypes=[]
[DEBUG] Album: The New Workout Plan | monitored=False | albumType=Single | secondaryTypes=[]
[DEBUG] Album: Can't Tell Me Nothing | monitored=False | albumType=Single | secondaryTypes=[]
[DEBUG] Album: No More Parties In L.A. | monitored=False | albumType=Single | secondaryTypes=[]
[DEBUG] Album: Famous | monitored=False | albumType=Single | secondaryTypes=[]
[DEBUG] Album: Ultralight Prayer | monitored=False | albumType=Single | secondaryTypes=[]
[DEBUG] Album: Lift Yourself | monitored=False | albumType=Single | secondaryTypes=[]
[DEBUG] Album: XTCY | monitored=False | albumType=Single | secondaryTypes=[]
[DEBUG] Album: Dear Donda | monitored=False | albumType=EP | secondaryTypes=['Compilation']
[DEBUG] Album: Glow in the Dark | monitored=False | albumType=EP | secondaryTypes=[]
[DEBUG] Album: Love Lockdown | monitored=False | albumType=EP | secondaryTypes=[]
[DEBUG] Album: Paranoid | monitored=False | albumType=Single | secondaryTypes=[]
[DEBUG] Album: Jesus Walks | monitored=False | albumType=Single | secondaryTypes=[]
[DEBUG] Album: Heard ’Em Say / Touch the Sky | monitored=False | albumType=Single | secondaryTypes=['Compilation']
[DEBUG] Album: Unreleased Joints Volume 5 | monitored=False | albumType=EP | secondaryTypes=[]
[DEBUG] Album: Unreleased Joints Volume 6 | monitored=False | albumType=EP | secondaryTypes=[]
[DEBUG] Album: Good Life | monitored=False | albumType=Single | secondaryTypes=[]
[DEBUG] Album: Life of the Party | monitored=False | albumType=EP | secondaryTypes=[]
[DEBUG] Album: Flashing Lights | monitored=False | albumType=Single | secondaryTypes=[]
[DEBUG] Album: Heartless | monitored=False | albumType=Single | secondaryTypes=[]
[DEBUG] Album: Unreleased Joints, Volume 1 | monitored=False | albumType=EP | secondaryTypes=[]
[DEBUG] Album: When I See It | monitored=False | albumType=Single | secondaryTypes=[]
[DEBUG] Album: Someday We’ll All Be Free | monitored=False | albumType=Single | secondaryTypes=[]
[DEBUG] Album: BED YEEZY SEASON 5 | monitored=False | albumType=Single | secondaryTypes=[]
[DEBUG] Album: Graduation “Bonus Tracks, Remixes, Unreleased” EP | monitored=False | albumType=EP | secondaryTypes=[]
[DEBUG] Album: Runaway | monitored=False | albumType=Single | secondaryTypes=[]
[DEBUG] Album: Touch the Sky | monitored=False | albumType=Single | secondaryTypes=[]
[DEBUG] Album: Gold Digger | monitored=False | albumType=Single | secondaryTypes=[]
[DEBUG] Album: Homecoming | monitored=False | albumType=Single | secondaryTypes=[]
[DEBUG] Album: Take One for the Team | monitored=False | albumType=Single | secondaryTypes=[]
[DEBUG] Album: Christian Dior Denim Flow | monitored=False | albumType=Single | secondaryTypes=[]
[DEBUG] Album: Amazing | monitored=False | albumType=Single | secondaryTypes=[]
[DEBUG] Album: All of the Lights | monitored=False | albumType=Single | secondaryTypes=[]
[DEBUG] Album: Looking for Trouble | monitored=False | albumType=Single | secondaryTypes=[]
[DEBUG] Album: Good Friday | monitored=False | albumType=Single | secondaryTypes=[]
[DEBUG] Album: Chain Heavy | monitored=False | albumType=Single | secondaryTypes=[]
[DEBUG] Album: Cold | monitored=False | albumType=Single | secondaryTypes=[]
[DEBUG] Album: Mercy | monitored=False | albumType=Single | secondaryTypes=[]
[DEBUG] Album: The Joy | monitored=False | albumType=Single | secondaryTypes=[]
[DEBUG] Album: Classic (Better Than I’ve Ever Been) | monitored=False | albumType=Single | secondaryTypes=[]
[DEBUG] Album: All Day | monitored=False | albumType=Single | secondaryTypes=[]
[DEBUG] Album: Champions | monitored=False | albumType=Single | secondaryTypes=[]
[DEBUG] Album: Ye vs. The People | monitored=False | albumType=Single | secondaryTypes=[]
[DEBUG] Album: So Appalled | monitored=False | albumType=Single | secondaryTypes=[]
[DEBUG] Album: I Love It | monitored=False | albumType=Single | secondaryTypes=[]
[DEBUG] Album: True Love | monitored=False | albumType=Single | secondaryTypes=[]
[DEBUG] Album: Life of the Party | monitored=False | albumType=Single | secondaryTypes=[]
[DEBUG] Album: Impossible | monitored=False | albumType=Single | secondaryTypes=[]
[DEBUG] Album: Heard ’Em Say | monitored=False | albumType=Single | secondaryTypes=[]
[DEBUG] Album: Wash Us in the Blood | monitored=False | albumType=Single | secondaryTypes=[]
[DEBUG] Album: Only One | monitored=False | albumType=Single | secondaryTypes=[]
[DEBUG] Album: Christmas in Harlem | monitored=False | albumType=Single | secondaryTypes=[]
[DEBUG] Album: H•A•M | monitored=False | albumType=Single | secondaryTypes=[]
[DEBUG] Album: Monster | monitored=False | albumType=Single | secondaryTypes=[]
[DEBUG] Album: Clique | monitored=False | albumType=Single | secondaryTypes=[]
[DEBUG] Album: ALIVE | monitored=False | albumType=Single | secondaryTypes=[]
[DEBUG] Album: Hurricane | monitored=False | albumType=Single | secondaryTypes=[]
[DEBUG] Album: Don't Look Down | monitored=False | albumType=Single | secondaryTypes=[]
[DEBUG] Album: Lord Lord Lord | monitored=False | albumType=Single | secondaryTypes=[]
[DEBUG] Album: COUSINS | monitored=False | albumType=Single | secondaryTypes=[]
[DEBUG] Album: HEIL HITLER | monitored=False | albumType=Single | secondaryTypes=[]
[DEBUG] Album: THE HEIL SYMPHONY | monitored=False | albumType=Single | secondaryTypes=[]
[DEBUG] Album: WW3 | monitored=False | albumType=Single | secondaryTypes=[]
[DEBUG] Album: Diamonds From Sierra Leone | monitored=False | albumType=Single | secondaryTypes=[]
[DEBUG] Album: OUTSİDE | monitored=True | albumType=Single | secondaryTypes=[]
[DEBUG] Album: BULLY | monitored=True | albumType=Album | secondaryTypes=[]
[DEBUG] Plex signals:
  artist=¥$, Ye, Ty Dolla $ign
  rating=None
  play_count=None
[DEBUG] Last.fm signals:
  artist=Ye
  play_count=21
  ratio=0.014
[DEBUG] Merged signals: affinity=1.20 confidence=0.40 sources=['lastfm']
[DEBUG] Partial album detected: My Beautiful Dark Twisted Fantasy (1/13)
[DEBUG] Partial album detected: The Life of Pablo (2/19)
[DEBUG] Partial album detected: ye (1/7)
[DEBUG] Skipping monitored album: BULLY

[DEBUG] Album scoring:
- Jesus Is King | monitored=False | score=6.00 (base=5.00) | affinity=1.20 | core_catalog_peak(+5), affinity_multiplier(1.20)
- Donda | monitored=False | score=6.00 (base=5.00) | affinity=1.20 | core_catalog_peak(+5), affinity_multiplier(1.20)
- ye | monitored=False | score=3.60 (base=3.00) | affinity=1.20 | completion=1/7 (0.14) | partial_below_min_ratio(0.14), strong_catalog(+3), affinity_multiplier(1.20)
- The Life of Pablo | monitored=False | score=3.60 (base=3.00) | affinity=1.20 | completion=2/19 (0.11) | partial_below_min_ratio(0.11), strong_catalog(+3), affinity_multiplier(1.20)
- Yeezus | monitored=False | score=3.60 (base=3.00) | affinity=1.20 | strong_catalog(+3), affinity_multiplier(1.20)
[INFO] Intent decided:
  Action: RECOMMEND_ONLY
  Artist: Ye
  Album: Jesus Is King
  Reason: score 6.00 below acquire threshold 9
  Score: 6.00
  Thresholds: acquire=9, recommend=4
[INFO] Processing artist MBID: d6a3eeec-cde0-4c10-89b2-93e0bd5f34e6
[DEBUG] Total artists: 479
[DEBUG] Found artist match
[INFO] Artist already exists
[DEBUG] Total artists: 479
[DEBUG] Found artist match

[DEBUG] ===== HYDRATED ALBUM STATE =====
[DEBUG] Album: Approaching Normal | monitored=False | albumType=Album | secondaryTypes=[]
[DEBUG] Album: Foiled | monitored=False | albumType=Album | secondaryTypes=[]
[DEBUG] Album: History for Sale | monitored=False | albumType=Album | secondaryTypes=[]
[DEBUG] Album: I Hope You’re Happy | monitored=False | albumType=Single | secondaryTypes=[]
[DEBUG] Album: Consent to Treatment | monitored=False | albumType=Album | secondaryTypes=[]
[DEBUG] Album: Any Man in America | monitored=False | albumType=Album | secondaryTypes=[]
[DEBUG] Album: The Answers | monitored=False | albumType=Album | secondaryTypes=[]
[DEBUG] Album: Sway | monitored=False | albumType=Album | secondaryTypes=[]
[DEBUG] Album: I Hope You’re Happy | monitored=False | albumType=Album | secondaryTypes=[]
[DEBUG] Album: Home | monitored=False | albumType=Album | secondaryTypes=[]
[DEBUG] Album: This Is What I Live For | monitored=False | albumType=Album | secondaryTypes=[]
[DEBUG] Album: Spinning the Truth Around (Part I) | monitored=True | albumType=Album | secondaryTypes=[]
[DEBUG] Album: Spinning the Truth Around (Part II) | monitored=False | albumType=Album | secondaryTypes=[]
[DEBUG] Album: Jump Rope | monitored=False | albumType=EP | secondaryTypes=[]
[DEBUG] Album: The Scar | monitored=False | albumType=Single | secondaryTypes=[]
[DEBUG] Album: Blue October: Live At Lollapalooza 2006 | monitored=False | albumType=Single | secondaryTypes=[]
[DEBUG] Album: Foiled Again | monitored=False | albumType=EP | secondaryTypes=[]
[DEBUG] Album: Fear | monitored=False | albumType=Single | secondaryTypes=[]
[DEBUG] Album: Debris | monitored=False | albumType=EP | secondaryTypes=[]
[DEBUG] Album: Daylight | monitored=False | albumType=EP | secondaryTypes=[]
[DEBUG] Album: Oh My My | monitored=False | albumType=Single | secondaryTypes=[]
[DEBUG] Album: King | monitored=False | albumType=Single | secondaryTypes=[]
[DEBUG] Album: Where Did You Go I’m Less of a Mess These Days | monitored=False | albumType=Single | secondaryTypes=[]
[DEBUG] Album: Spinning the Truth Around | monitored=False | albumType=Single | secondaryTypes=[]
[DEBUG] Album: Down Here Waiting | monitored=False | albumType=Single | secondaryTypes=[]
[DEBUG] Album: Everything We Lost in the Fire | monitored=False | albumType=Single | secondaryTypes=[]
[DEBUG] Album: Moving On (Spun Down) | monitored=False | albumType=Single | secondaryTypes=[]
[DEBUG] Album: Hot Stuff | monitored=False | albumType=Single | secondaryTypes=[]
[DEBUG] Plex signals:
  artist=Blue October
  rating=None
  play_count=5
[DEBUG] Last.fm signals:
  artist=Blue October
  play_count=5
  ratio=0.003
[DEBUG] Merged signals: affinity=1.80 confidence=1.00 sources=['plex', 'lastfm']
[DEBUG] Partial album detected: Approaching Normal (1/12)
[DEBUG] Plex-owned but incomplete: Approaching Normal
[DEBUG] Partial album detected: Foiled (4/13)
[DEBUG] Plex-owned but incomplete: Foiled
[DEBUG] Partial album detected: History for Sale (1/12)
[DEBUG] Plex-owned but incomplete: History for Sale
[DEBUG] Skipping fully owned album: Spinning the Truth Around (Part I)

[DEBUG] Album scoring:
- This Is What I Live For | monitored=False | score=9.00 (base=5.00) | affinity=1.80 | core_catalog_peak(+5), affinity_multiplier(1.80)
- Foiled | monitored=False | score=6.94 (base=3.85) | affinity=1.80 | completion=4/13 (0.31) | partial_completion_boost(+2.85), deep_catalog(+1), affinity_multiplier(1.80)
- I Hope You’re Happy | monitored=False | score=5.40 (base=3.00) | affinity=1.80 | strong_catalog(+3), affinity_multiplier(1.80)
- Home | monitored=False | score=5.40 (base=3.00) | affinity=1.80 | strong_catalog(+3), affinity_multiplier(1.80)
- Sway | monitored=False | score=5.40 (base=3.00) | affinity=1.80 | strong_catalog(+3), affinity_multiplier(1.80)
[INFO] Intent decided:
  Action: ACQUIRE_ARTIST
  Artist: Blue October
  Album: This Is What I Live For
  Reason: score 9.00 >= acquire threshold 9
  Score: 9.00
  Thresholds: acquire=9, recommend=4
[INFO] Deepen cycle result (dry run):
{
  "status": "success",
  "candidate_count": 30,
  "evaluated": 3,
  "acquired": 2,
  "recommended": 1,
  "no_action": 0,
  "skipped_prefilter": 0,
  "skipped_suppressed": 0,
  "skipped_recommendation_backoff": 0,
  "skipped_cooldown": 0,
  "limit_evaluations": 5,
  "limit_acquires": 2,
  "dry_run": true,
  "results": [
    {
      "artist_name": "The Flaming Lips",
      "mbid": "1f43d76f-8edf-44f6-aaf1-b65f05ad9402",
      "lastfm_playcount": 6,
      "partial_present": true,
      "eligible_album_count": 23,
      "fully_owned": false,
      "in_cooldown": false,
      "in_recommendation_backoff": false,
      "is_suppressed": false,
      "suppression_reason": null,
      "result_type": "acquire_artist",
      "message": "would acquire artist best release",
      "planner_status": "success",
      "planner_action": "ACQUIRE_ARTIST",
      "planner_reason": "score 9.00 >= acquire threshold 9",
      "selected_album": "King’s Mouth: Music and Songs",
      "album_count": 104
    },
    {
      "artist_name": "Ye",
      "mbid": "164f0d73-1234-4e2c-8743-d77bf2191051",
      "lastfm_playcount": 21,
      "partial_present": true,
      "eligible_album_count": 12,
      "fully_owned": false,
      "in_cooldown": false,
      "in_recommendation_backoff": false,
      "is_suppressed": false,
      "suppression_reason": null,
      "result_type": "recommend_only",
      "message": "recommendation only",
      "planner_status": "success",
      "planner_action": "RECOMMEND_ONLY",
      "planner_reason": "score 6.00 below acquire threshold 9",
      "selected_album": "Jesus Is King",
      "album_count": 88
    },
    {
      "artist_name": "Blue October",
      "mbid": "d6a3eeec-cde0-4c10-89b2-93e0bd5f34e6",
      "lastfm_playcount": 5,
      "partial_present": true,
      "eligible_album_count": 11,
      "fully_owned": false,
      "in_cooldown": false,
      "in_recommendation_backoff": false,
      "is_suppressed": false,
      "suppression_reason": null,
      "result_type": "acquire_artist",
      "message": "would acquire artist best release",
      "planner_status": "success",
      "planner_action": "ACQUIRE_ARTIST",
      "planner_reason": "score 9.00 >= acquire threshold 9",
      "selected_album": "This Is What I Live For",
      "album_count": 28
    },
    {
      "artist_name": "Radiohead",
      "mbid": "a74b1b7f-71a5-4011-9441-d0b5e4122711",
      "lastfm_playcount": 7,
      "partial_present": true,
      "eligible_album_count": 9,
      "fully_owned": false,
      "in_cooldown": false,
      "in_recommendation_backoff": false,
      "is_suppressed": false,
      "suppression_reason": null,
      "result_type": "stopped_acquire_cap",
      "message": "acquire cap reached"
    }
  ]
}
