[INFO] Timestamped log file: logs\extend-promotion-cycle-20260327-160315.log
[INFO] Latest log file: logs\extend-promotion-cycle-latest.log
=== Resonarr Extend Promotion Cycle ===
[INFO] Promotable candidates found: 12

=== Promotable Candidate 1/12 ===
[INFO] Artist: Andy Grammer
[INFO] Best match score: 0.66
[INFO] Seed count: 2
[INFO] Seen count: 7
[INFO] Recommendation count: 1
[INFO] Source seeds: AJR, Surfaces
[INFO] Status: starter_album_exhausted
[INFO] In recommendation backoff: False
[INFO] Re-evaluating previously exhausted candidate under current staged policy
[INFO] Resolving extend artist: Andy Grammer
[DEBUG] Lookup status: 200
[INFO] Resolved extend artist 'Andy Grammer' -> 'Andy Grammer' (9e60ea29-9607-4f7d-aa96-2092ef41f0d3)
[INFO] Processing artist MBID: 9e60ea29-9607-4f7d-aa96-2092ef41f0d3
[DEBUG] Total artists: 471
[DEBUG] Artist NOT found
[INFO] Adding artist...
[DEBUG] Quality profiles status: 200
[DEBUG] Quality profiles returned: 2
[DEBUG] Resolved quality profile 'Lossless' -> ID 2
[DEBUG] Metadata profiles status: 200
[DEBUG] Metadata profiles returned: 2
[DEBUG] Resolved metadata profile 'Standard' -> ID 1
[DEBUG] Add artist status: 201
[DEBUG] Add artist response: {
  "status": "continuing",
  "ended": false,
  "artistName": "Andy Grammer",
  "foreignArtistId": "9e60ea29-9607-4f7d-aa96-2092ef41f0d3",
  "tadbId": 0,
  "discogsId": 0,
  "overview": "Andrew Charles Grammer is an American singer, songwriter, and record producer. He has been signed to Mushroom Music Publishing since March 2022.",
  "artistType": "Person",
  "disambiguation": "",
  "links": [
    {
      "url": "https://www.wikidata.org/wiki/Q4299814",
      "name": "wikidata"
    },
    {
      "url": "http://muzikum.eu/en/122-11611/andy-grammer/lyrics.html",
      "name": "muzikum"
    },
    {
      "url": "https://open.spotify.com/artist/2oX42qP5ineK3hrhBECLmj",
      "name": "spotify"
    },
    {
      "url": "https://www.facebook.com/andygrammer",
      "name": "facebook"
    },
    {
      "url": "https://www.discogs.com/artist/2228539",
      "name": "discogs"
    },
    {
      "url": "http://viaf.org/viaf/264509874",
      "name": "viaf"
    },
    {
      "url": "http://andygrammer.com/home",
      "name": "andygrammer"
    },
    {
      "url": "https://www.imdb.com/name/nm4499511/",
      "name": "imdb"
    },
    {
      "url": "https://commons.wikimedia.org/wiki/File:Andy_Grammer_2014.jpg",
      "name": "wikimedia"
    },
    {
      "url": "https://twitter.com/andygrammer",
      "name": "twitter"
    },
    {
      "url": "https://catalogue.bnf.fr/ark:/12148/cb166280905",
      "name": "bnf"
    },
    {
      "url": "https://www.allmusic.com/artist/mn0001814388",
      "name": "allmusic"
    },
    {
      "url": "https://www.songkick.com/artists/713189",
      "name": "songkick"
    },
    {
      "url": "https://www.deezer.com/artist/864595",
      "name": "deezer"
    },
    {
      "url": "https://imvdb.com/n/andy-grammer",
      "name": "imvdb"
    },
    {
      "url": "https://tidal.com/artist/4520321",
      "name": "tidal"
    },
    {
      "url": "https://rateyourmusic.com/artist/andy_grammer",
      "name": "rateyourmusic"
    },
    {
      "url": "https://music.apple.com/us/artist/395772279",
      "name": "apple"
    },
    {
      "url": "https://music.apple.com/ca/artist/395772279",
      "name": "apple"
    }
  ],
  "nextAlbum": null,
  "lastAlbum": null,
  "images": [
    {
      "url": "/MediaCover/509/clearlogo.png",
      "coverType": "clearlogo",
      "extension": ".png",
      "remoteUrl": "https://images.lidarr.audio/cache/https://r2.theaudiodb.com/images/media/artist/logo/andy-grammer-4f4b8b7d68d37.png"
    },
    {
      "url": "/MediaCover/509/fanart.jpg",
      "coverType": "fanart",
      "extension": ".jpg",
      "remoteUrl": "https://images.lidarr.audio/cache/https://r2.theaudiodb.com/images/media/artist/fanart/sstvtp1366342044.jpg"
    },
    {
      "url": "/MediaCover/509/poster.jpg",
      "coverType": "poster",
      "extension": ".jpg",
      "remoteUrl": "https://images.lidarr.audio/cache/https://r2.theaudiodb.com/images/media/artist/thumb/qpptqq1366342435.jpg"
    }
  ],
  "path": "/volume1/music/library/Andy Grammer",
  "qualityProfileId": 2,
  "metadataProfileId": 1,
  "monitored": false,
  "monitorNewItems": "all",
  "rootFolderPath": "/volume1/music/library",
  "genres": [
    "Pop Rock",
    "Alternative Pop",
    "Funk",
    "Pop",
    "Pop Soul",
    "Soul"
  ],
  "cleanName": "andygrammer",
  "sortName": "andy grammer",
  "tags": [],
  "added": "2026-03-27T20:03:18Z",
  "addOptions": {
    "searchForMissingAlbums": false,
    "monitor": "unknown",
    "albumsToMonitor": [],
    "monitored": false
  },
  "ratings": {
    "votes": 0,
    "value": 0
  },
  "statistics": {
    "albumCount": 0,
    "trackFileCount": 0,
    "trackCount": 0,
    "totalTrackCount": 0,
    "sizeOnDisk": 0,
    "percentOfTracks": 0
  },
  "id": 509
}
[DEBUG] Total artists: 472
[DEBUG] Found artist match

[DEBUG] ===== HYDRATED ALBUM STATE (STAGED ARTIST) =====
[DEBUG] Album: Love Myself | monitored=True | albumType=EP | secondaryTypes=[]
[DEBUG] Album: Joy | monitored=True | albumType=Single | secondaryTypes=[]
[DEBUG] Album: Back Home | monitored=True | albumType=Single | secondaryTypes=[]
[DEBUG] Album: Crazy Beautiful EP | monitored=True | albumType=EP | secondaryTypes=[]
[DEBUG] Album: The World Is Yours | monitored=True | albumType=EP | secondaryTypes=[]
[DEBUG] Album: Fresh Eyes | monitored=True | albumType=Single | secondaryTypes=[]
[DEBUG] Album: Magazines or Novels | monitored=True | albumType=Album | secondaryTypes=[]
[DEBUG] Album: Good to Be Alive (Hallelujah) | monitored=True | albumType=Single | secondaryTypes=[]
[DEBUG] Album: The Good Parts | monitored=True | albumType=Album | secondaryTypes=[]
[DEBUG] Album: Andy Grammer | monitored=True | albumType=Album | secondaryTypes=[]
[DEBUG] Album: Naive | monitored=True | albumType=Album | secondaryTypes=[]
[DEBUG] Album: Don’t Give Up on Me (from “Five Feet Apart”) | monitored=True | albumType=Single | secondaryTypes=['Soundtrack']
[DEBUG] Album: Some Girl / I Am Yours / Don’t Give Up on Me | monitored=True | albumType=Single | secondaryTypes=[]
[DEBUG] Album: Soft Lights on Bright Colors | monitored=True | albumType=EP | secondaryTypes=[]
[DEBUG] Album: My Own Hero / Don’t Give Up on Me | monitored=True | albumType=Single | secondaryTypes=[]
[DEBUG] Album: Love Myself | monitored=True | albumType=Single | secondaryTypes=[]
[DEBUG] Album: The Art of Joy | monitored=True | albumType=EP | secondaryTypes=[]
[DEBUG] Album: Damn It Feels Good To Be Me | monitored=True | albumType=Single | secondaryTypes=[]
[DEBUG] Album: Good Man (First Love) | monitored=True | albumType=Single | secondaryTypes=[]
[DEBUG] Album: Love Is the New Money | monitored=True | albumType=Single | secondaryTypes=[]
[DEBUG] Album: Good in Me | monitored=True | albumType=Single | secondaryTypes=[]
[DEBUG] Album: Monster | monitored=True | albumType=Album | secondaryTypes=[]
[DEBUG] Album: Magic | monitored=True | albumType=Single | secondaryTypes=[]
[DEBUG] Album: These Tears | monitored=True | albumType=Single | secondaryTypes=[]
[DEBUG] Album: Good Company | monitored=True | albumType=Single | secondaryTypes=[]
[DEBUG] Album: Lease On Life | monitored=True | albumType=Single | secondaryTypes=[]
[DEBUG] Album: Without You | monitored=True | albumType=Single | secondaryTypes=[]
[DEBUG] Album: Keep Your Head Up | monitored=True | albumType=Single | secondaryTypes=[]
[DEBUG] Album: Give Love | monitored=True | albumType=Single | secondaryTypes=[]
[DEBUG] Album: Saved My Life | monitored=True | albumType=Single | secondaryTypes=[]
[DEBUG] Album: I Do | monitored=True | albumType=Single | secondaryTypes=[]
[DEBUG] Album: Expensive | monitored=True | albumType=Single | secondaryTypes=[]
[DEBUG] Album: The Wrong Party (with Fitz and The Tantrums) | monitored=True | albumType=Single | secondaryTypes=[]
[DEBUG] Plex: artist not found: Andy Grammer
[DEBUG] Last.fm signals:
  artist=Andy Grammer
  play_count=0
  ratio=0
[DEBUG] Merged signals: affinity=1.00 confidence=0.40 sources=['lastfm']
[DEBUG] Ignoring monitored flag for staged artist album: Magazines or Novels
[DEBUG] Ignoring monitored flag for staged artist album: The Good Parts
[DEBUG] Ignoring monitored flag for staged artist album: Andy Grammer
[DEBUG] Ignoring monitored flag for staged artist album: Naive
[DEBUG] Ignoring monitored flag for staged artist album: Monster

[DEBUG] Album scoring:
- The Good Parts | monitored=True | score=3.00 (base=3.00) | affinity=1.00 | recent_release(+3), affinity_multiplier(1.00)
- Naive | monitored=True | score=3.00 (base=3.00) | affinity=1.00 | recent_release(+3), affinity_multiplier(1.00)
- Monster | monitored=True | score=3.00 (base=3.00) | affinity=1.00 | recent_release(+3), affinity_multiplier(1.00)
- Magazines or Novels | monitored=True | score=2.00 (base=2.00) | affinity=1.00 | modern_release(+2), affinity_multiplier(1.00)
- Andy Grammer | monitored=True | score=2.00 (base=2.00) | affinity=1.00 | modern_release(+2), affinity_multiplier(1.00)
[INFO] Intent decided:
  Action: RECOMMEND_ONLY
  Artist: Andy Grammer
  Album: The Good Parts
  Reason: score 3.00 below acquire threshold 9 but >= staged recommend threshold 3
  Score: 3.00
  Thresholds: acquire=9, recommend=4
[INFO] Extend candidate intentionally staged as unmonitored artist in Lidarr
[INFO] Starter album recommendation created
[INFO] Resolved artist: Andy Grammer
[INFO] MBID: 9e60ea29-9607-4f7d-aa96-2092ef41f0d3
[INFO] Album: The Good Parts
[INFO] Reason: score 3.00 below acquire threshold 9 but >= staged recommend threshold 3
[INFO] Score: 3.00

=== Promotable Candidate 2/12 ===
[INFO] Artist: Smino
[INFO] Best match score: 1.00
[INFO] Seed count: 1
[INFO] Seen count: 7
[INFO] Recommendation count: 0
[INFO] Source seeds: Aminé
[INFO] Status: starter_album_exhausted
[INFO] In recommendation backoff: False
[INFO] Re-evaluating previously exhausted candidate under current staged policy
[INFO] Resolving extend artist: Smino
[DEBUG] Lookup status: 200
[INFO] Resolved extend artist 'Smino' -> 'Smino' (96800e05-9924-4321-859a-76e0d4750f2f)
[INFO] Processing artist MBID: 96800e05-9924-4321-859a-76e0d4750f2f
[DEBUG] Total artists: 472
[DEBUG] Artist NOT found
[INFO] Adding artist...
[DEBUG] Quality profiles status: 200
[DEBUG] Quality profiles returned: 2
[DEBUG] Resolved quality profile 'Lossless' -> ID 2
[DEBUG] Metadata profiles status: 200
[DEBUG] Metadata profiles returned: 2
[DEBUG] Resolved metadata profile 'Standard' -> ID 1
[DEBUG] Add artist status: 201
[DEBUG] Add artist response: {
  "status": "continuing",
  "ended": false,
  "artistName": "Smino",
  "foreignArtistId": "96800e05-9924-4321-859a-76e0d4750f2f",
  "tadbId": 0,
  "discogsId": 0,
  "overview": "Christopher Smith Jr., better known by his stage name Smino, is an American rapper and singer. He is the founder of the musical collective Zero Fatigue with Bari, Monte Booker, Jay2, and Ravyn Lenae. He is one third of the supergroup Ghetto Sage, with Saba and Noname. Smino is signed to Downtown Records and Interscope.",
  "artistType": "Person",
  "disambiguation": "American rapper",
  "links": [
    {
      "url": "https://soundcloud.com/sminoworld",
      "name": "soundcloud"
    },
    {
      "url": "https://www.wikidata.org/wiki/Q26209487",
      "name": "wikidata"
    },
    {
      "url": "https://www.facebook.com/SminoBrown",
      "name": "facebook"
    },
    {
      "url": "https://www.zerofatigue.com/",
      "name": "zerofatigue"
    },
    {
      "url": "https://twitter.com/smino",
      "name": "twitter"
    },
    {
      "url": "https://genius.com/artists/Smino",
      "name": "genius"
    },
    {
      "url": "https://www.songkick.com/artists/8668659",
      "name": "songkick"
    },
    {
      "url": "https://open.spotify.com/artist/1ybINI1qPiFbwDXamRtwxD",
      "name": "spotify"
    },
    {
      "url": "https://www.youtube.com/channel/UCMrca1Ll0-Uya6vLP5SECag",
      "name": "youtube"
    },
    {
      "url": "https://www.allmusic.com/artist/mn0003521481",
      "name": "allmusic"
    },
    {
      "url": "https://www.instagram.com/smino/",
      "name": "instagram"
    },
    {
      "url": "https://www.last.fm/music/Smino",
      "name": "last"
    },
    {
      "url": "https://tidal.com/artist/7148361",
      "name": "tidal"
    },
    {
      "url": "https://www.bandsintown.com/a/11920507",
      "name": "bandsintown"
    },
    {
      "url": "https://www.setlist.fm/setlists/smino-5bc41fdc.html",
      "name": "setlist"
    },
    {
      "url": "https://rateyourmusic.com/artist/smino",
      "name": "rateyourmusic"
    },
    {
      "url": "https://smino.bandcamp.com/",
      "name": "bandcamp"
    },
    {
      "url": "https://www.deezer.com/artist/9492178",
      "name": "deezer"
    },
    {
      "url": "https://itunes.apple.com/us/artist/id1029511426",
      "name": "apple"
    },
    {
      "url": "https://www.discogs.com/artist/4786421",
      "name": "discogs"
    }
  ],
  "nextAlbum": null,
  "lastAlbum": null,
  "images": [
    {
      "url": "/MediaCover/510/poster.jpg",
      "coverType": "poster",
      "extension": ".jpg",
      "remoteUrl": "https://images.lidarr.audio/cache/https://r2.theaudiodb.com/images/media/artist/thumb/zfk31b1744069543.jpg"
    }
  ],
  "path": "/volume1/music/library/Smino",
  "qualityProfileId": 2,
  "metadataProfileId": 1,
  "monitored": false,
  "monitorNewItems": "all",
  "rootFolderPath": "/volume1/music/library",
  "genres": [
    "Hip Hop",
    "Contemporary R&B",
    "Pop Rap",
    "Alternative R&B"
  ],
  "cleanName": "smino",
  "sortName": "smino",
  "tags": [],
  "added": "2026-03-27T20:03:24Z",
  "addOptions": {
    "searchForMissingAlbums": false,
    "monitor": "unknown",
    "albumsToMonitor": [],
    "monitored": false
  },
  "ratings": {
    "votes": 0,
    "value": 0
  },
  "statistics": {
    "albumCount": 0,
    "trackFileCount": 0,
    "trackCount": 0,
    "totalTrackCount": 0,
    "sizeOnDisk": 0,
    "percentOfTracks": 0
  },
  "id": 510
}
[DEBUG] Total artists: 473
[DEBUG] Found artist match

[DEBUG] ===== HYDRATED ALBUM STATE (STAGED ARTIST) =====
[DEBUG] Album: blkjuptr | monitored=True | albumType=EP | secondaryTypes=[]
[DEBUG] Album: blkswn | monitored=True | albumType=Album | secondaryTypes=[]
[DEBUG] Album: NØIR | monitored=True | albumType=Album | secondaryTypes=[]
[DEBUG] Album: Reverend | monitored=True | albumType=Single | secondaryTypes=[]
[DEBUG] Album: Trina | monitored=True | albumType=Single | secondaryTypes=[]
[DEBUG] Album: Tempo | monitored=True | albumType=Single | secondaryTypes=[]
[DEBUG] Album: Luv 4 Rent | monitored=True | albumType=Album | secondaryTypes=[]
[DEBUG] Album: Polynesian | monitored=True | albumType=Single | secondaryTypes=[]
[DEBUG] Album: Maybe in Nirvana | monitored=True | albumType=Album | secondaryTypes=[]
[DEBUG] Album: Smellin Like A Re-Up (SINGLE) | monitored=True | albumType=Single | secondaryTypes=[]
[DEBUG] Album: Menu (SINGLE) | monitored=True | albumType=Single | secondaryTypes=[]
[DEBUG] Album: Ciabatta | monitored=True | albumType=Single | secondaryTypes=[]
[DEBUG] Album: 4sport | monitored=True | albumType=EP | secondaryTypes=[]
[DEBUG] Album: mister misfit but aint missed a fit in months | monitored=True | albumType=Single | secondaryTypes=[]
[DEBUG] Album: Backstage Pass | monitored=True | albumType=Single | secondaryTypes=[]
[DEBUG] Album: Baguetti | monitored=True | albumType=Single | secondaryTypes=[]
[DEBUG] Album: Baguetti | monitored=True | albumType=Single | secondaryTypes=[]
[DEBUG] Album: Modennaminute | monitored=True | albumType=Single | secondaryTypes=[]
[DEBUG] Album: I Deserve | monitored=True | albumType=Single | secondaryTypes=[]
[DEBUG] Album: Nokia | monitored=True | albumType=Single | secondaryTypes=[]
[DEBUG] Album: Pecans | monitored=True | albumType=Single | secondaryTypes=[]
[DEBUG] Album: New Coupe, Who Dis? | monitored=True | albumType=Single | secondaryTypes=[]
[DEBUG] Plex: artist not found: Smino
[DEBUG] Last.fm signals:
  artist=Smino
  play_count=0
  ratio=0
[DEBUG] Merged signals: affinity=1.00 confidence=0.40 sources=['lastfm']
[DEBUG] Ignoring monitored flag for staged artist album: blkswn
[DEBUG] Ignoring monitored flag for staged artist album: NØIR
[DEBUG] Ignoring monitored flag for staged artist album: Luv 4 Rent
[DEBUG] Ignoring monitored flag for staged artist album: Maybe in Nirvana

[DEBUG] Album scoring:
- NØIR | monitored=True | score=3.00 (base=3.00) | affinity=1.00 | recent_release(+3), affinity_multiplier(1.00)
- blkswn | monitored=True | score=3.00 (base=3.00) | affinity=1.00 | recent_release(+3), affinity_multiplier(1.00)
- Luv 4 Rent | monitored=True | score=3.00 (base=3.00) | affinity=1.00 | recent_release(+3), affinity_multiplier(1.00)
- Maybe in Nirvana | monitored=True | score=3.00 (base=3.00) | affinity=1.00 | recent_release(+3), affinity_multiplier(1.00)
[INFO] Intent decided:
  Action: RECOMMEND_ONLY
  Artist: Smino
  Album: NØIR
  Reason: score 3.00 below acquire threshold 9 but >= staged recommend threshold 3
  Score: 3.00
  Thresholds: acquire=9, recommend=4
[INFO] Extend candidate intentionally staged as unmonitored artist in Lidarr
[INFO] Starter album recommendation created
[INFO] Resolved artist: Smino
[INFO] MBID: 96800e05-9924-4321-859a-76e0d4750f2f
[INFO] Album: NØIR
[INFO] Reason: score 3.00 below acquire threshold 9 but >= staged recommend threshold 3
[INFO] Score: 3.00

=== Promotable Candidate 3/12 ===
[INFO] Artist: David Guetta
[INFO] Best match score: 1.00
[INFO] Seed count: 1
[INFO] Seen count: 7
[INFO] Recommendation count: 0
[INFO] Source seeds: Calvin Harris
[INFO] Status: starter_album_exhausted
[INFO] In recommendation backoff: False
[INFO] Re-evaluating previously exhausted candidate under current staged policy
[INFO] Resolving extend artist: David Guetta
[DEBUG] Lookup status: 200
[INFO] Resolved extend artist 'David Guetta' -> 'David Guetta' (302bd7b9-d012-4360-897a-93b00c855680)
[INFO] Processing artist MBID: 302bd7b9-d012-4360-897a-93b00c855680
[DEBUG] Total artists: 473
[DEBUG] Found artist match
[INFO] Artist already exists
[DEBUG] Total artists: 473
[DEBUG] Found artist match

[DEBUG] ===== HYDRATED ALBUM STATE =====
[DEBUG] Album: Forever Young | monitored=True | albumType=Single | secondaryTypes=[]
[DEBUG] Album: In Love With Myself | monitored=True | albumType=Single | secondaryTypes=[]
[DEBUG] Album: Pop Life | monitored=True | albumType=Album | secondaryTypes=[]
[DEBUG] Album: Just a Little More Love | monitored=True | albumType=Album | secondaryTypes=[]
[DEBUG] Album: Delirious | monitored=True | albumType=Single | secondaryTypes=[]
[DEBUG] Album: Nothing But the Beat (Party Mix) | monitored=True | albumType=EP | secondaryTypes=[]
[DEBUG] Album: The Best Of | monitored=True | albumType=Album | secondaryTypes=['Compilation']
[DEBUG] Album: Guetta Blaster | monitored=True | albumType=Album | secondaryTypes=[]
[DEBUG] Album: Lovers on the Sun | monitored=True | albumType=EP | secondaryTypes=[]
[DEBUG] Album: Nothing but the Beat | monitored=True | albumType=Album | secondaryTypes=[]
[DEBUG] Album: David Guetta presents F*** Me I’m Famous! International | monitored=True | albumType=Album | secondaryTypes=['Compilation', 'DJ-mix']
[DEBUG] Album: The Alphabeat | monitored=True | albumType=Single | secondaryTypes=[]
[DEBUG] Album: Original Album Series | monitored=True | albumType=Album | secondaryTypes=['Compilation']
[DEBUG] Album: GRRRR | monitored=True | albumType=Single | secondaryTypes=[]
[DEBUG] Album: Pelican | monitored=True | albumType=Single | secondaryTypes=[]
[DEBUG] Album: David Guetta presents F*** Me I’m Famous! International, Vol. 2 | monitored=True | albumType=Album | secondaryTypes=['Compilation', 'DJ-mix']
[DEBUG] Album: 7 | monitored=True | albumType=Album | secondaryTypes=[]
[DEBUG] Album: People (Jet Set 2) : Le Son d’Ibiza | monitored=True | albumType=Album | secondaryTypes=['Soundtrack']
[DEBUG] Album: F*** Me I’m Famous! Ibiza Mix 2005 | monitored=True | albumType=Album | secondaryTypes=['Compilation', 'DJ-mix']
[DEBUG] Album: Bass Line E.P. | monitored=True | albumType=EP | secondaryTypes=[]
[DEBUG] Album: Get Together | monitored=True | albumType=Single | secondaryTypes=[]
[DEBUG] Album: Family Affair (Dance For Me) | monitored=True | albumType=Single | secondaryTypes=[]
[DEBUG] Album: Best of David Guetta | monitored=True | albumType=Album | secondaryTypes=['Compilation']
[DEBUG] Album: New Year’s Eve Party | monitored=True | albumType=Album | secondaryTypes=['Compilation']
[DEBUG] Album: Money | monitored=True | albumType=Single | secondaryTypes=[]
[DEBUG] Album: Just a Little More Love | monitored=True | albumType=Single | secondaryTypes=[]
[DEBUG] Album: Memories of Summer | monitored=True | albumType=EP | secondaryTypes=['Compilation']
[DEBUG] Album: Sunset | monitored=True | albumType=EP | secondaryTypes=['Compilation']
[DEBUG] Album: Best Night of Your Life | monitored=True | albumType=EP | secondaryTypes=['Compilation']
[DEBUG] Album: Party Till Sunrise | monitored=True | albumType=EP | secondaryTypes=['Compilation']
[DEBUG] Album: Listen | monitored=True | albumType=Album | secondaryTypes=[]
[DEBUG] Album: One Love | monitored=True | albumType=Album | secondaryTypes=[]
[DEBUG] Album: Lights Down, Love Loud | monitored=True | albumType=Single | secondaryTypes=[]
[DEBUG] Album: Locked In (feat. Trippie Redd) | monitored=True | albumType=Single | secondaryTypes=[]
[DEBUG] Album: Gone Gone Gone | monitored=True | albumType=Single | secondaryTypes=[]
[DEBUG] Album: Kill The Vibe | monitored=True | albumType=Single | secondaryTypes=[]
[DEBUG] Album: Love Is Gone | monitored=True | albumType=Single | secondaryTypes=[]
[DEBUG] Album: Tomorrow Can Wait | monitored=True | albumType=Single | secondaryTypes=[]
[DEBUG] Album: Love Don't Let Me Go (Walking Away) | monitored=True | albumType=Single | secondaryTypes=[]
[DEBUG] Album: Who’s That Chick? | monitored=True | albumType=Single | secondaryTypes=[]
[DEBUG] Album: When Love Takes Over | monitored=True | albumType=Single | secondaryTypes=[]
[DEBUG] Album: Up & Away | monitored=True | albumType=Single | secondaryTypes=[]
[DEBUG] Album: Stay | monitored=True | albumType=Single | secondaryTypes=[]
[DEBUG] Album: People Come, People Go | monitored=True | albumType=Single | secondaryTypes=[]
[DEBUG] Album: Love, Don't Let Me Go | monitored=True | albumType=Single | secondaryTypes=[]
[DEBUG] Album: The World Is Mine | monitored=True | albumType=Single | secondaryTypes=[]
[DEBUG] Album: Sexy Bitch | monitored=True | albumType=Single | secondaryTypes=[]
[DEBUG] Album: Little Bad Girl | monitored=True | albumType=Single | secondaryTypes=[]
[DEBUG] Album: Louder Than Words | monitored=True | albumType=Single | secondaryTypes=[]
[DEBUG] Album: Turn Me On | monitored=True | albumType=Single | secondaryTypes=[]
[DEBUG] Album: Without You | monitored=True | albumType=Single | secondaryTypes=[]
[DEBUG] Album: I Wanna Go Crazy | monitored=True | albumType=Single | secondaryTypes=[]
[DEBUG] Album: Titanium | monitored=True | albumType=Single | secondaryTypes=[]
[DEBUG] Album: She Wolf (Falling to Pieces) | monitored=True | albumType=Single | secondaryTypes=[]
[DEBUG] Album: Gettin’ Over You | monitored=True | albumType=Single | secondaryTypes=[]
[DEBUG] Album: Memories | monitored=True | albumType=Single | secondaryTypes=[]
[DEBUG] Album: One Love | monitored=True | albumType=Single | secondaryTypes=[]
[DEBUG] Album: Baby When the Light | monitored=True | albumType=Single | secondaryTypes=[]
[DEBUG] Album: Stay / Money | monitored=True | albumType=Single | secondaryTypes=[]
[DEBUG] Album: F*** Me I’m Famous! Ibiza Mix 2013 | monitored=True | albumType=Album | secondaryTypes=['Compilation', 'DJ-mix']
[DEBUG] Album: Metropolis | monitored=True | albumType=Single | secondaryTypes=[]
[DEBUG] Album: Just for One Day (Heroes) | monitored=True | albumType=Single | secondaryTypes=[]
[DEBUG] Album: Shot Me Down | monitored=True | albumType=Single | secondaryTypes=[]
[DEBUG] Album: Play Hard | monitored=True | albumType=Single | secondaryTypes=[]
[DEBUG] Album: Blast Off | monitored=True | albumType=Single | secondaryTypes=[]
[DEBUG] Album: Your Love | monitored=True | albumType=Single | secondaryTypes=[]
[DEBUG] Album: Everytime We Touch | monitored=True | albumType=Single | secondaryTypes=[]
[DEBUG] Album: Bad | monitored=True | albumType=Single | secondaryTypes=[]
[DEBUG] Album: Titanium | monitored=True | albumType=Single | secondaryTypes=[]
[DEBUG] Album: Just One Last Time | monitored=True | albumType=Single | secondaryTypes=[]
[DEBUG] Album: Lovers on the Sun | monitored=True | albumType=Single | secondaryTypes=[]
[DEBUG] Album: Dangerous | monitored=True | albumType=Single | secondaryTypes=[]
[DEBUG] Album: What I Did for Love | monitored=True | albumType=Single | secondaryTypes=[]
[DEBUG] Album: Hey Mama | monitored=True | albumType=Single | secondaryTypes=[]
[DEBUG] Album: Sun Goes Down | monitored=True | albumType=Single | secondaryTypes=[]
[DEBUG] Album: Cuentale | monitored=True | albumType=Single | secondaryTypes=[]
[DEBUG] Album: What I Did for Love | monitored=True | albumType=Single | secondaryTypes=[]
[DEBUG] Album: Clap Your Hands | monitored=True | albumType=Single | secondaryTypes=[]
[DEBUG] Album: Jump | monitored=True | albumType=Single | secondaryTypes=[]
[DEBUG] Album: Bang My Head | monitored=True | albumType=Single | secondaryTypes=[]
[DEBUG] Album: Flames | monitored=True | albumType=Single | secondaryTypes=[]
[DEBUG] Album: Let’s Love | monitored=True | albumType=Single | secondaryTypes=[]
[DEBUG] Album: Beautiful People (Miss Monique remix) | monitored=True | albumType=Single | secondaryTypes=[]
[DEBUG] Album: Beautiful People | monitored=True | albumType=Single | secondaryTypes=[]
[DEBUG] Album: This One’s for You | monitored=True | albumType=Single | secondaryTypes=[]
[DEBUG] Album: Would I Lie to You | monitored=True | albumType=Single | secondaryTypes=[]
[DEBUG] Album: Trampoline | monitored=True | albumType=Single | secondaryTypes=[]
[DEBUG] Album: Light My Body Up | monitored=True | albumType=Single | secondaryTypes=[]
[DEBUG] Album: Where Them Girls At | monitored=True | albumType=Single | secondaryTypes=[]
[DEBUG] Album: Stay (Don’t Go Away) | monitored=True | albumType=Single | secondaryTypes=[]
[DEBUG] Album: Dirty Sexy Money | monitored=True | albumType=Single | secondaryTypes=[]
[DEBUG] Album: Save My Life | monitored=True | albumType=Single | secondaryTypes=[]
[DEBUG] Album: Like I Do | monitored=True | albumType=Single | secondaryTypes=[]
[DEBUG] Album: Say My Name | monitored=True | albumType=Single | secondaryTypes=[]
[DEBUG] Album: 2U | monitored=True | albumType=Single | secondaryTypes=[]
[DEBUG] Album: Better When You’re Gone | monitored=True | albumType=Single | secondaryTypes=[]
[DEBUG] Album: Thing For You | monitored=True | albumType=Single | secondaryTypes=[]
[DEBUG] Album: Alive Again | monitored=True | albumType=Single | secondaryTypes=[]
[DEBUG] Album: Make It to Heaven | monitored=True | albumType=Single | secondaryTypes=[]
[DEBUG] Album: Detroit 3 AM | monitored=True | albumType=Single | secondaryTypes=[]
[DEBUG] Album: Permanence | monitored=True | albumType=Single | secondaryTypes=[]
[DEBUG] Album: Element | monitored=True | albumType=Single | secondaryTypes=[]
[DEBUG] Album: Episode 2 | monitored=True | albumType=EP | secondaryTypes=[]
[DEBUG] Album: Something to Hold on To | monitored=True | albumType=Single | secondaryTypes=[]
[DEBUG] Album: The Future Is Now - The Truth | monitored=True | albumType=Single | secondaryTypes=[]
[DEBUG] Album: New Rave | monitored=True | albumType=EP | secondaryTypes=[]
[DEBUG] Album: Dreams | monitored=True | albumType=Single | secondaryTypes=[]
[DEBUG] Album: This Ain’t Techno | monitored=True | albumType=Single | secondaryTypes=[]
[DEBUG] Album: Never Be Alone | monitored=True | albumType=Single | secondaryTypes=[]
[DEBUG] Album: Memories | monitored=True | albumType=Single | secondaryTypes=[]
[DEBUG] Album: Never Going Home Tonight | monitored=True | albumType=Single | secondaryTypes=[]
[DEBUG] Album: If You Really Love Me (How Will I Know) | monitored=True | albumType=Single | secondaryTypes=[]
[DEBUG] Album: Impossible | monitored=True | albumType=Single | secondaryTypes=[]
[DEBUG] Album: Family | monitored=True | albumType=Single | secondaryTypes=[]
[DEBUG] Album: Get Together (Tuborg Open mix) | monitored=True | albumType=Single | secondaryTypes=[]
[DEBUG] Album: Perfect (Exceeder) | monitored=True | albumType=Single | secondaryTypes=[]
[DEBUG] Album: Silver Screen (Shower Scene) | monitored=True | albumType=Single | secondaryTypes=[]
[DEBUG] Album: Crazy What Love Can Do | monitored=True | albumType=Single | secondaryTypes=[]
[DEBUG] Album: Pa' la cultura | monitored=True | albumType=Single | secondaryTypes=[]
[DEBUG] Album: Lovers On The Sun (Remixes) | monitored=True | albumType=EP | secondaryTypes=[]
[DEBUG] Album: Ain’t a Party | monitored=True | albumType=Single | secondaryTypes=[]
[DEBUG] Album: Satisfaction | monitored=True | albumType=Single | secondaryTypes=[]
[DEBUG] Album: I’m Good (Blue) | monitored=True | albumType=Single | secondaryTypes=[]
[DEBUG] Album: You Can’t Change Me | monitored=True | albumType=Single | secondaryTypes=[]
[DEBUG] Album: The Freaks | monitored=True | albumType=Single | secondaryTypes=[]
[DEBUG] Album: Lost in the Rhythm | monitored=True | albumType=Single | secondaryTypes=[]
[DEBUG] Album: Big FU | monitored=True | albumType=Single | secondaryTypes=[]
[DEBUG] Album: When We Were Young (The Logical Song) | monitored=True | albumType=Single | secondaryTypes=[]
[DEBUG] Album: The Final Countdown 2025 | monitored=True | albumType=Single | secondaryTypes=[]
[DEBUG] Album: I Don’t Wanna Wait | monitored=True | albumType=Single | secondaryTypes=[]
[DEBUG] Album: Kill The Vibe | monitored=True | albumType=Single | secondaryTypes=[]
[DEBUG] Album: Raving | monitored=True | albumType=Single | secondaryTypes=[]
[DEBUG] Album: Man in Finance | monitored=True | albumType=Single | secondaryTypes=[]
[DEBUG] Album: Switch | monitored=True | albumType=Single | secondaryTypes=[]
[DEBUG] Album: If (A Better World) | monitored=True | albumType=Single | secondaryTypes=[]
[DEBUG] Album: Home | monitored=True | albumType=Single | secondaryTypes=[]
[DEBUG] Album: Prayer | monitored=True | albumType=Single | secondaryTypes=[]
[DEBUG] Album: F*** Me I’m Famous! Ibiza Mix 2011 | monitored=True | albumType=Album | secondaryTypes=['Compilation', 'DJ-mix']
[DEBUG] Album: Dangerous, Part II | monitored=True | albumType=Single | secondaryTypes=[]
[DEBUG] Album: Night in Detroit | monitored=True | albumType=Single | secondaryTypes=[]
[DEBUG] Album: Together | monitored=True | albumType=Single | secondaryTypes=[]
[DEBUG] Album: Things I Haven’t Told You | monitored=True | albumType=Single | secondaryTypes=[]
[DEBUG] Album: After You | monitored=True | albumType=Single | secondaryTypes=[]
[DEBUG] Album: Gone Gone Gone | monitored=True | albumType=Single | secondaryTypes=[]
[DEBUG] Album: Gone Gone Gone (MK remix) | monitored=True | albumType=Single | secondaryTypes=['Remix', 'Soundtrack']
[DEBUG] Album: Gone Gone Gone (unplugged) | monitored=True | albumType=Single | secondaryTypes=[]
[DEBUG] Album: Don’t Leave Me Alone | monitored=True | albumType=Single | secondaryTypes=[]
[DEBUG] Album: Baby Don’t Hurt Me | monitored=True | albumType=Single | secondaryTypes=[]
[DEBUG] Album: Locked In | monitored=True | albumType=Single | secondaryTypes=[]
[DEBUG] Album: Get Together (TBRG Open mix) | monitored=True | albumType=Single | secondaryTypes=[]
[DEBUG] Album: Walked Away | monitored=True | albumType=Single | secondaryTypes=[]
[DEBUG] Plex: artist not found: David Guetta
[DEBUG] Last.fm signals:
  artist=David Guetta
  play_count=0
  ratio=0
[DEBUG] Merged signals: affinity=1.00 confidence=0.40 sources=['lastfm']
[DEBUG] Skipping monitored album: Pop Life
[DEBUG] Skipping monitored album: Just a Little More Love
[DEBUG] Skipping monitored album: Guetta Blaster
[DEBUG] Skipping monitored album: Nothing but the Beat
[DEBUG] Skipping monitored album: 7
[DEBUG] Skipping monitored album: People (Jet Set 2) : Le Son d’Ibiza
[DEBUG] Skipping monitored album: Listen
[DEBUG] Skipping monitored album: One Love
[INFO] No eligible albums remain after ownership filtering
[INFO] Intent decided:
  Action: NO_ACTION
  Artist: David Guetta
  Album: (all albums owned)
  Reason: no eligible albums remain after ownership filtering
  Score: None
  Thresholds: acquire=9, recommend=4
[INFO] No starter album acquisition candidate emitted: no eligible albums remain after ownership filtering
[INFO] Recorded starter album exhaustion for staged/promoted candidate

=== Promotable Candidate 4/12 ===
[INFO] Artist: BoyWithUke
[INFO] Best match score: 1.00
[INFO] Seed count: 1
[INFO] Seen count: 5
[INFO] Recommendation count: 0
[INFO] Source seeds: AJR
[INFO] Status: starter_album_exhausted
[INFO] In recommendation backoff: False
[INFO] Re-evaluating previously exhausted candidate under current staged policy
[INFO] Resolving extend artist: BoyWithUke
[DEBUG] Lookup status: 200
[INFO] Resolved extend artist 'BoyWithUke' -> 'BoyWithUke' (a148ffde-581c-4c39-a8f1-bc49dec7fe68)
[INFO] Processing artist MBID: a148ffde-581c-4c39-a8f1-bc49dec7fe68
[DEBUG] Total artists: 473
[DEBUG] Artist NOT found
[INFO] Adding artist...
[DEBUG] Quality profiles status: 200
[DEBUG] Quality profiles returned: 2
[DEBUG] Resolved quality profile 'Lossless' -> ID 2
[DEBUG] Metadata profiles status: 200
[DEBUG] Metadata profiles returned: 2
[DEBUG] Resolved metadata profile 'Standard' -> ID 1
[DEBUG] Add artist status: 201
[DEBUG] Add artist response: {
  "status": "continuing",
  "ended": false,
  "artistName": "BoyWithUke",
  "foreignArtistId": "a148ffde-581c-4c39-a8f1-bc49dec7fe68",
  "tadbId": 0,
  "discogsId": 0,
  "overview": "Charley Yang, known professionally as BoyWithUke or chandol, is an American singer, musician and internet personality. Yang first gained popularity on the online platform TikTok with his song \"Two Moons\" and later \"Toxic\", \"IDGAF\", and \"Understand\". Until October 10, 2023, he was known for hiding his face behind an LED mask. He is currently an independent artist after leaving Mercury Records.",
  "artistType": "Person",
  "disambiguation": "",
  "links": [
    {
      "url": "https://www.deezer.com/artist/118046632",
      "name": "deezer"
    },
    {
      "url": "https://open.spotify.com/artist/1Cd373x8qzC7SNUg5IToqp",
      "name": "spotify"
    },
    {
      "url": "https://itunes.apple.com/us/artist/id1546517368",
      "name": "apple"
    },
    {
      "url": "https://music.apple.com/us/artist/1546517368",
      "name": "apple"
    },
    {
      "url": "https://www.youtube.com/channel/UCA3PLfFMuT963D-qGVjAFaw",
      "name": "youtube"
    },
    {
      "url": "https://www.last.fm/music/boywithuke",
      "name": "last"
    },
    {
      "url": "https://www.allmusic.com/artist/mn0004139472",
      "name": "allmusic"
    },
    {
      "url": "https://soundcloud.com/user-269569035",
      "name": "soundcloud"
    },
    {
      "url": "https://www.discogs.com/artist/10039537",
      "name": "discogs"
    },
    {
      "url": "https://www.wikidata.org/wiki/Q109901290",
      "name": "wikidata"
    },
    {
      "url": "https://tidal.com/artist/22800205",
      "name": "tidal"
    },
    {
      "url": "https://www.instagram.com/boywithuke/",
      "name": "instagram"
    }
  ],
  "nextAlbum": null,
  "lastAlbum": null,
  "images": [
    {
      "url": "/MediaCover/511/poster.jpg",
      "coverType": "poster",
      "extension": ".jpg",
      "remoteUrl": "https://images.lidarr.audio/cache/https://r2.theaudiodb.com/images/media/artist/thumb/4i1wzh1669813972.jpg"
    }
  ],
  "path": "/volume1/music/library/BoyWithUke",
  "qualityProfileId": 2,
  "metadataProfileId": 1,
  "monitored": false,
  "monitorNewItems": "all",
  "rootFolderPath": "/volume1/music/library",
  "genres": [
    "Alternative Pop",
    "Hip Hop",
    "Pop Rap",
    "Emo Rap"
  ],
  "cleanName": "boywithuke",
  "sortName": "boywithuke",
  "tags": [],
  "added": "2026-03-27T20:03:39Z",
  "addOptions": {
    "searchForMissingAlbums": false,
    "monitor": "unknown",
    "albumsToMonitor": [],
    "monitored": false
  },
  "ratings": {
    "votes": 0,
    "value": 0
  },
  "statistics": {
    "albumCount": 0,
    "trackFileCount": 0,
    "trackCount": 0,
    "totalTrackCount": 0,
    "sizeOnDisk": 0,
    "percentOfTracks": 0
  },
  "id": 511
}
[DEBUG] Total artists: 474
[DEBUG] Found artist match

[DEBUG] ===== HYDRATED ALBUM STATE (STAGED ARTIST) =====
[DEBUG] Album: Fever Dreams | monitored=True | albumType=Album | secondaryTypes=[]
[DEBUG] Album: Toxic | monitored=True | albumType=Single | secondaryTypes=[]
[DEBUG] Album: Long Drives | monitored=True | albumType=Single | secondaryTypes=[]
[DEBUG] Album: Serotonin Dreams | monitored=True | albumType=Album | secondaryTypes=[]
[DEBUG] Album: Antisocial | monitored=True | albumType=Single | secondaryTypes=[]
[DEBUG] Album: Trouvaille | monitored=True | albumType=Single | secondaryTypes=[]
[DEBUG] Album: Rockstar | monitored=True | albumType=Single | secondaryTypes=[]
[DEBUG] Album: Melatonin Dreams | monitored=True | albumType=Album | secondaryTypes=[]
[DEBUG] Album: Out Of Reach | monitored=True | albumType=Single | secondaryTypes=[]
[DEBUG] Album: Migraine | monitored=True | albumType=Single | secondaryTypes=[]
[DEBUG] Album: Lucid Dreams | monitored=True | albumType=Album | secondaryTypes=[]
[DEBUG] Album: Can You Feel It? | monitored=True | albumType=Single | secondaryTypes=[]
[DEBUG] Album: Burnout | monitored=True | albumType=Album | secondaryTypes=[]
[DEBUG] Album: Faded | monitored=True | albumType=Single | secondaryTypes=[]
[DEBUG] Album: BoyWithUke: B Sides | monitored=True | albumType=Album | secondaryTypes=[]
[DEBUG] Album: Ghost | monitored=True | albumType=Single | secondaryTypes=[]
[DEBUG] Album: Gaslight | monitored=True | albumType=Single | secondaryTypes=[]
[DEBUG] Album: IDGAF | monitored=True | albumType=Single | secondaryTypes=[]
[DEBUG] Album: Sick of U | monitored=True | albumType=Single | secondaryTypes=[]
[DEBUG] Plex: artist not found: BoyWithUke
[DEBUG] Last.fm signals:
  artist=BoyWithUke
  play_count=0
  ratio=0
[DEBUG] Merged signals: affinity=1.00 confidence=0.40 sources=['lastfm']
[DEBUG] Ignoring monitored flag for staged artist album: Fever Dreams
[DEBUG] Ignoring monitored flag for staged artist album: Serotonin Dreams
[DEBUG] Ignoring monitored flag for staged artist album: Melatonin Dreams
[DEBUG] Ignoring monitored flag for staged artist album: Lucid Dreams
[DEBUG] Ignoring monitored flag for staged artist album: Burnout
[DEBUG] Ignoring monitored flag for staged artist album: BoyWithUke: B Sides

[DEBUG] Album scoring:
- Fever Dreams | monitored=True | score=3.00 (base=3.00) | affinity=1.00 | recent_release(+3), affinity_multiplier(1.00)
- Melatonin Dreams | monitored=True | score=3.00 (base=3.00) | affinity=1.00 | recent_release(+3), affinity_multiplier(1.00)
- Serotonin Dreams | monitored=True | score=3.00 (base=3.00) | affinity=1.00 | recent_release(+3), affinity_multiplier(1.00)
- Lucid Dreams | monitored=True | score=3.00 (base=3.00) | affinity=1.00 | recent_release(+3), affinity_multiplier(1.00)
- Burnout | monitored=True | score=3.00 (base=3.00) | affinity=1.00 | recent_release(+3), affinity_multiplier(1.00)
[INFO] Intent decided:
  Action: RECOMMEND_ONLY
  Artist: BoyWithUke
  Album: Fever Dreams
  Reason: score 3.00 below acquire threshold 9 but >= staged recommend threshold 3
  Score: 3.00
  Thresholds: acquire=9, recommend=4
[INFO] Extend candidate intentionally staged as unmonitored artist in Lidarr
[INFO] Starter album recommendation created
[INFO] Resolved artist: BoyWithUke
[INFO] MBID: a148ffde-581c-4c39-a8f1-bc49dec7fe68
[INFO] Album: Fever Dreams
[INFO] Reason: score 3.00 below acquire threshold 9 but >= staged recommend threshold 3
[INFO] Score: 3.00

[INFO] Reached starter album planning cap for this run

=== EXTEND PROMOTION SUMMARY ===
[INFO] Starter album outputs created: 3
[INFO] Skipped existing starter album candidate: 0
[INFO] Skipped recommendation backoff: 0
[INFO] Skipped below acquire threshold: 1
[INFO] Failed planning attempts: 0
