[INFO] Timestamped log file: logs\extend-cycle-20260327-130006.log
[INFO] Latest log file: logs\extend-cycle-latest.log
=== Resonarr Extend Cycle ===
[INFO] Extend candidates found: 20
[INFO] Artist: BoyWithUke
[INFO] Best match score: 1.00
[INFO] Seed count: 1
[INFO] Seen count: 4
[INFO] Recommendation count: 0
[INFO] Seed playcount: 34
[INFO] Source seeds: AJR
[INFO] Status: promotable
[INFO] Is promotable: True
[INFO] In recommendation backoff: False
[INFO] Candidate is promotable and ready for starter album planning
[INFO] Artist: American Authors
[INFO] Best match score: 0.89
[INFO] Seed count: 1
[INFO] Seen count: 4
[INFO] Recommendation count: 0
[INFO] Seed playcount: 34
[INFO] Source seeds: AJR
[INFO] Status: promotable
[INFO] Is promotable: True
[INFO] In recommendation backoff: False
[INFO] Candidate is promotable and ready for starter album planning
[INFO] Artist: Em Beihold
[INFO] Best match score: 0.87
[INFO] Seed count: 1
[INFO] Seen count: 4
[INFO] Recommendation count: 0
[INFO] Seed playcount: 34
[INFO] Source seeds: AJR
[INFO] Status: promotable
[INFO] Is promotable: True
[INFO] In recommendation backoff: False
[INFO] Candidate is promotable and ready for starter album planning
[INFO] Artist: The Astronomers
[INFO] Best match score: 0.85
[INFO] Seed count: 1
[INFO] Seen count: 4
[INFO] Recommendation count: 0
[INFO] Seed playcount: 34
[INFO] Source seeds: AJR
[INFO] Status: promotable
[INFO] Is promotable: True
[INFO] In recommendation backoff: False
[INFO] Candidate is promotable and ready for starter album planning
[INFO] Artist: lovelytheband
[INFO] Best match score: 0.74
[INFO] Seed count: 1
[INFO] Seen count: 5
[INFO] Recommendation count: 0
[INFO] Seed playcount: 34
[INFO] Source seeds: AJR
[INFO] Status: new
[INFO] Is promotable: False
[INFO] In recommendation backoff: False
[INFO] Holding candidate until promotion threshold is met
[INFO] Artist: half•alive
[INFO] Best match score: 0.72
[INFO] Seed count: 1
[INFO] Seen count: 5
[INFO] Recommendation count: 0
[INFO] Seed playcount: 34
[INFO] Source seeds: AJR
[INFO] Status: new
[INFO] Is promotable: False
[INFO] In recommendation backoff: False
[INFO] Holding candidate until promotion threshold is met
[INFO] Artist: Ryan Mack
[INFO] Best match score: 0.71
[INFO] Seed count: 1
[INFO] Seen count: 5
[INFO] Recommendation count: 0
[INFO] Seed playcount: 34
[INFO] Source seeds: AJR
[INFO] Status: new
[INFO] Is promotable: False
[INFO] In recommendation backoff: False
[INFO] Holding candidate until promotion threshold is met
[INFO] Artist: Andy Grammer
[INFO] Best match score: 0.66
[INFO] Seed count: 2
[INFO] Seen count: 6
[INFO] Recommendation count: 1
[INFO] Seed playcount: 72
[INFO] Source seeds: Surfaces, AJR
[INFO] Status: promotable
[INFO] Is promotable: True
[INFO] In recommendation backoff: True
[INFO] Skipping extend promotion due to recommendation backoff
[INFO] Artist: Smino
[INFO] Best match score: 1.00
[INFO] Seed count: 1
[INFO] Seen count: 6
[INFO] Recommendation count: 0
[INFO] Seed playcount: 56
[INFO] Source seeds: Aminé
[INFO] Status: promotable
[INFO] Is promotable: True
[INFO] In recommendation backoff: True
[INFO] Skipping extend promotion due to recommendation backoff
[INFO] Artist: David Guetta
[INFO] Best match score: 1.00
[INFO] Seed count: 1
[INFO] Seen count: 6
[INFO] Recommendation count: 0
[INFO] Seed playcount: 39
[INFO] Source seeds: Calvin Harris
[INFO] Status: promotable
[INFO] Is promotable: True
[INFO] In recommendation backoff: True
[INFO] Skipping extend promotion due to recommendation backoff
[INFO] Artist: Peekaboo
[INFO] Best match score: 0.90
[INFO] Seed count: 1
[INFO] Seen count: 6
[INFO] Recommendation count: 0
[INFO] Seed playcount: 42
[INFO] Source seeds: NGHTMRE
[INFO] Status: promotable
[INFO] Is promotable: True
[INFO] In recommendation backoff: True
[INFO] Skipping extend promotion due to recommendation backoff
[INFO] Artist: Capital Cities
[INFO] Best match score: 0.78
[INFO] Seed count: 1
[INFO] Seen count: 6
[INFO] Recommendation count: 0
[INFO] Seed playcount: 41
[INFO] Source seeds: Foster the People
[INFO] Status: promotable
[INFO] Is promotable: True
[INFO] In recommendation backoff: True
[INFO] Skipping extend promotion due to recommendation backoff
[INFO] Artist: GoldLink
[INFO] Best match score: 0.74
[INFO] Seed count: 1
[INFO] Seen count: 7
[INFO] Recommendation count: 0
[INFO] Seed playcount: 56
[INFO] Source seeds: Aminé
[INFO] Status: recommended
[INFO] Is promotable: False
[INFO] In recommendation backoff: True
[INFO] Skipping extend promotion due to recommendation backoff
[INFO] Artist: Broken Bells
[INFO] Best match score: 0.73
[INFO] Seed count: 1
[INFO] Seen count: 7
[INFO] Recommendation count: 0
[INFO] Seed playcount: 41
[INFO] Source seeds: Foster the People
[INFO] Status: recommended
[INFO] Is promotable: False
[INFO] In recommendation backoff: True
[INFO] Skipping extend promotion due to recommendation backoff
[INFO] Artist: Young the Giant
[INFO] Best match score: 0.73
[INFO] Seed count: 1
[INFO] Seen count: 7
[INFO] Recommendation count: 0
[INFO] Seed playcount: 41
[INFO] Source seeds: Foster the People
[INFO] Status: recommended
[INFO] Is promotable: False
[INFO] In recommendation backoff: True
[INFO] Skipping extend promotion due to recommendation backoff
[INFO] Artist: Kanye West
[INFO] Best match score: 0.72
[INFO] Seed count: 1
[INFO] Seen count: 7
[INFO] Recommendation count: 0
[INFO] Seed playcount: 46
[INFO] Source seeds: Kid Cudi
[INFO] Status: recommended
[INFO] Is promotable: False
[INFO] In recommendation backoff: True
[INFO] Skipping extend promotion due to recommendation backoff
[INFO] Artist: Illenium
[INFO] Best match score: 0.71
[INFO] Seed count: 1
[INFO] Seen count: 7
[INFO] Recommendation count: 0
[INFO] Seed playcount: 42
[INFO] Source seeds: NGHTMRE
[INFO] Status: recommended
[INFO] Is promotable: False
[INFO] In recommendation backoff: True
[INFO] Skipping extend promotion due to recommendation backoff
[INFO] Artist: Foals
[INFO] Best match score: 0.69
[INFO] Seed count: 1
[INFO] Seen count: 7
[INFO] Recommendation count: 0
[INFO] Seed playcount: 55
[INFO] Source seeds: Two Door Cinema Club
[INFO] Status: recommended
[INFO] Is promotable: False
[INFO] In recommendation backoff: True
[INFO] Skipping extend promotion due to recommendation backoff
[INFO] Artist: Joywave
[INFO] Best match score: 0.69
[INFO] Seed count: 1
[INFO] Seen count: 7
[INFO] Recommendation count: 0
[INFO] Seed playcount: 55
[INFO] Source seeds: Two Door Cinema Club
[INFO] Status: recommended
[INFO] Is promotable: False
[INFO] In recommendation backoff: True
[INFO] Skipping extend promotion due to recommendation backoff
[INFO] Artist: JAY-Z & Kanye West
[INFO] Best match score: 0.67
[INFO] Seed count: 1
[INFO] Seen count: 7
[INFO] Recommendation count: 0
[INFO] Seed playcount: 46
[INFO] Source seeds: Kid Cudi
[INFO] Status: recommended
[INFO] Is promotable: False
[INFO] In recommendation backoff: True
[INFO] Skipping extend promotion due to recommendation backoff

=== EXTEND SUMMARY ===
[INFO] Candidates processed: 20
[INFO] Promotable now: 4
[INFO] Deferred pending more evidence: 3
[INFO] In recommendation backoff: 13
[INFO] Existing starter album candidates: 0
