[INFO] Timestamped log file: logs\extend-promotion-cycle-20260327-204252.log
[INFO] Latest log file: logs\extend-promotion-cycle-latest.log
=== Resonarr Extend Promotion Cycle ===
[INFO] Promotable candidates found: 12

=== Promotable Candidate 1/12 ===
[INFO] Artist: Smino
[INFO] Best match score: 1.00
[INFO] Seed count: 1
[INFO] Seen count: 7
[INFO] Recommendation count: 0
[INFO] Source seeds: Aminé
[INFO] Status: starter_album_recommendation
[INFO] In recommendation backoff: True
[INFO] Re-using existing staged artist in Lidarr
[INFO] Existing starter album recommendation already recorded

=== Promotable Candidate 2/12 ===
[INFO] Artist: BoyWithUke
[INFO] Best match score: 1.00
[INFO] Seed count: 1
[INFO] Seen count: 5
[INFO] Recommendation count: 0
[INFO] Source seeds: AJR
[INFO] Status: starter_album_recommendation
[INFO] In recommendation backoff: True
[INFO] Re-using existing staged artist in Lidarr
[INFO] Existing starter album recommendation already recorded

=== Promotable Candidate 3/12 ===
[INFO] Artist: American Authors
[INFO] Best match score: 0.89
[INFO] Seed count: 1
[INFO] Seen count: 5
[INFO] Recommendation count: 0
[INFO] Source seeds: AJR
[INFO] Status: starter_album_recommendation
[INFO] In recommendation backoff: True
[INFO] Re-using existing staged artist in Lidarr
[INFO] Existing starter album recommendation already recorded

=== Promotable Candidate 4/12 ===
[INFO] Artist: Em Beihold
[INFO] Best match score: 0.87
[INFO] Seed count: 1
[INFO] Seen count: 5
[INFO] Recommendation count: 0
[INFO] Source seeds: AJR
[INFO] Status: starter_album_recommendation
[INFO] In recommendation backoff: True
[INFO] Re-using existing staged artist in Lidarr
[INFO] Existing starter album recommendation already recorded

=== Promotable Candidate 5/12 ===
[INFO] Artist: The Astronomers
[INFO] Best match score: 0.85
[INFO] Seed count: 1
[INFO] Seen count: 5
[INFO] Recommendation count: 0
[INFO] Source seeds: AJR
[INFO] Status: starter_album_recommendation
[INFO] In recommendation backoff: True
[INFO] Re-using existing staged artist in Lidarr
[INFO] Existing starter album recommendation already recorded

=== Promotable Candidate 6/12 ===
[INFO] Artist: Flipturn
[INFO] Best match score: 0.82
[INFO] Seed count: 1
[INFO] Seen count: 2
[INFO] Recommendation count: 0
[INFO] Source seeds: The Backseat Lovers
[INFO] Status: starter_album_recommendation
[INFO] In recommendation backoff: True
[INFO] Re-using existing staged artist in Lidarr
[INFO] Existing starter album recommendation already recorded

=== Promotable Candidate 7/12 ===
[INFO] Artist: Cardinal Bloom
[INFO] Best match score: 0.80
[INFO] Seed count: 1
[INFO] Seen count: 2
[INFO] Recommendation count: 0
[INFO] Source seeds: The Backseat Lovers
[INFO] Status: starter_album_recommendation
[INFO] In recommendation backoff: True
[INFO] Re-using existing staged artist in Lidarr
[INFO] Existing starter album recommendation already recorded

=== Promotable Candidate 8/12 ===
[INFO] Artist: Capital Cities
[INFO] Best match score: 0.78
[INFO] Seed count: 1
[INFO] Seen count: 7
[INFO] Recommendation count: 0
[INFO] Source seeds: Foster the People
[INFO] Status: starter_album_recommendation
[INFO] In recommendation backoff: True
[INFO] Re-using existing staged artist in Lidarr
[INFO] Existing starter album recommendation already recorded

=== Promotable Candidate 9/12 ===
[INFO] Artist: David Guetta
[INFO] Best match score: 1.00
[INFO] Seed count: 1
[INFO] Seen count: 7
[INFO] Recommendation count: 0
[INFO] Source seeds: Calvin Harris
[INFO] Status: starter_album_approved
[INFO] In recommendation backoff: True
[INFO] Existing approved starter album already recorded

=== Promotable Candidate 10/12 ===
[INFO] Artist: Briston Maroney
[INFO] Best match score: 1.00
[INFO] Seed count: 1
[INFO] Seen count: 2
[INFO] Recommendation count: 0
[INFO] Source seeds: The Backseat Lovers
[INFO] Status: starter_album_approved
[INFO] In recommendation backoff: True
[INFO] Existing approved starter album already recorded

=== Promotable Candidate 11/12 ===
[INFO] Artist: Andy Grammer
[INFO] Best match score: 0.66
[INFO] Seed count: 2
[INFO] Seen count: 7
[INFO] Recommendation count: 1
[INFO] Source seeds: AJR, Surfaces
[INFO] Status: starter_album_rejected
[INFO] In recommendation backoff: True
[INFO] Existing rejected starter album already recorded

=== Promotable Candidate 12/12 ===
[INFO] Artist: Peekaboo
[INFO] Best match score: 0.90
[INFO] Seed count: 1
[INFO] Seen count: 7
[INFO] Recommendation count: 0
[INFO] Source seeds: NGHTMRE
[INFO] Status: starter_album_rejected
[INFO] In recommendation backoff: True
[INFO] Existing rejected starter album already recorded

=== EXTEND PROMOTION SUMMARY ===
[INFO] Starter album outputs created: 0
[INFO] Skipped existing starter album candidate: 12
[INFO] Skipped recommendation backoff: 0
[INFO] Skipped below acquire threshold: 0
[INFO] Failed planning attempts: 0
