[INFO] Timestamped log file: logs\extend-promotion-cycle-20260327-132239.log
[INFO] Latest log file: logs\extend-promotion-cycle-latest.log
=== Resonarr Extend Promotion Cycle ===
[INFO] Promotable candidates found: 12

=== Promotable Candidate 1/12 ===
[INFO] Artist: BoyWithUke
[INFO] Best match score: 1.00
[INFO] Seed count: 1
[INFO] Seen count: 5
[INFO] Recommendation count: 0
[INFO] Source seeds: AJR
[INFO] Status: promotable
[INFO] In recommendation backoff: False
[INFO] Resolving extend artist: BoyWithUke
[DEBUG] Lookup status: 200
[INFO] Resolved extend artist 'BoyWithUke' -> 'BoyWithUke' (a148ffde-581c-4c39-a8f1-bc49dec7fe68)
[INFO] Processing artist MBID: a148ffde-581c-4c39-a8f1-bc49dec7fe68
[DEBUG] Total artists: 469
[DEBUG] Artist NOT found
[INFO] Adding artist...
[DEBUG] Quality profiles status: 200
[DEBUG] Quality profiles returned: 2
[DEBUG] Resolved quality profile 'Lossless' -> ID 2
[DEBUG] Metadata profiles status: 200
[DEBUG] Metadata profiles returned: 2
[DEBUG] Resolved metadata profile 'Standard' -> ID 1
[DEBUG] Add artist status: 201
[DEBUG] Add artist response: {
  "status": "continuing",
  "ended": false,
  "artistName": "BoyWithUke",
  "foreignArtistId": "a148ffde-581c-4c39-a8f1-bc49dec7fe68",
  "tadbId": 0,
  "discogsId": 0,
  "overview": "Charley Yang, known professionally as BoyWithUke or chandol, is an American singer, musician and internet personality. Yang first gained popularity on the online platform TikTok with his song \"Two Moons\" and later \"Toxic\", \"IDGAF\", and \"Understand\". Until October 10, 2023, he was known for hiding his face behind an LED mask. He is currently an independent artist after leaving Mercury Records.",
  "artistType": "Person",
  "disambiguation": "",
  "links": [
    {
      "url": "https://www.deezer.com/artist/118046632",
      "name": "deezer"
    },
    {
      "url": "https://open.spotify.com/artist/1Cd373x8qzC7SNUg5IToqp",
      "name": "spotify"
    },
    {
      "url": "https://itunes.apple.com/us/artist/id1546517368",
      "name": "apple"
    },
    {
      "url": "https://music.apple.com/us/artist/1546517368",
      "name": "apple"
    },
    {
      "url": "https://www.youtube.com/channel/UCA3PLfFMuT963D-qGVjAFaw",
      "name": "youtube"
    },
    {
      "url": "https://www.last.fm/music/boywithuke",
      "name": "last"
    },
    {
      "url": "https://www.allmusic.com/artist/mn0004139472",
      "name": "allmusic"
    },
    {
      "url": "https://soundcloud.com/user-269569035",
      "name": "soundcloud"
    },
    {
      "url": "https://www.discogs.com/artist/10039537",
      "name": "discogs"
    },
    {
      "url": "https://www.wikidata.org/wiki/Q109901290",
      "name": "wikidata"
    },
    {
      "url": "https://tidal.com/artist/22800205",
      "name": "tidal"
    },
    {
      "url": "https://www.instagram.com/boywithuke/",
      "name": "instagram"
    }
  ],
  "nextAlbum": null,
  "lastAlbum": null,
  "images": [
    {
      "url": "/MediaCover/495/poster.jpg",
      "coverType": "poster",
      "extension": ".jpg",
      "remoteUrl": "https://images.lidarr.audio/cache/https://r2.theaudiodb.com/images/media/artist/thumb/4i1wzh1669813972.jpg"
    }
  ],
  "path": "/volume1/music/library/BoyWithUke",
  "qualityProfileId": 2,
  "metadataProfileId": 1,
  "monitored": false,
  "monitorNewItems": "all",
  "rootFolderPath": "/volume1/music/library",
  "genres": [
    "Alternative Pop",
    "Hip Hop",
    "Pop Rap",
    "Emo Rap"
  ],
  "cleanName": "boywithuke",
  "sortName": "boywithuke",
  "tags": [],
  "added": "2026-03-27T17:22:39Z",
  "addOptions": {
    "searchForMissingAlbums": false,
    "monitor": "unknown",
    "albumsToMonitor": [],
    "monitored": false
  },
  "ratings": {
    "votes": 0,
    "value": 0
  },
  "statistics": {
    "albumCount": 0,
    "trackFileCount": 0,
    "trackCount": 0,
    "totalTrackCount": 0,
    "sizeOnDisk": 0,
    "percentOfTracks": 0
  },
  "id": 495
}
[DEBUG] Total artists: 470
[DEBUG] Found artist match
[DEBUG] Plex: artist not found: BoyWithUke
[DEBUG] Last.fm signals:
  artist=BoyWithUke
  play_count=0
  ratio=0
[DEBUG] Merged signals: affinity=1.00 confidence=0.40 sources=['lastfm']
[DEBUG] Skipping monitored album: Fever Dreams
[DEBUG] Skipping monitored album: Serotonin Dreams
[DEBUG] Skipping monitored album: Melatonin Dreams
[DEBUG] Skipping monitored album: Lucid Dreams
[DEBUG] Skipping monitored album: Burnout
[DEBUG] Skipping monitored album: BoyWithUke: B Sides
[INFO] No eligible albums remain after ownership filtering
[INFO] Intent decided:
  Action: NO_ACTION
  Artist: BoyWithUke
  Album: (all albums owned)
  Reason: no eligible albums remain after ownership filtering
  Score: None
  Thresholds: acquire=9, recommend=4
[INFO] Extend candidate intentionally staged as unmonitored artist in Lidarr
[INFO] No starter album acquisition candidate emitted: no eligible albums remain after ownership filtering
[INFO] Recorded starter album exhaustion for staged/promoted candidate

=== Promotable Candidate 2/12 ===
[INFO] Artist: American Authors
[INFO] Best match score: 0.89
[INFO] Seed count: 1
[INFO] Seen count: 5
[INFO] Recommendation count: 0
[INFO] Source seeds: AJR
[INFO] Status: promotable
[INFO] In recommendation backoff: False
[INFO] Resolving extend artist: American Authors
[DEBUG] Lookup status: 200
[INFO] Resolved extend artist 'American Authors' -> 'American Authors' (9ce0515d-cc88-4df6-8a2e-d231c13cb2c2)
[INFO] Processing artist MBID: 9ce0515d-cc88-4df6-8a2e-d231c13cb2c2
[DEBUG] Total artists: 470
[DEBUG] Artist NOT found
[INFO] Adding artist...
[DEBUG] Quality profiles status: 200
[DEBUG] Quality profiles returned: 2
[DEBUG] Resolved quality profile 'Lossless' -> ID 2
[DEBUG] Metadata profiles status: 200
[DEBUG] Metadata profiles returned: 2
[DEBUG] Resolved metadata profile 'Standard' -> ID 1
[DEBUG] Add artist status: 201
[DEBUG] Add artist response: {
  "status": "continuing",
  "ended": false,
  "artistName": "American Authors",
  "foreignArtistId": "9ce0515d-cc88-4df6-8a2e-d231c13cb2c2",
  "tadbId": 0,
  "discogsId": 0,
  "overview": "American Authors, formerly known as the Blue Pages, are an American rock band originally from Boston, based in New York City, that consists of lead vocalist and guitarist Zac Barnett, bassist Dave Rublin, and drummer Matt Sanchez. Guitarist and banjoist James Adam Shelley is a former member. They are best known for their hit singles \"Believer\" and \"Best Day of My Life\", from their debut album, Oh, What a Life, as well as their top 20 hit \"Go Big or Go Home\", from their second album, What We Live For. The band, previously signed to Island Records, now releases music independently.",
  "artistType": "Group",
  "disambiguation": "",
  "links": [
    {
      "url": "https://www.allmusic.com/artist/mn0003084079",
      "name": "allmusic"
    },
    {
      "url": "https://www.wikidata.org/wiki/Q15044381",
      "name": "wikidata"
    },
    {
      "url": "https://www.facebook.com/americanauthors",
      "name": "facebook"
    },
    {
      "url": "https://open.spotify.com/artist/0MlOPi3zIDMVrfA9R04Fe3",
      "name": "spotify"
    },
    {
      "url": "https://www.discogs.com/artist/3255888",
      "name": "discogs"
    },
    {
      "url": "https://rateyourmusic.com/artist/american_authors",
      "name": "rateyourmusic"
    },
    {
      "url": "http://weareamericanauthors.com/",
      "name": "weareamericanauthors"
    },
    {
      "url": "https://www.instagram.com/americanauthors/",
      "name": "instagram"
    },
    {
      "url": "https://twitter.com/aauthorsmusic",
      "name": "twitter"
    },
    {
      "url": "https://plus.google.com/113971396354634134613",
      "name": "google"
    },
    {
      "url": "https://genius.com/artists/american-authors",
      "name": "genius"
    },
    {
      "url": "https://soundcloud.com/american-authors",
      "name": "soundcloud"
    },
    {
      "url": "https://www.deezer.com/artist/4526180",
      "name": "deezer"
    },
    {
      "url": "https://imvdb.com/n/american-authors",
      "name": "imvdb"
    },
    {
      "url": "https://music.apple.com/us/artist/557564979",
      "name": "apple"
    },
    {
      "url": "https://music.apple.com/us/artist/557564979",
      "name": "apple"
    },
    {
      "url": "https://tidal.com/artist/4864710",
      "name": "tidal"
    },
    {
      "url": "http://viaf.org/viaf/308776897",
      "name": "viaf"
    },
    {
      "url": "https://www.songkick.com/artists/5677419",
      "name": "songkick"
    },
    {
      "url": "https://www.setlist.fm/setlists/american-authors-13dcc1f9.html",
      "name": "setlist"
    },
    {
      "url": "https://www.youtube.com/channel/UC67f6whPY0ZzudUZaY2AymA",
      "name": "youtube"
    },
    {
      "url": "https://www.youtube.com/channel/UCY4ZDNCKpgSlJYvYSZZRRew",
      "name": "youtube"
    }
  ],
  "nextAlbum": null,
  "lastAlbum": null,
  "images": [
    {
      "url": "/MediaCover/496/clearlogo.png",
      "coverType": "clearlogo",
      "extension": ".png",
      "remoteUrl": "https://images.lidarr.audio/cache/https://r2.theaudiodb.com/images/media/artist/logo/xrxsys1455221048.png"
    },
    {
      "url": "/MediaCover/496/fanart.jpg",
      "coverType": "fanart",
      "extension": ".jpg",
      "remoteUrl": "https://images.lidarr.audio/cache/https://r2.theaudiodb.com/images/media/artist/fanart/xqxxyp1422729265.jpg"
    },
    {
      "url": "/MediaCover/496/banner.jpg",
      "coverType": "banner",
      "extension": ".jpg",
      "remoteUrl": "https://images.lidarr.audio/cache/https://r2.theaudiodb.com/images/media/artist/banner/yxxrqw1455282380.jpg"
    },
    {
      "url": "/MediaCover/496/poster.jpg",
      "coverType": "poster",
      "extension": ".jpg",
      "remoteUrl": "https://images.lidarr.audio/cache/https://r2.theaudiodb.com/images/media/artist/thumb/uxqxpu1422726614.jpg"
    }
  ],
  "path": "/volume1/music/library/American Authors",
  "qualityProfileId": 2,
  "metadataProfileId": 1,
  "monitored": false,
  "monitorNewItems": "all",
  "rootFolderPath": "/volume1/music/library",
  "genres": [
    "Pop Rock",
    "Chamber Pop",
    "Folk Rock",
    "Indie Rock"
  ],
  "cleanName": "americanauthors",
  "sortName": "american authors",
  "tags": [],
  "added": "2026-03-27T17:22:42Z",
  "addOptions": {
    "searchForMissingAlbums": false,
    "monitor": "unknown",
    "albumsToMonitor": [],
    "monitored": false
  },
  "ratings": {
    "votes": 1,
    "value": 8.0
  },
  "statistics": {
    "albumCount": 0,
    "trackFileCount": 0,
    "trackCount": 0,
    "totalTrackCount": 0,
    "sizeOnDisk": 0,
    "percentOfTracks": 0
  },
  "id": 496
}
[DEBUG] Total artists: 471
[DEBUG] Found artist match
[DEBUG] Plex: artist not found: American Authors
[DEBUG] Last.fm signals:
  artist=American Authors
  play_count=0
  ratio=0
[DEBUG] Merged signals: affinity=1.00 confidence=0.40 sources=['lastfm']
[DEBUG] Skipping monitored album: Oh, What a Life
[DEBUG] Skipping monitored album: What We Live For
[DEBUG] Skipping monitored album: Seasons
[DEBUG] Skipping monitored album: Best Night of My Life
[DEBUG] Skipping monitored album: Call Your Mother
[INFO] No eligible albums remain after ownership filtering
[INFO] Intent decided:
  Action: NO_ACTION
  Artist: American Authors
  Album: (all albums owned)
  Reason: no eligible albums remain after ownership filtering
  Score: None
  Thresholds: acquire=9, recommend=4
[INFO] Extend candidate intentionally staged as unmonitored artist in Lidarr
[INFO] No starter album acquisition candidate emitted: no eligible albums remain after ownership filtering
[INFO] Recorded starter album exhaustion for staged/promoted candidate

=== Promotable Candidate 3/12 ===
[INFO] Artist: Em Beihold
[INFO] Best match score: 0.87
[INFO] Seed count: 1
[INFO] Seen count: 5
[INFO] Recommendation count: 0
[INFO] Source seeds: AJR
[INFO] Status: promotable
[INFO] In recommendation backoff: False
[INFO] Resolving extend artist: Em Beihold
[DEBUG] Lookup status: 200
[INFO] Resolved extend artist 'Em Beihold' -> 'Em Beihold' (7575e3b8-ba04-4acc-a895-9cc528f86525)
[INFO] Processing artist MBID: 7575e3b8-ba04-4acc-a895-9cc528f86525
[DEBUG] Total artists: 471
[DEBUG] Artist NOT found
[INFO] Adding artist...
[DEBUG] Quality profiles status: 200
[DEBUG] Quality profiles returned: 2
[DEBUG] Resolved quality profile 'Lossless' -> ID 2
[DEBUG] Metadata profiles status: 200
[DEBUG] Metadata profiles returned: 2
[DEBUG] Resolved metadata profile 'Standard' -> ID 1
[DEBUG] Add artist status: 201
[DEBUG] Add artist response: {
  "status": "continuing",
  "ended": false,
  "artistName": "Em Beihold",
  "foreignArtistId": "7575e3b8-ba04-4acc-a895-9cc528f86525",
  "tadbId": 0,
  "discogsId": 0,
  "overview": "Emily Mahin \"Em\" Beihold is an American singer-songwriter. She released her debut EP Infrared in 2017. After signing to Republic Records in 2021, she released her major-label debut single \"Numb Little Bug\" in 2022, which brought her widespread recognition. The same year, she released her second EP, Egg in the Backseat. Her debut album, Tales of a Failed Shapeshifter, is scheduled to release on February 27, 2026.",
  "artistType": "Person",
  "disambiguation": "",
  "links": [
    {
      "url": "https://open.spotify.com/artist/1yUUhz5YKlWiBsqfbhEBTm",
      "name": "spotify"
    },
    {
      "url": "https://www.instagram.com/itsemmusic/",
      "name": "instagram"
    },
    {
      "url": "https://www.embeihold.com/",
      "name": "embeihold"
    },
    {
      "url": "https://open.spotify.com/artist/7o2ZQYM7nTsaVdkXY38UAA",
      "name": "spotify"
    },
    {
      "url": "https://music.apple.com/fr/artist/1505702878",
      "name": "apple"
    },
    {
      "url": "https://www.deezer.com/artist/89956372",
      "name": "deezer"
    },
    {
      "url": "https://www.instagram.com/embeihold/",
      "name": "instagram"
    },
    {
      "url": "https://www.facebook.com/EmBeihold",
      "name": "facebook"
    },
    {
      "url": "https://genius.com/artists/Em-beihold",
      "name": "genius"
    },
    {
      "url": "https://twitter.com/embeihold",
      "name": "twitter"
    },
    {
      "url": "https://soundcloud.com/embeihold-music",
      "name": "soundcloud"
    },
    {
      "url": "https://www.linkedin.com/in/emilybeihold",
      "name": "linkedin"
    },
    {
      "url": "https://www.musixmatch.com/artist/Em-Beihold",
      "name": "musixmatch"
    },
    {
      "url": "https://www.tiktok.com/@embeihold?lang=fr",
      "name": "tiktok"
    },
    {
      "url": "https://www.last.fm/music/Em+Beihold",
      "name": "last"
    },
    {
      "url": "https://music.amazon.com/artists/B086MG49JC",
      "name": "amazon"
    },
    {
      "url": "https://gb.napster.com/artist/em-beihold",
      "name": "napster"
    },
    {
      "url": "https://rateyourmusic.com/artist/emily-beihold",
      "name": "rateyourmusic"
    },
    {
      "url": "https://music.apple.com/us/artist/1505702878",
      "name": "apple"
    },
    {
      "url": "https://www.discogs.com/artist/11092475",
      "name": "discogs"
    },
    {
      "url": "https://www.wikidata.org/wiki/Q111333139",
      "name": "wikidata"
    },
    {
      "url": "https://www.allmusic.com/artist/mn0004186337",
      "name": "allmusic"
    },
    {
      "url": "https://tidal.com/artist/18904052",
      "name": "tidal"
    },
    {
      "url": "https://www.youtube.com/channel/UCcOIv_VJ7JXC35vg0fG5dUA",
      "name": "youtube"
    },
    {
      "url": "https://music.apple.com/nz/artist/1505702878",
      "name": "apple"
    },
    {
      "url": "https://music.apple.com/de/artist/1505702878",
      "name": "apple"
    },
    {
      "url": "https://music.apple.com/gb/artist/1505702878",
      "name": "apple"
    },
    {
      "url": "https://imvdb.com/n/em-beihold",
      "name": "imvdb"
    }
  ],
  "nextAlbum": null,
  "lastAlbum": null,
  "images": [
    {
      "url": "/MediaCover/497/clearlogo.png",
      "coverType": "clearlogo",
      "extension": ".png",
      "remoteUrl": "https://images.lidarr.audio/cache/https://assets.fanart.tv/fanart/beihold-em-68fcbf643732e.png"
    },
    {
      "url": "/MediaCover/497/poster.jpg",
      "coverType": "poster",
      "extension": ".jpg",
      "remoteUrl": "https://images.lidarr.audio/cache/https://r2.theaudiodb.com/images/media/artist/thumb/5xvr4k1761195556.jpg"
    },
    {
      "url": "/MediaCover/497/fanart.jpg",
      "coverType": "fanart",
      "extension": ".jpg",
      "remoteUrl": "https://images.lidarr.audio/cache/https://r2.theaudiodb.com/images/media/artist/fanart/db0src1651347396.jpg"
    },
    {
      "url": "/MediaCover/497/banner.jpg",
      "coverType": "banner",
      "extension": ".jpg",
      "remoteUrl": "https://images.lidarr.audio/cache/https://r2.theaudiodb.com/images/media/artist/banner/fz6eja1761199055.jpg"
    }
  ],
  "path": "/volume1/music/library/Em Beihold",
  "qualityProfileId": 2,
  "metadataProfileId": 1,
  "monitored": false,
  "monitorNewItems": "all",
  "rootFolderPath": "/volume1/music/library",
  "genres": [
    "Pop",
    "Singer-Songwriter",
    "Teen Pop"
  ],
  "cleanName": "embeihold",
  "sortName": "em beihold",
  "tags": [],
  "added": "2026-03-27T17:22:48Z",
  "addOptions": {
    "searchForMissingAlbums": false,
    "monitor": "unknown",
    "albumsToMonitor": [],
    "monitored": false
  },
  "ratings": {
    "votes": 1,
    "value": 10.0
  },
  "statistics": {
    "albumCount": 0,
    "trackFileCount": 0,
    "trackCount": 0,
    "totalTrackCount": 0,
    "sizeOnDisk": 0,
    "percentOfTracks": 0
  },
  "id": 497
}
[DEBUG] Total artists: 472
[DEBUG] Found artist match
[DEBUG] Plex: artist not found: Em Beihold
[DEBUG] Last.fm signals:
  artist=Em Beihold
  play_count=0
  ratio=0
[DEBUG] Merged signals: affinity=1.00 confidence=0.40 sources=['lastfm']
[DEBUG] Skipping monitored album: Egg in the Backseat
[DEBUG] Skipping monitored album: Tales of a Failed Shapeshifter
[INFO] No eligible albums remain after ownership filtering
[INFO] Intent decided:
  Action: NO_ACTION
  Artist: Em Beihold
  Album: (all albums owned)
  Reason: no eligible albums remain after ownership filtering
  Score: None
  Thresholds: acquire=9, recommend=4
[INFO] Extend candidate intentionally staged as unmonitored artist in Lidarr
[INFO] No starter album acquisition candidate emitted: no eligible albums remain after ownership filtering
[INFO] Recorded starter album exhaustion for staged/promoted candidate

=== Promotable Candidate 4/12 ===
[INFO] Artist: The Astronomers
[INFO] Best match score: 0.85
[INFO] Seed count: 1
[INFO] Seen count: 5
[INFO] Recommendation count: 0
[INFO] Source seeds: AJR
[INFO] Status: promotable
[INFO] In recommendation backoff: False
[INFO] Resolving extend artist: The Astronomers
[DEBUG] Lookup status: 200
[INFO] Resolved extend artist 'The Astronomers' -> 'The Astronomers' (2119e495-b0be-452d-adf2-ca38923ecca6)
[INFO] Processing artist MBID: 2119e495-b0be-452d-adf2-ca38923ecca6
[DEBUG] Total artists: 472
[DEBUG] Artist NOT found
[INFO] Adding artist...
[DEBUG] Quality profiles status: 200
[DEBUG] Quality profiles returned: 2
[DEBUG] Resolved quality profile 'Lossless' -> ID 2
[DEBUG] Metadata profiles status: 200
[DEBUG] Metadata profiles returned: 2
[DEBUG] Resolved metadata profile 'Standard' -> ID 1
[DEBUG] Add artist status: 201
[DEBUG] Add artist response: {
  "status": "continuing",
  "ended": false,
  "artistName": "The Astronomers",
  "foreignArtistId": "2119e495-b0be-452d-adf2-ca38923ecca6",
  "tadbId": 0,
  "discogsId": 0,
  "artistType": "Group",
  "disambiguation": "A Duo band",
  "links": [
    {
      "url": "https://www.facebook.com/theastronomers.music",
      "name": "facebook"
    },
    {
      "url": "https://twitter.com/the_astronomers",
      "name": "twitter"
    },
    {
      "url": "https://open.spotify.com/artist/3jx7HGyoa2APekVbiXZvFh",
      "name": "spotify"
    },
    {
      "url": "https://www.youtube.com/channel/UCQon99Xevcm_Ixi91D6BIxg",
      "name": "youtube"
    },
    {
      "url": "https://www.deezer.com/artist/65838882",
      "name": "deezer"
    },
    {
      "url": "https://music.apple.com/gb/artist/1464313788",
      "name": "apple"
    },
    {
      "url": "https://tidal.com/artist/15802451",
      "name": "tidal"
    }
  ],
  "nextAlbum": null,
  "lastAlbum": null,
  "images": [],
  "path": "/volume1/music/library/The Astronomers",
  "qualityProfileId": 2,
  "metadataProfileId": 1,
  "monitored": false,
  "monitorNewItems": "all",
  "rootFolderPath": "/volume1/music/library",
  "genres": [],
  "cleanName": "theastronomers",
  "sortName": "astronomers",
  "tags": [],
  "added": "2026-03-27T17:22:53Z",
  "addOptions": {
    "searchForMissingAlbums": false,
    "monitor": "unknown",
    "albumsToMonitor": [],
    "monitored": false
  },
  "ratings": {
    "votes": 0,
    "value": 0
  },
  "statistics": {
    "albumCount": 0,
    "trackFileCount": 0,
    "trackCount": 0,
    "totalTrackCount": 0,
    "sizeOnDisk": 0,
    "percentOfTracks": 0
  },
  "id": 498
}
[DEBUG] Total artists: 473
[DEBUG] Found artist match
[WAIT] Attempt 1...
[DEBUG] Total artists: 473
[DEBUG] Found artist match
[WAIT] Attempt 2...
[DEBUG] Total artists: 473
[DEBUG] Found artist match
[WAIT] Attempt 3...
[DEBUG] Total artists: 473
[DEBUG] Found artist match
[DEBUG] Plex: artist not found: The Astronomers
[DEBUG] Last.fm signals:
  artist=The Astronomers
  play_count=0
  ratio=0
[DEBUG] Merged signals: affinity=1.00 confidence=0.40 sources=['lastfm']
[DEBUG] Skipping monitored album: The Occasion
[DEBUG] Skipping monitored album: Guess It's Just Life
[DEBUG] Skipping monitored album: Sinking Ships & Story Tales
[DEBUG] Skipping monitored album: Not Forever Anymore
[DEBUG] Skipping monitored album: Good Morning World
[DEBUG] Skipping monitored album: Good Night World
[INFO] No eligible albums remain after ownership filtering
[INFO] Intent decided:
  Action: NO_ACTION
  Artist: The Astronomers
  Album: (all albums owned)
  Reason: no eligible albums remain after ownership filtering
  Score: None
  Thresholds: acquire=9, recommend=4
[INFO] Extend candidate intentionally staged as unmonitored artist in Lidarr
[INFO] No starter album acquisition candidate emitted: no eligible albums remain after ownership filtering
[INFO] Recorded starter album exhaustion for staged/promoted candidate

=== Promotable Candidate 5/12 ===
[INFO] Artist: Andy Grammer
[INFO] Best match score: 0.66
[INFO] Seed count: 2
[INFO] Seen count: 7
[INFO] Recommendation count: 1
[INFO] Source seeds: AJR, Surfaces
[INFO] Status: promotable
[INFO] In recommendation backoff: True
[INFO] Cleared legacy extend recommendation backoff for promotable candidate
[INFO] Resolving extend artist: Andy Grammer
[DEBUG] Lookup status: 200
[INFO] Resolved extend artist 'Andy Grammer' -> 'Andy Grammer' (9e60ea29-9607-4f7d-aa96-2092ef41f0d3)
[INFO] Processing artist MBID: 9e60ea29-9607-4f7d-aa96-2092ef41f0d3
[DEBUG] Total artists: 473
[DEBUG] Artist NOT found
[INFO] Adding artist...
[DEBUG] Quality profiles status: 200
[DEBUG] Quality profiles returned: 2
[DEBUG] Resolved quality profile 'Lossless' -> ID 2
[DEBUG] Metadata profiles status: 200
[DEBUG] Metadata profiles returned: 2
[DEBUG] Resolved metadata profile 'Standard' -> ID 1
[DEBUG] Add artist status: 201
[DEBUG] Add artist response: {
  "status": "continuing",
  "ended": false,
  "artistName": "Andy Grammer",
  "foreignArtistId": "9e60ea29-9607-4f7d-aa96-2092ef41f0d3",
  "tadbId": 0,
  "discogsId": 0,
  "overview": "Andrew Charles Grammer is an American singer, songwriter, and record producer. He has been signed to Mushroom Music Publishing since March 2022.",
  "artistType": "Person",
  "disambiguation": "",
  "links": [
    {
      "url": "https://www.wikidata.org/wiki/Q4299814",
      "name": "wikidata"
    },
    {
      "url": "http://muzikum.eu/en/122-11611/andy-grammer/lyrics.html",
      "name": "muzikum"
    },
    {
      "url": "https://open.spotify.com/artist/2oX42qP5ineK3hrhBECLmj",
      "name": "spotify"
    },
    {
      "url": "https://www.facebook.com/andygrammer",
      "name": "facebook"
    },
    {
      "url": "https://www.discogs.com/artist/2228539",
      "name": "discogs"
    },
    {
      "url": "http://viaf.org/viaf/264509874",
      "name": "viaf"
    },
    {
      "url": "http://andygrammer.com/home",
      "name": "andygrammer"
    },
    {
      "url": "https://www.imdb.com/name/nm4499511/",
      "name": "imdb"
    },
    {
      "url": "https://commons.wikimedia.org/wiki/File:Andy_Grammer_2014.jpg",
      "name": "wikimedia"
    },
    {
      "url": "https://twitter.com/andygrammer",
      "name": "twitter"
    },
    {
      "url": "https://catalogue.bnf.fr/ark:/12148/cb166280905",
      "name": "bnf"
    },
    {
      "url": "https://www.allmusic.com/artist/mn0001814388",
      "name": "allmusic"
    },
    {
      "url": "https://www.songkick.com/artists/713189",
      "name": "songkick"
    },
    {
      "url": "https://www.deezer.com/artist/864595",
      "name": "deezer"
    },
    {
      "url": "https://imvdb.com/n/andy-grammer",
      "name": "imvdb"
    },
    {
      "url": "https://tidal.com/artist/4520321",
      "name": "tidal"
    },
    {
      "url": "https://rateyourmusic.com/artist/andy_grammer",
      "name": "rateyourmusic"
    },
    {
      "url": "https://music.apple.com/us/artist/395772279",
      "name": "apple"
    },
    {
      "url": "https://music.apple.com/ca/artist/395772279",
      "name": "apple"
    }
  ],
  "nextAlbum": null,
  "lastAlbum": null,
  "images": [
    {
      "url": "/MediaCover/499/clearlogo.png",
      "coverType": "clearlogo",
      "extension": ".png",
      "remoteUrl": "https://images.lidarr.audio/cache/https://r2.theaudiodb.com/images/media/artist/logo/andy-grammer-4f4b8b7d68d37.png"
    },
    {
      "url": "/MediaCover/499/fanart.jpg",
      "coverType": "fanart",
      "extension": ".jpg",
      "remoteUrl": "https://images.lidarr.audio/cache/https://r2.theaudiodb.com/images/media/artist/fanart/sstvtp1366342044.jpg"
    },
    {
      "url": "/MediaCover/499/poster.jpg",
      "coverType": "poster",
      "extension": ".jpg",
      "remoteUrl": "https://images.lidarr.audio/cache/https://r2.theaudiodb.com/images/media/artist/thumb/qpptqq1366342435.jpg"
    }
  ],
  "path": "/volume1/music/library/Andy Grammer",
  "qualityProfileId": 2,
  "metadataProfileId": 1,
  "monitored": false,
  "monitorNewItems": "all",
  "rootFolderPath": "/volume1/music/library",
  "genres": [
    "Pop Rock",
    "Alternative Pop",
    "Funk",
    "Pop",
    "Pop Soul",
    "Soul"
  ],
  "cleanName": "andygrammer",
  "sortName": "andy grammer",
  "tags": [],
  "added": "2026-03-27T17:23:08Z",
  "addOptions": {
    "searchForMissingAlbums": false,
    "monitor": "unknown",
    "albumsToMonitor": [],
    "monitored": false
  },
  "ratings": {
    "votes": 0,
    "value": 0
  },
  "statistics": {
    "albumCount": 0,
    "trackFileCount": 0,
    "trackCount": 0,
    "totalTrackCount": 0,
    "sizeOnDisk": 0,
    "percentOfTracks": 0
  },
  "id": 499
}
[DEBUG] Total artists: 474
[DEBUG] Found artist match
[WAIT] Attempt 1...
[DEBUG] Total artists: 474
[DEBUG] Found artist match
[WAIT] Attempt 2...
[DEBUG] Total artists: 474
[DEBUG] Found artist match
[WAIT] Attempt 3...
[DEBUG] Total artists: 474
[DEBUG] Found artist match
[DEBUG] Plex: artist not found: Andy Grammer
[DEBUG] Last.fm signals:
  artist=Andy Grammer
  play_count=0
  ratio=0
[DEBUG] Merged signals: affinity=1.00 confidence=0.40 sources=['lastfm']
[DEBUG] Skipping monitored album: Magazines or Novels
[DEBUG] Skipping monitored album: The Good Parts
[DEBUG] Skipping monitored album: Andy Grammer
[DEBUG] Skipping monitored album: Naive
[DEBUG] Skipping monitored album: Monster
[INFO] No eligible albums remain after ownership filtering
[INFO] Intent decided:
  Action: NO_ACTION
  Artist: Andy Grammer
  Album: (all albums owned)
  Reason: no eligible albums remain after ownership filtering
  Score: None
  Thresholds: acquire=9, recommend=4
[INFO] Extend candidate intentionally staged as unmonitored artist in Lidarr
[INFO] No starter album acquisition candidate emitted: no eligible albums remain after ownership filtering
[INFO] Recorded starter album exhaustion for staged/promoted candidate

=== Promotable Candidate 6/12 ===
[INFO] Artist: Smino
[INFO] Best match score: 1.00
[INFO] Seed count: 1
[INFO] Seen count: 7
[INFO] Recommendation count: 0
[INFO] Source seeds: Aminé
[INFO] Status: promotable
[INFO] In recommendation backoff: True
[INFO] Cleared legacy extend recommendation backoff for promotable candidate
[INFO] Resolving extend artist: Smino
[DEBUG] Lookup status: 200
[INFO] Resolved extend artist 'Smino' -> 'Smino' (96800e05-9924-4321-859a-76e0d4750f2f)
[INFO] Processing artist MBID: 96800e05-9924-4321-859a-76e0d4750f2f
[DEBUG] Total artists: 474
[DEBUG] Artist NOT found
[INFO] Adding artist...
[DEBUG] Quality profiles status: 200
[DEBUG] Quality profiles returned: 2
[DEBUG] Resolved quality profile 'Lossless' -> ID 2
[DEBUG] Metadata profiles status: 200
[DEBUG] Metadata profiles returned: 2
[DEBUG] Resolved metadata profile 'Standard' -> ID 1
[DEBUG] Add artist status: 201
[DEBUG] Add artist response: {
  "status": "continuing",
  "ended": false,
  "artistName": "Smino",
  "foreignArtistId": "96800e05-9924-4321-859a-76e0d4750f2f",
  "tadbId": 0,
  "discogsId": 0,
  "overview": "Christopher Smith Jr., better known by his stage name Smino, is an American rapper and singer. He is the founder of the musical collective Zero Fatigue with Bari, Monte Booker, Jay2, and Ravyn Lenae. He is one third of the supergroup Ghetto Sage, with Saba and Noname. Smino is signed to Downtown Records and Interscope.",
  "artistType": "Person",
  "disambiguation": "American rapper",
  "links": [
    {
      "url": "https://soundcloud.com/sminoworld",
      "name": "soundcloud"
    },
    {
      "url": "https://www.wikidata.org/wiki/Q26209487",
      "name": "wikidata"
    },
    {
      "url": "https://www.facebook.com/SminoBrown",
      "name": "facebook"
    },
    {
      "url": "https://www.zerofatigue.com/",
      "name": "zerofatigue"
    },
    {
      "url": "https://twitter.com/smino",
      "name": "twitter"
    },
    {
      "url": "https://genius.com/artists/Smino",
      "name": "genius"
    },
    {
      "url": "https://www.songkick.com/artists/8668659",
      "name": "songkick"
    },
    {
      "url": "https://open.spotify.com/artist/1ybINI1qPiFbwDXamRtwxD",
      "name": "spotify"
    },
    {
      "url": "https://www.youtube.com/channel/UCMrca1Ll0-Uya6vLP5SECag",
      "name": "youtube"
    },
    {
      "url": "https://www.allmusic.com/artist/mn0003521481",
      "name": "allmusic"
    },
    {
      "url": "https://www.instagram.com/smino/",
      "name": "instagram"
    },
    {
      "url": "https://www.last.fm/music/Smino",
      "name": "last"
    },
    {
      "url": "https://tidal.com/artist/7148361",
      "name": "tidal"
    },
    {
      "url": "https://www.bandsintown.com/a/11920507",
      "name": "bandsintown"
    },
    {
      "url": "https://www.setlist.fm/setlists/smino-5bc41fdc.html",
      "name": "setlist"
    },
    {
      "url": "https://rateyourmusic.com/artist/smino",
      "name": "rateyourmusic"
    },
    {
      "url": "https://smino.bandcamp.com/",
      "name": "bandcamp"
    },
    {
      "url": "https://www.deezer.com/artist/9492178",
      "name": "deezer"
    },
    {
      "url": "https://itunes.apple.com/us/artist/id1029511426",
      "name": "apple"
    },
    {
      "url": "https://www.discogs.com/artist/4786421",
      "name": "discogs"
    }
  ],
  "nextAlbum": null,
  "lastAlbum": null,
  "images": [
    {
      "url": "/MediaCover/500/poster.jpg",
      "coverType": "poster",
      "extension": ".jpg",
      "remoteUrl": "https://images.lidarr.audio/cache/https://r2.theaudiodb.com/images/media/artist/thumb/zfk31b1744069543.jpg"
    }
  ],
  "path": "/volume1/music/library/Smino",
  "qualityProfileId": 2,
  "metadataProfileId": 1,
  "monitored": false,
  "monitorNewItems": "all",
  "rootFolderPath": "/volume1/music/library",
  "genres": [
    "Hip Hop",
    "Contemporary R&B",
    "Pop Rap",
    "Alternative R&B"
  ],
  "cleanName": "smino",
  "sortName": "smino",
  "tags": [],
  "added": "2026-03-27T17:23:25Z",
  "addOptions": {
    "searchForMissingAlbums": false,
    "monitor": "unknown",
    "albumsToMonitor": [],
    "monitored": false
  },
  "ratings": {
    "votes": 0,
    "value": 0
  },
  "statistics": {
    "albumCount": 0,
    "trackFileCount": 0,
    "trackCount": 0,
    "totalTrackCount": 0,
    "sizeOnDisk": 0,
    "percentOfTracks": 0
  },
  "id": 500
}
[DEBUG] Total artists: 475
[DEBUG] Found artist match
[WAIT] Attempt 1...
[DEBUG] Total artists: 475
[DEBUG] Found artist match
[DEBUG] Plex: artist not found: Smino
[DEBUG] Last.fm signals:
  artist=Smino
  play_count=0
  ratio=0
[DEBUG] Merged signals: affinity=1.00 confidence=0.40 sources=['lastfm']
[DEBUG] Skipping monitored album: blkswn
[DEBUG] Skipping monitored album: NØIR
[DEBUG] Skipping monitored album: Luv 4 Rent
[DEBUG] Skipping monitored album: Maybe in Nirvana
[INFO] No eligible albums remain after ownership filtering
[INFO] Intent decided:
  Action: NO_ACTION
  Artist: Smino
  Album: (all albums owned)
  Reason: no eligible albums remain after ownership filtering
  Score: None
  Thresholds: acquire=9, recommend=4
[INFO] Extend candidate intentionally staged as unmonitored artist in Lidarr
[INFO] No starter album acquisition candidate emitted: no eligible albums remain after ownership filtering
[INFO] Recorded starter album exhaustion for staged/promoted candidate

=== Promotable Candidate 7/12 ===
[INFO] Artist: David Guetta
[INFO] Best match score: 1.00
[INFO] Seed count: 1
[INFO] Seen count: 7
[INFO] Recommendation count: 0
[INFO] Source seeds: Calvin Harris
[INFO] Status: promotable
[INFO] In recommendation backoff: True
[INFO] Cleared legacy extend recommendation backoff for promotable candidate
[INFO] Resolving extend artist: David Guetta
[DEBUG] Lookup status: 200
[INFO] Resolved extend artist 'David Guetta' -> 'David Guetta' (302bd7b9-d012-4360-897a-93b00c855680)
[INFO] Processing artist MBID: 302bd7b9-d012-4360-897a-93b00c855680
[DEBUG] Total artists: 475
[DEBUG] Artist NOT found
[INFO] Adding artist...
[DEBUG] Quality profiles status: 200
[DEBUG] Quality profiles returned: 2
[DEBUG] Resolved quality profile 'Lossless' -> ID 2
[DEBUG] Metadata profiles status: 200
[DEBUG] Metadata profiles returned: 2
[DEBUG] Resolved metadata profile 'Standard' -> ID 1
[DEBUG] Add artist status: 201
[DEBUG] Add artist response: {
  "status": "continuing",
  "ended": false,
  "artistName": "David Guetta",
  "foreignArtistId": "302bd7b9-d012-4360-897a-93b00c855680",
  "tadbId": 0,
  "discogsId": 0,
  "overview": "Pierre David Guetta is a French DJ and record producer. He has sold over 10 million albums and 65 million singles globally, with more than 30 billion streams on Spotify. Guetta was voted the number one DJ in the DJ Mag Top 100 DJs polls in 2011, 2020, 2021, 2023 and 2025. In 2013, Billboard ranked his song \"When Love Takes Over\" as the number one dance-pop collaboration of all time.",
  "artistType": "Person",
  "disambiguation": "",
  "links": [
    {
      "url": "https://www.discogs.com/artist/36527",
      "name": "discogs"
    },
    {
      "url": "https://myspace.com/davidguetta",
      "name": "myspace"
    },
    {
      "url": "https://www.bbc.co.uk/music/artists/302bd7b9-d012-4360-897a-93b00c855680",
      "name": "bbc"
    },
    {
      "url": "https://twitter.com/davidguetta",
      "name": "twitter"
    },
    {
      "url": "https://www.allmusic.com/artist/mn0000213561",
      "name": "allmusic"
    },
    {
      "url": "https://open.spotify.com/artist/1Cs0zKBU1kc0i8ypK3B9ai",
      "name": "spotify"
    },
    {
      "url": "http://viaf.org/viaf/27259726",
      "name": "viaf"
    },
    {
      "url": "https://soundcloud.com/davidguetta",
      "name": "soundcloud"
    },
    {
      "url": "https://www.wikidata.org/wiki/Q8298",
      "name": "wikidata"
    },
    {
      "url": "https://commons.wikimedia.org/wiki/File:David_Guetta_at_2011_MMVA.jpg",
      "name": "wikimedia"
    },
    {
      "url": "https://secondhandsongs.com/artist/17309",
      "name": "secondhandsongs"
    },
    {
      "url": "http://muzikum.eu/en/122-4514/david-guetta/lyrics.html",
      "name": "muzikum"
    },
    {
      "url": "https://rateyourmusic.com/artist/david_guetta",
      "name": "rateyourmusic"
    },
    {
      "url": "https://itunes.apple.com/fr/artist/id5557599",
      "name": "apple"
    },
    {
      "url": "https://play.google.com/store/music/artist?id=Atz23uqwiyignuosgnreslh736y",
      "name": "google"
    },
    {
      "url": "http://www.junodownload.com/artists/David+Guetta/",
      "name": "junodownload"
    },
    {
      "url": "https://fr.7digital.com/artist/david-guetta",
      "name": "7digital"
    },
    {
      "url": "https://utaitedb.net/Ar/22545",
      "name": "utaitedb"
    },
    {
      "url": "https://www.deezer.com/artist/542",
      "name": "deezer"
    },
    {
      "url": "https://vk.com/davidguetta",
      "name": "vk"
    },
    {
      "url": "https://d-nb.info/gnd/134926811",
      "name": "d-nb"
    },
    {
      "url": "http://id.loc.gov/authorities/names/no2010074966",
      "name": "loc"
    },
    {
      "url": "https://www.worldcat.org/identities/lccn-no2010074966/",
      "name": "worldcat"
    },
    {
      "url": "https://catalogue.bnf.fr/ark:/12148/cb13971020f",
      "name": "bnf"
    },
    {
      "url": "https://www.imdb.com/name/nm1615892/",
      "name": "imdb"
    },
    {
      "url": "https://genius.com/artists/David-guetta",
      "name": "genius"
    },
    {
      "url": "https://www.instagram.com/davidguetta/",
      "name": "instagram"
    },
    {
      "url": "https://plus.google.com/u/0/+DavidGUETTA",
      "name": "google"
    },
    {
      "url": "https://www.dailymotion.com/DavidGuetta-Official",
      "name": "dailymotion"
    },
    {
      "url": "https://www.songkick.com/artists/149066",
      "name": "songkick"
    },
    {
      "url": "https://imvdb.com/n/david-guetta",
      "name": "imvdb"
    },
    {
      "url": "https://music.apple.com/fr/artist/5557599",
      "name": "apple"
    },
    {
      "url": "https://music.apple.com/fr/artist/5557599",
      "name": "apple"
    },
    {
      "url": "https://www.last.fm/music/David+Guetta",
      "name": "last"
    },
    {
      "url": "https://www.whosampled.com/David-Guetta/",
      "name": "whosampled"
    },
    {
      "url": "https://www.twitch.tv/davidguetta",
      "name": "twitch"
    },
    {
      "url": "https://www.tiktok.com/@davidguetta",
      "name": "tiktok"
    },
    {
      "url": "https://tidal.com/artist/27343",
      "name": "tidal"
    },
    {
      "url": "https://www.muziekweb.nl/Link/M00000110840/POPULAR/",
      "name": "muziekweb"
    },
    {
      "url": "https://www.mixcloud.com/davidguetta/",
      "name": "mixcloud"
    },
    {
      "url": "https://www.livefans.jp/artists/6789",
      "name": "livefans"
    },
    {
      "url": "https://music.apple.com/us/artist/5557599",
      "name": "apple"
    },
    {
      "url": "https://music.apple.com/us/artist/5557599",
      "name": "apple"
    },
    {
      "url": "https://mora.jp/artist/265499/all",
      "name": "mora"
    },
    {
      "url": "https://www.musixmatch.com/artist/David-Guetta",
      "name": "musixmatch"
    },
    {
      "url": "https://us.napster.com/artist/david-guetta",
      "name": "napster"
    },
    {
      "url": "https://music.migu.cn/v3/music/artist/30266",
      "name": "migu"
    },
    {
      "url": "https://music.youtube.com/channel/UCh-4c1ZoBPNP1C8c-7iVvUQ",
      "name": "youtube"
    },
    {
      "url": "https://www.bandsintown.com/a/26317",
      "name": "bandsintown"
    },
    {
      "url": "https://www.cdjapan.co.jp/person/700193823",
      "name": "co"
    },
    {
      "url": "https://www.youtube.com/channel/UC1l7wYrva1qCH-wgqcHaaRg",
      "name": "youtube"
    },
    {
      "url": "https://www.beatport.com/artist/_/10631",
      "name": "beatport"
    },
    {
      "url": "https://www.idref.fr/087624532",
      "name": "idref"
    },
    {
      "url": "https://id.oclc.org/worldcat/entity/E39PBJj8Qq4drT3KkBJPFmBpT3",
      "name": "oclc"
    },
    {
      "url": "https://music.bugs.co.kr/artist/80009895",
      "name": "co"
    },
    {
      "url": "https://music.bugs.co.kr/artist/80009895",
      "name": "co"
    },
    {
      "url": "https://jaxsta.com/profile/c1626bef-95be-4b61-aaa6-af9ea37215c4",
      "name": "jaxsta"
    },
    {
      "url": "https://www.melon.com/artist/detail.htm?artistId=182123",
      "name": "melon"
    },
    {
      "url": "https://www.melon.com/artist/detail.htm?artistId=182123",
      "name": "melon"
    },
    {
      "url": "https://www.themoviedb.org/person/89056",
      "name": "themoviedb"
    },
    {
      "url": "https://davidguetta.com/",
      "name": "davidguetta"
    },
    {
      "url": "https://www.musik-sammler.de/artist/13381/",
      "name": "musik-sammler"
    },
    {
      "url": "https://www.qobuz.com/gb-en/interpreter/-/35894",
      "name": "qobuz"
    },
    {
      "url": "https://www.qobuz.com/gb-en/interpreter/-/35894",
      "name": "qobuz"
    },
    {
      "url": "https://www.facebook.com/7619396355",
      "name": "facebook"
    },
    {
      "url": "http://open.qobuz.com/artist/35894",
      "name": "qobuz"
    },
    {
      "url": "https://web.napster.com/artist/art.5015428",
      "name": "napster"
    },
    {
      "url": "https://openlibrary.org/authors/OL7534936A",
      "name": "openlibrary"
    },
    {
      "url": "https://openlibrary.org/authors/OL10002091A",
      "name": "openlibrary"
    },
    {
      "url": "https://www.goodreads.com/author/show/14392182",
      "name": "goodreads"
    },
    {
      "url": "https://www.librarything.com/author/guettadavid",
      "name": "librarything"
    },
    {
      "url": "http://www.encyclopedisque.fr/artiste/11806.html",
      "name": "encyclopedisque"
    },
    {
      "url": "http://www.maniadb.com/artist/133542",
      "name": "maniadb"
    },
    {
      "url": "https://www.beatport.com/artist/david-guetta/10631",
      "name": "beatport"
    },
    {
      "url": "https://music.amazon.fr/artists/B001E1NOA2",
      "name": "amazon"
    },
    {
      "url": "https://www.threads.com/@davidguetta",
      "name": "threads"
    },
    {
      "url": "https://www.setlist.fm/setlists/david-guetta-bd6bd96.html",
      "name": "setlist"
    },
    {
      "url": "https://www.whatsapp.com/channel/0029Va6gw318fewjzjfElH3e",
      "name": "whatsapp"
    },
    {
      "url": "https://vk.com/artist/davidguetta",
      "name": "vk"
    },
    {
      "url": "https://www.snapchat.com/add/davidguettaoff",
      "name": "snapchat"
    },
    {
      "url": "https://www.shazam.com/artist/-/10160454",
      "name": "shazam"
    },
    {
      "url": "https://web.napster.com/artist/david-guetta",
      "name": "napster"
    },
    {
      "url": "https://mora.jp/artist/265499/",
      "name": "mora"
    },
    {
      "url": "https://music.line.me/artist/mi00000000007ed7de",
      "name": "line"
    },
    {
      "url": "https://www.kkbox.com/tw/en/artist/1-QMHxhINgmCNxWuIT",
      "name": "kkbox"
    },
    {
      "url": "https://www.iheart.com/artist/david-guetta-28289/",
      "name": "iheart"
    },
    {
      "url": "https://www.facebook.com/DavidGuetta",
      "name": "facebook"
    },
    {
      "url": "https://music.yandex.com/artist/452",
      "name": "yandex"
    },
    {
      "url": "https://www.qobuz.com/fr-fr/interpreter/-/35894",
      "name": "qobuz"
    },
    {
      "url": "https://www.qobuz.com/fr-fr/interpreter/-/35894",
      "name": "qobuz"
    },
    {
      "url": "https://music.apple.com/de/artist/5557599",
      "name": "apple"
    },
    {
      "url": "https://music.apple.com/de/artist/5557599",
      "name": "apple"
    },
    {
      "url": "https://www.qobuz.com/de-de/interpreter/-/35894",
      "name": "qobuz"
    },
    {
      "url": "https://www.qobuz.com/de-de/interpreter/-/35894",
      "name": "qobuz"
    },
    {
      "url": "http://www.davidguetta.com/",
      "name": "davidguetta"
    },
    {
      "url": "https://music.amazon.com/artists/B001Q95C1G",
      "name": "amazon"
    },
    {
      "url": "https://ototoy.jp/_/default/a/233612",
      "name": "ototoy"
    }
  ],
  "nextAlbum": null,
  "lastAlbum": null,
  "images": [
    {
      "url": "/MediaCover/501/clearlogo.png",
      "coverType": "clearlogo",
      "extension": ".png",
      "remoteUrl": "https://r2.theaudiodb.com/images/media/artist/logo/vqwyrr1358414762.png"
    },
    {
      "url": "/MediaCover/501/fanart.jpg",
      "coverType": "fanart",
      "extension": ".jpg",
      "remoteUrl": "https://r2.theaudiodb.com/images/media/artist/fanart/srxprq1358414924.jpg"
    },
    {
      "url": "/MediaCover/501/banner.jpg",
      "coverType": "banner",
      "extension": ".jpg",
      "remoteUrl": "https://r2.theaudiodb.com/images/media/artist/banner/trpqtq1358414893.jpg"
    },
    {
      "url": "/MediaCover/501/poster.jpg",
      "coverType": "poster",
      "extension": ".jpg",
      "remoteUrl": "https://r2.theaudiodb.com/images/media/artist/thumb/m1j2ch1734980809.jpg"
    }
  ],
  "path": "/volume1/music/library/David Guetta",
  "qualityProfileId": 2,
  "metadataProfileId": 1,
  "monitored": false,
  "monitorNewItems": "all",
  "rootFolderPath": "/volume1/music/library",
  "genres": [
    "House",
    "Dance-Pop",
    "Electro House",
    "Dance",
    "Electronic",
    "Electropop",
    "Future Rave",
    "Festival Progressive House",
    "Tech House"
  ],
  "cleanName": "davidguetta",
  "sortName": "david guetta",
  "tags": [],
  "added": "2026-03-27T17:23:33Z",
  "addOptions": {
    "searchForMissingAlbums": false,
    "monitor": "unknown",
    "albumsToMonitor": [],
    "monitored": false
  },
  "ratings": {
    "votes": 8,
    "value": 9.3
  },
  "statistics": {
    "albumCount": 0,
    "trackFileCount": 0,
    "trackCount": 0,
    "totalTrackCount": 0,
    "sizeOnDisk": 0,
    "percentOfTracks": 0
  },
  "id": 501
}
[DEBUG] Total artists: 476
[DEBUG] Found artist match
[WAIT] Attempt 1...
[DEBUG] Total artists: 476
[DEBUG] Found artist match
[WAIT] Attempt 2...
[DEBUG] Total artists: 476
[DEBUG] Found artist match
[WAIT] Attempt 3...
[DEBUG] Total artists: 476
[DEBUG] Found artist match
[WAIT] Attempt 4...
[DEBUG] Total artists: 476
[DEBUG] Found artist match
[WAIT] Attempt 5...
[DEBUG] Total artists: 476
[DEBUG] Found artist match
[WAIT] Attempt 6...
[DEBUG] Total artists: 476
[DEBUG] Found artist match
[WAIT] Attempt 7...
[DEBUG] Total artists: 476
[DEBUG] Found artist match
[WAIT] Attempt 8...
[DEBUG] Total artists: 476
[DEBUG] Found artist match
[WAIT] Attempt 9...
[DEBUG] Total artists: 476
[DEBUG] Found artist match
[WAIT] Attempt 10...
[INFO] No starter album acquisition candidate emitted: artist hydration timeout

=== Promotable Candidate 8/12 ===
[INFO] Artist: Briston Maroney
[INFO] Best match score: 1.00
[INFO] Seed count: 1
[INFO] Seen count: 2
[INFO] Recommendation count: 0
[INFO] Source seeds: The Backseat Lovers
[INFO] Status: promotable
[INFO] In recommendation backoff: True
[INFO] Cleared legacy extend recommendation backoff for promotable candidate
[INFO] Resolving extend artist: Briston Maroney
[DEBUG] Lookup status: 200
[INFO] Resolved extend artist 'Briston Maroney' -> 'Briston Maroney' (c0dea069-4f46-4f44-8f44-76831e6abb07)
[INFO] Processing artist MBID: c0dea069-4f46-4f44-8f44-76831e6abb07
[DEBUG] Total artists: 476
[DEBUG] Artist NOT found
[INFO] Adding artist...
[DEBUG] Quality profiles status: 200
[DEBUG] Quality profiles returned: 2
[DEBUG] Resolved quality profile 'Lossless' -> ID 2
[DEBUG] Metadata profiles status: 200
[DEBUG] Metadata profiles returned: 2
[DEBUG] Resolved metadata profile 'Standard' -> ID 1
[DEBUG] Add artist status: 201
[DEBUG] Add artist response: {
  "status": "continuing",
  "ended": false,
  "artistName": "Briston Maroney",
  "foreignArtistId": "c0dea069-4f46-4f44-8f44-76831e6abb07",
  "tadbId": 0,
  "discogsId": 0,
  "overview": "Briston Lee Maroney is an American singer, songwriter, and guitarist from Knoxville, Tennessee, who is signed to Canvasback Music and Atlantic Records. He has released three studio albums through Atlantic, including his most recent collection, Jimmy, released on May 2, 2025.",
  "artistType": "Person",
  "disambiguation": "",
  "links": [
    {
      "url": "https://www.facebook.com/BristonMaroneyMusic",
      "name": "facebook"
    },
    {
      "url": "https://www.youtube.com/user/MrHeadphonesguy",
      "name": "youtube"
    },
    {
      "url": "https://open.spotify.com/artist/7vtSUU3zpHeYJfX6BPNrJd",
      "name": "spotify"
    },
    {
      "url": "https://twitter.com/BristonMaroney",
      "name": "twitter"
    },
    {
      "url": "https://www.wikidata.org/wiki/Q65643395",
      "name": "wikidata"
    },
    {
      "url": "https://www.bristonmaroney.com/",
      "name": "bristonmaroney"
    },
    {
      "url": "https://www.instagram.com/bristonmaroney/",
      "name": "instagram"
    },
    {
      "url": "https://soundcloud.com/ristonaroney",
      "name": "soundcloud"
    },
    {
      "url": "https://music.apple.com/us/artist/418604503",
      "name": "apple"
    },
    {
      "url": "https://www.songkick.com/artists/9176989",
      "name": "songkick"
    },
    {
      "url": "https://www.discogs.com/artist/7187422",
      "name": "discogs"
    },
    {
      "url": "https://www.bandsintown.com/a/3177501",
      "name": "bandsintown"
    },
    {
      "url": "https://genius.com/artists/Briston-maroney",
      "name": "genius"
    },
    {
      "url": "https://www.deezer.com/artist/3665351",
      "name": "deezer"
    },
    {
      "url": "https://www.allmusic.com/artist/mn0003774088",
      "name": "allmusic"
    },
    {
      "url": "https://www.tiktok.com/@bristonmaroney",
      "name": "tiktok"
    },
    {
      "url": "https://www.last.fm/music/Briston+Maroney",
      "name": "last"
    },
    {
      "url": "https://music.amazon.com/artists/B004M8TMUA",
      "name": "amazon"
    },
    {
      "url": "https://fr.napster.com/artist/briston-maroney",
      "name": "napster"
    },
    {
      "url": "https://www.musixmatch.com/artist/Briston-Maroney",
      "name": "musixmatch"
    },
    {
      "url": "https://tidal.com/artist/6033097",
      "name": "tidal"
    },
    {
      "url": "https://www.setlist.fm/setlists/briston-maroney-7bc9768c.html",
      "name": "setlist"
    },
    {
      "url": "https://imvdb.com/n/briston-maroney",
      "name": "imvdb"
    },
    {
      "url": "https://music.apple.com/gb/artist/418604503",
      "name": "apple"
    }
  ],
  "nextAlbum": null,
  "lastAlbum": null,
  "images": [
    {
      "url": "/MediaCover/502/poster.jpg",
      "coverType": "poster",
      "extension": ".jpg",
      "remoteUrl": "https://images.lidarr.audio/cache/https://r2.theaudiodb.com/images/media/artist/thumb/7amevo1714484671.jpg"
    }
  ],
  "path": "/volume1/music/library/Briston Maroney",
  "qualityProfileId": 2,
  "metadataProfileId": 1,
  "monitored": false,
  "monitorNewItems": "all",
  "rootFolderPath": "/volume1/music/library",
  "genres": [],
  "cleanName": "bristonmaroney",
  "sortName": "briston maroney",
  "tags": [],
  "added": "2026-03-27T17:24:13Z",
  "addOptions": {
    "searchForMissingAlbums": false,
    "monitor": "unknown",
    "albumsToMonitor": [],
    "monitored": false
  },
  "ratings": {
    "votes": 0,
    "value": 0
  },
  "statistics": {
    "albumCount": 0,
    "trackFileCount": 0,
    "trackCount": 0,
    "totalTrackCount": 0,
    "sizeOnDisk": 0,
    "percentOfTracks": 0
  },
  "id": 502
}
[DEBUG] Total artists: 477
[DEBUG] Found artist match
[WAIT] Attempt 1...
[DEBUG] Total artists: 477
[DEBUG] Found artist match
[WAIT] Attempt 2...
[DEBUG] Total artists: 477
[DEBUG] Found artist match
[WAIT] Attempt 3...
[DEBUG] Total artists: 477
[DEBUG] Found artist match
[DEBUG] Plex: artist not found: Briston Maroney
[DEBUG] Last.fm signals:
  artist=Briston Maroney
  play_count=0
  ratio=0
[DEBUG] Merged signals: affinity=1.00 confidence=0.40 sources=['lastfm']
[DEBUG] Skipping monitored album: JIMMY
[DEBUG] Skipping monitored album: Ultrapure
[DEBUG] Skipping monitored album: Sunflower
[INFO] No eligible albums remain after ownership filtering
[INFO] Intent decided:
  Action: NO_ACTION
  Artist: Briston Maroney
  Album: (all albums owned)
  Reason: no eligible albums remain after ownership filtering
  Score: None
  Thresholds: acquire=9, recommend=4
[INFO] Extend candidate intentionally staged as unmonitored artist in Lidarr
[INFO] No starter album acquisition candidate emitted: no eligible albums remain after ownership filtering
[INFO] Recorded starter album exhaustion for staged/promoted candidate

=== Promotable Candidate 9/12 ===
[INFO] Artist: Peekaboo
[INFO] Best match score: 0.90
[INFO] Seed count: 1
[INFO] Seen count: 7
[INFO] Recommendation count: 0
[INFO] Source seeds: NGHTMRE
[INFO] Status: promotable
[INFO] In recommendation backoff: True
[INFO] Cleared legacy extend recommendation backoff for promotable candidate
[INFO] Resolving extend artist: Peekaboo
[DEBUG] Lookup status: 200
[INFO] Resolved extend artist 'Peekaboo' -> 'PEEKABOO' (c37cb509-b7fd-4212-a6fb-163535eba4c1)
[INFO] Processing artist MBID: c37cb509-b7fd-4212-a6fb-163535eba4c1
[DEBUG] Total artists: 477
[DEBUG] Artist NOT found
[INFO] Adding artist...
[DEBUG] Quality profiles status: 200
[DEBUG] Quality profiles returned: 2
[DEBUG] Resolved quality profile 'Lossless' -> ID 2
[DEBUG] Metadata profiles status: 200
[DEBUG] Metadata profiles returned: 2
[DEBUG] Resolved metadata profile 'Standard' -> ID 1
[DEBUG] Add artist status: 201
[DEBUG] Add artist response: {
  "status": "continuing",
  "ended": false,
  "artistName": "PEEKABOO",
  "foreignArtistId": "c37cb509-b7fd-4212-a6fb-163535eba4c1",
  "tadbId": 0,
  "discogsId": 0,
  "overview": "Matthew Austin Lucas, better known by his alias Peekaboo, is an American dubstep producer. Although he began as a multi-genre electronic music artist, he is mostly now known for his particular style of dubstep, also known as freeform bass and space bass. His sixth extended play Wrecking Ball debuted at #10 on Billboard's Dance/Electronic Album Sales chart in early 2019.",
  "artistType": "Person",
  "disambiguation": "dubstep producer Matthew Lucas",
  "links": [
    {
      "url": "https://soundcloud.com/peekaboobeats",
      "name": "soundcloud"
    },
    {
      "url": "https://twitter.com/peekaboobeats",
      "name": "twitter"
    },
    {
      "url": "https://www.facebook.com/peekaboobeats",
      "name": "facebook"
    },
    {
      "url": "https://www.instagram.com/peekaboobeats/",
      "name": "instagram"
    },
    {
      "url": "https://www.discogs.com/artist/1346014",
      "name": "discogs"
    },
    {
      "url": "https://open.spotify.com/artist/4Ok1Cm5YX5StCQZgH0r2xF",
      "name": "spotify"
    },
    {
      "url": "https://www.deezer.com/artist/436671",
      "name": "deezer"
    },
    {
      "url": "https://www.wikidata.org/wiki/Q61819897",
      "name": "wikidata"
    },
    {
      "url": "https://music.youtube.com/channel/UC33FAKt-rXC0V4KL8lrSYfQ",
      "name": "youtube"
    },
    {
      "url": "https://music.apple.com/us/artist/1254616353",
      "name": "apple"
    },
    {
      "url": "https://www.peekaboobeats.com/",
      "name": "peekaboobeats"
    },
    {
      "url": "https://www.youtube.com/channel/UCcyngqTtrl8UaeEH9ZA3ehg",
      "name": "youtube"
    },
    {
      "url": "https://tidal.com/artist/4969700",
      "name": "tidal"
    },
    {
      "url": "https://www.beatport.com/artist/peekaboo/453446",
      "name": "beatport"
    },
    {
      "url": "https://open.spotify.com/artist/49UHbONOs9dVD9JbgesSPq",
      "name": "spotify"
    }
  ],
  "nextAlbum": null,
  "lastAlbum": null,
  "images": [
    {
      "url": "/MediaCover/503/poster.jpg",
      "coverType": "poster",
      "extension": ".jpg",
      "remoteUrl": "https://images.lidarr.audio/cache/https://r2.theaudiodb.com/images/media/artist/thumb/zgm6u91756586772.jpg"
    },
    {
      "url": "/MediaCover/503/fanart.jpg",
      "coverType": "fanart",
      "extension": ".jpg",
      "remoteUrl": "https://images.lidarr.audio/cache/https://r2.theaudiodb.com/images/media/artist/fanart/g92qo21756586927.jpg"
    }
  ],
  "path": "/volume1/music/library/PEEKABOO",
  "qualityProfileId": 2,
  "metadataProfileId": 1,
  "monitored": false,
  "monitorNewItems": "all",
  "rootFolderPath": "/volume1/music/library",
  "genres": [
    "Dubstep",
    "Electronic"
  ],
  "cleanName": "peekaboo",
  "sortName": "peekaboo",
  "tags": [],
  "added": "2026-03-27T17:24:29Z",
  "addOptions": {
    "searchForMissingAlbums": false,
    "monitor": "unknown",
    "albumsToMonitor": [],
    "monitored": false
  },
  "ratings": {
    "votes": 0,
    "value": 0
  },
  "statistics": {
    "albumCount": 0,
    "trackFileCount": 0,
    "trackCount": 0,
    "totalTrackCount": 0,
    "sizeOnDisk": 0,
    "percentOfTracks": 0
  },
  "id": 503
}
[DEBUG] Total artists: 478
[DEBUG] Found artist match
[DEBUG] Plex: artist not found: PEEKABOO
[DEBUG] Last.fm signals:
  artist=PEEKABOO
  play_count=0
  ratio=0
[DEBUG] Merged signals: affinity=1.00 confidence=0.40 sources=['lastfm']
[DEBUG] Skipping monitored album: Eyes Wide Open
[DEBUG] Skipping monitored album: Are We Dreaming?
[INFO] No eligible albums remain after ownership filtering
[INFO] Intent decided:
  Action: NO_ACTION
  Artist: PEEKABOO
  Album: (all albums owned)
  Reason: no eligible albums remain after ownership filtering
  Score: None
  Thresholds: acquire=9, recommend=4
[INFO] Extend candidate intentionally staged as unmonitored artist in Lidarr
[INFO] No starter album acquisition candidate emitted: no eligible albums remain after ownership filtering
[INFO] Recorded starter album exhaustion for staged/promoted candidate

=== Promotable Candidate 10/12 ===
[INFO] Artist: Flipturn
[INFO] Best match score: 0.82
[INFO] Seed count: 1
[INFO] Seen count: 2
[INFO] Recommendation count: 0
[INFO] Source seeds: The Backseat Lovers
[INFO] Status: promotable
[INFO] In recommendation backoff: True
[INFO] Cleared legacy extend recommendation backoff for promotable candidate
[INFO] Resolving extend artist: Flipturn
[DEBUG] Lookup status: 200
[INFO] Resolved extend artist 'Flipturn' -> 'flipturn' (0c97b403-1aae-4315-93ab-af54fe2169d6)
[INFO] Processing artist MBID: 0c97b403-1aae-4315-93ab-af54fe2169d6
[DEBUG] Total artists: 478
[DEBUG] Artist NOT found
[INFO] Adding artist...
[DEBUG] Quality profiles status: 200
[DEBUG] Quality profiles returned: 2
[DEBUG] Resolved quality profile 'Lossless' -> ID 2
[DEBUG] Metadata profiles status: 200
[DEBUG] Metadata profiles returned: 2
[DEBUG] Resolved metadata profile 'Standard' -> ID 1
[DEBUG] Add artist status: 201
[DEBUG] Add artist response: {
  "status": "continuing",
  "ended": false,
  "artistName": "flipturn",
  "foreignArtistId": "0c97b403-1aae-4315-93ab-af54fe2169d6",
  "tadbId": 0,
  "discogsId": 0,
  "overview": "Flipturn, stylized as flipturn, is an American indie rock band from Fernandina Beach, Florida formed in 2015. The band consists of founding members Dillon Basse (vocals), Tristan Duncan (guitar) and Madeline Jarman (bass) who founded the band as high school seniors. After their college years at the University of Florida, they picked up guitarist and synthesizer player Mitch Fountain, and drummer Devon VonBalson.",
  "artistType": "Group",
  "disambiguation": "",
  "links": [
    {
      "url": "https://flipturn.band/",
      "name": "flipturn"
    },
    {
      "url": "https://open.spotify.com/artist/7FKTg75ADVMZgY3P9ZMRtH",
      "name": "spotify"
    },
    {
      "url": "https://www.facebook.com/flipturnband",
      "name": "facebook"
    },
    {
      "url": "https://www.youtube.com/channel/UCPM1u65-ElSBqL-cgvKKlyg",
      "name": "youtube"
    },
    {
      "url": "https://twitter.com/flipturnband",
      "name": "twitter"
    },
    {
      "url": "https://www.instagram.com/flipturnband/",
      "name": "instagram"
    },
    {
      "url": "https://soundcloud.com/flipturnband",
      "name": "soundcloud"
    },
    {
      "url": "https://music.apple.com/au/artist/1152532111",
      "name": "apple"
    },
    {
      "url": "https://www.deezer.com/artist/12209150",
      "name": "deezer"
    },
    {
      "url": "https://www.discogs.com/artist/7992696",
      "name": "discogs"
    },
    {
      "url": "https://www.last.fm/music/Flipturn",
      "name": "last"
    },
    {
      "url": "https://www.bandsintown.com/a/13071114",
      "name": "bandsintown"
    },
    {
      "url": "https://www.wikidata.org/wiki/Q123583502",
      "name": "wikidata"
    },
    {
      "url": "https://music.apple.com/us/artist/1152532111",
      "name": "apple"
    },
    {
      "url": "https://tidal.com/artist/8110710",
      "name": "tidal"
    }
  ],
  "nextAlbum": null,
  "lastAlbum": null,
  "images": [],
  "path": "/volume1/music/library/flipturn",
  "qualityProfileId": 2,
  "metadataProfileId": 1,
  "monitored": false,
  "monitorNewItems": "all",
  "rootFolderPath": "/volume1/music/library",
  "genres": [
    "Indie Rock"
  ],
  "cleanName": "flipturn",
  "sortName": "flipturn",
  "tags": [],
  "added": "2026-03-27T17:24:35Z",
  "addOptions": {
    "searchForMissingAlbums": false,
    "monitor": "unknown",
    "albumsToMonitor": [],
    "monitored": false
  },
  "ratings": {
    "votes": 0,
    "value": 0
  },
  "statistics": {
    "albumCount": 0,
    "trackFileCount": 0,
    "trackCount": 0,
    "totalTrackCount": 0,
    "sizeOnDisk": 0,
    "percentOfTracks": 0
  },
  "id": 504
}
[DEBUG] Total artists: 479
[DEBUG] Found artist match
[WAIT] Attempt 1...
[DEBUG] Total artists: 479
[DEBUG] Found artist match
[WAIT] Attempt 2...
[DEBUG] Total artists: 479
[DEBUG] Found artist match
[WAIT] Attempt 3...
[DEBUG] Total artists: 479
[DEBUG] Found artist match
[WAIT] Attempt 4...
[DEBUG] Total artists: 479
[DEBUG] Found artist match
[WAIT] Attempt 5...
[DEBUG] Total artists: 479
[DEBUG] Found artist match
[WAIT] Attempt 6...
[DEBUG] Total artists: 479
[DEBUG] Found artist match
[WAIT] Attempt 7...
[DEBUG] Total artists: 479
[DEBUG] Found artist match
[WAIT] Attempt 8...
[DEBUG] Total artists: 479
[DEBUG] Found artist match
[WAIT] Attempt 9...
[DEBUG] Total artists: 479
[DEBUG] Found artist match
[WAIT] Attempt 10...
[INFO] No starter album acquisition candidate emitted: artist hydration timeout

=== Promotable Candidate 11/12 ===
[INFO] Artist: Cardinal Bloom
[INFO] Best match score: 0.80
[INFO] Seed count: 1
[INFO] Seen count: 2
[INFO] Recommendation count: 0
[INFO] Source seeds: The Backseat Lovers
[INFO] Status: promotable
[INFO] In recommendation backoff: True
[INFO] Cleared legacy extend recommendation backoff for promotable candidate
[INFO] Resolving extend artist: Cardinal Bloom
[DEBUG] Lookup status: 200
[INFO] Resolved extend artist 'Cardinal Bloom' -> 'Cardinal Bloom' (77f4b530-5657-4c75-ad4f-92a75f72deb1)
[INFO] Processing artist MBID: 77f4b530-5657-4c75-ad4f-92a75f72deb1
[DEBUG] Total artists: 479
[DEBUG] Artist NOT found
[INFO] Adding artist...
[DEBUG] Quality profiles status: 200
[DEBUG] Quality profiles returned: 2
[DEBUG] Resolved quality profile 'Lossless' -> ID 2
[DEBUG] Metadata profiles status: 200
[DEBUG] Metadata profiles returned: 2
[DEBUG] Resolved metadata profile 'Standard' -> ID 1
[DEBUG] Add artist status: 201
[DEBUG] Add artist response: {
  "status": "continuing",
  "ended": false,
  "artistName": "Cardinal Bloom",
  "foreignArtistId": "77f4b530-5657-4c75-ad4f-92a75f72deb1",
  "tadbId": 0,
  "discogsId": 0,
  "artistType": "Group",
  "disambiguation": "",
  "links": [
    {
      "url": "https://open.spotify.com/artist/1kL35cnfsVSfKJ6xLk0K9f",
      "name": "spotify"
    },
    {
      "url": "https://www.deezer.com/artist/67718332",
      "name": "deezer"
    }
  ],
  "nextAlbum": null,
  "lastAlbum": null,
  "images": [],
  "path": "/volume1/music/library/Cardinal Bloom",
  "qualityProfileId": 2,
  "metadataProfileId": 1,
  "monitored": false,
  "monitorNewItems": "all",
  "rootFolderPath": "/volume1/music/library",
  "genres": [],
  "cleanName": "cardinalbloom",
  "sortName": "cardinal bloom",
  "tags": [],
  "added": "2026-03-27T17:25:10Z",
  "addOptions": {
    "searchForMissingAlbums": false,
    "monitor": "unknown",
    "albumsToMonitor": [],
    "monitored": false
  },
  "ratings": {
    "votes": 0,
    "value": 0
  },
  "statistics": {
    "albumCount": 0,
    "trackFileCount": 0,
    "trackCount": 0,
    "totalTrackCount": 0,
    "sizeOnDisk": 0,
    "percentOfTracks": 0
  },
  "id": 505
}
[DEBUG] Total artists: 480
[DEBUG] Found artist match
[WAIT] Attempt 1...
[DEBUG] Total artists: 480
[DEBUG] Found artist match
[WAIT] Attempt 2...
[DEBUG] Total artists: 480
[DEBUG] Found artist match
[WAIT] Attempt 3...
[DEBUG] Total artists: 480
[DEBUG] Found artist match
[WAIT] Attempt 4...
[DEBUG] Total artists: 480
[DEBUG] Found artist match
[WAIT] Attempt 5...
[DEBUG] Total artists: 480
[DEBUG] Found artist match
[DEBUG] Plex: artist not found: Cardinal Bloom
[DEBUG] Last.fm signals:
  artist=Cardinal Bloom
  play_count=0
  ratio=0
[DEBUG] Merged signals: affinity=1.00 confidence=0.40 sources=['lastfm']
[DEBUG] Skipping monitored album: The Only Place I’ve Ever Known
[INFO] No eligible albums remain after ownership filtering
[INFO] Intent decided:
  Action: NO_ACTION
  Artist: Cardinal Bloom
  Album: (all albums owned)
  Reason: no eligible albums remain after ownership filtering
  Score: None
  Thresholds: acquire=9, recommend=4
[INFO] Extend candidate intentionally staged as unmonitored artist in Lidarr
[INFO] No starter album acquisition candidate emitted: no eligible albums remain after ownership filtering
[INFO] Recorded starter album exhaustion for staged/promoted candidate

=== Promotable Candidate 12/12 ===
[INFO] Artist: Capital Cities
[INFO] Best match score: 0.78
[INFO] Seed count: 1
[INFO] Seen count: 7
[INFO] Recommendation count: 0
[INFO] Source seeds: Foster the People
[INFO] Status: promotable
[INFO] In recommendation backoff: True
[INFO] Cleared legacy extend recommendation backoff for promotable candidate
[INFO] Resolving extend artist: Capital Cities
[DEBUG] Lookup status: 200
[INFO] Resolved extend artist 'Capital Cities' -> 'Capital Cities' (119a2c67-e6d6-41cf-a58c-c51b75c80daa)
[INFO] Processing artist MBID: 119a2c67-e6d6-41cf-a58c-c51b75c80daa
[DEBUG] Total artists: 480
[DEBUG] Artist NOT found
[INFO] Adding artist...
[DEBUG] Quality profiles status: 200
[DEBUG] Quality profiles returned: 2
[DEBUG] Resolved quality profile 'Lossless' -> ID 2
[DEBUG] Metadata profiles status: 200
[DEBUG] Metadata profiles returned: 2
[DEBUG] Resolved metadata profile 'Standard' -> ID 1
[DEBUG] Add artist status: 201
[DEBUG] Add artist response: {
  "status": "continuing",
  "ended": false,
  "artistName": "Capital Cities",
  "foreignArtistId": "119a2c67-e6d6-41cf-a58c-c51b75c80daa",
  "tadbId": 0,
  "discogsId": 0,
  "overview": "Capital Cities is an American pop duo from Los Angeles, California, formed in 2008 by Ryan Merchant and Sebu Simonian. Their debut EP was released on June 7, 2011, with lead single \"Safe and Sound\" which became their only top ten hit single.",
  "artistType": "Group",
  "disambiguation": "",
  "links": [
    {
      "url": "http://capitalcitiesmusic.com/",
      "name": "capitalcitiesmusic"
    },
    {
      "url": "https://capitalcities.bandcamp.com/",
      "name": "bandcamp"
    },
    {
      "url": "https://www.discogs.com/artist/2899046",
      "name": "discogs"
    },
    {
      "url": "https://www.allmusic.com/artist/mn0002977610",
      "name": "allmusic"
    },
    {
      "url": "https://rateyourmusic.com/artist/capital_cities",
      "name": "rateyourmusic"
    },
    {
      "url": "https://soundcloud.com/capital-cities",
      "name": "soundcloud"
    },
    {
      "url": "https://www.bbc.co.uk/music/artists/119a2c67-e6d6-41cf-a58c-c51b75c80daa",
      "name": "bbc"
    },
    {
      "url": "http://www.purevolume.com/CapitalCities",
      "name": "purevolume"
    },
    {
      "url": "https://www.facebook.com/capitalcities",
      "name": "facebook"
    },
    {
      "url": "http://capitalcities.tumblr.com/",
      "name": "tumblr"
    },
    {
      "url": "https://twitter.com/capitalcities",
      "name": "twitter"
    },
    {
      "url": "https://www.youtube.com/user/capitalcitiesmusic",
      "name": "youtube"
    },
    {
      "url": "https://www.last.fm/music/Capital+Cities",
      "name": "last"
    },
    {
      "url": "https://www.imdb.com/name/nm5706927/",
      "name": "imdb"
    },
    {
      "url": "https://myspace.com/capitalcities",
      "name": "myspace"
    },
    {
      "url": "http://viaf.org/viaf/302625419",
      "name": "viaf"
    },
    {
      "url": "https://www.wikidata.org/wiki/Q5035696",
      "name": "wikidata"
    },
    {
      "url": "http://muzikum.eu/en/122-13763/capital-cities/lyrics.html",
      "name": "muzikum"
    },
    {
      "url": "https://www.instagram.com/capitalcities/",
      "name": "instagram"
    },
    {
      "url": "https://open.spotify.com/artist/4gwpcMTbLWtBUlOijbVpuu",
      "name": "spotify"
    },
    {
      "url": "https://www.songkick.com/artists/3216791",
      "name": "songkick"
    },
    {
      "url": "https://plus.google.com/110132950869028634141",
      "name": "google"
    },
    {
      "url": "https://www.youtube.com/channel/UCQraIhcLCFjoI4B1B9KcmRQ",
      "name": "youtube"
    },
    {
      "url": "https://www.bandsintown.com/a/987422",
      "name": "bandsintown"
    },
    {
      "url": "https://play.google.com/store/music/artist?id=Aggnjgtp7n23sl5fwrambg7odd4",
      "name": "google"
    },
    {
      "url": "https://www.deezer.com/artist/432247",
      "name": "deezer"
    },
    {
      "url": "https://genius.com/artists/Capital-cities",
      "name": "genius"
    },
    {
      "url": "https://imvdb.com/n/capital-cities",
      "name": "imvdb"
    },
    {
      "url": "https://secondhandsongs.com/artist/75139",
      "name": "secondhandsongs"
    },
    {
      "url": "https://www.setlist.fm/setlists/capital-cities-bd2452e.html",
      "name": "setlist"
    },
    {
      "url": "https://www.whosampled.com/Capital-Cities/",
      "name": "whosampled"
    },
    {
      "url": "https://www.musik-sammler.de/artist/capital-cities/",
      "name": "musik-sammler"
    },
    {
      "url": "https://www.beatport.com/artist/capital-cities/278754",
      "name": "beatport"
    },
    {
      "url": "https://www.7digital.com/artist/capital-cities",
      "name": "7digital"
    },
    {
      "url": "https://www.onkyomusic.com/artist/capital-cities",
      "name": "onkyomusic"
    },
    {
      "url": "https://mora.jp/artist/336824/",
      "name": "mora"
    },
    {
      "url": "https://tidal.com/artist/4677757",
      "name": "tidal"
    },
    {
      "url": "https://music.apple.com/us/artist/398949430",
      "name": "apple"
    },
    {
      "url": "https://music.apple.com/us/artist/398949430",
      "name": "apple"
    },
    {
      "url": "https://www.musixmatch.com/artist/Capital-Cities",
      "name": "musixmatch"
    },
    {
      "url": "https://www.muziekweb.nl/Link/M00000416443/POPULAR/",
      "name": "muziekweb"
    },
    {
      "url": "https://muzikum.eu/en/capital-cities/lyrics",
      "name": "muzikum"
    },
    {
      "url": "https://www.qobuz.com/gb-en/interpreter/capital-cities/866189",
      "name": "qobuz"
    },
    {
      "url": "https://www.qobuz.com/gb-en/interpreter/capital-cities/866189",
      "name": "qobuz"
    },
    {
      "url": "https://music.youtube.com/channel/UClxuMOFeLBJXk8nt-SolPvw",
      "name": "youtube"
    },
    {
      "url": "https://www.ticketmaster.com/artist/1611146",
      "name": "ticketmaster"
    },
    {
      "url": "https://music.amazon.com/artists/B0047O4OQQ",
      "name": "amazon"
    },
    {
      "url": "https://music.apple.com/gb/artist/398949430",
      "name": "apple"
    }
  ],
  "nextAlbum": null,
  "lastAlbum": null,
  "images": [
    {
      "url": "/MediaCover/506/fanart.jpg",
      "coverType": "fanart",
      "extension": ".jpg",
      "remoteUrl": "https://images.lidarr.audio/cache/https://r2.theaudiodb.com/images/media/artist/fanart/rqqpyy1371874382.jpg"
    },
    {
      "url": "/MediaCover/506/banner.jpg",
      "coverType": "banner",
      "extension": ".jpg",
      "remoteUrl": "https://images.lidarr.audio/cache/https://r2.theaudiodb.com/images/media/artist/banner/strxru1408084416.jpg"
    },
    {
      "url": "/MediaCover/506/clearlogo.png",
      "coverType": "clearlogo",
      "extension": ".png",
      "remoteUrl": "https://images.lidarr.audio/cache/https://r2.theaudiodb.com/images/media/artist/logo/xqsvwq1371872561.png"
    },
    {
      "url": "/MediaCover/506/poster.jpg",
      "coverType": "poster",
      "extension": ".jpg",
      "remoteUrl": "https://images.lidarr.audio/cache/https://r2.theaudiodb.com/images/media/artist/thumb/rvqtqv1371872455.jpg"
    }
  ],
  "path": "/volume1/music/library/Capital Cities",
  "qualityProfileId": 2,
  "metadataProfileId": 1,
  "monitored": false,
  "monitorNewItems": "all",
  "rootFolderPath": "/volume1/music/library",
  "genres": [
    "Electronic",
    "Indie Pop",
    "Indie Rock",
    "Instrumental",
    "Instrumental Rock",
    "Pop",
    "Synth-Pop"
  ],
  "cleanName": "capitalcities",
  "sortName": "capital cities",
  "tags": [],
  "added": "2026-03-27T17:25:35Z",
  "addOptions": {
    "searchForMissingAlbums": false,
    "monitor": "unknown",
    "albumsToMonitor": [],
    "monitored": false
  },
  "ratings": {
    "votes": 1,
    "value": 10.0
  },
  "statistics": {
    "albumCount": 0,
    "trackFileCount": 0,
    "trackCount": 0,
    "totalTrackCount": 0,
    "sizeOnDisk": 0,
    "percentOfTracks": 0
  },
  "id": 506
}
[DEBUG] Total artists: 481
[DEBUG] Found artist match
[WAIT] Attempt 1...
[DEBUG] Total artists: 481
[DEBUG] Found artist match
[WAIT] Attempt 2...
[DEBUG] Total artists: 481
[DEBUG] Found artist match
[DEBUG] Plex: artist not found: Capital Cities
[DEBUG] Last.fm signals:
  artist=Capital Cities
  play_count=0
  ratio=0
[DEBUG] Merged signals: affinity=1.00 confidence=0.40 sources=['lastfm']
[DEBUG] Skipping monitored album: In a Tidal Wave of Mystery
[DEBUG] Skipping monitored album: Solarize
[DEBUG] Skipping monitored album: A Hurricane of Frowns
[INFO] No eligible albums remain after ownership filtering
[INFO] Intent decided:
  Action: NO_ACTION
  Artist: Capital Cities
  Album: (all albums owned)
  Reason: no eligible albums remain after ownership filtering
  Score: None
  Thresholds: acquire=9, recommend=4
[INFO] Extend candidate intentionally staged as unmonitored artist in Lidarr
[INFO] No starter album acquisition candidate emitted: no eligible albums remain after ownership filtering
[INFO] Recorded starter album exhaustion for staged/promoted candidate

=== EXTEND PROMOTION SUMMARY ===
[INFO] Starter album candidates created: 0
[INFO] Skipped existing starter album candidate: 0
[INFO] Skipped recommendation backoff: 0
[INFO] Skipped below acquire threshold: 12
[INFO] Failed planning attempts: 0
