[INFO] Timestamped log file: logs\extend-promotion-service-smoke-20260327-205431.log
[INFO] Latest log file: logs\extend-promotion-service-smoke-latest.log
=== Resonarr Extend Promotion Service Smoke Test ===
[INFO] Promotable candidate view:
{
  "status": "success",
  "count": 12,
  "items": [
    {
      "artist_name": "Smino",
      "status": "starter_album_recommendation",
      "best_match_score": 1.0,
      "seed_count": 1,
      "seen_count": 7,
      "recommendation_count": 0,
      "source_seeds": [
        "Aminé"
      ],
      "in_recommendation_backoff": true,
      "is_promotable": true
    },
    {
      "artist_name": "BoyWithUke",
      "status": "starter_album_recommendation",
      "best_match_score": 1.0,
      "seed_count": 1,
      "seen_count": 5,
      "recommendation_count": 0,
      "source_seeds": [
        "AJR"
      ],
      "in_recommendation_backoff": true,
      "is_promotable": true
    },
    {
      "artist_name": "American Authors",
      "status": "starter_album_recommendation",
      "best_match_score": 0.885058,
      "seed_count": 1,
      "seen_count": 5,
      "recommendation_count": 0,
      "source_seeds": [
        "AJR"
      ],
      "in_recommendation_backoff": true,
      "is_promotable": true
    },
    {
      "artist_name": "Em Beihold",
      "status": "starter_album_recommendation",
      "best_match_score": 0.865961,
      "seed_count": 1,
      "seen_count": 5,
      "recommendation_count": 0,
      "source_seeds": [
        "AJR"
      ],
      "in_recommendation_backoff": true,
      "is_promotable": true
    },
    {
      "artist_name": "The Astronomers",
      "status": "starter_album_recommendation",
      "best_match_score": 0.84901,
      "seed_count": 1,
      "seen_count": 5,
      "recommendation_count": 0,
      "source_seeds": [
        "AJR"
      ],
      "in_recommendation_backoff": true,
      "is_promotable": true
    },
    {
      "artist_name": "Flipturn",
      "status": "starter_album_recommendation",
      "best_match_score": 0.824881,
      "seed_count": 1,
      "seen_count": 2,
      "recommendation_count": 0,
      "source_seeds": [
        "The Backseat Lovers"
      ],
      "in_recommendation_backoff": true,
      "is_promotable": true
    },
    {
      "artist_name": "Cardinal Bloom",
      "status": "starter_album_recommendation",
      "best_match_score": 0.80219,
      "seed_count": 1,
      "seen_count": 2,
      "recommendation_count": 0,
      "source_seeds": [
        "The Backseat Lovers"
      ],
      "in_recommendation_backoff": true,
      "is_promotable": true
    },
    {
      "artist_name": "Capital Cities",
      "status": "starter_album_recommendation",
      "best_match_score": 0.780994,
      "seed_count": 1,
      "seen_count": 7,
      "recommendation_count": 0,
      "source_seeds": [
        "Foster the People"
      ],
      "in_recommendation_backoff": true,
      "is_promotable": true
    },
    {
      "artist_name": "David Guetta",
      "status": "starter_album_approved",
      "best_match_score": 1.0,
      "seed_count": 1,
      "seen_count": 7,
      "recommendation_count": 0,
      "source_seeds": [
        "Calvin Harris"
      ],
      "in_recommendation_backoff": true,
      "is_promotable": true
    },
    {
      "artist_name": "Briston Maroney",
      "status": "starter_album_approved",
      "best_match_score": 1.0,
      "seed_count": 1,
      "seen_count": 2,
      "recommendation_count": 0,
      "source_seeds": [
        "The Backseat Lovers"
      ],
      "in_recommendation_backoff": true,
      "is_promotable": true
    },
    {
      "artist_name": "Andy Grammer",
      "status": "starter_album_rejected",
      "best_match_score": 0.657836,
      "seed_count": 2,
      "seen_count": 7,
      "recommendation_count": 1,
      "source_seeds": [
        "AJR",
        "Surfaces"
      ],
      "in_recommendation_backoff": true,
      "is_promotable": true
    },
    {
      "artist_name": "Peekaboo",
      "status": "starter_album_rejected",
      "best_match_score": 0.899953,
      "seed_count": 1,
      "seen_count": 7,
      "recommendation_count": 0,
      "source_seeds": [
        "NGHTMRE"
      ],
      "in_recommendation_backoff": true,
      "is_promotable": true
    }
  ]
}
[INFO] Promotion cycle result (dry run):
{
  "status": "success",
  "promotable_count": 12,
  "planned_count": 0,
  "skipped_existing": 12,
  "skipped_backoff": 0,
  "skipped_non_acquire": 0,
  "failed": 0,
  "limit": 3,
  "dry_run": true,
  "results": [
    {
      "artist_name": "Smino",
      "candidate_status": "starter_album_recommendation",
      "best_match_score": 1.0,
      "seed_count": 1,
      "seen_count": 7,
      "recommendation_count": 0,
      "source_seeds": [
        "Aminé"
      ],
      "in_recommendation_backoff": true,
      "result_type": "skipped_existing_recommendation",
      "message": "Existing starter album recommendation already recorded"
    },
    {
      "artist_name": "BoyWithUke",
      "candidate_status": "starter_album_recommendation",
      "best_match_score": 1.0,
      "seed_count": 1,
      "seen_count": 5,
      "recommendation_count": 0,
      "source_seeds": [
        "AJR"
      ],
      "in_recommendation_backoff": true,
      "result_type": "skipped_existing_recommendation",
      "message": "Existing starter album recommendation already recorded"
    },
    {
      "artist_name": "American Authors",
      "candidate_status": "starter_album_recommendation",
      "best_match_score": 0.885058,
      "seed_count": 1,
      "seen_count": 5,
      "recommendation_count": 0,
      "source_seeds": [
        "AJR"
      ],
      "in_recommendation_backoff": true,
      "result_type": "skipped_existing_recommendation",
      "message": "Existing starter album recommendation already recorded"
    },
    {
      "artist_name": "Em Beihold",
      "candidate_status": "starter_album_recommendation",
      "best_match_score": 0.865961,
      "seed_count": 1,
      "seen_count": 5,
      "recommendation_count": 0,
      "source_seeds": [
        "AJR"
      ],
      "in_recommendation_backoff": true,
      "result_type": "skipped_existing_recommendation",
      "message": "Existing starter album recommendation already recorded"
    },
    {
      "artist_name": "The Astronomers",
      "candidate_status": "starter_album_recommendation",
      "best_match_score": 0.84901,
      "seed_count": 1,
      "seen_count": 5,
      "recommendation_count": 0,
      "source_seeds": [
        "AJR"
      ],
      "in_recommendation_backoff": true,
      "result_type": "skipped_existing_recommendation",
      "message": "Existing starter album recommendation already recorded"
    },
    {
      "artist_name": "Flipturn",
      "candidate_status": "starter_album_recommendation",
      "best_match_score": 0.824881,
      "seed_count": 1,
      "seen_count": 2,
      "recommendation_count": 0,
      "source_seeds": [
        "The Backseat Lovers"
      ],
      "in_recommendation_backoff": true,
      "result_type": "skipped_existing_recommendation",
      "message": "Existing starter album recommendation already recorded"
    },
    {
      "artist_name": "Cardinal Bloom",
      "candidate_status": "starter_album_recommendation",
      "best_match_score": 0.80219,
      "seed_count": 1,
      "seen_count": 2,
      "recommendation_count": 0,
      "source_seeds": [
        "The Backseat Lovers"
      ],
      "in_recommendation_backoff": true,
      "result_type": "skipped_existing_recommendation",
      "message": "Existing starter album recommendation already recorded"
    },
    {
      "artist_name": "Capital Cities",
      "candidate_status": "starter_album_recommendation",
      "best_match_score": 0.780994,
      "seed_count": 1,
      "seen_count": 7,
      "recommendation_count": 0,
      "source_seeds": [
        "Foster the People"
      ],
      "in_recommendation_backoff": true,
      "result_type": "skipped_existing_recommendation",
      "message": "Existing starter album recommendation already recorded"
    },
    {
      "artist_name": "David Guetta",
      "candidate_status": "starter_album_approved",
      "best_match_score": 1.0,
      "seed_count": 1,
      "seen_count": 7,
      "recommendation_count": 0,
      "source_seeds": [
        "Calvin Harris"
      ],
      "in_recommendation_backoff": true,
      "result_type": "skipped_existing_approved",
      "message": "Existing approved starter album already recorded"
    },
    {
      "artist_name": "Briston Maroney",
      "candidate_status": "starter_album_approved",
      "best_match_score": 1.0,
      "seed_count": 1,
      "seen_count": 2,
      "recommendation_count": 0,
      "source_seeds": [
        "The Backseat Lovers"
      ],
      "in_recommendation_backoff": true,
      "result_type": "skipped_existing_approved",
      "message": "Existing approved starter album already recorded"
    },
    {
      "artist_name": "Andy Grammer",
      "candidate_status": "starter_album_rejected",
      "best_match_score": 0.657836,
      "seed_count": 2,
      "seen_count": 7,
      "recommendation_count": 1,
      "source_seeds": [
        "AJR",
        "Surfaces"
      ],
      "in_recommendation_backoff": true,
      "result_type": "skipped_existing_rejected",
      "message": "Existing rejected starter album already recorded"
    },
    {
      "artist_name": "Peekaboo",
      "candidate_status": "starter_album_rejected",
      "best_match_score": 0.899953,
      "seed_count": 1,
      "seen_count": 7,
      "recommendation_count": 0,
      "source_seeds": [
        "NGHTMRE"
      ],
      "in_recommendation_backoff": true,
      "result_type": "skipped_existing_rejected",
      "message": "Existing rejected starter album already recorded"
    }
  ]
}
