[INFO] Timestamped log file: logs\extend-promotion-service-smoke-20260330-225050.log
[INFO] Latest log file: logs\extend-promotion-service-smoke-latest.log
=== Resonarr Extend Promotion Service Smoke Test ===
[INFO] Promotable candidate view:
{
  "status": "success",
  "count": 12,
  "items": [
    {
      "artist_name": "Smino",
      "status": "starter_album_recommendation",
      "resolved_artist_name": "Smino",
      "resolved_artist_mbid": "96800e05-9924-4321-859a-76e0d4750f2f",
      "best_match_score": 1.0,
      "seed_count": 1,
      "seen_count": 7,
      "recommendation_count": 0,
      "source_seeds": [
        "Aminé"
      ],
      "in_recommendation_backoff": true,
      "is_promotable": true,
      "starter_album_id": 17323,
      "starter_album_title": "NØIR",
      "starter_album_score": 3.0,
      "starter_album_reason": "score 3.00 below acquire threshold 9 but >= staged recommend threshold 3"
    },
    {
      "artist_name": "BoyWithUke",
      "status": "starter_album_recommendation",
      "resolved_artist_name": "BoyWithUke",
      "resolved_artist_mbid": "a148ffde-581c-4c39-a8f1-bc49dec7fe68",
      "best_match_score": 1.0,
      "seed_count": 1,
      "seen_count": 5,
      "recommendation_count": 0,
      "source_seeds": [
        "AJR"
      ],
      "in_recommendation_backoff": true,
      "is_promotable": true,
      "starter_album_id": 17343,
      "starter_album_title": "Fever Dreams",
      "starter_album_score": 3.0,
      "starter_album_reason": "score 3.00 below acquire threshold 9 but >= staged recommend threshold 3"
    },
    {
      "artist_name": "American Authors",
      "status": "starter_album_recommendation",
      "resolved_artist_name": "American Authors",
      "resolved_artist_mbid": "9ce0515d-cc88-4df6-8a2e-d231c13cb2c2",
      "best_match_score": 0.885058,
      "seed_count": 1,
      "seen_count": 5,
      "recommendation_count": 0,
      "source_seeds": [
        "AJR"
      ],
      "in_recommendation_backoff": true,
      "is_promotable": true,
      "starter_album_id": 17435,
      "starter_album_title": "Seasons",
      "starter_album_score": 3.0,
      "starter_album_reason": "score 3.00 below acquire threshold 9 but >= staged recommend threshold 3"
    },
    {
      "artist_name": "Em Beihold",
      "status": "starter_album_recommendation",
      "resolved_artist_name": "Em Beihold",
      "resolved_artist_mbid": "7575e3b8-ba04-4acc-a895-9cc528f86525",
      "best_match_score": 0.865961,
      "seed_count": 1,
      "seen_count": 5,
      "recommendation_count": 0,
      "source_seeds": [
        "AJR"
      ],
      "in_recommendation_backoff": true,
      "is_promotable": true,
      "starter_album_id": 17483,
      "starter_album_title": "Egg in the Backseat",
      "starter_album_score": 3.0,
      "starter_album_reason": "score 3.00 below acquire threshold 9 but >= staged recommend threshold 3"
    },
    {
      "artist_name": "The Astronomers",
      "status": "starter_album_recommendation",
      "resolved_artist_name": "The Astronomers",
      "resolved_artist_mbid": "2119e495-b0be-452d-adf2-ca38923ecca6",
      "best_match_score": 0.84901,
      "seed_count": 1,
      "seen_count": 5,
      "recommendation_count": 0,
      "source_seeds": [
        "AJR"
      ],
      "in_recommendation_backoff": true,
      "is_promotable": true,
      "starter_album_id": 17493,
      "starter_album_title": "The Occasion",
      "starter_album_score": 3.0,
      "starter_album_reason": "score 3.00 below acquire threshold 9 but >= staged recommend threshold 3"
    },
    {
      "artist_name": "Flipturn",
      "status": "starter_album_recommendation",
      "resolved_artist_name": "flipturn",
      "resolved_artist_mbid": "0c97b403-1aae-4315-93ab-af54fe2169d6",
      "best_match_score": 0.824881,
      "seed_count": 1,
      "seen_count": 2,
      "recommendation_count": 0,
      "source_seeds": [
        "The Backseat Lovers"
      ],
      "in_recommendation_backoff": true,
      "is_promotable": true,
      "starter_album_id": 17272,
      "starter_album_title": "Shadowglow",
      "starter_album_score": 3.0,
      "starter_album_reason": "score 3.00 below acquire threshold 9 but >= staged recommend threshold 3"
    },
    {
      "artist_name": "Cardinal Bloom",
      "status": "starter_album_recommendation",
      "resolved_artist_name": "Cardinal Bloom",
      "resolved_artist_mbid": "77f4b530-5657-4c75-ad4f-92a75f72deb1",
      "best_match_score": 0.80219,
      "seed_count": 1,
      "seen_count": 2,
      "recommendation_count": 0,
      "source_seeds": [
        "The Backseat Lovers"
      ],
      "in_recommendation_backoff": true,
      "is_promotable": true,
      "starter_album_id": 17504,
      "starter_album_title": "The Only Place I’ve Ever Known",
      "starter_album_score": 3.0,
      "starter_album_reason": "score 3.00 below acquire threshold 9 but >= staged recommend threshold 3"
    },
    {
      "artist_name": "Capital Cities",
      "status": "starter_album_recommendation",
      "resolved_artist_name": "Capital Cities",
      "resolved_artist_mbid": "119a2c67-e6d6-41cf-a58c-c51b75c80daa",
      "best_match_score": 0.780994,
      "seed_count": 1,
      "seen_count": 7,
      "recommendation_count": 0,
      "source_seeds": [
        "Foster the People"
      ],
      "in_recommendation_backoff": true,
      "is_promotable": true,
      "starter_album_id": 17522,
      "starter_album_title": "Solarize",
      "starter_album_score": 3.0,
      "starter_album_reason": "score 3.00 below acquire threshold 9 but >= staged recommend threshold 3"
    },
    {
      "artist_name": "David Guetta",
      "status": "starter_album_approved",
      "resolved_artist_name": "David Guetta",
      "resolved_artist_mbid": "302bd7b9-d012-4360-897a-93b00c855680",
      "best_match_score": 1.0,
      "seed_count": 1,
      "seen_count": 7,
      "recommendation_count": 0,
      "source_seeds": [
        "Calvin Harris"
      ],
      "in_recommendation_backoff": true,
      "is_promotable": true,
      "starter_album_id": 17124,
      "starter_album_title": "7",
      "starter_album_score": 3.0,
      "starter_album_reason": "score 3.00 below acquire threshold 9 but >= staged recommend threshold 3"
    },
    {
      "artist_name": "Briston Maroney",
      "status": "starter_album_approved",
      "resolved_artist_name": "Briston Maroney",
      "resolved_artist_mbid": "c0dea069-4f46-4f44-8f44-76831e6abb07",
      "best_match_score": 1.0,
      "seed_count": 1,
      "seen_count": 2,
      "recommendation_count": 0,
      "source_seeds": [
        "The Backseat Lovers"
      ],
      "in_recommendation_backoff": true,
      "is_promotable": true,
      "starter_album_id": 17381,
      "starter_album_title": "Sunflower",
      "starter_album_score": 3.0,
      "starter_album_reason": "score 3.00 below acquire threshold 9 but >= staged recommend threshold 3"
    },
    {
      "artist_name": "Andy Grammer",
      "status": "starter_album_rejected",
      "resolved_artist_name": "Andy Grammer",
      "resolved_artist_mbid": "9e60ea29-9607-4f7d-aa96-2092ef41f0d3",
      "best_match_score": 0.657836,
      "seed_count": 2,
      "seen_count": 7,
      "recommendation_count": 1,
      "source_seeds": [
        "AJR",
        "Surfaces"
      ],
      "in_recommendation_backoff": true,
      "is_promotable": true,
      "starter_album_id": 17296,
      "starter_album_title": "The Good Parts",
      "starter_album_score": 3.0,
      "starter_album_reason": "score 3.00 below acquire threshold 9 but >= staged recommend threshold 3"
    },
    {
      "artist_name": "Peekaboo",
      "status": "starter_album_rejected",
      "resolved_artist_name": "PEEKABOO",
      "resolved_artist_mbid": "c37cb509-b7fd-4212-a6fb-163535eba4c1",
      "best_match_score": 0.899953,
      "seed_count": 1,
      "seen_count": 7,
      "recommendation_count": 0,
      "source_seeds": [
        "NGHTMRE"
      ],
      "in_recommendation_backoff": true,
      "is_promotable": true,
      "starter_album_id": 17398,
      "starter_album_title": "Eyes Wide Open",
      "starter_album_score": 3.0,
      "starter_album_reason": "score 3.00 below acquire threshold 9 but >= staged recommend threshold 3"
    }
  ]
}
[INFO] Promotion cycle result (dry run):
{
  "status": "success",
  "promotable_count": 12,
  "planned_count": 0,
  "skipped_existing": 12,
  "skipped_backoff": 0,
  "skipped_non_acquire": 0,
  "failed": 0,
  "limit": 3,
  "dry_run": true,
  "results": [
    {
      "artist_name": "Smino",
      "candidate_status": "starter_album_recommendation",
      "best_match_score": 1.0,
      "seed_count": 1,
      "seen_count": 7,
      "recommendation_count": 0,
      "source_seeds": [
        "Aminé"
      ],
      "in_recommendation_backoff": true,
      "result_type": "skipped_existing_recommendation",
      "message": "Existing starter album recommendation already recorded"
    },
    {
      "artist_name": "BoyWithUke",
      "candidate_status": "starter_album_recommendation",
      "best_match_score": 1.0,
      "seed_count": 1,
      "seen_count": 5,
      "recommendation_count": 0,
      "source_seeds": [
        "AJR"
      ],
      "in_recommendation_backoff": true,
      "result_type": "skipped_existing_recommendation",
      "message": "Existing starter album recommendation already recorded"
    },
    {
      "artist_name": "American Authors",
      "candidate_status": "starter_album_recommendation",
      "best_match_score": 0.885058,
      "seed_count": 1,
      "seen_count": 5,
      "recommendation_count": 0,
      "source_seeds": [
        "AJR"
      ],
      "in_recommendation_backoff": true,
      "result_type": "skipped_existing_recommendation",
      "message": "Existing starter album recommendation already recorded"
    },
    {
      "artist_name": "Em Beihold",
      "candidate_status": "starter_album_recommendation",
      "best_match_score": 0.865961,
      "seed_count": 1,
      "seen_count": 5,
      "recommendation_count": 0,
      "source_seeds": [
        "AJR"
      ],
      "in_recommendation_backoff": true,
      "result_type": "skipped_existing_recommendation",
      "message": "Existing starter album recommendation already recorded"
    },
    {
      "artist_name": "The Astronomers",
      "candidate_status": "starter_album_recommendation",
      "best_match_score": 0.84901,
      "seed_count": 1,
      "seen_count": 5,
      "recommendation_count": 0,
      "source_seeds": [
        "AJR"
      ],
      "in_recommendation_backoff": true,
      "result_type": "skipped_existing_recommendation",
      "message": "Existing starter album recommendation already recorded"
    },
    {
      "artist_name": "Flipturn",
      "candidate_status": "starter_album_recommendation",
      "best_match_score": 0.824881,
      "seed_count": 1,
      "seen_count": 2,
      "recommendation_count": 0,
      "source_seeds": [
        "The Backseat Lovers"
      ],
      "in_recommendation_backoff": true,
      "result_type": "skipped_existing_recommendation",
      "message": "Existing starter album recommendation already recorded"
    },
    {
      "artist_name": "Cardinal Bloom",
      "candidate_status": "starter_album_recommendation",
      "best_match_score": 0.80219,
      "seed_count": 1,
      "seen_count": 2,
      "recommendation_count": 0,
      "source_seeds": [
        "The Backseat Lovers"
      ],
      "in_recommendation_backoff": true,
      "result_type": "skipped_existing_recommendation",
      "message": "Existing starter album recommendation already recorded"
    },
    {
      "artist_name": "Capital Cities",
      "candidate_status": "starter_album_recommendation",
      "best_match_score": 0.780994,
      "seed_count": 1,
      "seen_count": 7,
      "recommendation_count": 0,
      "source_seeds": [
        "Foster the People"
      ],
      "in_recommendation_backoff": true,
      "result_type": "skipped_existing_recommendation",
      "message": "Existing starter album recommendation already recorded"
    },
    {
      "artist_name": "David Guetta",
      "candidate_status": "starter_album_approved",
      "best_match_score": 1.0,
      "seed_count": 1,
      "seen_count": 7,
      "recommendation_count": 0,
      "source_seeds": [
        "Calvin Harris"
      ],
      "in_recommendation_backoff": true,
      "result_type": "skipped_existing_approved",
      "message": "Existing approved starter album already recorded"
    },
    {
      "artist_name": "Briston Maroney",
      "candidate_status": "starter_album_approved",
      "best_match_score": 1.0,
      "seed_count": 1,
      "seen_count": 2,
      "recommendation_count": 0,
      "source_seeds": [
        "The Backseat Lovers"
      ],
      "in_recommendation_backoff": true,
      "result_type": "skipped_existing_approved",
      "message": "Existing approved starter album already recorded"
    },
    {
      "artist_name": "Andy Grammer",
      "candidate_status": "starter_album_rejected",
      "best_match_score": 0.657836,
      "seed_count": 2,
      "seen_count": 7,
      "recommendation_count": 1,
      "source_seeds": [
        "AJR",
        "Surfaces"
      ],
      "in_recommendation_backoff": true,
      "result_type": "skipped_existing_rejected",
      "message": "Existing rejected starter album already recorded"
    },
    {
      "artist_name": "Peekaboo",
      "candidate_status": "starter_album_rejected",
      "best_match_score": 0.899953,
      "seed_count": 1,
      "seen_count": 7,
      "recommendation_count": 0,
      "source_seeds": [
        "NGHTMRE"
      ],
      "in_recommendation_backoff": true,
      "result_type": "skipped_existing_rejected",
      "message": "Existing rejected starter album already recorded"
    }
  ]
}
