[INFO] Timestamped log file: logs\extend-promotion-cycle-20260327-172829.log
[INFO] Latest log file: logs\extend-promotion-cycle-latest.log
=== Resonarr Extend Promotion Cycle ===
[INFO] Promotable candidates found: 12

=== Promotable Candidate 1/12 ===
[INFO] Artist: American Authors
[INFO] Best match score: 0.89
[INFO] Seed count: 1
[INFO] Seen count: 5
[INFO] Recommendation count: 0
[INFO] Source seeds: AJR
[INFO] Status: starter_album_exhausted
[INFO] In recommendation backoff: False
[INFO] Re-evaluating previously exhausted candidate under current staged policy
[INFO] Resolving extend artist: American Authors
[DEBUG] Lookup status: 200
[INFO] Resolved extend artist 'American Authors' -> 'American Authors' (9ce0515d-cc88-4df6-8a2e-d231c13cb2c2)
[INFO] Processing artist MBID: 9ce0515d-cc88-4df6-8a2e-d231c13cb2c2
[DEBUG] Total artists: 475
[DEBUG] Artist NOT found
[INFO] Adding artist...
[DEBUG] Quality profiles status: 200
[DEBUG] Quality profiles returned: 2
[DEBUG] Resolved quality profile 'Lossless' -> ID 2
[DEBUG] Metadata profiles status: 200
[DEBUG] Metadata profiles returned: 2
[DEBUG] Resolved metadata profile 'Standard' -> ID 1
[DEBUG] Add artist status: 201
[DEBUG] Add artist response: {
  "status": "continuing",
  "ended": false,
  "artistName": "American Authors",
  "foreignArtistId": "9ce0515d-cc88-4df6-8a2e-d231c13cb2c2",
  "tadbId": 0,
  "discogsId": 0,
  "overview": "American Authors, formerly known as the Blue Pages, are an American rock band originally from Boston, based in New York City, that consists of lead vocalist and guitarist Zac Barnett, bassist Dave Rublin, and drummer Matt Sanchez. Guitarist and banjoist James Adam Shelley is a former member. They are best known for their hit singles \"Believer\" and \"Best Day of My Life\", from their debut album, Oh, What a Life, as well as their top 20 hit \"Go Big or Go Home\", from their second album, What We Live For. The band, previously signed to Island Records, now releases music independently.",
  "artistType": "Group",
  "disambiguation": "",
  "links": [
    {
      "url": "https://www.allmusic.com/artist/mn0003084079",
      "name": "allmusic"
    },
    {
      "url": "https://www.wikidata.org/wiki/Q15044381",
      "name": "wikidata"
    },
    {
      "url": "https://www.facebook.com/americanauthors",
      "name": "facebook"
    },
    {
      "url": "https://open.spotify.com/artist/0MlOPi3zIDMVrfA9R04Fe3",
      "name": "spotify"
    },
    {
      "url": "https://www.discogs.com/artist/3255888",
      "name": "discogs"
    },
    {
      "url": "https://rateyourmusic.com/artist/american_authors",
      "name": "rateyourmusic"
    },
    {
      "url": "http://weareamericanauthors.com/",
      "name": "weareamericanauthors"
    },
    {
      "url": "https://www.instagram.com/americanauthors/",
      "name": "instagram"
    },
    {
      "url": "https://twitter.com/aauthorsmusic",
      "name": "twitter"
    },
    {
      "url": "https://plus.google.com/113971396354634134613",
      "name": "google"
    },
    {
      "url": "https://genius.com/artists/american-authors",
      "name": "genius"
    },
    {
      "url": "https://soundcloud.com/american-authors",
      "name": "soundcloud"
    },
    {
      "url": "https://www.deezer.com/artist/4526180",
      "name": "deezer"
    },
    {
      "url": "https://imvdb.com/n/american-authors",
      "name": "imvdb"
    },
    {
      "url": "https://music.apple.com/us/artist/557564979",
      "name": "apple"
    },
    {
      "url": "https://music.apple.com/us/artist/557564979",
      "name": "apple"
    },
    {
      "url": "https://tidal.com/artist/4864710",
      "name": "tidal"
    },
    {
      "url": "http://viaf.org/viaf/308776897",
      "name": "viaf"
    },
    {
      "url": "https://www.songkick.com/artists/5677419",
      "name": "songkick"
    },
    {
      "url": "https://www.setlist.fm/setlists/american-authors-13dcc1f9.html",
      "name": "setlist"
    },
    {
      "url": "https://www.youtube.com/channel/UC67f6whPY0ZzudUZaY2AymA",
      "name": "youtube"
    },
    {
      "url": "https://www.youtube.com/channel/UCY4ZDNCKpgSlJYvYSZZRRew",
      "name": "youtube"
    }
  ],
  "nextAlbum": null,
  "lastAlbum": null,
  "images": [
    {
      "url": "/MediaCover/514/clearlogo.png",
      "coverType": "clearlogo",
      "extension": ".png",
      "remoteUrl": "https://images.lidarr.audio/cache/https://r2.theaudiodb.com/images/media/artist/logo/xrxsys1455221048.png"
    },
    {
      "url": "/MediaCover/514/fanart.jpg",
      "coverType": "fanart",
      "extension": ".jpg",
      "remoteUrl": "https://images.lidarr.audio/cache/https://r2.theaudiodb.com/images/media/artist/fanart/xqxxyp1422729265.jpg"
    },
    {
      "url": "/MediaCover/514/banner.jpg",
      "coverType": "banner",
      "extension": ".jpg",
      "remoteUrl": "https://images.lidarr.audio/cache/https://r2.theaudiodb.com/images/media/artist/banner/yxxrqw1455282380.jpg"
    },
    {
      "url": "/MediaCover/514/poster.jpg",
      "coverType": "poster",
      "extension": ".jpg",
      "remoteUrl": "https://images.lidarr.audio/cache/https://r2.theaudiodb.com/images/media/artist/thumb/uxqxpu1422726614.jpg"
    }
  ],
  "path": "/volume1/music/library/American Authors",
  "qualityProfileId": 2,
  "metadataProfileId": 1,
  "monitored": false,
  "monitorNewItems": "all",
  "rootFolderPath": "/volume1/music/library",
  "genres": [
    "Pop Rock",
    "Chamber Pop",
    "Folk Rock",
    "Indie Rock"
  ],
  "cleanName": "americanauthors",
  "sortName": "american authors",
  "tags": [],
  "added": "2026-03-27T21:28:33Z",
  "addOptions": {
    "searchForMissingAlbums": false,
    "monitor": "unknown",
    "albumsToMonitor": [],
    "monitored": false
  },
  "ratings": {
    "votes": 1,
    "value": 8.0
  },
  "statistics": {
    "albumCount": 0,
    "trackFileCount": 0,
    "trackCount": 0,
    "totalTrackCount": 0,
    "sizeOnDisk": 0,
    "percentOfTracks": 0
  },
  "id": 514
}
[DEBUG] Total artists: 476
[DEBUG] Found artist match
