[INFO] Timestamped log file: logs\extend-promotion-cycle-20260327-133921.log
[INFO] Latest log file: logs\extend-promotion-cycle-latest.log
=== Resonarr Extend Promotion Cycle ===
[INFO] Promotable candidates found: 12

=== Promotable Candidate 1/12 ===
[INFO] Artist: Andy Grammer
[INFO] Best match score: 0.66
[INFO] Seed count: 2
[INFO] Seen count: 7
[INFO] Recommendation count: 1
[INFO] Source seeds: AJR, Surfaces
[INFO] Status: starter_album_exhausted
[INFO] In recommendation backoff: False
[INFO] Starter album exhaustion already recorded for this candidate

=== Promotable Candidate 2/12 ===
[INFO] Artist: Smino
[INFO] Best match score: 1.00
[INFO] Seed count: 1
[INFO] Seen count: 7
[INFO] Recommendation count: 0
[INFO] Source seeds: Aminé
[INFO] Status: starter_album_exhausted
[INFO] In recommendation backoff: False
[INFO] Starter album exhaustion already recorded for this candidate

=== Promotable Candidate 3/12 ===
[INFO] Artist: BoyWithUke
[INFO] Best match score: 1.00
[INFO] Seed count: 1
[INFO] Seen count: 5
[INFO] Recommendation count: 0
[INFO] Source seeds: AJR
[INFO] Status: starter_album_exhausted
[INFO] In recommendation backoff: False
[INFO] Starter album exhaustion already recorded for this candidate

=== Promotable Candidate 4/12 ===
[INFO] Artist: Briston Maroney
[INFO] Best match score: 1.00
[INFO] Seed count: 1
[INFO] Seen count: 2
[INFO] Recommendation count: 0
[INFO] Source seeds: The Backseat Lovers
[INFO] Status: starter_album_exhausted
[INFO] In recommendation backoff: False
[INFO] Starter album exhaustion already recorded for this candidate

=== Promotable Candidate 5/12 ===
[INFO] Artist: Peekaboo
[INFO] Best match score: 0.90
[INFO] Seed count: 1
[INFO] Seen count: 7
[INFO] Recommendation count: 0
[INFO] Source seeds: NGHTMRE
[INFO] Status: starter_album_exhausted
[INFO] In recommendation backoff: False
[INFO] Starter album exhaustion already recorded for this candidate

=== Promotable Candidate 6/12 ===
[INFO] Artist: American Authors
[INFO] Best match score: 0.89
[INFO] Seed count: 1
[INFO] Seen count: 5
[INFO] Recommendation count: 0
[INFO] Source seeds: AJR
[INFO] Status: starter_album_exhausted
[INFO] In recommendation backoff: False
[INFO] Starter album exhaustion already recorded for this candidate

=== Promotable Candidate 7/12 ===
[INFO] Artist: Em Beihold
[INFO] Best match score: 0.87
[INFO] Seed count: 1
[INFO] Seen count: 5
[INFO] Recommendation count: 0
[INFO] Source seeds: AJR
[INFO] Status: starter_album_exhausted
[INFO] In recommendation backoff: False
[INFO] Starter album exhaustion already recorded for this candidate

=== Promotable Candidate 8/12 ===
[INFO] Artist: The Astronomers
[INFO] Best match score: 0.85
[INFO] Seed count: 1
[INFO] Seen count: 5
[INFO] Recommendation count: 0
[INFO] Source seeds: AJR
[INFO] Status: starter_album_exhausted
[INFO] In recommendation backoff: False
[INFO] Starter album exhaustion already recorded for this candidate

=== Promotable Candidate 9/12 ===
[INFO] Artist: Cardinal Bloom
[INFO] Best match score: 0.80
[INFO] Seed count: 1
[INFO] Seen count: 2
[INFO] Recommendation count: 0
[INFO] Source seeds: The Backseat Lovers
[INFO] Status: starter_album_exhausted
[INFO] In recommendation backoff: False
[INFO] Starter album exhaustion already recorded for this candidate

=== Promotable Candidate 10/12 ===
[INFO] Artist: Capital Cities
[INFO] Best match score: 0.78
[INFO] Seed count: 1
[INFO] Seen count: 7
[INFO] Recommendation count: 0
[INFO] Source seeds: Foster the People
[INFO] Status: starter_album_exhausted
[INFO] In recommendation backoff: False
[INFO] Starter album exhaustion already recorded for this candidate

=== Promotable Candidate 11/12 ===
[INFO] Artist: David Guetta
[INFO] Best match score: 1.00
[INFO] Seed count: 1
[INFO] Seen count: 7
[INFO] Recommendation count: 0
[INFO] Source seeds: Calvin Harris
[INFO] Status: promotable
[INFO] In recommendation backoff: False
[INFO] Resolving extend artist: David Guetta
[DEBUG] Lookup status: 200
[INFO] Resolved extend artist 'David Guetta' -> 'David Guetta' (302bd7b9-d012-4360-897a-93b00c855680)
[INFO] Processing artist MBID: 302bd7b9-d012-4360-897a-93b00c855680
[DEBUG] Total artists: 469
[DEBUG] Artist NOT found
[INFO] Adding artist...
[DEBUG] Quality profiles status: 200
[DEBUG] Quality profiles returned: 2
[DEBUG] Resolved quality profile 'Lossless' -> ID 2
[DEBUG] Metadata profiles status: 200
[DEBUG] Metadata profiles returned: 2
[DEBUG] Resolved metadata profile 'Standard' -> ID 1
[DEBUG] Add artist status: 201
[DEBUG] Add artist response: {
  "status": "continuing",
  "ended": false,
  "artistName": "David Guetta",
  "foreignArtistId": "302bd7b9-d012-4360-897a-93b00c855680",
  "tadbId": 0,
  "discogsId": 0,
  "overview": "Pierre David Guetta is a French DJ and record producer. He has sold over 10 million albums and 65 million singles globally, with more than 30 billion streams on Spotify. Guetta was voted the number one DJ in the DJ Mag Top 100 DJs polls in 2011, 2020, 2021, 2023 and 2025. In 2013, Billboard ranked his song \"When Love Takes Over\" as the number one dance-pop collaboration of all time.",
  "artistType": "Person",
  "disambiguation": "",
  "links": [
    {
      "url": "https://www.discogs.com/artist/36527",
      "name": "discogs"
    },
    {
      "url": "https://myspace.com/davidguetta",
      "name": "myspace"
    },
    {
      "url": "https://www.bbc.co.uk/music/artists/302bd7b9-d012-4360-897a-93b00c855680",
      "name": "bbc"
    },
    {
      "url": "https://twitter.com/davidguetta",
      "name": "twitter"
    },
    {
      "url": "https://www.allmusic.com/artist/mn0000213561",
      "name": "allmusic"
    },
    {
      "url": "https://open.spotify.com/artist/1Cs0zKBU1kc0i8ypK3B9ai",
      "name": "spotify"
    },
    {
      "url": "http://viaf.org/viaf/27259726",
      "name": "viaf"
    },
    {
      "url": "https://soundcloud.com/davidguetta",
      "name": "soundcloud"
    },
    {
      "url": "https://www.wikidata.org/wiki/Q8298",
      "name": "wikidata"
    },
    {
      "url": "https://commons.wikimedia.org/wiki/File:David_Guetta_at_2011_MMVA.jpg",
      "name": "wikimedia"
    },
    {
      "url": "https://secondhandsongs.com/artist/17309",
      "name": "secondhandsongs"
    },
    {
      "url": "http://muzikum.eu/en/122-4514/david-guetta/lyrics.html",
      "name": "muzikum"
    },
    {
      "url": "https://rateyourmusic.com/artist/david_guetta",
      "name": "rateyourmusic"
    },
    {
      "url": "https://itunes.apple.com/fr/artist/id5557599",
      "name": "apple"
    },
    {
      "url": "https://play.google.com/store/music/artist?id=Atz23uqwiyignuosgnreslh736y",
      "name": "google"
    },
    {
      "url": "http://www.junodownload.com/artists/David+Guetta/",
      "name": "junodownload"
    },
    {
      "url": "https://fr.7digital.com/artist/david-guetta",
      "name": "7digital"
    },
    {
      "url": "https://utaitedb.net/Ar/22545",
      "name": "utaitedb"
    },
    {
      "url": "https://www.deezer.com/artist/542",
      "name": "deezer"
    },
    {
      "url": "https://vk.com/davidguetta",
      "name": "vk"
    },
    {
      "url": "https://d-nb.info/gnd/134926811",
      "name": "d-nb"
    },
    {
      "url": "http://id.loc.gov/authorities/names/no2010074966",
      "name": "loc"
    },
    {
      "url": "https://www.worldcat.org/identities/lccn-no2010074966/",
      "name": "worldcat"
    },
    {
      "url": "https://catalogue.bnf.fr/ark:/12148/cb13971020f",
      "name": "bnf"
    },
    {
      "url": "https://www.imdb.com/name/nm1615892/",
      "name": "imdb"
    },
    {
      "url": "https://genius.com/artists/David-guetta",
      "name": "genius"
    },
    {
      "url": "https://www.instagram.com/davidguetta/",
      "name": "instagram"
    },
    {
      "url": "https://plus.google.com/u/0/+DavidGUETTA",
      "name": "google"
    },
    {
      "url": "https://www.dailymotion.com/DavidGuetta-Official",
      "name": "dailymotion"
    },
    {
      "url": "https://www.songkick.com/artists/149066",
      "name": "songkick"
    },
    {
      "url": "https://imvdb.com/n/david-guetta",
      "name": "imvdb"
    },
    {
      "url": "https://music.apple.com/fr/artist/5557599",
      "name": "apple"
    },
    {
      "url": "https://music.apple.com/fr/artist/5557599",
      "name": "apple"
    },
    {
      "url": "https://www.last.fm/music/David+Guetta",
      "name": "last"
    },
    {
      "url": "https://www.whosampled.com/David-Guetta/",
      "name": "whosampled"
    },
    {
      "url": "https://www.twitch.tv/davidguetta",
      "name": "twitch"
    },
    {
      "url": "https://www.tiktok.com/@davidguetta",
      "name": "tiktok"
    },
    {
      "url": "https://tidal.com/artist/27343",
      "name": "tidal"
    },
    {
      "url": "https://www.muziekweb.nl/Link/M00000110840/POPULAR/",
      "name": "muziekweb"
    },
    {
      "url": "https://www.mixcloud.com/davidguetta/",
      "name": "mixcloud"
    },
    {
      "url": "https://www.livefans.jp/artists/6789",
      "name": "livefans"
    },
    {
      "url": "https://music.apple.com/us/artist/5557599",
      "name": "apple"
    },
    {
      "url": "https://music.apple.com/us/artist/5557599",
      "name": "apple"
    },
    {
      "url": "https://mora.jp/artist/265499/all",
      "name": "mora"
    },
    {
      "url": "https://www.musixmatch.com/artist/David-Guetta",
      "name": "musixmatch"
    },
    {
      "url": "https://us.napster.com/artist/david-guetta",
      "name": "napster"
    },
    {
      "url": "https://music.migu.cn/v3/music/artist/30266",
      "name": "migu"
    },
    {
      "url": "https://music.youtube.com/channel/UCh-4c1ZoBPNP1C8c-7iVvUQ",
      "name": "youtube"
    },
    {
      "url": "https://www.bandsintown.com/a/26317",
      "name": "bandsintown"
    },
    {
      "url": "https://www.cdjapan.co.jp/person/700193823",
      "name": "co"
    },
    {
      "url": "https://www.youtube.com/channel/UC1l7wYrva1qCH-wgqcHaaRg",
      "name": "youtube"
    },
    {
      "url": "https://www.beatport.com/artist/_/10631",
      "name": "beatport"
    },
    {
      "url": "https://www.idref.fr/087624532",
      "name": "idref"
    },
    {
      "url": "https://id.oclc.org/worldcat/entity/E39PBJj8Qq4drT3KkBJPFmBpT3",
      "name": "oclc"
    },
    {
      "url": "https://music.bugs.co.kr/artist/80009895",
      "name": "co"
    },
    {
      "url": "https://music.bugs.co.kr/artist/80009895",
      "name": "co"
    },
    {
      "url": "https://jaxsta.com/profile/c1626bef-95be-4b61-aaa6-af9ea37215c4",
      "name": "jaxsta"
    },
    {
      "url": "https://www.melon.com/artist/detail.htm?artistId=182123",
      "name": "melon"
    },
    {
      "url": "https://www.melon.com/artist/detail.htm?artistId=182123",
      "name": "melon"
    },
    {
      "url": "https://www.themoviedb.org/person/89056",
      "name": "themoviedb"
    },
    {
      "url": "https://davidguetta.com/",
      "name": "davidguetta"
    },
    {
      "url": "https://www.musik-sammler.de/artist/13381/",
      "name": "musik-sammler"
    },
    {
      "url": "https://www.qobuz.com/gb-en/interpreter/-/35894",
      "name": "qobuz"
    },
    {
      "url": "https://www.qobuz.com/gb-en/interpreter/-/35894",
      "name": "qobuz"
    },
    {
      "url": "https://www.facebook.com/7619396355",
      "name": "facebook"
    },
    {
      "url": "http://open.qobuz.com/artist/35894",
      "name": "qobuz"
    },
    {
      "url": "https://web.napster.com/artist/art.5015428",
      "name": "napster"
    },
    {
      "url": "https://openlibrary.org/authors/OL7534936A",
      "name": "openlibrary"
    },
    {
      "url": "https://openlibrary.org/authors/OL10002091A",
      "name": "openlibrary"
    },
    {
      "url": "https://www.goodreads.com/author/show/14392182",
      "name": "goodreads"
    },
    {
      "url": "https://www.librarything.com/author/guettadavid",
      "name": "librarything"
    },
    {
      "url": "http://www.encyclopedisque.fr/artiste/11806.html",
      "name": "encyclopedisque"
    },
    {
      "url": "http://www.maniadb.com/artist/133542",
      "name": "maniadb"
    },
    {
      "url": "https://www.beatport.com/artist/david-guetta/10631",
      "name": "beatport"
    },
    {
      "url": "https://music.amazon.fr/artists/B001E1NOA2",
      "name": "amazon"
    },
    {
      "url": "https://www.threads.com/@davidguetta",
      "name": "threads"
    },
    {
      "url": "https://www.setlist.fm/setlists/david-guetta-bd6bd96.html",
      "name": "setlist"
    },
    {
      "url": "https://www.whatsapp.com/channel/0029Va6gw318fewjzjfElH3e",
      "name": "whatsapp"
    },
    {
      "url": "https://vk.com/artist/davidguetta",
      "name": "vk"
    },
    {
      "url": "https://www.snapchat.com/add/davidguettaoff",
      "name": "snapchat"
    },
    {
      "url": "https://www.shazam.com/artist/-/10160454",
      "name": "shazam"
    },
    {
      "url": "https://web.napster.com/artist/david-guetta",
      "name": "napster"
    },
    {
      "url": "https://mora.jp/artist/265499/",
      "name": "mora"
    },
    {
      "url": "https://music.line.me/artist/mi00000000007ed7de",
      "name": "line"
    },
    {
      "url": "https://www.kkbox.com/tw/en/artist/1-QMHxhINgmCNxWuIT",
      "name": "kkbox"
    },
    {
      "url": "https://www.iheart.com/artist/david-guetta-28289/",
      "name": "iheart"
    },
    {
      "url": "https://www.facebook.com/DavidGuetta",
      "name": "facebook"
    },
    {
      "url": "https://music.yandex.com/artist/452",
      "name": "yandex"
    },
    {
      "url": "https://www.qobuz.com/fr-fr/interpreter/-/35894",
      "name": "qobuz"
    },
    {
      "url": "https://www.qobuz.com/fr-fr/interpreter/-/35894",
      "name": "qobuz"
    },
    {
      "url": "https://music.apple.com/de/artist/5557599",
      "name": "apple"
    },
    {
      "url": "https://music.apple.com/de/artist/5557599",
      "name": "apple"
    },
    {
      "url": "https://www.qobuz.com/de-de/interpreter/-/35894",
      "name": "qobuz"
    },
    {
      "url": "https://www.qobuz.com/de-de/interpreter/-/35894",
      "name": "qobuz"
    },
    {
      "url": "http://www.davidguetta.com/",
      "name": "davidguetta"
    },
    {
      "url": "https://music.amazon.com/artists/B001Q95C1G",
      "name": "amazon"
    },
    {
      "url": "https://ototoy.jp/_/default/a/233612",
      "name": "ototoy"
    }
  ],
  "nextAlbum": null,
  "lastAlbum": null,
  "images": [
    {
      "url": "/MediaCover/507/clearlogo.png",
      "coverType": "clearlogo",
      "extension": ".png",
      "remoteUrl": "https://r2.theaudiodb.com/images/media/artist/logo/vqwyrr1358414762.png"
    },
    {
      "url": "/MediaCover/507/fanart.jpg",
      "coverType": "fanart",
      "extension": ".jpg",
      "remoteUrl": "https://r2.theaudiodb.com/images/media/artist/fanart/srxprq1358414924.jpg"
    },
    {
      "url": "/MediaCover/507/banner.jpg",
      "coverType": "banner",
      "extension": ".jpg",
      "remoteUrl": "https://r2.theaudiodb.com/images/media/artist/banner/trpqtq1358414893.jpg"
    },
    {
      "url": "/MediaCover/507/poster.jpg",
      "coverType": "poster",
      "extension": ".jpg",
      "remoteUrl": "https://r2.theaudiodb.com/images/media/artist/thumb/m1j2ch1734980809.jpg"
    }
  ],
  "path": "/volume1/music/library/David Guetta",
  "qualityProfileId": 2,
  "metadataProfileId": 1,
  "monitored": false,
  "monitorNewItems": "all",
  "rootFolderPath": "/volume1/music/library",
  "genres": [
    "House",
    "Dance-Pop",
    "Electro House",
    "Dance",
    "Electronic",
    "Electropop",
    "Future Rave",
    "Festival Progressive House",
    "Tech House"
  ],
  "cleanName": "davidguetta",
  "sortName": "david guetta",
  "tags": [],
  "added": "2026-03-27T17:39:23Z",
  "addOptions": {
    "searchForMissingAlbums": false,
    "monitor": "unknown",
    "albumsToMonitor": [],
    "monitored": false
  },
  "ratings": {
    "votes": 8,
    "value": 9.3
  },
  "statistics": {
    "albumCount": 0,
    "trackFileCount": 0,
    "trackCount": 0,
    "totalTrackCount": 0,
    "sizeOnDisk": 0,
    "percentOfTracks": 0
  },
  "id": 507
}
[DEBUG] Total artists: 470
[DEBUG] Found artist match

[DEBUG] ===== HYDRATED ALBUM STATE (STAGED ARTIST) =====
[DEBUG] Album: Forever Young | monitored=True | albumType=Single | secondaryTypes=[]
[DEBUG] Album: In Love With Myself | monitored=True | albumType=Single | secondaryTypes=[]
[DEBUG] Album: Pop Life | monitored=True | albumType=Album | secondaryTypes=[]
[DEBUG] Album: Just a Little More Love | monitored=True | albumType=Album | secondaryTypes=[]
[DEBUG] Album: Delirious | monitored=True | albumType=Single | secondaryTypes=[]
[DEBUG] Album: Nothing But the Beat (Party Mix) | monitored=True | albumType=EP | secondaryTypes=[]
[DEBUG] Album: The Best Of | monitored=True | albumType=Album | secondaryTypes=['Compilation']
[DEBUG] Album: Guetta Blaster | monitored=True | albumType=Album | secondaryTypes=[]
[DEBUG] Album: Lovers on the Sun | monitored=True | albumType=EP | secondaryTypes=[]
[DEBUG] Album: Nothing but the Beat | monitored=True | albumType=Album | secondaryTypes=[]
[DEBUG] Album: David Guetta presents F*** Me I’m Famous! International | monitored=True | albumType=Album | secondaryTypes=['Compilation', 'DJ-mix']
[DEBUG] Album: The Alphabeat | monitored=True | albumType=Single | secondaryTypes=[]
[DEBUG] Album: Original Album Series | monitored=True | albumType=Album | secondaryTypes=['Compilation']
[DEBUG] Album: GRRRR | monitored=True | albumType=Single | secondaryTypes=[]
[DEBUG] Album: Pelican | monitored=True | albumType=Single | secondaryTypes=[]
[DEBUG] Album: David Guetta presents F*** Me I’m Famous! International, Vol. 2 | monitored=True | albumType=Album | secondaryTypes=['Compilation', 'DJ-mix']
[DEBUG] Album: 7 | monitored=True | albumType=Album | secondaryTypes=[]
[DEBUG] Album: People (Jet Set 2) : Le Son d’Ibiza | monitored=True | albumType=Album | secondaryTypes=['Soundtrack']
[DEBUG] Album: F*** Me I’m Famous! Ibiza Mix 2005 | monitored=True | albumType=Album | secondaryTypes=['Compilation', 'DJ-mix']
[DEBUG] Album: Bass Line E.P. | monitored=True | albumType=EP | secondaryTypes=[]
[DEBUG] Album: Get Together | monitored=True | albumType=Single | secondaryTypes=[]
[DEBUG] Album: Family Affair (Dance For Me) | monitored=True | albumType=Single | secondaryTypes=[]
[DEBUG] Album: Best of David Guetta | monitored=True | albumType=Album | secondaryTypes=['Compilation']
[DEBUG] Album: New Year’s Eve Party | monitored=True | albumType=Album | secondaryTypes=['Compilation']
[DEBUG] Album: Money | monitored=True | albumType=Single | secondaryTypes=[]
[DEBUG] Album: Just a Little More Love | monitored=True | albumType=Single | secondaryTypes=[]
[DEBUG] Album: Memories of Summer | monitored=True | albumType=EP | secondaryTypes=['Compilation']
[DEBUG] Album: Sunset | monitored=True | albumType=EP | secondaryTypes=['Compilation']
[DEBUG] Album: Best Night of Your Life | monitored=True | albumType=EP | secondaryTypes=['Compilation']
[DEBUG] Album: Party Till Sunrise | monitored=True | albumType=EP | secondaryTypes=['Compilation']
[DEBUG] Album: Listen | monitored=True | albumType=Album | secondaryTypes=[]
[DEBUG] Album: One Love | monitored=True | albumType=Album | secondaryTypes=[]
[DEBUG] Album: Lights Down, Love Loud | monitored=True | albumType=Single | secondaryTypes=[]
[DEBUG] Album: Locked In (feat. Trippie Redd) | monitored=True | albumType=Single | secondaryTypes=[]
[DEBUG] Album: Gone Gone Gone | monitored=True | albumType=Single | secondaryTypes=[]
[DEBUG] Album: Kill The Vibe | monitored=True | albumType=Single | secondaryTypes=[]
[DEBUG] Album: Love Is Gone | monitored=True | albumType=Single | secondaryTypes=[]
[DEBUG] Album: Tomorrow Can Wait | monitored=True | albumType=Single | secondaryTypes=[]
[DEBUG] Album: Love Don't Let Me Go (Walking Away) | monitored=True | albumType=Single | secondaryTypes=[]
[DEBUG] Album: Who’s That Chick? | monitored=True | albumType=Single | secondaryTypes=[]
[DEBUG] Album: When Love Takes Over | monitored=True | albumType=Single | secondaryTypes=[]
[DEBUG] Album: Up & Away | monitored=True | albumType=Single | secondaryTypes=[]
[DEBUG] Album: Stay | monitored=True | albumType=Single | secondaryTypes=[]
[DEBUG] Album: People Come, People Go | monitored=True | albumType=Single | secondaryTypes=[]
[DEBUG] Album: Love, Don't Let Me Go | monitored=True | albumType=Single | secondaryTypes=[]
[DEBUG] Album: The World Is Mine | monitored=True | albumType=Single | secondaryTypes=[]
[DEBUG] Album: Sexy Bitch | monitored=True | albumType=Single | secondaryTypes=[]
[DEBUG] Album: Little Bad Girl | monitored=True | albumType=Single | secondaryTypes=[]
[DEBUG] Album: Louder Than Words | monitored=True | albumType=Single | secondaryTypes=[]
[DEBUG] Album: Turn Me On | monitored=True | albumType=Single | secondaryTypes=[]
[DEBUG] Album: Without You | monitored=True | albumType=Single | secondaryTypes=[]
[DEBUG] Album: I Wanna Go Crazy | monitored=True | albumType=Single | secondaryTypes=[]
[DEBUG] Album: Titanium | monitored=True | albumType=Single | secondaryTypes=[]
[DEBUG] Album: She Wolf (Falling to Pieces) | monitored=True | albumType=Single | secondaryTypes=[]
[DEBUG] Album: Gettin’ Over You | monitored=True | albumType=Single | secondaryTypes=[]
[DEBUG] Album: Memories | monitored=True | albumType=Single | secondaryTypes=[]
[DEBUG] Album: One Love | monitored=True | albumType=Single | secondaryTypes=[]
[DEBUG] Album: Baby When the Light | monitored=True | albumType=Single | secondaryTypes=[]
[DEBUG] Album: Stay / Money | monitored=True | albumType=Single | secondaryTypes=[]
[DEBUG] Album: F*** Me I’m Famous! Ibiza Mix 2013 | monitored=True | albumType=Album | secondaryTypes=['Compilation', 'DJ-mix']
[DEBUG] Album: Metropolis | monitored=True | albumType=Single | secondaryTypes=[]
[DEBUG] Album: Just for One Day (Heroes) | monitored=True | albumType=Single | secondaryTypes=[]
[DEBUG] Album: Shot Me Down | monitored=True | albumType=Single | secondaryTypes=[]
[DEBUG] Album: Play Hard | monitored=True | albumType=Single | secondaryTypes=[]
[DEBUG] Album: Blast Off | monitored=True | albumType=Single | secondaryTypes=[]
[DEBUG] Album: Your Love | monitored=True | albumType=Single | secondaryTypes=[]
[DEBUG] Album: Everytime We Touch | monitored=True | albumType=Single | secondaryTypes=[]
[DEBUG] Album: Bad | monitored=True | albumType=Single | secondaryTypes=[]
[DEBUG] Album: Titanium | monitored=True | albumType=Single | secondaryTypes=[]
[DEBUG] Album: Just One Last Time | monitored=True | albumType=Single | secondaryTypes=[]
[DEBUG] Album: Lovers on the Sun | monitored=True | albumType=Single | secondaryTypes=[]
[DEBUG] Album: Dangerous | monitored=True | albumType=Single | secondaryTypes=[]
[DEBUG] Album: What I Did for Love | monitored=True | albumType=Single | secondaryTypes=[]
[DEBUG] Album: Hey Mama | monitored=True | albumType=Single | secondaryTypes=[]
[DEBUG] Album: Sun Goes Down | monitored=True | albumType=Single | secondaryTypes=[]
[DEBUG] Album: Cuentale | monitored=True | albumType=Single | secondaryTypes=[]
[DEBUG] Album: What I Did for Love | monitored=True | albumType=Single | secondaryTypes=[]
[DEBUG] Album: Clap Your Hands | monitored=True | albumType=Single | secondaryTypes=[]
[DEBUG] Album: Jump | monitored=True | albumType=Single | secondaryTypes=[]
[DEBUG] Album: Bang My Head | monitored=True | albumType=Single | secondaryTypes=[]
[DEBUG] Album: Flames | monitored=True | albumType=Single | secondaryTypes=[]
[DEBUG] Album: Let’s Love | monitored=True | albumType=Single | secondaryTypes=[]
[DEBUG] Album: Beautiful People (Miss Monique remix) | monitored=True | albumType=Single | secondaryTypes=[]
[DEBUG] Album: Beautiful People | monitored=True | albumType=Single | secondaryTypes=[]
[DEBUG] Album: This One’s for You | monitored=True | albumType=Single | secondaryTypes=[]
[DEBUG] Album: Would I Lie to You | monitored=True | albumType=Single | secondaryTypes=[]
[DEBUG] Album: Trampoline | monitored=True | albumType=Single | secondaryTypes=[]
[DEBUG] Album: Light My Body Up | monitored=True | albumType=Single | secondaryTypes=[]
[DEBUG] Album: Where Them Girls At | monitored=True | albumType=Single | secondaryTypes=[]
[DEBUG] Album: Stay (Don’t Go Away) | monitored=True | albumType=Single | secondaryTypes=[]
[DEBUG] Album: Dirty Sexy Money | monitored=True | albumType=Single | secondaryTypes=[]
[DEBUG] Album: Save My Life | monitored=True | albumType=Single | secondaryTypes=[]
[DEBUG] Album: Like I Do | monitored=True | albumType=Single | secondaryTypes=[]
[DEBUG] Album: Say My Name | monitored=True | albumType=Single | secondaryTypes=[]
[DEBUG] Album: 2U | monitored=True | albumType=Single | secondaryTypes=[]
[DEBUG] Album: Better When You’re Gone | monitored=True | albumType=Single | secondaryTypes=[]
[DEBUG] Album: Thing For You | monitored=True | albumType=Single | secondaryTypes=[]
[DEBUG] Album: Alive Again | monitored=True | albumType=Single | secondaryTypes=[]
[DEBUG] Album: Make It to Heaven | monitored=True | albumType=Single | secondaryTypes=[]
[DEBUG] Album: Detroit 3 AM | monitored=True | albumType=Single | secondaryTypes=[]
[DEBUG] Album: Permanence | monitored=True | albumType=Single | secondaryTypes=[]
[DEBUG] Album: Element | monitored=True | albumType=Single | secondaryTypes=[]
[DEBUG] Album: Episode 2 | monitored=True | albumType=EP | secondaryTypes=[]
[DEBUG] Album: Something to Hold on To | monitored=True | albumType=Single | secondaryTypes=[]
[DEBUG] Album: The Future Is Now - The Truth | monitored=True | albumType=Single | secondaryTypes=[]
[DEBUG] Album: New Rave | monitored=True | albumType=EP | secondaryTypes=[]
[DEBUG] Album: Dreams | monitored=True | albumType=Single | secondaryTypes=[]
[DEBUG] Album: This Ain’t Techno | monitored=True | albumType=Single | secondaryTypes=[]
[DEBUG] Album: Never Be Alone | monitored=True | albumType=Single | secondaryTypes=[]
[DEBUG] Album: Memories | monitored=True | albumType=Single | secondaryTypes=[]
[DEBUG] Album: Never Going Home Tonight | monitored=True | albumType=Single | secondaryTypes=[]
[DEBUG] Album: If You Really Love Me (How Will I Know) | monitored=True | albumType=Single | secondaryTypes=[]
[DEBUG] Album: Impossible | monitored=True | albumType=Single | secondaryTypes=[]
[DEBUG] Album: Family | monitored=True | albumType=Single | secondaryTypes=[]
[DEBUG] Album: Get Together (Tuborg Open mix) | monitored=True | albumType=Single | secondaryTypes=[]
[DEBUG] Album: Perfect (Exceeder) | monitored=True | albumType=Single | secondaryTypes=[]
[DEBUG] Album: Silver Screen (Shower Scene) | monitored=True | albumType=Single | secondaryTypes=[]
[DEBUG] Album: Crazy What Love Can Do | monitored=True | albumType=Single | secondaryTypes=[]
[DEBUG] Album: Pa' la cultura | monitored=True | albumType=Single | secondaryTypes=[]
[DEBUG] Album: Lovers On The Sun (Remixes) | monitored=True | albumType=EP | secondaryTypes=[]
[DEBUG] Album: Ain’t a Party | monitored=True | albumType=Single | secondaryTypes=[]
[DEBUG] Album: Satisfaction | monitored=True | albumType=Single | secondaryTypes=[]
[DEBUG] Album: I’m Good (Blue) | monitored=True | albumType=Single | secondaryTypes=[]
[DEBUG] Album: You Can’t Change Me | monitored=True | albumType=Single | secondaryTypes=[]
[DEBUG] Album: The Freaks | monitored=True | albumType=Single | secondaryTypes=[]
[DEBUG] Album: Lost in the Rhythm | monitored=True | albumType=Single | secondaryTypes=[]
[DEBUG] Album: Big FU | monitored=True | albumType=Single | secondaryTypes=[]
[DEBUG] Album: When We Were Young (The Logical Song) | monitored=True | albumType=Single | secondaryTypes=[]
[DEBUG] Album: The Final Countdown 2025 | monitored=True | albumType=Single | secondaryTypes=[]
[DEBUG] Album: I Don’t Wanna Wait | monitored=True | albumType=Single | secondaryTypes=[]
[DEBUG] Album: Kill The Vibe | monitored=True | albumType=Single | secondaryTypes=[]
[DEBUG] Album: Raving | monitored=True | albumType=Single | secondaryTypes=[]
[DEBUG] Album: Man in Finance | monitored=True | albumType=Single | secondaryTypes=[]
[DEBUG] Album: Switch | monitored=True | albumType=Single | secondaryTypes=[]
[DEBUG] Album: If (A Better World) | monitored=True | albumType=Single | secondaryTypes=[]
[DEBUG] Album: Home | monitored=True | albumType=Single | secondaryTypes=[]
[DEBUG] Album: Prayer | monitored=True | albumType=Single | secondaryTypes=[]
[DEBUG] Album: F*** Me I’m Famous! Ibiza Mix 2011 | monitored=True | albumType=Album | secondaryTypes=['Compilation', 'DJ-mix']
[DEBUG] Album: Dangerous, Part II | monitored=True | albumType=Single | secondaryTypes=[]
[DEBUG] Album: Night in Detroit | monitored=True | albumType=Single | secondaryTypes=[]
[DEBUG] Album: Together | monitored=True | albumType=Single | secondaryTypes=[]
[DEBUG] Album: Things I Haven’t Told You | monitored=True | albumType=Single | secondaryTypes=[]
[DEBUG] Album: After You | monitored=True | albumType=Single | secondaryTypes=[]
[DEBUG] Album: Gone Gone Gone | monitored=True | albumType=Single | secondaryTypes=[]
[DEBUG] Album: Gone Gone Gone (MK remix) | monitored=True | albumType=Single | secondaryTypes=['Remix', 'Soundtrack']
[DEBUG] Album: Gone Gone Gone (unplugged) | monitored=True | albumType=Single | secondaryTypes=[]
[DEBUG] Album: Don’t Leave Me Alone | monitored=True | albumType=Single | secondaryTypes=[]
[DEBUG] Album: Baby Don’t Hurt Me | monitored=True | albumType=Single | secondaryTypes=[]
[DEBUG] Album: Locked In | monitored=True | albumType=Single | secondaryTypes=[]
[DEBUG] Album: Get Together (TBRG Open mix) | monitored=True | albumType=Single | secondaryTypes=[]
[DEBUG] Album: Walked Away | monitored=True | albumType=Single | secondaryTypes=[]
[DEBUG] Plex: artist not found: David Guetta
[DEBUG] Last.fm signals:
  artist=David Guetta
  play_count=0
  ratio=0
[DEBUG] Merged signals: affinity=1.00 confidence=0.40 sources=['lastfm']
[DEBUG] Ignoring monitored flag for staged artist album: Pop Life
[DEBUG] Ignoring monitored flag for staged artist album: Just a Little More Love
[DEBUG] Ignoring monitored flag for staged artist album: Guetta Blaster
[DEBUG] Ignoring monitored flag for staged artist album: Nothing but the Beat
[DEBUG] Ignoring monitored flag for staged artist album: 7
[DEBUG] Ignoring monitored flag for staged artist album: People (Jet Set 2) : Le Son d’Ibiza
[DEBUG] Ignoring monitored flag for staged artist album: Listen
[DEBUG] Ignoring monitored flag for staged artist album: One Love

[DEBUG] Album scoring:
- 7 | monitored=True | score=3.00 (base=3.00) | affinity=1.00 | recent_release(+3), affinity_multiplier(1.00)
- Listen | monitored=True | score=2.00 (base=2.00) | affinity=1.00 | modern_release(+2), affinity_multiplier(1.00)
- Nothing but the Beat | monitored=True | score=2.00 (base=2.00) | affinity=1.00 | modern_release(+2), affinity_multiplier(1.00)
- One Love | monitored=True | score=2.00 (base=2.00) | affinity=1.00 | modern_release(+2), affinity_multiplier(1.00)
- Pop Life | monitored=True | score=2.00 (base=2.00) | affinity=1.00 | modern_release(+2), affinity_multiplier(1.00)
[INFO] Intent decided:
  Action: NO_ACTION
  Artist: David Guetta
  Album: 7
  Reason: score 3.00 below recommend threshold 4
  Score: 3.00
  Thresholds: acquire=9, recommend=4
[INFO] Extend candidate intentionally staged as unmonitored artist in Lidarr
[INFO] No starter album acquisition candidate emitted: score 3.00 below recommend threshold 4

=== Promotable Candidate 12/12 ===
[INFO] Artist: Flipturn
[INFO] Best match score: 0.82
[INFO] Seed count: 1
[INFO] Seen count: 2
[INFO] Recommendation count: 0
[INFO] Source seeds: The Backseat Lovers
[INFO] Status: promotable
[INFO] In recommendation backoff: False
[INFO] Resolving extend artist: Flipturn
[DEBUG] Lookup status: 200
[INFO] Resolved extend artist 'Flipturn' -> 'flipturn' (0c97b403-1aae-4315-93ab-af54fe2169d6)
[INFO] Processing artist MBID: 0c97b403-1aae-4315-93ab-af54fe2169d6
[DEBUG] Total artists: 470
[DEBUG] Artist NOT found
[INFO] Adding artist...
[DEBUG] Quality profiles status: 200
[DEBUG] Quality profiles returned: 2
[DEBUG] Resolved quality profile 'Lossless' -> ID 2
[DEBUG] Metadata profiles status: 200
[DEBUG] Metadata profiles returned: 2
[DEBUG] Resolved metadata profile 'Standard' -> ID 1
[DEBUG] Add artist status: 201
[DEBUG] Add artist response: {
  "status": "continuing",
  "ended": false,
  "artistName": "flipturn",
  "foreignArtistId": "0c97b403-1aae-4315-93ab-af54fe2169d6",
  "tadbId": 0,
  "discogsId": 0,
  "overview": "Flipturn, stylized as flipturn, is an American indie rock band from Fernandina Beach, Florida formed in 2015. The band consists of founding members Dillon Basse (vocals), Tristan Duncan (guitar) and Madeline Jarman (bass) who founded the band as high school seniors. After their college years at the University of Florida, they picked up guitarist and synthesizer player Mitch Fountain, and drummer Devon VonBalson.",
  "artistType": "Group",
  "disambiguation": "",
  "links": [
    {
      "url": "https://flipturn.band/",
      "name": "flipturn"
    },
    {
      "url": "https://open.spotify.com/artist/7FKTg75ADVMZgY3P9ZMRtH",
      "name": "spotify"
    },
    {
      "url": "https://www.facebook.com/flipturnband",
      "name": "facebook"
    },
    {
      "url": "https://www.youtube.com/channel/UCPM1u65-ElSBqL-cgvKKlyg",
      "name": "youtube"
    },
    {
      "url": "https://twitter.com/flipturnband",
      "name": "twitter"
    },
    {
      "url": "https://www.instagram.com/flipturnband/",
      "name": "instagram"
    },
    {
      "url": "https://soundcloud.com/flipturnband",
      "name": "soundcloud"
    },
    {
      "url": "https://music.apple.com/au/artist/1152532111",
      "name": "apple"
    },
    {
      "url": "https://www.deezer.com/artist/12209150",
      "name": "deezer"
    },
    {
      "url": "https://www.discogs.com/artist/7992696",
      "name": "discogs"
    },
    {
      "url": "https://www.last.fm/music/Flipturn",
      "name": "last"
    },
    {
      "url": "https://www.bandsintown.com/a/13071114",
      "name": "bandsintown"
    },
    {
      "url": "https://www.wikidata.org/wiki/Q123583502",
      "name": "wikidata"
    },
    {
      "url": "https://music.apple.com/us/artist/1152532111",
      "name": "apple"
    },
    {
      "url": "https://tidal.com/artist/8110710",
      "name": "tidal"
    }
  ],
  "nextAlbum": null,
  "lastAlbum": null,
  "images": [],
  "path": "/volume1/music/library/flipturn",
  "qualityProfileId": 2,
  "metadataProfileId": 1,
  "monitored": false,
  "monitorNewItems": "all",
  "rootFolderPath": "/volume1/music/library",
  "genres": [
    "Indie Rock"
  ],
  "cleanName": "flipturn",
  "sortName": "flipturn",
  "tags": [],
  "added": "2026-03-27T17:39:32Z",
  "addOptions": {
    "searchForMissingAlbums": false,
    "monitor": "unknown",
    "albumsToMonitor": [],
    "monitored": false
  },
  "ratings": {
    "votes": 0,
    "value": 0
  },
  "statistics": {
    "albumCount": 0,
    "trackFileCount": 0,
    "trackCount": 0,
    "totalTrackCount": 0,
    "sizeOnDisk": 0,
    "percentOfTracks": 0
  },
  "id": 508
}
[DEBUG] Total artists: 471
[DEBUG] Found artist match

[DEBUG] ===== HYDRATED ALBUM STATE (STAGED ARTIST) =====
[DEBUG] Album: Where’d All My Friends Go? | monitored=True | albumType=Single | secondaryTypes=[]
[DEBUG] Album: Live from Orlando | monitored=True | albumType=Album | secondaryTypes=[]
[DEBUG] Album: Burnout Days (Reimagined) | monitored=True | albumType=Album | secondaryTypes=[]
[DEBUG] Album: Heavy Colors | monitored=True | albumType=EP | secondaryTypes=[]
[DEBUG] Album: Something You Needed | monitored=True | albumType=EP | secondaryTypes=[]
[DEBUG] Album: August (Acoustic) | monitored=True | albumType=Single | secondaryTypes=[]
[DEBUG] Album: Citrona | monitored=True | albumType=EP | secondaryTypes=[]
[DEBUG] Album: flipturn | monitored=True | albumType=Album | secondaryTypes=['Compilation']
[DEBUG] Album: Cartoon Head | monitored=True | albumType=Single | secondaryTypes=[]
[DEBUG] Album: Darling | monitored=True | albumType=Single | secondaryTypes=[]
[DEBUG] Album: Eleanor | monitored=True | albumType=Single | secondaryTypes=[]
[DEBUG] Album: Churches | monitored=True | albumType=Single | secondaryTypes=[]
[DEBUG] Album: Burnout Days | monitored=True | albumType=Album | secondaryTypes=[]
[DEBUG] Album: Shadowglow | monitored=True | albumType=Album | secondaryTypes=[]
[DEBUG] Album: Everybody Wants To Rule The World | monitored=True | albumType=Single | secondaryTypes=[]
[DEBUG] Album: Right? (reimagined) | monitored=True | albumType=Single | secondaryTypes=[]
[DEBUG] Plex: artist not found: flipturn
[DEBUG] Last.fm signals:
  artist=flipturn
  play_count=0
  ratio=0
[DEBUG] Merged signals: affinity=1.00 confidence=0.40 sources=['lastfm']
[DEBUG] Ignoring monitored flag for staged artist album: Live from Orlando
[DEBUG] Ignoring monitored flag for staged artist album: Burnout Days (Reimagined)
[DEBUG] Ignoring monitored flag for staged artist album: Burnout Days
[DEBUG] Ignoring monitored flag for staged artist album: Shadowglow

[DEBUG] Album scoring:
- Shadowglow | monitored=True | score=3.00 (base=3.00) | affinity=1.00 | recent_release(+3), affinity_multiplier(1.00)
- Live from Orlando | monitored=True | score=3.00 (base=3.00) | affinity=1.00 | recent_release(+3), affinity_multiplier(1.00)
- Burnout Days | monitored=True | score=3.00 (base=3.00) | affinity=1.00 | recent_release(+3), affinity_multiplier(1.00)
- Burnout Days (Reimagined) | monitored=True | score=3.00 (base=3.00) | affinity=1.00 | recent_release(+3), affinity_multiplier(1.00)
[INFO] Intent decided:
  Action: NO_ACTION
  Artist: flipturn
  Album: Shadowglow
  Reason: score 3.00 below recommend threshold 4
  Score: 3.00
  Thresholds: acquire=9, recommend=4
[INFO] Extend candidate intentionally staged as unmonitored artist in Lidarr
[INFO] No starter album acquisition candidate emitted: score 3.00 below recommend threshold 4

=== EXTEND PROMOTION SUMMARY ===
[INFO] Starter album candidates created: 0
[INFO] Skipped existing starter album candidate: 10
[INFO] Skipped recommendation backoff: 0
[INFO] Skipped below acquire threshold: 2
[INFO] Failed planning attempts: 0
