[INFO] Timestamped log file: logs\operator-review-deepen-20260328-092253.log
[INFO] Latest log file: logs\operator-review-deepen-latest.log
=== Resonarr Deepen Review Queue ===
[INFO] Deepen review queue:
{
  "status": "success",
  "count": 22,
  "items": [
    {
      "artist_name": "Foster the People",
      "mbid": "e0e1a584-dd0a-4bd1-88d1-c4c62895039d",
      "status": "deepen_recommendation",
      "lastfm_playcount": 44,
      "partial_present": true,
      "eligible_album_count": 3,
      "fully_owned": false,
      "in_cooldown": false,
      "in_recommendation_backoff": false,
      "is_suppressed": false,
      "suppression_reason": null,
      "rank": 6
    },
    {
      "artist_name": "NGHTMRE",
      "mbid": "f72e0c57-94fd-447d-afdb-868e70d356d7",
      "status": "deepen_recommendation",
      "lastfm_playcount": 42,
      "partial_present": true,
      "eligible_album_count": 1,
      "fully_owned": false,
      "in_cooldown": false,
      "in_recommendation_backoff": false,
      "is_suppressed": false,
      "suppression_reason": null,
      "rank": 7
    },
    {
      "artist_name": "Phoenix",
      "mbid": "8d455809-96b3-4bb6-8829-ea4beb580d35",
      "status": "deepen_recommendation",
      "lastfm_playcount": 21,
      "partial_present": true,
      "eligible_album_count": 2,
      "fully_owned": false,
      "in_cooldown": false,
      "in_recommendation_backoff": false,
      "is_suppressed": false,
      "suppression_reason": null,
      "rank": 17
    },
    {
      "artist_name": "Excision",
      "mbid": "733c6e6f-0306-403e-9243-82b16a4f82d8",
      "status": "deepen_recommendation",
      "lastfm_playcount": 20,
      "partial_present": true,
      "eligible_album_count": 2,
      "fully_owned": false,
      "in_cooldown": false,
      "in_recommendation_backoff": false,
      "is_suppressed": false,
      "suppression_reason": null,
      "rank": 18
    },
    {
      "artist_name": "Passion Pit",
      "mbid": "daeec599-bf5d-4428-994a-e76ba5f86e2f",
      "status": "deepen_recommendation",
      "lastfm_playcount": 11,
      "partial_present": true,
      "eligible_album_count": 4,
      "fully_owned": false,
      "in_cooldown": false,
      "in_recommendation_backoff": false,
      "is_suppressed": false,
      "suppression_reason": null,
      "rank": 33
    },
    {
      "artist_name": "Yung Gravy",
      "mbid": "20b034b2-35a1-40be-908f-22d1b5681572",
      "status": "deepen_recommendation",
      "lastfm_playcount": 10,
      "partial_present": true,
      "eligible_album_count": 3,
      "fully_owned": false,
      "in_cooldown": false,
      "in_recommendation_backoff": false,
      "is_suppressed": false,
      "suppression_reason": null,
      "rank": 37
    },
    {
      "artist_name": "Lil Nas X",
      "mbid": "0b30341b-b59d-4979-8130-b66c0e475321",
      "status": "deepen_recommendation",
      "lastfm_playcount": 9,
      "partial_present": true,
      "eligible_album_count": 1,
      "fully_owned": false,
      "in_cooldown": false,
      "in_recommendation_backoff": false,
      "is_suppressed": false,
      "suppression_reason": null,
      "rank": 40
    },
    {
      "artist_name": "Cage the Elephant",
      "mbid": "b41b38d4-ef3e-4f37-8c75-cfe9af999696",
      "status": "deepen_recommendation",
      "lastfm_playcount": 8,
      "partial_present": true,
      "eligible_album_count": 3,
      "fully_owned": false,
      "in_cooldown": false,
      "in_recommendation_backoff": false,
      "is_suppressed": false,
      "suppression_reason": null,
      "rank": 44
    },
    {
      "artist_name": "Dayglow",
      "mbid": "2bee95a7-1c0e-4b3c-99a5-4857d9d776dd",
      "status": "deepen_recommendation",
      "lastfm_playcount": 8,
      "partial_present": true,
      "eligible_album_count": 3,
      "fully_owned": false,
      "in_cooldown": false,
      "in_recommendation_backoff": false,
      "is_suppressed": false,
      "suppression_reason": null,
      "rank": 45
    },
    {
      "artist_name": "Bloodhound Gang",
      "mbid": "b2dbfc09-b332-408b-a235-1850e41971c5",
      "status": "deepen_recommendation",
      "lastfm_playcount": 5,
      "partial_present": true,
      "eligible_album_count": 5,
      "fully_owned": false,
      "in_cooldown": false,
      "in_recommendation_backoff": false,
      "is_suppressed": false,
      "suppression_reason": null,
      "rank": 68
    },
    {
      "artist_name": "Metro Boomin",
      "mbid": "59db3d82-86ea-451f-881f-dffc8ec387c9",
      "status": "deepen_recommendation",
      "lastfm_playcount": 5,
      "partial_present": true,
      "eligible_album_count": 3,
      "fully_owned": false,
      "in_cooldown": false,
      "in_recommendation_backoff": false,
      "is_suppressed": false,
      "suppression_reason": null,
      "rank": 77
    },
    {
      "artist_name": "Bassnectar",
      "mbid": "5d7c4cfc-29e7-4c83-8893-ae02679fc9f4",
      "status": "deepen_recommendation",
      "lastfm_playcount": 75,
      "partial_present": false,
      "eligible_album_count": 9,
      "fully_owned": false,
      "in_cooldown": false,
      "in_recommendation_backoff": false,
      "is_suppressed": false,
      "suppression_reason": null,
      "rank": 2
    },
    {
      "artist_name": "Helynt",
      "mbid": "761854c7-b435-4581-81aa-ddae031795f9",
      "status": "deepen_recommendation",
      "lastfm_playcount": 20,
      "partial_present": false,
      "eligible_album_count": 15,
      "fully_owned": false,
      "in_cooldown": false,
      "in_recommendation_backoff": false,
      "is_suppressed": false,
      "suppression_reason": null,
      "rank": 19
    },
    {
      "artist_name": "Stick Figure",
      "mbid": "0c124600-18da-4087-be0d-d7fb6a2526c6",
      "status": "deepen_recommendation",
      "lastfm_playcount": 17,
      "partial_present": false,
      "eligible_album_count": 4,
      "fully_owned": false,
      "in_cooldown": false,
      "in_recommendation_backoff": false,
      "is_suppressed": false,
      "suppression_reason": null,
      "rank": 25
    },
    {
      "artist_name": "Hoodie Allen",
      "mbid": "b28ac005-27fe-4bb9-86a2-dbf55ef21469",
      "status": "deepen_recommendation",
      "lastfm_playcount": 11,
      "partial_present": false,
      "eligible_album_count": 8,
      "fully_owned": false,
      "in_cooldown": false,
      "in_recommendation_backoff": false,
      "is_suppressed": false,
      "suppression_reason": null,
      "rank": 31
    },
    {
      "artist_name": "Borgore",
      "mbid": "215e2b5d-06f8-4c68-b33b-8fccec27a077",
      "status": "deepen_recommendation",
      "lastfm_playcount": 10,
      "partial_present": false,
      "eligible_album_count": 5,
      "fully_owned": false,
      "in_cooldown": false,
      "in_recommendation_backoff": false,
      "is_suppressed": false,
      "suppression_reason": null,
      "rank": 34
    },
    {
      "artist_name": "石元丈晴",
      "mbid": "0e54f9fd-7011-4c77-86f0-59021c5ffddf",
      "status": "deepen_recommendation",
      "lastfm_playcount": 8,
      "partial_present": false,
      "eligible_album_count": 13,
      "fully_owned": false,
      "in_cooldown": false,
      "in_recommendation_backoff": false,
      "is_suppressed": false,
      "suppression_reason": null,
      "rank": 51
    },
    {
      "artist_name": "Ganja White Night",
      "mbid": "014abfeb-cdfe-46dc-90fb-e192473ce252",
      "status": "deepen_recommendation",
      "lastfm_playcount": 7,
      "partial_present": false,
      "eligible_album_count": 11,
      "fully_owned": false,
      "in_cooldown": false,
      "in_recommendation_backoff": false,
      "is_suppressed": false,
      "suppression_reason": null,
      "rank": 54
    },
    {
      "artist_name": "Tropidelic",
      "mbid": "6b62d0b0-5925-4ab0-bceb-eca7afbc7c74",
      "status": "deepen_recommendation",
      "lastfm_playcount": 7,
      "partial_present": false,
      "eligible_album_count": 5,
      "fully_owned": false,
      "in_cooldown": false,
      "in_recommendation_backoff": false,
      "is_suppressed": false,
      "suppression_reason": null,
      "rank": 58
    },
    {
      "artist_name": "America",
      "mbid": "34cf95c7-4be9-4efd-a48a-c2ea4a0bb114",
      "status": "deepen_recommendation",
      "lastfm_playcount": 6,
      "partial_present": false,
      "eligible_album_count": 18,
      "fully_owned": false,
      "in_cooldown": false,
      "in_recommendation_backoff": false,
      "is_suppressed": false,
      "suppression_reason": null,
      "rank": 60
    },
    {
      "artist_name": "Gucci Mane",
      "mbid": "36494952-f434-45d8-a958-8b4acdbcf8a8",
      "status": "deepen_recommendation",
      "lastfm_playcount": 5,
      "partial_present": false,
      "eligible_album_count": 26,
      "fully_owned": false,
      "in_cooldown": false,
      "in_recommendation_backoff": false,
      "is_suppressed": false,
      "suppression_reason": null,
      "rank": 74
    },
    {
      "artist_name": "Steve Aoki",
      "mbid": "a39acc4a-985e-4173-a9ed-f325f2d3bc1c",
      "status": "deepen_recommendation",
      "lastfm_playcount": 5,
      "partial_present": false,
      "eligible_album_count": 9,
      "fully_owned": false,
      "in_cooldown": false,
      "in_recommendation_backoff": false,
      "is_suppressed": false,
      "suppression_reason": null,
      "rank": 79
    }
  ]
}
