[INFO] Timestamped log file: logs\operator-review-prune-20260328-073526.log
[INFO] Latest log file: logs\operator-review-prune-latest.log
=== Resonarr Prune Review Queue ===
[INFO] Prune review queue:
{
  "status": "success",
  "count": 1,
  "items": [
    {
      "artist_name": "Various Artists",
      "artist_mbid": null,
      "album_name": "Brit Awards 2017",
      "album_mbid": "86c72dee-81ac-41dc-b94a-ac343c5b4898",
      "lidarr_album_id": 437,
      "lidarr_artist_id": 280,
      "lidarr_has_files": true,
      "bad_ratio": 1.0,
      "rated_tracks": 1,
      "bad_tracks": 1,
      "total_tracks_seen": 1,
      "reason": "small album full reject: 1/1 rated tracks at or below 4.0 on album with 1 total tracks",
      "match_method": "mbid+verified",
      "matched": true,
      "status": "prune_recommendation"
    }
  ]
}
