[INFO] Timestamped log file: logs\operator-approve-extend-20260327-175135.log
[INFO] Latest log file: logs\operator-approve-extend-latest.log
=== Resonarr Operator Approve Extend Recommendation ===
[INFO] Target artist: Briston Maroney
[DEBUG] Total artists: 478
[DEBUG] Found artist match

[DEBUG] ===== BEFORE MONITORING =====
- Big Shot | monitored=True
- Reason to Shake | monitored=True
- Under My Skin | monitored=True
- I’ve Been Waiting | monitored=True
- Carnival | monitored=True
- Steve’s First Bruise / Chattanooga | monitored=True
- Miracle | monitored=True
- Deep Sea Diver | monitored=True
- Freeway | monitored=True
- It’s Still Cool If You Don’t | monitored=True

[DEBUG] Target album: Sunflower (ID: 17381)

[INFO] Applying monitoring (per-album)...
[DEBUG] Update Big Shot → False | status=202
[DEBUG] Update Reason to Shake → False | status=202
[DEBUG] Update Under My Skin → False | status=202
[DEBUG] Update I’ve Been Waiting → False | status=202
[DEBUG] Update Carnival → False | status=202
[DEBUG] Update Steve’s First Bruise / Chattanooga → False | status=202
[DEBUG] Update Miracle → False | status=202
[DEBUG] Update Deep Sea Diver → False | status=202
[DEBUG] Update Freeway → False | status=202
[DEBUG] Update It’s Still Cool If You Don’t → False | status=202
[DEBUG] Update Sinkin’ → False | status=202
[DEBUG] Update Steve’s First Bruise → False | status=202
[DEBUG] Update Caroline → False | status=202
[DEBUG] Update St. Augustine → False | status=202
[DEBUG] Update Freakin’ Out on the Interstate → False | status=202
[DEBUG] Update JIMMY → False | status=202
[DEBUG] Update Indiana → False | status=202
[DEBUG] Update Ultrapure → False | status=202
[DEBUG] Update Body → False | status=202
[DEBUG] Update I Told You So → False | status=202
[DEBUG] Update Monday → False | status=202
[DEBUG] Update Paradise → False | status=202
[DEBUG] Update Skydiver → False | status=202
[DEBUG] Update Oregon / Harvard → False | status=202
[DEBUG] Update Poor Things → False | status=202
[DEBUG] Update Tomatoes/Bullshit → False | status=202
[DEBUG] Update The Kitchen → False | status=202
[DEBUG] Update Bottle Rocket → False | status=202

[DEBUG] ===== AFTER MONITORING =====
- Big Shot | monitored=False
- Reason to Shake | monitored=False
- Under My Skin | monitored=False
- I’ve Been Waiting | monitored=False
- Carnival | monitored=False
- Steve’s First Bruise / Chattanooga | monitored=False
- Miracle | monitored=False
- Deep Sea Diver | monitored=False
- Freeway | monitored=False
- It’s Still Cool If You Don’t | monitored=False

[DEBUG] Total monitored albums: 1
[DEBUG] MONITORED: Sunflower
[SUCCESS] Monitoring correctly applied
[DEBUG] Album search command status: 201
[DEBUG] Album search command response: {
  "name": "AlbumSearch",
  "commandName": "Album Search",
  "body": {
    "albumIds": [
      17381
    ],
    "sendUpdatesToClient": true,
    "updateScheduledTask": true,
    "requiresDiskAccess": false,
    "isExclusive": false,
    "isTypeExclusive": false,
    "isLongRunning": false,
    "nam
[INFO] Starter album recommendation approved
[INFO] Artist: Briston Maroney
[INFO] Album: Sunflower
[INFO] Candidate status: starter_album_approved
