[INFO] Timestamped log file: logs\operator-review-prune-20260328-012425.log
[INFO] Latest log file: logs\operator-review-prune-latest.log
=== Resonarr Prune Review Queue ===
[INFO] Prune review queue:
{
  "status": "success",
  "count": 2,
  "items": [
    {
      "artist_name": "Various Artists",
      "artist_mbid": null,
      "album_name": "Brit Awards 2017",
      "album_mbid": "86c72dee-81ac-41dc-b94a-ac343c5b4898",
      "lidarr_album_id": 437,
      "lidarr_artist_id": 280,
      "bad_ratio": 1.0,
      "rated_tracks": 1,
      "bad_tracks": 1,
      "total_tracks_seen": 1,
      "reason": "small album full reject: 1/1 rated tracks at or below 4.0 on album with 1 total tracks",
      "match_method": "mbid+verified",
      "status": "prune_recommendation"
    },
    {
      "artist_name": "Smash Mouth",
      "artist_mbid": null,
      "album_name": "All Star Smash Hits",
      "album_mbid": "90f2861a-56e3-4ea5-8c87-d67fdc9759dc",
      "lidarr_album_id": 376,
      "lidarr_artist_id": 237,
      "bad_ratio": 0.3333333333333333,
      "rated_tracks": 1,
      "bad_tracks": 1,
      "total_tracks_seen": 3,
      "reason": "small album full reject: 1/1 rated tracks at or below 4.0 on album with 3 total tracks",
      "match_method": "mbid+verified",
      "status": "prune_recommendation"
    }
  ]
}
