[INFO] Timestamped log file: logs\operator-review-queue-20260327-175119.log
[INFO] Latest log file: logs\operator-review-queue-latest.log
=== Resonarr Operator Review Queue ===
[INFO] Reviewable outputs found: 7

=== Review Item 1/7 ===
[INFO] Artist: American Authors
[INFO] Status: starter_album_recommendation
[INFO] Resolved artist: American Authors
[INFO] MBID: 9ce0515d-cc88-4df6-8a2e-d231c13cb2c2
[INFO] Album: Seasons
[INFO] Album ID: 17435
[INFO] Score: 3.0
[INFO] Reason: score 3.00 below acquire threshold 9 but >= staged recommend threshold 3

=== Review Item 2/7 ===
[INFO] Artist: Andy Grammer
[INFO] Status: starter_album_recommendation
[INFO] Resolved artist: Andy Grammer
[INFO] MBID: 9e60ea29-9607-4f7d-aa96-2092ef41f0d3
[INFO] Album: The Good Parts
[INFO] Album ID: 17296
[INFO] Score: 3.0
[INFO] Reason: score 3.00 below acquire threshold 9 but >= staged recommend threshold 3

=== Review Item 3/7 ===
[INFO] Artist: BoyWithUke
[INFO] Status: starter_album_recommendation
[INFO] Resolved artist: BoyWithUke
[INFO] MBID: a148ffde-581c-4c39-a8f1-bc49dec7fe68
[INFO] Album: Fever Dreams
[INFO] Album ID: 17343
[INFO] Score: 3.0
[INFO] Reason: score 3.00 below acquire threshold 9 but >= staged recommend threshold 3

=== Review Item 4/7 ===
[INFO] Artist: Briston Maroney
[INFO] Status: starter_album_recommendation
[INFO] Resolved artist: Briston Maroney
[INFO] MBID: c0dea069-4f46-4f44-8f44-76831e6abb07
[INFO] Album: Sunflower
[INFO] Album ID: 17381
[INFO] Score: 3.0
[INFO] Reason: score 3.00 below acquire threshold 9 but >= staged recommend threshold 3

=== Review Item 5/7 ===
[INFO] Artist: Em Beihold
[INFO] Status: starter_album_recommendation
[INFO] Resolved artist: Em Beihold
[INFO] MBID: 7575e3b8-ba04-4acc-a895-9cc528f86525
[INFO] Album: Egg in the Backseat
[INFO] Album ID: 17483
[INFO] Score: 3.0
[INFO] Reason: score 3.00 below acquire threshold 9 but >= staged recommend threshold 3

=== Review Item 6/7 ===
[INFO] Artist: Smino
[INFO] Status: starter_album_recommendation
[INFO] Resolved artist: Smino
[INFO] MBID: 96800e05-9924-4321-859a-76e0d4750f2f
[INFO] Album: NØIR
[INFO] Album ID: 17323
[INFO] Score: 3.0
[INFO] Reason: score 3.00 below acquire threshold 9 but >= staged recommend threshold 3

=== Review Item 7/7 ===
[INFO] Artist: The Astronomers
[INFO] Status: starter_album_recommendation
[INFO] Resolved artist: The Astronomers
[INFO] MBID: 2119e495-b0be-452d-adf2-ca38923ecca6
[INFO] Album: The Occasion
[INFO] Album ID: 17493
[INFO] Score: 3.0
[INFO] Reason: score 3.00 below acquire threshold 9 but >= staged recommend threshold 3
