[INFO] Timestamped log file: logs\prune-service-smoke-20260327-225048.log
[INFO] Latest log file: logs\prune-service-smoke-latest.log
=== Resonarr Prune Service Smoke Test ===
[INFO] Prune service result:
{
  "status": "success",
  "candidate_count": 20,
  "matched_count": 0,
  "unmatched_count": 20,
  "items": [
    {
      "artist_name": "Various Artists",
      "artist_mbid": null,
      "album_name": "Brit Awards 2017",
      "album_mbid": "86c72dee-81ac-41dc-b94a-ac343c5b4898",
      "rated_tracks": 1,
      "bad_tracks": 1,
      "total_tracks_seen": 1,
      "bad_ratio": 1.0,
      "reason": "small album full reject: 1/1 rated tracks at or below 4.0",
      "match_method": "unmatched",
      "lidarr_album_id": null,
      "lidarr_artist_id": null,
      "lidarr_has_files": null,
      "matched": false,
      "action": "RECOMMEND_PRUNE_ALBUM"
    },
    {
      "artist_name": "Smash Mouth",
      "artist_mbid": null,
      "album_name": "All Star Smash Hits",
      "album_mbid": "90f2861a-56e3-4ea5-8c87-d67fdc9759dc",
      "rated_tracks": 1,
      "bad_tracks": 1,
      "total_tracks_seen": 3,
      "bad_ratio": 0.3333333333333333,
      "reason": "small album full reject: 1/1 rated tracks at or below 4.0",
      "match_method": "unmatched",
      "lidarr_album_id": null,
      "lidarr_artist_id": null,
      "lidarr_has_files": null,
      "matched": false,
      "action": "RECOMMEND_PRUNE_ALBUM"
    },
    {
      "artist_name": "Pusha T",
      "artist_mbid": null,
      "album_name": "My Name Is My Name",
      "album_mbid": "188a1c7b-6d5c-4fa7-8224-cff5bb4703a6",
      "rated_tracks": 2,
      "bad_tracks": 2,
      "total_tracks_seen": 12,
      "bad_ratio": 0.16666666666666666,
      "reason": "small album full reject: 2/2 rated tracks at or below 4.0",
      "match_method": "unmatched",
      "lidarr_album_id": null,
      "lidarr_artist_id": null,
      "lidarr_has_files": null,
      "matched": false,
      "action": "RECOMMEND_PRUNE_ALBUM"
    },
    {
      "artist_name": "Metro Boomin",
      "artist_mbid": null,
      "album_name": "HEROES & VILLAINS",
      "album_mbid": "067d55ab-5eb1-4a1b-96ae-8c67f1f50441",
      "rated_tracks": 2,
      "bad_tracks": 2,
      "total_tracks_seen": 15,
      "bad_ratio": 0.13333333333333333,
      "reason": "small album full reject: 2/2 rated tracks at or below 4.0",
      "match_method": "unmatched",
      "lidarr_album_id": null,
      "lidarr_artist_id": null,
      "lidarr_has_files": null,
      "matched": false,
      "action": "RECOMMEND_PRUNE_ALBUM"
    },
    {
      "artist_name": "Arizona Zervas",
      "artist_mbid": null,
      "album_name": "FAST DREAMS",
      "album_mbid": "8a2509f0-5d8e-4f01-a2f1-1fc7f2b71c0d",
      "rated_tracks": 1,
      "bad_tracks": 1,
      "total_tracks_seen": 9,
      "bad_ratio": 0.1111111111111111,
      "reason": "small album full reject: 1/1 rated tracks at or below 4.0",
      "match_method": "unmatched",
      "lidarr_album_id": null,
      "lidarr_artist_id": null,
      "lidarr_has_files": null,
      "matched": false,
      "action": "RECOMMEND_PRUNE_ALBUM"
    },
    {
      "artist_name": "Kid Cudi",
      "artist_mbid": null,
      "album_name": "Satellite Flight: The Journey to Mother Moon",
      "album_mbid": "fccbdfdd-fcb0-4b8a-ba70-5c27cb6e9738",
      "rated_tracks": 1,
      "bad_tracks": 1,
      "total_tracks_seen": 10,
      "bad_ratio": 0.1,
      "reason": "small album full reject: 1/1 rated tracks at or below 4.0",
      "match_method": "unmatched",
      "lidarr_album_id": null,
      "lidarr_artist_id": null,
      "lidarr_has_files": null,
      "matched": false,
      "action": "RECOMMEND_PRUNE_ALBUM"
    },
    {
      "artist_name": "Childish Gambino",
      "artist_mbid": null,
      "album_name": "Atavista",
      "album_mbid": "a70280ab-eec1-4e15-840b-ba4c870228f2",
      "rated_tracks": 1,
      "bad_tracks": 1,
      "total_tracks_seen": 11,
      "bad_ratio": 0.09090909090909091,
      "reason": "small album full reject: 1/1 rated tracks at or below 4.0",
      "match_method": "unmatched",
      "lidarr_album_id": null,
      "lidarr_artist_id": null,
      "lidarr_has_files": null,
      "matched": false,
      "action": "RECOMMEND_PRUNE_ALBUM"
    },
    {
      "artist_name": "Big Boi",
      "artist_mbid": null,
      "album_name": "Boomiverse",
      "album_mbid": "3c8c730a-302c-425d-8b84-422413c99550",
      "rated_tracks": 1,
      "bad_tracks": 1,
      "total_tracks_seen": 12,
      "bad_ratio": 0.08333333333333333,
      "reason": "small album full reject: 1/1 rated tracks at or below 4.0",
      "match_method": "unmatched",
      "lidarr_album_id": null,
      "lidarr_artist_id": null,
      "lidarr_has_files": null,
      "matched": false,
      "action": "RECOMMEND_PRUNE_ALBUM"
    },
    {
      "artist_name": "Major Lazer",
      "artist_mbid": null,
      "album_name": "Music Is the Weapon",
      "album_mbid": "0a0fe71c-85bd-4556-a8e7-20ea65925de4",
      "rated_tracks": 1,
      "bad_tracks": 1,
      "total_tracks_seen": 12,
      "bad_ratio": 0.08333333333333333,
      "reason": "small album full reject: 1/1 rated tracks at or below 4.0",
      "match_method": "unmatched",
      "lidarr_album_id": null,
      "lidarr_artist_id": null,
      "lidarr_has_files": null,
      "matched": false,
      "action": "RECOMMEND_PRUNE_ALBUM"
    },
    {
      "artist_name": "KYLE",
      "artist_mbid": null,
      "album_name": "SMYLE AGAIN",
      "album_mbid": "8b9de449-6a2b-45a7-a6a9-ff16898b5b6b",
      "rated_tracks": 1,
      "bad_tracks": 1,
      "total_tracks_seen": 13,
      "bad_ratio": 0.07692307692307693,
      "reason": "small album full reject: 1/1 rated tracks at or below 4.0",
      "match_method": "unmatched",
      "lidarr_album_id": null,
      "lidarr_artist_id": null,
      "lidarr_has_files": null,
      "matched": false,
      "action": "RECOMMEND_PRUNE_ALBUM"
    },
    {
      "artist_name": "Various Artists",
      "artist_mbid": null,
      "album_name": "Spider‐Man: Into the Spider‐Verse (Soundtrack From & Inspired by the Motion Picture)",
      "album_mbid": "9aceeddd-0473-48e9-873e-b7d96ddfd143",
      "rated_tracks": 1,
      "bad_tracks": 1,
      "total_tracks_seen": 13,
      "bad_ratio": 0.07692307692307693,
      "reason": "small album full reject: 1/1 rated tracks at or below 4.0",
      "match_method": "unmatched",
      "lidarr_album_id": null,
      "lidarr_artist_id": null,
      "lidarr_has_files": null,
      "matched": false,
      "action": "RECOMMEND_PRUNE_ALBUM"
    },
    {
      "artist_name": "Hardwell",
      "artist_mbid": null,
      "album_name": "United We Are",
      "album_mbid": "3431b4e4-4579-4487-b5d8-42e4aae45517",
      "rated_tracks": 1,
      "bad_tracks": 1,
      "total_tracks_seen": 14,
      "bad_ratio": 0.07142857142857142,
      "reason": "small album full reject: 1/1 rated tracks at or below 4.0",
      "match_method": "unmatched",
      "lidarr_album_id": null,
      "lidarr_artist_id": null,
      "lidarr_has_files": null,
      "matched": false,
      "action": "RECOMMEND_PRUNE_ALBUM"
    },
    {
      "artist_name": "Kendrick Lamar",
      "artist_mbid": null,
      "album_name": "DAMN.",
      "album_mbid": "73e90644-8528-4bf8-9689-e03fb3168d73",
      "rated_tracks": 1,
      "bad_tracks": 1,
      "total_tracks_seen": 14,
      "bad_ratio": 0.07142857142857142,
      "reason": "small album full reject: 1/1 rated tracks at or below 4.0",
      "match_method": "unmatched",
      "lidarr_album_id": null,
      "lidarr_artist_id": null,
      "lidarr_has_files": null,
      "matched": false,
      "action": "RECOMMEND_PRUNE_ALBUM"
    },
    {
      "artist_name": "Pretty Lights",
      "artist_mbid": null,
      "album_name": "Taking Up Your Precious Time",
      "album_mbid": "1d00af62-76af-4eca-89db-5007677e7318",
      "rated_tracks": 1,
      "bad_tracks": 1,
      "total_tracks_seen": 15,
      "bad_ratio": 0.06666666666666667,
      "reason": "small album full reject: 1/1 rated tracks at or below 4.0",
      "match_method": "unmatched",
      "lidarr_album_id": null,
      "lidarr_artist_id": null,
      "lidarr_has_files": null,
      "matched": false,
      "action": "RECOMMEND_PRUNE_ALBUM"
    },
    {
      "artist_name": "JAY‐Z",
      "artist_mbid": null,
      "album_name": "Vol. 3… Life and Times of S. Carter",
      "album_mbid": "9618f3dc-b057-40aa-9062-e92a0ec78455",
      "rated_tracks": 1,
      "bad_tracks": 1,
      "total_tracks_seen": 16,
      "bad_ratio": 0.0625,
      "reason": "small album full reject: 1/1 rated tracks at or below 4.0",
      "match_method": "unmatched",
      "lidarr_album_id": null,
      "lidarr_artist_id": null,
      "lidarr_has_files": null,
      "matched": false,
      "action": "RECOMMEND_PRUNE_ALBUM"
    },
    {
      "artist_name": "AJR",
      "artist_mbid": null,
      "album_name": "The Click",
      "album_mbid": "4ef7cae7-aae4-440f-a9c0-36550b7e0952",
      "rated_tracks": 1,
      "bad_tracks": 1,
      "total_tracks_seen": 17,
      "bad_ratio": 0.058823529411764705,
      "reason": "small album full reject: 1/1 rated tracks at or below 4.0",
      "match_method": "unmatched",
      "lidarr_album_id": null,
      "lidarr_artist_id": null,
      "lidarr_has_files": null,
      "matched": false,
      "action": "RECOMMEND_PRUNE_ALBUM"
    },
    {
      "artist_name": "Big Boi",
      "artist_mbid": null,
      "album_name": "Vicious Lies and Dangerous Rumors",
      "album_mbid": "5c92ac98-69eb-41d9-84b4-82a4b60b98ea",
      "rated_tracks": 1,
      "bad_tracks": 1,
      "total_tracks_seen": 17,
      "bad_ratio": 0.058823529411764705,
      "reason": "small album full reject: 1/1 rated tracks at or below 4.0",
      "match_method": "unmatched",
      "lidarr_album_id": null,
      "lidarr_artist_id": null,
      "lidarr_has_files": null,
      "matched": false,
      "action": "RECOMMEND_PRUNE_ALBUM"
    },
    {
      "artist_name": "Travis Scott",
      "artist_mbid": null,
      "album_name": "ASTROWORLD",
      "album_mbid": "82784744-65ed-4f32-b004-ba45cd726509",
      "rated_tracks": 1,
      "bad_tracks": 1,
      "total_tracks_seen": 17,
      "bad_ratio": 0.058823529411764705,
      "reason": "small album full reject: 1/1 rated tracks at or below 4.0",
      "match_method": "unmatched",
      "lidarr_album_id": null,
      "lidarr_artist_id": null,
      "lidarr_has_files": null,
      "matched": false,
      "action": "RECOMMEND_PRUNE_ALBUM"
    },
    {
      "artist_name": "Steve Aoki",
      "artist_mbid": null,
      "album_name": "Paragon",
      "album_mbid": "5e9b9906-0bac-4e33-b34f-4e4a8bebc180",
      "rated_tracks": 1,
      "bad_tracks": 1,
      "total_tracks_seen": 18,
      "bad_ratio": 0.05555555555555555,
      "reason": "small album full reject: 1/1 rated tracks at or below 4.0",
      "match_method": "unmatched",
      "lidarr_album_id": null,
      "lidarr_artist_id": null,
      "lidarr_has_files": null,
      "matched": false,
      "action": "RECOMMEND_PRUNE_ALBUM"
    },
    {
      "artist_name": "FERG",
      "artist_mbid": null,
      "album_name": "Always Strive and Prosper",
      "album_mbid": "abe7c03c-a835-4d11-ae4d-3b6d9727d3ba",
      "rated_tracks": 1,
      "bad_tracks": 1,
      "total_tracks_seen": 20,
      "bad_ratio": 0.05,
      "reason": "small album full reject: 1/1 rated tracks at or below 4.0",
      "match_method": "unmatched",
      "lidarr_album_id": null,
      "lidarr_artist_id": null,
      "lidarr_has_files": null,
      "matched": false,
      "action": "RECOMMEND_PRUNE_ALBUM"
    }
  ]
}
