[INFO] Timestamped log file: logs\prune-service-smoke-20260327-233300.log
[INFO] Latest log file: logs\prune-service-smoke-latest.log
=== Resonarr Prune Service Smoke Test ===
[INFO] Prune service result:
{
  "status": "success",
  "candidate_count": 2,
  "matched_count": 0,
  "unmatched_count": 2,
  "items": [
    {
      "artist_name": "Various Artists",
      "artist_mbid": null,
      "album_name": "Brit Awards 2017",
      "album_mbid": "86c72dee-81ac-41dc-b94a-ac343c5b4898",
      "rated_tracks": 1,
      "bad_tracks": 1,
      "total_tracks_seen": 1,
      "bad_ratio": 1.0,
      "reason": "small album full reject: 1/1 rated tracks at or below 4.0 on album with 1 total tracks",
      "match_method": "no-verified-candidates",
      "lidarr_album_id": null,
      "lidarr_artist_id": null,
      "lidarr_has_files": null,
      "matched": false,
      "action": "RECOMMEND_PRUNE_ALBUM",
      "has_album_mbid": true,
      "mbid_match_found": false,
      "name_match_found": false,
      "name_match_available_but_disabled": false,
      "name_match_type": null,
      "name_candidate_count": 1,
      "verification_reason": "no-verified-candidates",
      "diagnostic_name_match_artist": null,
      "diagnostic_name_match_album": null
    },
    {
      "artist_name": "Smash Mouth",
      "artist_mbid": null,
      "album_name": "All Star Smash Hits",
      "album_mbid": "90f2861a-56e3-4ea5-8c87-d67fdc9759dc",
      "rated_tracks": 1,
      "bad_tracks": 1,
      "total_tracks_seen": 3,
      "bad_ratio": 0.3333333333333333,
      "reason": "small album full reject: 1/1 rated tracks at or below 4.0 on album with 3 total tracks",
      "match_method": "no-verified-candidates",
      "lidarr_album_id": null,
      "lidarr_artist_id": null,
      "lidarr_has_files": null,
      "matched": false,
      "action": "RECOMMEND_PRUNE_ALBUM",
      "has_album_mbid": true,
      "mbid_match_found": false,
      "name_match_found": false,
      "name_match_available_but_disabled": false,
      "name_match_type": null,
      "name_candidate_count": 1,
      "verification_reason": "no-verified-candidates",
      "diagnostic_name_match_artist": null,
      "diagnostic_name_match_album": null
    }
  ]
}
