[INFO] Timestamped log file: logs\prune-query-smoke-20260328-080253.log
[INFO] Latest log file: logs\prune-query-smoke-latest.log
=== Resonarr Prune Query Service Smoke Test ===
[INFO] Prune query service result:
{
  "summary": {
    "status": "success",
    "live_candidate_count": 1,
    "matched_count": 1,
    "fallback_eligible_count": 0,
    "strictly_unmatched_count": 0,
    "history_count": 2,
    "prune_recommendation_count": 1,
    "prune_approved_count": 0,
    "prune_executed_count": 1,
    "prune_rejected_count": 0,
    "items": [
      {
        "artist_name": "Various Artists",
        "artist_mbid": null,
        "album_name": "Brit Awards 2017",
        "album_mbid": "86c72dee-81ac-41dc-b94a-ac343c5b4898",
        "rated_tracks": 1,
        "bad_tracks": 1,
        "total_tracks_seen": 1,
        "bad_ratio": 1.0,
        "reason": "small album full reject: 1/1 rated tracks at or below 4.0 on album with 1 total tracks",
        "match_method": "mbid+verified",
        "lidarr_album_id": 437,
        "lidarr_artist_id": 280,
        "lidarr_has_files": true,
        "matched": true,
        "action": "RECOMMEND_PRUNE_ALBUM",
        "has_album_mbid": true,
        "album_mbids": [
          "86c72dee-81ac-41dc-b94a-ac343c5b4898"
        ],
        "mbid_match_found": true,
        "plex_album_mbids": [
          "86c72dee-81ac-41dc-b94a-ac343c5b4898"
        ],
        "name_match_found": false,
        "name_match_available_but_disabled": false,
        "name_match_type": null,
        "name_candidate_count": 0,
        "verification_reason": "verified",
        "verification_failures": [
          {
            "album_id": 437,
            "artist_name": "Various Artists",
            "album_name": "Brit Awards 2017",
            "reason": "verified-mbid-intersection ['86c72dee-81ac-41dc-b94a-ac343c5b4898']"
          }
        ],
        "diagnostic_name_match_artist": null,
        "diagnostic_name_match_album": null,
        "status": "prune_recommendation",
        "first_seen_ts": 1774675497,
        "last_seen_ts": 1774698777
      }
    ],
    "history_items": [
      {
        "key": "mbid:86c72dee-81ac-41dc-b94a-ac343c5b4898",
        "artist_name": "Various Artists",
        "artist_mbid": null,
        "album_name": "Brit Awards 2017",
        "album_mbid": "86c72dee-81ac-41dc-b94a-ac343c5b4898",
        "lidarr_album_id": 437,
        "lidarr_artist_id": 280,
        "lidarr_has_files": true,
        "bad_ratio": 1.0,
        "rated_tracks": 1,
        "bad_tracks": 1,
        "total_tracks_seen": 1,
        "reason": "small album full reject: 1/1 rated tracks at or below 4.0 on album with 1 total tracks",
        "match_method": "mbid+verified",
        "matched": true,
        "action": "RECOMMEND_PRUNE_ALBUM",
        "last_seen_ts": 1774698777,
        "first_seen_ts": 1774675497,
        "status": "prune_recommendation"
      },
      {
        "key": "mbid:90f2861a-56e3-4ea5-8c87-d67fdc9759dc",
        "artist_name": "Smash Mouth",
        "artist_mbid": null,
        "album_name": "All Star Smash Hits",
        "album_mbid": "90f2861a-56e3-4ea5-8c87-d67fdc9759dc",
        "lidarr_album_id": 376,
        "lidarr_artist_id": 237,
        "lidarr_has_files": true,
        "bad_ratio": 0.3333333333333333,
        "rated_tracks": 1,
        "bad_tracks": 1,
        "total_tracks_seen": 3,
        "reason": "small album full reject: 1/1 rated tracks at or below 4.0 on album with 3 total tracks",
        "match_method": "mbid+verified",
        "matched": true,
        "action": "RECOMMEND_PRUNE_ALBUM",
        "last_seen_ts": 1774675721,
        "first_seen_ts": 1774675497,
        "status": "prune_executed",
        "prune_approved_ts": 1774675721,
        "prune_approved_note": "manual_approve",
        "prune_executed_ts": 1774675724,
        "prune_executed_note": "executed"
      }
    ]
  },
  "reviewable": {
    "status": "success",
    "count": 1,
    "items": [
      {
        "artist_name": "Various Artists",
        "artist_mbid": null,
        "album_name": "Brit Awards 2017",
        "album_mbid": "86c72dee-81ac-41dc-b94a-ac343c5b4898",
        "rated_tracks": 1,
        "bad_tracks": 1,
        "total_tracks_seen": 1,
        "bad_ratio": 1.0,
        "reason": "small album full reject: 1/1 rated tracks at or below 4.0 on album with 1 total tracks",
        "match_method": "mbid+verified",
        "lidarr_album_id": 437,
        "lidarr_artist_id": 280,
        "lidarr_has_files": true,
        "matched": true,
        "action": "RECOMMEND_PRUNE_ALBUM",
        "has_album_mbid": true,
        "album_mbids": [
          "86c72dee-81ac-41dc-b94a-ac343c5b4898"
        ],
        "mbid_match_found": true,
        "plex_album_mbids": [
          "86c72dee-81ac-41dc-b94a-ac343c5b4898"
        ],
        "name_match_found": false,
        "name_match_available_but_disabled": false,
        "name_match_type": null,
        "name_candidate_count": 0,
        "verification_reason": "verified",
        "verification_failures": [
          {
            "album_id": 437,
            "artist_name": "Various Artists",
            "album_name": "Brit Awards 2017",
            "reason": "verified-mbid-intersection ['86c72dee-81ac-41dc-b94a-ac343c5b4898']"
          }
        ],
        "diagnostic_name_match_artist": null,
        "diagnostic_name_match_album": null,
        "status": "prune_recommendation",
        "first_seen_ts": 1774675497,
        "last_seen_ts": 1774698777
      }
    ]
  }
}
