[INFO] Timestamped log file: logs\prune-service-smoke-20260328-003005.log
[INFO] Latest log file: logs\prune-service-smoke-latest.log
=== Resonarr Prune Service Smoke Test ===
Traceback (most recent call last):
  File "<frozen runpy>", line 198, in _run_module_as_main
  File "<frozen runpy>", line 88, in _run_code
  File "C:\Users\mitch\Documents\Github\resonarr\src\resonarr\runner\run_prune_service_smoke.py", line 23, in <module>
    main()
    ~~~~^^
  File "C:\Users\mitch\Documents\Github\resonarr\src\resonarr\runner\run_prune_service_smoke.py", line 16, in main
    result = service.get_prune_summary()
  File "C:\Users\mitch\Documents\Github\resonarr\src\resonarr\app\prune_service.py", line 118, in get_prune_summary
    result = self.list_prune_candidates(limit=limit)
  File "C:\Users\mitch\Documents\Github\resonarr\src\resonarr\app\prune_service.py", line 54, in list_prune_candidates
    lidarr_album, match_method, diagnostics = self._match_album(
                                              ~~~~~~~~~~~~~~~~~^
        signal,
        ^^^^^^^
        by_mbid,
        ^^^^^^^^
        by_name,
        ^^^^^^^^
    )
    ^
  File "C:\Users\mitch\Documents\Github\resonarr\src\resonarr\app\prune_service.py", line 30, in _match_album
    return match_album_to_lidarr(
        prune_signal=prune_signal,
    ...<4 lines>...
        allow_name_fallback=PRUNE_ALLOW_NAME_FALLBACK,
    )
  File "C:\Users\mitch\Documents\Github\resonarr\src\resonarr\execution\lidarr\album_matching.py", line 269, in match_album_to_lidarr
    ok, reason, fresh = verify_lidarr_album_candidate(prune_signal, match, client)
                        ~~~~~~~~~~~~~~~~~~~~~~~~~~~~~^^^^^^^^^^^^^^^^^^^^^^^^^^^^^
  File "C:\Users\mitch\Documents\Github\resonarr\src\resonarr\execution\lidarr\album_matching.py", line 147, in verify_lidarr_album_candidate
    album_id = candidate.get("id")
               ^^^^^^^^^^^^^
AttributeError: 'list' object has no attribute 'get'
