[INFO] Timestamped log file: logs\prune-cycle-20260327-230431.log
[INFO] Latest log file: logs\prune-cycle-latest.log
=== Resonarr Prune Cycle ===
[INFO] Prune candidates found: 2
[INFO] Matched to Lidarr: 0
[INFO] Unmatched in Lidarr: 2

=== Prune Candidate 1/2 ===
[INFO] Artist: Various Artists
[INFO] Album: Brit Awards 2017
[INFO] Rated tracks: 1
[INFO] Bad tracks: 1
[INFO] Total tracks seen: 1
[INFO] Bad ratio: 1.00
[INFO] Reason: small album full reject: 1/1 rated tracks at or below 4.0 on album with 1 total tracks
[INFO] Match method: unmatched
[INFO] Matched: False
[INFO] Has album MBID: True
[INFO] MBID match found: False
[INFO] Name match found: True
[INFO] Name match available but disabled: True
[INFO] Diagnostic name match artist: Various Artists
[INFO] Diagnostic name match album: Brit Awards 2017
[INFO] Lidarr album id: None
[INFO] Lidarr artist id: None
[INFO] Lidarr has files: None
[INFO] Proposed action: RECOMMEND_PRUNE_ALBUM

=== Prune Candidate 2/2 ===
[INFO] Artist: Smash Mouth
[INFO] Album: All Star Smash Hits
[INFO] Rated tracks: 1
[INFO] Bad tracks: 1
[INFO] Total tracks seen: 3
[INFO] Bad ratio: 0.33
[INFO] Reason: small album full reject: 1/1 rated tracks at or below 4.0 on album with 3 total tracks
[INFO] Match method: unmatched
[INFO] Matched: False
[INFO] Has album MBID: True
[INFO] MBID match found: False
[INFO] Name match found: True
[INFO] Name match available but disabled: True
[INFO] Diagnostic name match artist: Smash Mouth
[INFO] Diagnostic name match album: All Star Smash Hits
[INFO] Lidarr album id: None
[INFO] Lidarr artist id: None
[INFO] Lidarr has files: None
[INFO] Proposed action: RECOMMEND_PRUNE_ALBUM
