[INFO] Timestamped log file: logs\prune-query-smoke-20260328-085033.log
[INFO] Latest log file: logs\prune-query-smoke-latest.log
=== Resonarr Prune Query Service Smoke Test ===
[INFO] Prune query service result:
{
  "summary": {
    "status": "success",
    "live_candidate_count": 0,
    "matched_count": 0,
    "fallback_eligible_count": 0,
    "strictly_unmatched_count": 0,
    "history_count": 2,
    "prune_recommendation_count": 0,
    "prune_approved_count": 0,
    "prune_executed_count": 1,
    "prune_rejected_count": 1,
    "items": [],
    "history_items": [
      {
        "key": "mbid:86c72dee-81ac-41dc-b94a-ac343c5b4898",
        "artist_name": "Various Artists",
        "artist_mbid": null,
        "album_name": "Brit Awards 2017",
        "album_mbid": "86c72dee-81ac-41dc-b94a-ac343c5b4898",
        "lidarr_album_id": 437,
        "lidarr_artist_id": 280,
        "lidarr_has_files": true,
        "bad_ratio": 1.0,
        "rated_tracks": 1,
        "bad_tracks": 1,
        "total_tracks_seen": 1,
        "reason": "small album full reject: 1/1 rated tracks at or below 4.0 on album with 1 total tracks",
        "match_method": "mbid+verified",
        "matched": true,
        "action": "RECOMMEND_PRUNE_ALBUM",
        "last_seen_ts": 1774699976,
        "first_seen_ts": 1774675497,
        "status": "prune_rejected",
        "prune_rejected_ts": 1774699976,
        "prune_rejected_note": "manual_reject"
      },
      {
        "key": "mbid:90f2861a-56e3-4ea5-8c87-d67fdc9759dc",
        "artist_name": "Smash Mouth",
        "artist_mbid": null,
        "album_name": "All Star Smash Hits",
        "album_mbid": "90f2861a-56e3-4ea5-8c87-d67fdc9759dc",
        "lidarr_album_id": 376,
        "lidarr_artist_id": 237,
        "lidarr_has_files": true,
        "bad_ratio": 0.3333333333333333,
        "rated_tracks": 1,
        "bad_tracks": 1,
        "total_tracks_seen": 3,
        "reason": "small album full reject: 1/1 rated tracks at or below 4.0 on album with 3 total tracks",
        "match_method": "mbid+verified",
        "matched": true,
        "action": "RECOMMEND_PRUNE_ALBUM",
        "last_seen_ts": 1774675721,
        "first_seen_ts": 1774675497,
        "status": "prune_executed",
        "prune_approved_ts": 1774675721,
        "prune_approved_note": "manual_approve",
        "prune_executed_ts": 1774675724,
        "prune_executed_note": "executed"
      }
    ]
  },
  "reviewable": {
    "status": "success",
    "count": 0,
    "items": []
  }
}
