[INFO] Timestamped log file: logs\prune-cycle-20260328-003613.log
[INFO] Latest log file: logs\prune-cycle-latest.log
=== Resonarr Prune Cycle ===
[INFO] Prune candidates found: 2
[INFO] Matched to Lidarr: 2
[INFO] Unmatched in Lidarr: 0

=== Prune Candidate 1/2 ===
[INFO] Artist: Various Artists
[INFO] Album: Brit Awards 2017
[INFO] Rated tracks: 1
[INFO] Bad tracks: 1
[INFO] Total tracks seen: 1
[INFO] Bad ratio: 1.00
[INFO] Reason: small album full reject: 1/1 rated tracks at or below 4.0 on album with 1 total tracks
[INFO] Match method: mbid+verified
[INFO] Matched: True
[INFO] Has album MBID: True
[INFO] MBID match found: True
[INFO] Plex album MBIDs: ['86c72dee-81ac-41dc-b94a-ac343c5b4898']
[INFO] Name match found: False
[INFO] Name match type: None
[INFO] Name candidate count: 0
[INFO] Verification reason: verified
[INFO] Verification failures: [{'album_id': 437, 'artist_name': 'Various Artists', 'album_name': 'Brit Awards 2017', 'reason': "verified-mbid-intersection ['86c72dee-81ac-41dc-b94a-ac343c5b4898']"}]
[INFO] Name match available but disabled: False
[INFO] Diagnostic name match artist: None
[INFO] Diagnostic name match album: None
[INFO] Lidarr album id: 437
[INFO] Lidarr artist id: 280
[INFO] Lidarr has files: True
[INFO] Proposed action: RECOMMEND_PRUNE_ALBUM

=== Prune Candidate 2/2 ===
[INFO] Artist: Smash Mouth
[INFO] Album: All Star Smash Hits
[INFO] Rated tracks: 1
[INFO] Bad tracks: 1
[INFO] Total tracks seen: 3
[INFO] Bad ratio: 0.33
[INFO] Reason: small album full reject: 1/1 rated tracks at or below 4.0 on album with 3 total tracks
[INFO] Match method: mbid+verified
[INFO] Matched: True
[INFO] Has album MBID: True
[INFO] MBID match found: True
[INFO] Plex album MBIDs: ['90f2861a-56e3-4ea5-8c87-d67fdc9759dc']
[INFO] Name match found: False
[INFO] Name match type: None
[INFO] Name candidate count: 0
[INFO] Verification reason: verified
[INFO] Verification failures: [{'album_id': 376, 'artist_name': 'Smash Mouth', 'album_name': 'All Star Smash Hits', 'reason': "verified-mbid-intersection ['90f2861a-56e3-4ea5-8c87-d67fdc9759dc']"}]
[INFO] Name match available but disabled: False
[INFO] Diagnostic name match artist: None
[INFO] Diagnostic name match album: None
[INFO] Lidarr album id: 376
[INFO] Lidarr artist id: 237
[INFO] Lidarr has files: True
[INFO] Proposed action: RECOMMEND_PRUNE_ALBUM
