[INFO] Timestamped log file: logs\read-model-status-20260401-222706.log
[INFO] Latest log file: logs\read-model-status-latest.log
[INFO] Starting: Inspect current read-model snapshot health
[PERF][catalog] snapshot_cache_hit: age_seconds=1 ttl_seconds=1800
[INFO] Step completed in 0.03s: Inspect current read-model snapshot health
[PROGRESS] [1/2] [##########----------] 50% Snapshot health inspected
[INFO] Starting: Render snapshot status payload
=== Resonarr Read Model Status ===
[INFO] Snapshot status:
{
  "status": "success",
  "catalog_snapshot": {
    "available": true,
    "reason": null,
    "updated_ts": 1775096825,
    "age_seconds": 1,
    "ttl_seconds": 1800,
    "record_count": 48
  },
  "dashboard_snapshot": {
    "available": true,
    "reason": null,
    "updated_ts": 1775096825,
    "age_seconds": 1,
    "ttl_seconds": 600
  }
}
[INFO] Step completed in 0.00s: Render snapshot status payload
[PROGRESS] [2/2] [####################] 100% Snapshot status payload rendered
[INFO] Total elapsed: 0.03s
